300
0 0 4
0 0 11
0 0 18
0 0 25
0 0 32
0 0 39
0 0 46
0 0 53
0 0 60
0 0 67
0 4 4
0 4 11
0 4 18
0 4 25
0 4 32
0 4 39
0 4 46
0 4 53
0 4 60
0 4 67
0 8 4
0 8 11
0 8 18
0 8 25
0 8 32
0 8 39
0 8 46
0 8 53
0 8 60
0 8 67
0 12 4
0 12 11
0 12 18
0 12 25
0 12 32
0 12 39
0 12 46
0 12 53
0 12 60
0 12 67
0 16 4
0 16 11
0 16 18
0 16 25
0 16 32
0 16 39
0 16 46
0 16 53
0 16 60
0 16 67
0 20 4
0 20 11
0 20 18
0 20 25
0 20 32
0 20 39
0 20 46
0 20 53
0 20 60
0 20 67
0 24 4
0 24 11
0 24 18
0 24 25
0 24 32
0 24 39
0 24 46
0 24 53
0 24 60
0 24 67
0 28 4
0 28 11
0 28 18
0 28 25
0 28 32
0 28 39
0 28 46
0 28 53
0 28 60
0 28 67
0 32 4
0 32 11
0 32 18
0 32 25
0 32 32
0 32 39
0 32 46
0 32 53
0 32 60
0 32 67
0 36 4
0 36 11
0 36 18
0 36 25
0 36 32
0 36 39
0 36 46
0 36 53
0 36 60
0 36 67
2 1 1
1 0 1
2 1 8
1 0 8
2 1 15
1 0 15
2 1 22
1 0 22
2 1 29
1 0 29
2 1 36
1 0 36
2 1 43
1 0 43
2 1 50
1 0 50
2 1 57
1 0 57
2 1 64
1 0 64
2 5 1
1 4 1
2 5 8
1 4 8
2 5 15
1 4 15
2 5 22
1 4 22
2 5 29
1 4 29
2 5 36
1 4 36
2 5 43
1 4 43
2 5 50
1 4 50
2 5 57
1 4 57
2 5 64
1 4 64
2 9 1
1 8 1
2 9 8
1 8 8
2 9 15
1 8 15
2 9 22
1 8 22
2 9 29
1 8 29
2 9 36
1 8 36
2 9 43
1 8 43
2 9 50
1 8 50
2 9 57
1 8 57
2 9 64
1 8 64
2 13 1
1 12 1
2 13 8
1 12 8
2 13 15
1 12 15
2 13 22
1 12 22
2 13 29
1 12 29
2 13 36
1 12 36
2 13 43
1 12 43
2 13 50
1 12 50
2 13 57
1 12 57
2 13 64
1 12 64
2 17 1
1 16 1
2 17 8
1 16 8
2 17 15
1 16 15
2 17 22
1 16 22
2 17 29
1 16 29
2 17 36
1 16 36
2 17 43
1 16 43
2 17 50
1 16 50
2 17 57
1 16 57
2 17 64
1 16 64
2 21 1
1 20 1
2 21 8
1 20 8
2 21 15
1 20 15
2 21 22
1 20 22
2 21 29
1 20 29
2 21 36
1 20 36
2 21 43
1 20 43
2 21 50
1 20 50
2 21 57
1 20 57
2 21 64
1 20 64
2 25 1
1 24 1
2 25 8
1 24 8
2 25 15
1 24 15
2 25 22
1 24 22
2 25 29
1 24 29
2 25 36
1 24 36
2 25 43
1 24 43
2 25 50
1 24 50
2 25 57
1 24 57
2 25 64
1 24 64
2 29 1
1 28 1
2 29 8
1 28 8
2 29 15
1 28 15
2 29 22
1 28 22
2 29 29
1 28 29
2 29 36
1 28 36
2 29 43
1 28 43
2 29 50
1 28 50
2 29 57
1 28 57
2 29 64
1 28 64
2 33 1
1 32 1
2 33 8
1 32 8
2 33 15
1 32 15
2 33 22
1 32 22
2 33 29
1 32 29
2 33 36
1 32 36
2 33 43
1 32 43
2 33 50
1 32 50
2 33 57
1 32 57
2 33 64
1 32 64
2 37 1
1 36 1
2 37 8
1 36 8
2 37 15
1 36 15
2 37 22
1 36 22
2 37 29
1 36 29
2 37 36
1 36 36
2 37 43
1 36 43
2 37 50
1 36 50
2 37 57
1 36 57
2 37 64
1 36 64
