400
0 0 4
0 0 11
0 0 18
0 0 25
0 0 32
0 0 39
0 0 46
0 0 53
0 0 60
0 0 67
0 4 4
0 4 11
0 4 18
0 4 25
0 4 32
0 4 39
0 4 46
0 4 53
0 4 60
0 4 67
0 8 4
0 8 11
0 8 18
0 8 25
0 8 32
0 8 39
0 8 46
0 8 53
0 8 60
0 8 67
0 12 4
0 12 11
0 12 18
0 12 25
0 12 32
0 12 39
0 12 46
0 12 53
0 12 60
0 12 67
0 16 4
0 16 11
0 16 18
0 16 25
0 16 32
0 16 39
0 16 46
0 16 53
0 16 60
0 16 67
0 20 4
0 20 11
0 20 18
0 20 25
0 20 32
0 20 39
0 20 46
0 20 53
0 20 60
0 20 67
0 24 4
0 24 11
0 24 18
0 24 25
0 24 32
0 24 39
0 24 46
0 24 53
0 24 60
0 24 67
0 28 4
0 28 11
0 28 18
0 28 25
0 28 32
0 28 39
0 28 46
0 28 53
0 28 60
0 28 67
0 32 4
0 32 11
0 32 18
0 32 25
0 32 32
0 32 39
0 32 46
0 32 53
0 32 60
0 32 67
0 36 4
0 36 11
0 36 18
0 36 25
0 36 32
0 36 39
0 36 46
0 36 53
0 36 60
0 36 67
2 0 2
1 2 1
2 0 0
2 0 9
1 2 8
2 0 7
2 0 16
1 2 15
2 0 14
2 0 23
1 2 22
2 0 21
2 0 30
1 2 29
2 0 28
2 0 37
1 2 36
2 0 35
2 0 44
1 2 43
2 0 42
2 0 51
1 2 50
2 0 49
2 0 58
1 2 57
2 0 56
2 0 65
1 2 64
2 0 63
2 4 2
1 6 1
2 4 0
2 4 9
1 6 8
2 4 7
2 4 16
1 6 15
2 4 14
2 4 23
1 6 22
2 4 21
2 4 30
1 6 29
2 4 28
2 4 37
1 6 36
2 4 35
2 4 44
1 6 43
2 4 42
2 4 51
1 6 50
2 4 49
2 4 58
1 6 57
2 4 56
2 4 65
1 6 64
2 4 63
2 8 2
1 10 1
2 8 0
2 8 9
1 10 8
2 8 7
2 8 16
1 10 15
2 8 14
2 8 23
1 10 22
2 8 21
2 8 30
1 10 29
2 8 28
2 8 37
1 10 36
2 8 35
2 8 44
1 10 43
2 8 42
2 8 51
1 10 50
2 8 49
2 8 58
1 10 57
2 8 56
2 8 65
1 10 64
2 8 63
2 12 2
1 14 1
2 12 0
2 12 9
1 14 8
2 12 7
2 12 16
1 14 15
2 12 14
2 12 23
1 14 22
2 12 21
2 12 30
1 14 29
2 12 28
2 12 37
1 14 36
2 12 35
2 12 44
1 14 43
2 12 42
2 12 51
1 14 50
2 12 49
2 12 58
1 14 57
2 12 56
2 12 65
1 14 64
2 12 63
2 16 2
1 18 1
2 16 0
2 16 9
1 18 8
2 16 7
2 16 16
1 18 15
2 16 14
2 16 23
1 18 22
2 16 21
2 16 30
1 18 29
2 16 28
2 16 37
1 18 36
2 16 35
2 16 44
1 18 43
2 16 42
2 16 51
1 18 50
2 16 49
2 16 58
1 18 57
2 16 56
2 16 65
1 18 64
2 16 63
2 20 2
1 22 1
2 20 0
2 20 9
1 22 8
2 20 7
2 20 16
1 22 15
2 20 14
2 20 23
1 22 22
2 20 21
2 20 30
1 22 29
2 20 28
2 20 37
1 22 36
2 20 35
2 20 44
1 22 43
2 20 42
2 20 51
1 22 50
2 20 49
2 20 58
1 22 57
2 20 56
2 20 65
1 22 64
2 20 63
2 24 2
1 26 1
2 24 0
2 24 9
1 26 8
2 24 7
2 24 16
1 26 15
2 24 14
2 24 23
1 26 22
2 24 21
2 24 30
1 26 29
2 24 28
2 24 37
1 26 36
2 24 35
2 24 44
1 26 43
2 24 42
2 24 51
1 26 50
2 24 49
2 24 58
1 26 57
2 24 56
2 24 65
1 26 64
2 24 63
2 28 2
1 30 1
2 28 0
2 28 9
1 30 8
2 28 7
2 28 16
1 30 15
2 28 14
2 28 23
1 30 22
2 28 21
2 28 30
1 30 29
2 28 28
2 28 37
1 30 36
2 28 35
2 28 44
1 30 43
2 28 42
2 28 51
1 30 50
2 28 49
2 28 58
1 30 57
2 28 56
2 28 65
1 30 64
2 28 63
2 32 2
1 34 1
2 32 0
2 32 9
1 34 8
2 32 7
2 32 16
1 34 15
2 32 14
2 32 23
1 34 22
2 32 21
2 32 30
1 34 29
2 32 28
2 32 37
1 34 36
2 32 35
2 32 44
1 34 43
2 32 42
2 32 51
1 34 50
2 32 49
2 32 58
1 34 57
2 32 56
2 32 65
1 34 64
2 32 63
2 36 2
1 38 1
2 36 0
2 36 9
1 38 8
2 36 7
2 36 16
1 38 15
2 36 14
2 36 23
1 38 22
2 36 21
2 36 30
1 38 29
2 36 28
2 36 37
1 38 36
2 36 35
2 36 44
1 38 43
2 36 42
2 36 51
1 38 50
2 36 49
2 36 58
1 38 57
2 36 56
2 36 65
1 38 64
2 36 63
