500
0 0 2
0 1 5
0 0 0
0 0 9
0 1 12
0 0 7
0 0 16
0 1 19
0 0 14
0 0 23
0 1 26
0 0 21
0 0 30
0 1 33
0 0 28
0 0 37
0 1 40
0 0 35
0 0 44
0 1 47
0 0 42
0 0 51
0 1 54
0 0 49
0 0 58
0 1 61
0 0 56
0 0 65
0 1 68
0 0 63
0 4 2
0 5 5
0 4 0
0 4 9
0 5 12
0 4 7
0 4 16
0 5 19
0 4 14
0 4 23
0 5 26
0 4 21
0 4 30
0 5 33
0 4 28
0 4 37
0 5 40
0 4 35
0 4 44
0 5 47
0 4 42
0 4 51
0 5 54
0 4 49
0 4 58
0 5 61
0 4 56
0 4 65
0 5 68
0 4 63
0 8 2
0 9 5
0 8 0
0 8 9
0 9 12
0 8 7
0 8 16
0 9 19
0 8 14
0 8 23
0 9 26
0 8 21
0 8 30
0 9 33
0 8 28
0 8 37
0 9 40
0 8 35
0 8 44
0 9 47
0 8 42
0 8 51
0 9 54
0 8 49
0 8 58
0 9 61
0 8 56
0 8 65
0 9 68
0 8 63
0 12 2
0 13 5
0 12 0
0 12 9
0 13 12
0 12 7
0 12 16
0 13 19
0 12 14
0 12 23
0 13 26
0 12 21
0 12 30
0 13 33
0 12 28
0 12 37
0 13 40
0 12 35
0 12 44
0 13 47
0 12 42
0 12 51
0 13 54
0 12 49
0 12 58
0 13 61
0 12 56
0 12 65
0 13 68
0 12 63
0 16 2
0 17 5
0 16 0
0 16 9
0 17 12
0 16 7
0 16 16
0 17 19
0 16 14
0 16 23
0 17 26
0 16 21
0 16 30
0 17 33
0 16 28
0 16 37
0 17 40
0 16 35
0 16 44
0 17 47
0 16 42
0 16 51
0 17 54
0 16 49
0 16 58
0 17 61
0 16 56
0 16 65
0 17 68
0 16 63
0 20 2
0 21 5
0 20 0
0 20 9
0 21 12
0 20 7
0 20 16
0 21 19
0 20 14
0 20 23
0 21 26
0 20 21
0 20 30
0 21 33
0 20 28
0 20 37
0 21 40
0 20 35
0 20 44
0 21 47
0 20 42
0 20 51
0 21 54
0 20 49
0 20 58
0 21 61
0 20 56
0 20 65
0 21 68
0 20 63
0 24 2
0 25 5
0 24 0
0 24 9
0 25 12
0 24 7
0 24 16
0 25 19
0 24 14
0 24 23
0 25 26
0 24 21
0 24 30
0 25 33
0 24 28
0 24 37
0 25 40
0 24 35
0 24 44
0 25 47
0 24 42
0 24 51
0 25 54
0 24 49
0 24 58
0 25 61
0 24 56
0 24 65
0 25 68
0 24 63
0 28 2
0 29 5
0 28 0
0 28 9
0 29 12
0 28 7
0 28 16
0 29 19
0 28 14
0 28 23
0 29 26
0 28 21
0 28 30
0 29 33
0 28 28
0 28 37
0 29 40
0 28 35
0 28 44
0 29 47
0 28 42
0 28 51
0 29 54
0 28 49
0 28 58
0 29 61
0 28 56
0 28 65
0 29 68
0 28 63
0 32 2
0 33 5
0 32 0
0 32 9
0 33 12
0 32 7
0 32 16
0 33 19
0 32 14
0 32 23
0 33 26
0 32 21
0 32 30
0 33 33
0 32 28
0 32 37
0 33 40
0 32 35
0 32 44
0 33 47
0 32 42
0 32 51
0 33 54
0 32 49
0 32 58
0 33 61
0 32 56
0 32 65
0 33 68
0 32 63
0 36 2
0 37 5
0 36 0
0 36 9
0 37 12
0 36 7
0 36 16
0 37 19
0 36 14
0 36 23
0 37 26
0 36 21
0 36 30
0 37 33
0 36 28
0 36 37
0 37 40
0 36 35
0 36 44
0 37 47
0 36 42
0 36 51
0 37 54
0 36 49
0 36 58
0 37 61
0 36 56
0 36 65
0 37 68
0 36 63
2 0 4
1 3 1
2 0 11
1 3 8
2 0 18
1 3 15
2 0 25
1 3 22
2 0 32
1 3 29
2 0 39
1 3 36
2 0 46
1 3 43
2 0 53
1 3 50
2 0 60
1 3 57
2 0 67
1 3 64
2 4 4
1 7 1
2 4 11
1 7 8
2 4 18
1 7 15
2 4 25
1 7 22
2 4 32
1 7 29
2 4 39
1 7 36
2 4 46
1 7 43
2 4 53
1 7 50
2 4 60
1 7 57
2 4 67
1 7 64
2 8 4
1 11 1
2 8 11
1 11 8
2 8 18
1 11 15
2 8 25
1 11 22
2 8 32
1 11 29
2 8 39
1 11 36
2 8 46
1 11 43
2 8 53
1 11 50
2 8 60
1 11 57
2 8 67
1 11 64
2 12 4
1 15 1
2 12 11
1 15 8
2 12 18
1 15 15
2 12 25
1 15 22
2 12 32
1 15 29
2 12 39
1 15 36
2 12 46
1 15 43
2 12 53
1 15 50
2 12 60
1 15 57
2 12 67
1 15 64
2 16 4
1 19 1
2 16 11
1 19 8
2 16 18
1 19 15
2 16 25
1 19 22
2 16 32
1 19 29
2 16 39
1 19 36
2 16 46
1 19 43
2 16 53
1 19 50
2 16 60
1 19 57
2 16 67
1 19 64
2 20 4
1 23 1
2 20 11
1 23 8
2 20 18
1 23 15
2 20 25
1 23 22
2 20 32
1 23 29
2 20 39
1 23 36
2 20 46
1 23 43
2 20 53
1 23 50
2 20 60
1 23 57
2 20 67
1 23 64
2 24 4
1 27 1
2 24 11
1 27 8
2 24 18
1 27 15
2 24 25
1 27 22
2 24 32
1 27 29
2 24 39
1 27 36
2 24 46
1 27 43
2 24 53
1 27 50
2 24 60
1 27 57
2 24 67
1 27 64
2 28 4
1 31 1
2 28 11
1 31 8
2 28 18
1 31 15
2 28 25
1 31 22
2 28 32
1 31 29
2 28 39
1 31 36
2 28 46
1 31 43
2 28 53
1 31 50
2 28 60
1 31 57
2 28 67
1 31 64
2 32 4
1 35 1
2 32 11
1 35 8
2 32 18
1 35 15
2 32 25
1 35 22
2 32 32
1 35 29
2 32 39
1 35 36
2 32 46
1 35 43
2 32 53
1 35 50
2 32 60
1 35 57
2 32 67
1 35 64
2 36 4
1 39 1
2 36 11
1 39 8
2 36 18
1 39 15
2 36 25
1 39 22
2 36 32
1 39 29
2 36 39
1 39 36
2 36 46
1 39 43
2 36 53
1 39 50
2 36 60
1 39 57
2 36 67
1 39 64
