92
57 2 84
61 2 19
4 12 58
3 46 50
53 84 72
31 39 86
23 31 85
78 39 20
67 45 15
3 95 71
72 47 90
47 33 94
47 18 69
20 65 19
64 39 90
9 94 29
40 10 95
41 80 14
9 23 94
42 87 61
0 60 2
6 7 86
35 42 67
9 83 58
62 30 91
71 11 13
59 25 21
22 67 80
6 24 36
74 19 79
49 79 63
39 20 1
36 34 35
18 56 24
62 92 85
2 52 31
63 50 15
27 7 57
33 11 46
50 84 86
37 32 53
16 0 63
62 24 11
77 62 77
31 44 66
11 82 46
63 80 3
32 64 15
115 85 10
90 45 60
140 84 64
120 90 86
135 88 33
91 59 66
82 43 25
99 78 35
179 53 78
87 40 94
164 31 2
151 85 34
158 65 44
167 92 55
146 77 82
177 56 12
155 82 52
160 74 10
167 47 3
135 9 68
161 3 91
176 44 86
175 68 24
82 15 68
176 87 89
165 26 68
153 1 0
145 82 38
145 21 48
105 63 33
168 42 19
124 71 64
153 23 77
117 85 20
111 82 77
150 92 8
81 56 71
165 61 30
119 60 13
85 18 41
164 56 29
114 84 43
122 22 29
97 84 55
