1127
65 30 18
70 32 61
60 92 43
7 22 17
43 43 19
0 3 11
71 25 71
72 57 37
39 13 95
73 47 38
19 21 31
67 75 78
46 57 20
66 60 96
24 70 73
38 48 16
38 60 21
59 12 13
6 18 51
21 1 75
0 87 22
20 39 50
10 33 66
37 72 96
37 35 96
55 55 89
78 17 16
46 46 85
12 18 86
14 46 65
62 33 39
37 95 0
72 98 29
73 85 68
72 33 89
78 9 93
0 11 7
50 57 83
54 12 26
16 39 41
47 79 91
64 83 52
42 41 6
16 34 34
24 79 15
52 42 63
74 42 58
15 47 89
70 2 54
78 39 78
79 2 29
15 18 2
31 17 95
55 58 45
73 24 12
50 73 55
67 20 57
78 59 10
53 31 35
20 41 30
71 34 9
18 34 97
26 59 40
19 5 93
52 22 77
40 61 65
26 64 28
28 15 90
66 5 39
37 54 61
59 88 3
55 91 63
51 41 18
27 62 7
51 96 46
37 33 82
4 22 63
32 40 71
73 68 74
74 89 29
0 75 67
76 54 55
73 0 7
51 66 64
8 62 1
44 85 89
38 37 62
32 27 43
29 36 43
1 73 20
75 3 61
39 46 5
70 77 8
18 20 85
6 27 66
32 40 85
72 56 58
14 46 91
63 3 15
3 68 37
62 67 55
50 87 83
51 72 53
25 71 20
58 39 28
39 33 51
49 59 94
25 2 21
61 17 9
11 51 49
53 86 38
76 43 25
73 91 75
44 6 92
54 89 37
52 56 2
65 35 91
18 43 14
10 94 95
48 88 24
38 78 46
26 59 72
15 22 96
39 30 78
66 52 86
62 20 68
31 54 67
59 89 50
38 25 89
41 16 46
30 71 33
44 71 18
19 39 34
36 73 59
45 76 62
1 7 22
0 93 76
20 12 68
42 47 28
44 23 5
15 17 55
53 97 24
32 20 23
48 25 82
19 50 80
15 2 98
4 33 29
51 14 30
18 23 42
20 27 30
31 53 21
14 1 1
78 35 80
58 70 1
31 48 95
35 61 19
10 45 17
26 38 47
78 17 31
40 19 64
71 81 49
72 83 48
18 51 44
74 67 85
9 69 46
45 63 33
80 8 2
3 9 15
9 92 73
69 21 45
56 20 79
80 24 38
79 95 47
19 64 92
78 96 66
25 23 52
46 82 27
37 85 11
26 70 82
35 49 47
8 48 72
59 30 84
2 74 42
23 5 64
59 34 46
7 65 36
32 85 72
58 81 74
61 88 12
15 32 48
4 14 4
15 2 51
56 7 16
48 63 46
53 96 91
32 65 82
23 72 12
72 91 10
38 32 10
27 20 10
6 93 38
36 48 0
79 58 53
51 78 27
1 83 70
34 35 46
53 2 41
46 67 11
72 95 84
26 76 46
78 64 53
63 35 19
24 10 68
28 33 54
76 33 6
1 42 80
63 0 44
77 33 72
1 94 2
39 44 33
69 9 30
0 32 16
54 87 73
23 11 30
6 1 24
34 30 3
16 67 50
56 69 5
61 95 27
72 14 42
64 95 78
49 59 34
35 94 48
56 57 24
6 75 98
75 57 78
35 34 77
32 88 94
76 4 76
32 40 21
15 0 51
47 8 70
18 85 40
45 81 59
35 94 91
53 18 37
72 67 20
69 72 41
71 70 66
59 81 32
17 29 37
56 52 43
51 3 67
72 0 91
46 22 83
6 45 72
53 29 66
9 17 6
35 86 65
36 40 65
27 5 98
51 45 30
47 70 79
61 14 46
44 10 22
72 35 5
68 38 16
6 74 96
32 1 12
44 78 84
6 67 36
24 58 86
26 77 22
39 70 87
49 29 14
77 43 87
24 30 92
72 22 75
3 51 10
71 80 39
21 14 66
51 82 73
71 75 94
34 53 46
8 80 69
47 89 79
2 10 72
56 49 23
74 96 68
6 77 44
9 73 50
18 49 44
78 72 31
72 51 71
45 25 86
37 25 15
45 94 38
49 11 87
6 94 64
6 66 95
53 82 16
6 0 47
36 72 15
36 22 42
18 38 78
35 26 63
35 25 7
25 58 16
32 75 22
27 30 44
53 97 22
44 3 0
59 79 76
50 9 96
27 71 74
72 40 47
7 50 91
18 75 19
46 26 0
6 23 46
53 64 83
53 91 19
18 56 0
32 38 46
60 9 0
55 67 15
78 29 0
59 32 26
15 13 24
54 7 28
76 96 41
14 77 29
50 13 56
69 2 90
72 71 95
31 20 2
6 41 39
18 6 36
63 36 11
45 11 46
18 31 17
49 9 80
32 86 94
69 19 33
51 58 51
51 30 90
59 26 46
52 45 42
59 92 49
18 49 36
72 93 98
18 99 52
72 96 16
71 57 71
26 19 11
44 20 49
72 8 68
26 13 14
18 98 52
36 4 87
51 1 19
56 1 29
53 92 31
57 0 14
63 36 76
59 85 42
6 97 99
36 92 39
59 4 34
68 61 23
53 97 54
6 47 70
37 55 70
51 89 86
6 86 51
6 12 2
18 77 40
59 57 46
32 0 28
15 24 80
72 60 8
32 93 45
19 4 72
53 52 71
6 4 94
6 75 16
18 89 53
6 82 74
18 50 8
21 49 33
18 16 28
34 30 97
6 98 43
44 21 91
32 62 89
18 93 59
6 75 63
51 81 31
24 17 29
36 42 27
6 83 40
9 25 60
32 89 12
32 17 8
36 49 69
44 28 17
25 96 72
18 10 13
72 10 42
32 75 84
1 97 96
105 95 87
92 42 23
165 87 46
138 64 45
82 64 14
159 2 27
118 54 6
179 6 71
81 43 68
150 36 30
165 63 18
179 45 79
174 84 3
150 85 27
151 30 7
90 72 68
83 13 85
133 0 92
170 21 30
92 84 14
139 51 32
99 52 60
156 85 80
88 94 56
140 51 3
157 93 60
153 42 47
173 49 29
122 29 70
125 28 46
132 80 54
161 52 62
96 47 14
140 15 86
133 32 94
170 15 64
171 28 68
114 50 76
125 89 46
124 90 72
108 43 94
129 9 56
163 26 36
141 79 88
128 15 44
162 36 2
167 89 67
177 6 84
180 66 94
141 91 56
126 12 37
153 96 57
85 75 11
165 59 63
137 11 53
88 21 54
160 24 69
100 9 63
154 53 38
122 63 38
98 68 61
85 19 70
124 84 78
145 36 38
99 84 61
118 38 68
135 62 78
85 94 26
131 17 64
148 65 68
157 55 74
88 39 13
92 50 68
117 49 42
142 77 51
94 83 94
118 75 87
91 5 49
178 56 31
83 17 83
156 94 20
115 27 93
88 28 4
95 41 19
136 36 58
109 23 29
159 33 50
85 65 12
153 24 24
81 78 4
100 39 23
113 39 85
124 9 11
111 32 23
174 9 48
138 24 51
155 98 95
159 25 23
81 61 41
152 58 5
115 40 74
121 74 35
143 60 28
180 44 10
162 34 26
123 1 59
103 64 4
178 61 71
110 28 87
124 12 56
83 74 88
150 68 91
98 11 77
106 24 65
147 78 34
84 11 43
92 46 46
155 41 89
133 81 6
137 72 76
96 36 70
142 61 53
93 43 92
172 16 40
141 6 8
109 74 59
168 67 24
86 58 88
88 43 3
119 94 11
156 10 3
174 9 35
99 83 10
130 63 49
139 37 82
104 94 18
146 50 16
115 72 6
92 54 83
89 97 38
122 50 20
128 16 2
105 38 4
143 33 0
146 15 80
170 5 28
138 86 47
92 97 26
85 59 68
135 4 42
123 90 82
166 92 17
133 16 33
137 83 19
166 31 89
165 31 32
103 75 0
85 12 69
171 46 55
88 83 33
108 1 36
130 80 21
92 0 61
178 72 92
137 18 26
111 29 43
132 85 32
139 52 80
157 83 83
104 9 60
133 6 45
92 52 98
85 15 77
177 97 71
162 89 43
166 91 25
89 58 64
169 76 72
112 22 36
113 4 44
108 0 71
139 53 15
104 36 15
155 13 12
174 92 6
87 65 56
96 52 7
125 0 87
153 75 27
90 92 86
171 81 95
92 17 21
114 9 90
158 96 4
116 14 58
166 9 42
85 67 53
85 61 39
83 21 76
93 5 29
111 28 58
150 20 5
92 36 32
85 99 75
85 4 59
145 30 54
109 49 67
111 7 56
160 95 52
147 73 2
131 61 35
112 40 56
160 28 24
134 66 31
123 14 72
131 74 17
108 65 71
148 34 90
143 29 25
148 26 52
168 47 55
96 80 48
113 46 1
165 69 43
96 64 60
88 71 9
101 59 13
166 12 72
155 75 69
170 39 45
131 46 76
95 59 26
153 18 77
114 96 35
114 45 49
127 91 95
97 81 25
81 68 0
124 7 86
166 27 59
93 88 89
111 21 20
174 88 64
127 92 52
112 77 17
163 28 61
90 90 3
96 25 72
165 44 62
129 46 96
131 85 45
151 14 33
142 22 94
92 43 90
159 3 5
171 8 54
103 46 78
160 37 23
123 88 95
128 31 37
143 69 33
103 53 28
108 72 84
83 34 86
141 74 39
151 65 87
170 61 91
127 51 36
112 72 62
109 2 66
128 92 0
168 25 75
160 4 81
155 37 68
178 49 61
117 62 62
155 40 95
97 61 75
111 51 40
99 81 1
85 71 53
95 75 33
96 74 44
142 12 64
96 0 31
170 49 0
83 2 6
85 89 11
104 94 82
83 92 59
177 30 56
138 50 64
174 65 21
87 98 84
133 5 19
137 44 63
162 19 72
93 19 61
130 76 56
128 17 74
164 81 79
117 44 73
165 23 51
95 47 46
92 58 1
124 82 85
89 56 8
124 67 60
97 62 9
179 79 64
105 44 52
142 14 65
155 97 5
166 49 8
99 62 85
115 83 22
112 45 37
93 22 0
156 27 80
109 6 35
165 74 8
175 18 40
87 1 81
92 61 95
91 18 18
92 60 99
155 64 69
105 46 25
172 68 70
84 85 57
117 78 97
165 9 3
92 2 64
138 88 41
109 16 76
170 5 90
85 85 15
139 54 97
92 26 51
148 63 20
155 3 95
84 60 69
148 67 29
155 80 5
172 94 68
172 94 15
95 17 52
96 23 34
168 5 80
148 31 71
109 54 31
158 95 71
88 86 7
142 5 61
109 58 28
158 52 8
129 21 13
85 85 18
157 78 59
92 65 28
92 18 59
145 38 9
158 72 91
155 14 93
155 60 3
85 67 79
85 13 41
92 82 0
141 43 6
149 9 9
170 17 26
89 8 26
158 51 85
142 47 51
165 5 55
110 96 6
96 94 41
85 47 37
131 51 90
115 84 86
92 40 3
103 38 90
166 19 24
172 65 1
95 27 97
158 95 65
158 15 27
125 73 46
150 26 7
159 84 60
169 80 10
105 62 27
109 75 60
158 98 76
88 17 23
88 42 0
170 63 6
177 57 54
180 88 31
170 69 76
109 50 26
117 24 32
96 99 12
104 63 26
131 47 42
109 64 77
92 72 99
96 45 78
96 2 67
85 51 52
153 87 54
93 86 49
111 94 10
144 69 21
158 54 58
158 94 58
93 60 83
145 36 85
93 77 53
138 89 18
126 29 50
172 98 44
136 13 19
172 41 44
150 42 40
177 9 46
115 55 43
96 25 58
144 48 11
115 25 95
96 76 32
93 28 12
109 8 42
177 83 65
138 89 61
170 99 92
170 30 78
102 24 18
155 92 28
141 53 77
92 16 7
166 5 72
113 57 40
85 2 50
95 77 15
92 57 70
92 60 41
160 42 71
131 2 13
128 15 24
148 38 1
142 1 43
120 53 92
158 15 55
121 81 42
109 50 14
92 0 12
85 90 17
177 81 47
180 17 81
155 60 58
166 56 26
109 38 42
114 77 42
83 77 12
96 17 0
166 85 67
109 46 15
143 98 8
170 78 75
142 70 54
88 76 85
142 46 0
128 94 27
106 78 12
103 9 62
93 31 31
96 30 76
93 62 13
96 34 93
166 82 3
155 52 99
160 0 35
165 41 65
158 54 0
145 1 69
170 69 31
92 30 69
165 13 6
93 5 88
163 23 30
165 91 18
113 68 46
159 71 82
97 49 1
92 32 66
155 16 67
143 62 81
177 80 77
166 88 11
165 71 44
156 40 60
166 90 45
148 14 13
96 48 10
150 69 28
146 10 83
166 70 42
83 62 46
96 88 91
165 66 20
92 84 65
160 57 63
96 16 23
143 64 63
120 75 6
166 67 83
109 27 38
170 91 92
104 58 61
165 25 2
109 78 97
171 8 79
92 63 23
117 79 72
155 92 12
177 55 19
112 42 83
83 88 76
115 42 53
170 29 98
109 62 58
170 81 87
138 52 58
109 3 49
92 86 85
165 62 77
96 9 48
165 26 26
166 24 50
138 4 68
177 25 3
158 20 74
92 82 55
166 80 6
131 82 98
96 18 15
95 9 76
85 28 70
166 58 13
166 63 54
180 45 59
124 29 7
142 94 79
92 94 42
96 79 29
128 93 3
158 98 33
144 67 79
85 32 25
96 19 10
176 85 73
89 18 56
115 79 49
162 90 89
92 28 53
170 69 69
170 63 87
93 40 72
83 1 64
158 85 36
92 71 92
165 0 43
92 62 38
92 8 31
128 67 57
109 33 43
109 37 29
85 32 6
166 42 42
155 69 55
106 32 80
128 83 91
144 31 58
177 77 33
177 9 51
96 77 46
96 68 61
96 32 97
92 36 83
99 3 6
99 60 32
166 40 46
124 90 7
128 39 65
177 81 3
155 55 46
148 86 1
142 75 71
92 92 14
165 26 50
83 70 97
109 92 77
165 29 70
120 58 0
83 72 26
128 91 51
170 48 66
96 83 3
96 85 65
92 29 64
170 13 58
85 5 86
158 20 46
165 50 89
160 38 53
89 80 96
96 24 83
166 28 75
109 7 27
92 53 67
109 53 18
148 27 54
83 31 13
96 94 19
96 55 36
158 44 17
177 50 53
96 92 16
170 8 38
170 99 73
160 88 27
96 10 46
92 1 48
166 66 46
165 9 20
83 58 58
143 79 0
92 36 17
96 80 43
96 93 24
85 43 62
111 58 91
117 52 74
142 96 79
166 59 53
166 32 44
85 5 58
128 68 6
170 58 49
155 62 19
160 26 11
92 43 80
83 0 55
92 40 32
177 87 87
165 36 23
109 3 50
92 36 0
138 75 65
166 8 72
96 30 82
177 0 33
177 43 23
142 89 58
142 90 0
166 28 3
155 13 45
142 98 63
162 41 36
170 3 20
165 52 83
165 30 30
92 39 77
85 16 85
166 64 7
92 55 0
85 81 77
96 85 48
96 41 49
166 75 94
142 68 78
85 42 91
166 89 10
92 22 25
111 19 53
162 85 98
155 79 45
148 41 97
142 23 17
170 51 10
155 66 99
92 55 35
170 88 95
158 23 40
95 59 37
96 12 90
95 42 93
96 47 24
92 0 84
138 80 28
96 93 10
96 63 77
142 93 0
131 69 44
85 93 82
95 96 94
85 88 21
92 86 43
109 88 90
85 36 79
111 84 38
84 6 34
115 66 74
142 20 16
92 80 83
