6200
65 6 44
61 21 37
57 42 66
70 33 35
80 72 75
11 3 66
15 29 41
4 79 32
41 15 3
36 60 25
65 88 54
36 85 84
7 37 68
14 55 5
1 15 76
9 51 76
41 50 31
70 72 19
5 91 15
29 24 58
61 17 66
35 91 88
32 9 35
7 49 86
51 37 93
72 25 95
23 8 60
44 16 49
65 6 144
61 21 137
57 42 166
70 33 135
80 72 175
11 3 166
15 29 141
4 79 132
41 15 103
36 60 125
65 88 154
36 85 184
7 37 168
14 55 105
1 15 176
9 51 176
41 50 131
70 72 119
5 91 115
29 24 158
61 17 166
35 91 188
32 9 135
7 49 186
51 37 193
72 25 195
23 8 160
44 16 149
65 6 244
61 21 237
57 42 266
70 33 235
80 72 275
11 3 266
15 29 241
4 79 232
41 15 203
36 60 225
65 88 254
36 85 284
7 37 268
14 55 205
1 15 276
9 51 276
41 50 231
70 72 219
5 91 215
29 24 258
61 17 266
35 91 288
32 9 235
7 49 286
51 37 293
72 25 295
23 8 260
44 16 249
65 6 344
61 21 337
57 42 366
70 33 335
80 72 375
11 3 366
15 29 341
4 79 332
41 15 303
36 60 325
65 88 354
36 85 384
7 37 368
14 55 305
1 15 376
9 51 376
41 50 331
70 72 319
5 91 315
29 24 358
61 17 366
35 91 388
32 9 335
7 49 386
51 37 393
72 25 395
23 8 360
44 16 349
65 6 444
61 21 437
57 42 466
70 33 435
80 72 475
11 3 466
15 29 441
4 79 432
41 15 403
36 60 425
65 88 454
36 85 484
7 37 468
14 55 405
1 15 476
9 51 476
41 50 431
70 72 419
5 91 415
29 24 458
61 17 466
35 91 488
32 9 435
7 49 486
51 37 493
72 25 495
23 8 460
44 16 449
65 6 544
61 21 537
57 42 566
70 33 535
80 72 575
11 3 566
15 29 541
4 79 532
41 15 503
36 60 525
65 88 554
36 85 584
7 37 568
14 55 505
1 15 576
9 51 576
41 50 531
70 72 519
5 91 515
29 24 558
61 17 566
35 91 588
32 9 535
7 49 586
51 37 593
72 25 595
23 8 560
44 16 549
65 6 644
61 21 637
57 42 666
70 33 635
80 72 675
11 3 666
15 29 641
4 79 632
41 15 603
36 60 625
65 88 654
36 85 684
7 37 668
14 55 605
1 15 676
9 51 676
41 50 631
70 72 619
5 91 615
29 24 658
61 17 666
35 91 688
32 9 635
7 49 686
51 37 693
72 25 695
23 8 660
44 16 649
65 6 744
61 21 737
57 42 766
70 33 735
80 72 775
11 3 766
15 29 741
4 79 732
41 15 703
36 60 725
65 88 754
36 85 784
7 37 768
14 55 705
1 15 776
9 51 776
41 50 731
70 72 719
5 91 715
29 24 758
61 17 766
35 91 788
32 9 735
7 49 786
51 37 793
72 25 795
23 8 760
44 16 749
65 6 844
61 21 837
57 42 866
70 33 835
80 72 875
11 3 866
15 29 841
4 79 832
41 15 803
36 60 825
65 88 854
36 85 884
7 37 868
14 55 805
1 15 876
9 51 876
41 50 831
70 72 819
5 91 815
29 24 858
61 17 866
35 91 888
32 9 835
7 49 886
51 37 893
72 25 895
23 8 860
44 16 849
65 6 944
61 21 937
57 42 966
70 33 935
80 72 975
11 3 966
15 29 941
4 79 932
41 15 903
36 60 925
65 88 954
36 85 984
7 37 968
14 55 905
1 15 976
9 51 976
41 50 931
70 72 919
5 91 915
29 24 958
61 17 966
35 91 988
32 9 935
7 49 986
51 37 993
72 25 995
23 8 960
44 16 949
65 106 44
61 121 37
57 142 66
70 133 35
80 172 75
11 103 66
15 129 41
4 179 32
41 115 3
36 160 25
65 188 54
36 185 84
7 137 68
14 155 5
1 115 76
9 151 76
41 150 31
70 172 19
5 191 15
29 124 58
61 117 66
35 191 88
32 109 35
7 149 86
51 137 93
72 125 95
23 108 60
44 116 49
65 106 144
61 121 137
57 142 166
70 133 135
80 172 175
11 103 166
15 129 141
4 179 132
41 115 103
36 160 125
65 188 154
36 185 184
7 137 168
14 155 105
1 115 176
9 151 176
41 150 131
70 172 119
5 191 115
29 124 158
61 117 166
35 191 188
32 109 135
7 149 186
51 137 193
72 125 195
23 108 160
44 116 149
65 106 244
61 121 237
57 142 266
70 133 235
80 172 275
11 103 266
15 129 241
4 179 232
41 115 203
36 160 225
65 188 254
36 185 284
7 137 268
14 155 205
1 115 276
9 151 276
41 150 231
70 172 219
5 191 215
29 124 258
61 117 266
35 191 288
32 109 235
7 149 286
51 137 293
72 125 295
23 108 260
44 116 249
65 106 344
61 121 337
57 142 366
70 133 335
80 172 375
11 103 366
15 129 341
4 179 332
41 115 303
36 160 325
65 188 354
36 185 384
7 137 368
14 155 305
1 115 376
9 151 376
41 150 331
70 172 319
5 191 315
29 124 358
61 117 366
35 191 388
32 109 335
7 149 386
51 137 393
72 125 395
23 108 360
44 116 349
65 106 444
61 121 437
57 142 466
70 133 435
80 172 475
11 103 466
15 129 441
4 179 432
41 115 403
36 160 425
65 188 454
36 185 484
7 137 468
14 155 405
1 115 476
9 151 476
41 150 431
70 172 419
5 191 415
29 124 458
61 117 466
35 191 488
32 109 435
7 149 486
51 137 493
72 125 495
23 108 460
44 116 449
65 106 544
61 121 537
57 142 566
70 133 535
80 172 575
11 103 566
15 129 541
4 179 532
41 115 503
36 160 525
65 188 554
36 185 584
7 137 568
14 155 505
1 115 576
9 151 576
41 150 531
70 172 519
5 191 515
29 124 558
61 117 566
35 191 588
32 109 535
7 149 586
51 137 593
72 125 595
23 108 560
44 116 549
65 106 644
61 121 637
57 142 666
70 133 635
80 172 675
11 103 666
15 129 641
4 179 632
41 115 603
36 160 625
65 188 654
36 185 684
7 137 668
14 155 605
1 115 676
9 151 676
41 150 631
70 172 619
5 191 615
29 124 658
61 117 666
35 191 688
32 109 635
7 149 686
51 137 693
72 125 695
23 108 660
44 116 649
65 106 744
61 121 737
57 142 766
70 133 735
80 172 775
11 103 766
15 129 741
4 179 732
41 115 703
36 160 725
65 188 754
36 185 784
7 137 768
14 155 705
1 115 776
9 151 776
41 150 731
70 172 719
5 191 715
29 124 758
61 117 766
35 191 788
32 109 735
7 149 786
51 137 793
72 125 795
23 108 760
44 116 749
65 106 844
61 121 837
57 142 866
70 133 835
80 172 875
11 103 866
15 129 841
4 179 832
41 115 803
36 160 825
65 188 854
36 185 884
7 137 868
14 155 805
1 115 876
9 151 876
41 150 831
70 172 819
5 191 815
29 124 858
61 117 866
35 191 888
32 109 835
7 149 886
51 137 893
72 125 895
23 108 860
44 116 849
65 106 944
61 121 937
57 142 966
70 133 935
80 172 975
11 103 966
15 129 941
4 179 932
41 115 903
36 160 925
65 188 954
36 185 984
7 137 968
14 155 905
1 115 976
9 151 976
41 150 931
70 172 919
5 191 915
29 124 958
61 117 966
35 191 988
32 109 935
7 149 986
51 137 993
72 125 995
23 108 960
44 116 949
65 206 44
61 221 37
57 242 66
70 233 35
80 272 75
11 203 66
15 229 41
4 279 32
41 215 3
36 260 25
65 288 54
36 285 84
7 237 68
14 255 5
1 215 76
9 251 76
41 250 31
70 272 19
5 291 15
29 224 58
61 217 66
35 291 88
32 209 35
7 249 86
51 237 93
72 225 95
23 208 60
44 216 49
65 206 144
61 221 137
57 242 166
70 233 135
80 272 175
11 203 166
15 229 141
4 279 132
41 215 103
36 260 125
65 288 154
36 285 184
7 237 168
14 255 105
1 215 176
9 251 176
41 250 131
70 272 119
5 291 115
29 224 158
61 217 166
35 291 188
32 209 135
7 249 186
51 237 193
72 225 195
23 208 160
44 216 149
65 206 244
61 221 237
57 242 266
70 233 235
80 272 275
11 203 266
15 229 241
4 279 232
41 215 203
36 260 225
65 288 254
36 285 284
7 237 268
14 255 205
1 215 276
9 251 276
41 250 231
70 272 219
5 291 215
29 224 258
61 217 266
35 291 288
32 209 235
7 249 286
51 237 293
72 225 295
23 208 260
44 216 249
65 206 344
61 221 337
57 242 366
70 233 335
80 272 375
11 203 366
15 229 341
4 279 332
41 215 303
36 260 325
65 288 354
36 285 384
7 237 368
14 255 305
1 215 376
9 251 376
41 250 331
70 272 319
5 291 315
29 224 358
61 217 366
35 291 388
32 209 335
7 249 386
51 237 393
72 225 395
23 208 360
44 216 349
65 206 444
61 221 437
57 242 466
70 233 435
80 272 475
11 203 466
15 229 441
4 279 432
41 215 403
36 260 425
65 288 454
36 285 484
7 237 468
14 255 405
1 215 476
9 251 476
41 250 431
70 272 419
5 291 415
29 224 458
61 217 466
35 291 488
32 209 435
7 249 486
51 237 493
72 225 495
23 208 460
44 216 449
65 206 544
61 221 537
57 242 566
70 233 535
80 272 575
11 203 566
15 229 541
4 279 532
41 215 503
36 260 525
65 288 554
36 285 584
7 237 568
14 255 505
1 215 576
9 251 576
41 250 531
70 272 519
5 291 515
29 224 558
61 217 566
35 291 588
32 209 535
7 249 586
51 237 593
72 225 595
23 208 560
44 216 549
65 206 644
61 221 637
57 242 666
70 233 635
80 272 675
11 203 666
15 229 641
4 279 632
41 215 603
36 260 625
65 288 654
36 285 684
7 237 668
14 255 605
1 215 676
9 251 676
41 250 631
70 272 619
5 291 615
29 224 658
61 217 666
35 291 688
32 209 635
7 249 686
51 237 693
72 225 695
23 208 660
44 216 649
65 206 744
61 221 737
57 242 766
70 233 735
80 272 775
11 203 766
15 229 741
4 279 732
41 215 703
36 260 725
65 288 754
36 285 784
7 237 768
14 255 705
1 215 776
9 251 776
41 250 731
70 272 719
5 291 715
29 224 758
61 217 766
35 291 788
32 209 735
7 249 786
51 237 793
72 225 795
23 208 760
44 216 749
65 206 844
61 221 837
57 242 866
70 233 835
80 272 875
11 203 866
15 229 841
4 279 832
41 215 803
36 260 825
65 288 854
36 285 884
7 237 868
14 255 805
1 215 876
9 251 876
41 250 831
70 272 819
5 291 815
29 224 858
61 217 866
35 291 888
32 209 835
7 249 886
51 237 893
72 225 895
23 208 860
44 216 849
65 206 944
61 221 937
57 242 966
70 233 935
80 272 975
11 203 966
15 229 941
4 279 932
41 215 903
36 260 925
65 288 954
36 285 984
7 237 968
14 255 905
1 215 976
9 251 976
41 250 931
70 272 919
5 291 915
29 224 958
61 217 966
35 291 988
32 209 935
7 249 986
51 237 993
72 225 995
23 208 960
44 216 949
65 306 44
61 321 37
57 342 66
70 333 35
80 372 75
11 303 66
15 329 41
4 379 32
41 315 3
36 360 25
65 388 54
36 385 84
7 337 68
14 355 5
1 315 76
9 351 76
41 350 31
70 372 19
5 391 15
29 324 58
61 317 66
35 391 88
32 309 35
7 349 86
51 337 93
72 325 95
23 308 60
44 316 49
65 306 144
61 321 137
57 342 166
70 333 135
80 372 175
11 303 166
15 329 141
4 379 132
41 315 103
36 360 125
65 388 154
36 385 184
7 337 168
14 355 105
1 315 176
9 351 176
41 350 131
70 372 119
5 391 115
29 324 158
61 317 166
35 391 188
32 309 135
7 349 186
51 337 193
72 325 195
23 308 160
44 316 149
65 306 244
61 321 237
57 342 266
70 333 235
80 372 275
11 303 266
15 329 241
4 379 232
41 315 203
36 360 225
65 388 254
36 385 284
7 337 268
14 355 205
1 315 276
9 351 276
41 350 231
70 372 219
5 391 215
29 324 258
61 317 266
35 391 288
32 309 235
7 349 286
51 337 293
72 325 295
23 308 260
44 316 249
65 306 344
61 321 337
57 342 366
70 333 335
80 372 375
11 303 366
15 329 341
4 379 332
41 315 303
36 360 325
65 388 354
36 385 384
7 337 368
14 355 305
1 315 376
9 351 376
41 350 331
70 372 319
5 391 315
29 324 358
61 317 366
35 391 388
32 309 335
7 349 386
51 337 393
72 325 395
23 308 360
44 316 349
65 306 444
61 321 437
57 342 466
70 333 435
80 372 475
11 303 466
15 329 441
4 379 432
41 315 403
36 360 425
65 388 454
36 385 484
7 337 468
14 355 405
1 315 476
9 351 476
41 350 431
70 372 419
5 391 415
29 324 458
61 317 466
35 391 488
32 309 435
7 349 486
51 337 493
72 325 495
23 308 460
44 316 449
65 306 544
61 321 537
57 342 566
70 333 535
80 372 575
11 303 566
15 329 541
4 379 532
41 315 503
36 360 525
65 388 554
36 385 584
7 337 568
14 355 505
1 315 576
9 351 576
41 350 531
70 372 519
5 391 515
29 324 558
61 317 566
35 391 588
32 309 535
7 349 586
51 337 593
72 325 595
23 308 560
44 316 549
65 306 644
61 321 637
57 342 666
70 333 635
80 372 675
11 303 666
15 329 641
4 379 632
41 315 603
36 360 625
65 388 654
36 385 684
7 337 668
14 355 605
1 315 676
9 351 676
41 350 631
70 372 619
5 391 615
29 324 658
61 317 666
35 391 688
32 309 635
7 349 686
51 337 693
72 325 695
23 308 660
44 316 649
65 306 744
61 321 737
57 342 766
70 333 735
80 372 775
11 303 766
15 329 741
4 379 732
41 315 703
36 360 725
65 388 754
36 385 784
7 337 768
14 355 705
1 315 776
9 351 776
41 350 731
70 372 719
5 391 715
29 324 758
61 317 766
35 391 788
32 309 735
7 349 786
51 337 793
72 325 795
23 308 760
44 316 749
65 306 844
61 321 837
57 342 866
70 333 835
80 372 875
11 303 866
15 329 841
4 379 832
41 315 803
36 360 825
65 388 854
36 385 884
7 337 868
14 355 805
1 315 876
9 351 876
41 350 831
70 372 819
5 391 815
29 324 858
61 317 866
35 391 888
32 309 835
7 349 886
51 337 893
72 325 895
23 308 860
44 316 849
65 306 944
61 321 937
57 342 966
70 333 935
80 372 975
11 303 966
15 329 941
4 379 932
41 315 903
36 360 925
65 388 954
36 385 984
7 337 968
14 355 905
1 315 976
9 351 976
41 350 931
70 372 919
5 391 915
29 324 958
61 317 966
35 391 988
32 309 935
7 349 986
51 337 993
72 325 995
23 308 960
44 316 949
65 406 44
61 421 37
57 442 66
70 433 35
80 472 75
11 403 66
15 429 41
4 479 32
41 415 3
36 460 25
65 488 54
36 485 84
7 437 68
14 455 5
1 415 76
9 451 76
41 450 31
70 472 19
5 491 15
29 424 58
61 417 66
35 491 88
32 409 35
7 449 86
51 437 93
72 425 95
23 408 60
44 416 49
65 406 144
61 421 137
57 442 166
70 433 135
80 472 175
11 403 166
15 429 141
4 479 132
41 415 103
36 460 125
65 488 154
36 485 184
7 437 168
14 455 105
1 415 176
9 451 176
41 450 131
70 472 119
5 491 115
29 424 158
61 417 166
35 491 188
32 409 135
7 449 186
51 437 193
72 425 195
23 408 160
44 416 149
65 406 244
61 421 237
57 442 266
70 433 235
80 472 275
11 403 266
15 429 241
4 479 232
41 415 203
36 460 225
65 488 254
36 485 284
7 437 268
14 455 205
1 415 276
9 451 276
41 450 231
70 472 219
5 491 215
29 424 258
61 417 266
35 491 288
32 409 235
7 449 286
51 437 293
72 425 295
23 408 260
44 416 249
65 406 344
61 421 337
57 442 366
70 433 335
80 472 375
11 403 366
15 429 341
4 479 332
41 415 303
36 460 325
65 488 354
36 485 384
7 437 368
14 455 305
1 415 376
9 451 376
41 450 331
70 472 319
5 491 315
29 424 358
61 417 366
35 491 388
32 409 335
7 449 386
51 437 393
72 425 395
23 408 360
44 416 349
65 406 444
61 421 437
57 442 466
70 433 435
80 472 475
11 403 466
15 429 441
4 479 432
41 415 403
36 460 425
65 488 454
36 485 484
7 437 468
14 455 405
1 415 476
9 451 476
41 450 431
70 472 419
5 491 415
29 424 458
61 417 466
35 491 488
32 409 435
7 449 486
51 437 493
72 425 495
23 408 460
44 416 449
65 406 544
61 421 537
57 442 566
70 433 535
80 472 575
11 403 566
15 429 541
4 479 532
41 415 503
36 460 525
65 488 554
36 485 584
7 437 568
14 455 505
1 415 576
9 451 576
41 450 531
70 472 519
5 491 515
29 424 558
61 417 566
35 491 588
32 409 535
7 449 586
51 437 593
72 425 595
23 408 560
44 416 549
65 406 644
61 421 637
57 442 666
70 433 635
80 472 675
11 403 666
15 429 641
4 479 632
41 415 603
36 460 625
65 488 654
36 485 684
7 437 668
14 455 605
1 415 676
9 451 676
41 450 631
70 472 619
5 491 615
29 424 658
61 417 666
35 491 688
32 409 635
7 449 686
51 437 693
72 425 695
23 408 660
44 416 649
65 406 744
61 421 737
57 442 766
70 433 735
80 472 775
11 403 766
15 429 741
4 479 732
41 415 703
36 460 725
65 488 754
36 485 784
7 437 768
14 455 705
1 415 776
9 451 776
41 450 731
70 472 719
5 491 715
29 424 758
61 417 766
35 491 788
32 409 735
7 449 786
51 437 793
72 425 795
23 408 760
44 416 749
65 406 844
61 421 837
57 442 866
70 433 835
80 472 875
11 403 866
15 429 841
4 479 832
41 415 803
36 460 825
65 488 854
36 485 884
7 437 868
14 455 805
1 415 876
9 451 876
41 450 831
70 472 819
5 491 815
29 424 858
61 417 866
35 491 888
32 409 835
7 449 886
51 437 893
72 425 895
23 408 860
44 416 849
65 406 944
61 421 937
57 442 966
70 433 935
80 472 975
11 403 966
15 429 941
4 479 932
41 415 903
36 460 925
65 488 954
36 485 984
7 437 968
14 455 905
1 415 976
9 451 976
41 450 931
70 472 919
5 491 915
29 424 958
61 417 966
35 491 988
32 409 935
7 449 986
51 437 993
72 425 995
23 408 960
44 416 949
65 506 44
61 521 37
57 542 66
70 533 35
80 572 75
11 503 66
15 529 41
4 579 32
41 515 3
36 560 25
65 588 54
36 585 84
7 537 68
14 555 5
1 515 76
9 551 76
41 550 31
70 572 19
5 591 15
29 524 58
61 517 66
35 591 88
32 509 35
7 549 86
51 537 93
72 525 95
23 508 60
44 516 49
65 506 144
61 521 137
57 542 166
70 533 135
80 572 175
11 503 166
15 529 141
4 579 132
41 515 103
36 560 125
65 588 154
36 585 184
7 537 168
14 555 105
1 515 176
9 551 176
41 550 131
70 572 119
5 591 115
29 524 158
61 517 166
35 591 188
32 509 135
7 549 186
51 537 193
72 525 195
23 508 160
44 516 149
65 506 244
61 521 237
57 542 266
70 533 235
80 572 275
11 503 266
15 529 241
4 579 232
41 515 203
36 560 225
65 588 254
36 585 284
7 537 268
14 555 205
1 515 276
9 551 276
41 550 231
70 572 219
5 591 215
29 524 258
61 517 266
35 591 288
32 509 235
7 549 286
51 537 293
72 525 295
23 508 260
44 516 249
65 506 344
61 521 337
57 542 366
70 533 335
80 572 375
11 503 366
15 529 341
4 579 332
41 515 303
36 560 325
65 588 354
36 585 384
7 537 368
14 555 305
1 515 376
9 551 376
41 550 331
70 572 319
5 591 315
29 524 358
61 517 366
35 591 388
32 509 335
7 549 386
51 537 393
72 525 395
23 508 360
44 516 349
65 506 444
61 521 437
57 542 466
70 533 435
80 572 475
11 503 466
15 529 441
4 579 432
41 515 403
36 560 425
65 588 454
36 585 484
7 537 468
14 555 405
1 515 476
9 551 476
41 550 431
70 572 419
5 591 415
29 524 458
61 517 466
35 591 488
32 509 435
7 549 486
51 537 493
72 525 495
23 508 460
44 516 449
65 506 544
61 521 537
57 542 566
70 533 535
80 572 575
11 503 566
15 529 541
4 579 532
41 515 503
36 560 525
65 588 554
36 585 584
7 537 568
14 555 505
1 515 576
9 551 576
41 550 531
70 572 519
5 591 515
29 524 558
61 517 566
35 591 588
32 509 535
7 549 586
51 537 593
72 525 595
23 508 560
44 516 549
65 506 644
61 521 637
57 542 666
70 533 635
80 572 675
11 503 666
15 529 641
4 579 632
41 515 603
36 560 625
65 588 654
36 585 684
7 537 668
14 555 605
1 515 676
9 551 676
41 550 631
70 572 619
5 591 615
29 524 658
61 517 666
35 591 688
32 509 635
7 549 686
51 537 693
72 525 695
23 508 660
44 516 649
65 506 744
61 521 737
57 542 766
70 533 735
80 572 775
11 503 766
15 529 741
4 579 732
41 515 703
36 560 725
65 588 754
36 585 784
7 537 768
14 555 705
1 515 776
9 551 776
41 550 731
70 572 719
5 591 715
29 524 758
61 517 766
35 591 788
32 509 735
7 549 786
51 537 793
72 525 795
23 508 760
44 516 749
65 506 844
61 521 837
57 542 866
70 533 835
80 572 875
11 503 866
15 529 841
4 579 832
41 515 803
36 560 825
65 588 854
36 585 884
7 537 868
14 555 805
1 515 876
9 551 876
41 550 831
70 572 819
5 591 815
29 524 858
61 517 866
35 591 888
32 509 835
7 549 886
51 537 893
72 525 895
23 508 860
44 516 849
65 506 944
61 521 937
57 542 966
70 533 935
80 572 975
11 503 966
15 529 941
4 579 932
41 515 903
36 560 925
65 588 954
36 585 984
7 537 968
14 555 905
1 515 976
9 551 976
41 550 931
70 572 919
5 591 915
29 524 958
61 517 966
35 591 988
32 509 935
7 549 986
51 537 993
72 525 995
23 508 960
44 516 949
65 606 44
61 621 37
57 642 66
70 633 35
80 672 75
11 603 66
15 629 41
4 679 32
41 615 3
36 660 25
65 688 54
36 685 84
7 637 68
14 655 5
1 615 76
9 651 76
41 650 31
70 672 19
5 691 15
29 624 58
61 617 66
35 691 88
32 609 35
7 649 86
51 637 93
72 625 95
23 608 60
44 616 49
65 606 144
61 621 137
57 642 166
70 633 135
80 672 175
11 603 166
15 629 141
4 679 132
41 615 103
36 660 125
65 688 154
36 685 184
7 637 168
14 655 105
1 615 176
9 651 176
41 650 131
70 672 119
5 691 115
29 624 158
61 617 166
35 691 188
32 609 135
7 649 186
51 637 193
72 625 195
23 608 160
44 616 149
65 606 244
61 621 237
57 642 266
70 633 235
80 672 275
11 603 266
15 629 241
4 679 232
41 615 203
36 660 225
65 688 254
36 685 284
7 637 268
14 655 205
1 615 276
9 651 276
41 650 231
70 672 219
5 691 215
29 624 258
61 617 266
35 691 288
32 609 235
7 649 286
51 637 293
72 625 295
23 608 260
44 616 249
65 606 344
61 621 337
57 642 366
70 633 335
80 672 375
11 603 366
15 629 341
4 679 332
41 615 303
36 660 325
65 688 354
36 685 384
7 637 368
14 655 305
1 615 376
9 651 376
41 650 331
70 672 319
5 691 315
29 624 358
61 617 366
35 691 388
32 609 335
7 649 386
51 637 393
72 625 395
23 608 360
44 616 349
65 606 444
61 621 437
57 642 466
70 633 435
80 672 475
11 603 466
15 629 441
4 679 432
41 615 403
36 660 425
65 688 454
36 685 484
7 637 468
14 655 405
1 615 476
9 651 476
41 650 431
70 672 419
5 691 415
29 624 458
61 617 466
35 691 488
32 609 435
7 649 486
51 637 493
72 625 495
23 608 460
44 616 449
65 606 544
61 621 537
57 642 566
70 633 535
80 672 575
11 603 566
15 629 541
4 679 532
41 615 503
36 660 525
65 688 554
36 685 584
7 637 568
14 655 505
1 615 576
9 651 576
41 650 531
70 672 519
5 691 515
29 624 558
61 617 566
35 691 588
32 609 535
7 649 586
51 637 593
72 625 595
23 608 560
44 616 549
65 606 644
61 621 637
57 642 666
70 633 635
80 672 675
11 603 666
15 629 641
4 679 632
41 615 603
36 660 625
65 688 654
36 685 684
7 637 668
14 655 605
1 615 676
9 651 676
41 650 631
70 672 619
5 691 615
29 624 658
61 617 666
35 691 688
32 609 635
7 649 686
51 637 693
72 625 695
23 608 660
44 616 649
65 606 744
61 621 737
57 642 766
70 633 735
80 672 775
11 603 766
15 629 741
4 679 732
41 615 703
36 660 725
65 688 754
36 685 784
7 637 768
14 655 705
1 615 776
9 651 776
41 650 731
70 672 719
5 691 715
29 624 758
61 617 766
35 691 788
32 609 735
7 649 786
51 637 793
72 625 795
23 608 760
44 616 749
65 606 844
61 621 837
57 642 866
70 633 835
80 672 875
11 603 866
15 629 841
4 679 832
41 615 803
36 660 825
65 688 854
36 685 884
7 637 868
14 655 805
1 615 876
9 651 876
41 650 831
70 672 819
5 691 815
29 624 858
61 617 866
35 691 888
32 609 835
7 649 886
51 637 893
72 625 895
23 608 860
44 616 849
65 606 944
61 621 937
57 642 966
70 633 935
80 672 975
11 603 966
15 629 941
4 679 932
41 615 903
36 660 925
65 688 954
36 685 984
7 637 968
14 655 905
1 615 976
9 651 976
41 650 931
70 672 919
5 691 915
29 624 958
61 617 966
35 691 988
32 609 935
7 649 986
51 637 993
72 625 995
23 608 960
44 616 949
65 706 44
61 721 37
57 742 66
70 733 35
80 772 75
11 703 66
15 729 41
4 779 32
41 715 3
36 760 25
65 788 54
36 785 84
7 737 68
14 755 5
1 715 76
9 751 76
41 750 31
70 772 19
5 791 15
29 724 58
61 717 66
35 791 88
32 709 35
7 749 86
51 737 93
72 725 95
23 708 60
44 716 49
65 706 144
61 721 137
57 742 166
70 733 135
80 772 175
11 703 166
15 729 141
4 779 132
41 715 103
36 760 125
65 788 154
36 785 184
7 737 168
14 755 105
1 715 176
9 751 176
41 750 131
70 772 119
5 791 115
29 724 158
61 717 166
35 791 188
32 709 135
7 749 186
51 737 193
72 725 195
23 708 160
44 716 149
65 706 244
61 721 237
57 742 266
70 733 235
80 772 275
11 703 266
15 729 241
4 779 232
41 715 203
36 760 225
65 788 254
36 785 284
7 737 268
14 755 205
1 715 276
9 751 276
41 750 231
70 772 219
5 791 215
29 724 258
61 717 266
35 791 288
32 709 235
7 749 286
51 737 293
72 725 295
23 708 260
44 716 249
65 706 344
61 721 337
57 742 366
70 733 335
80 772 375
11 703 366
15 729 341
4 779 332
41 715 303
36 760 325
65 788 354
36 785 384
7 737 368
14 755 305
1 715 376
9 751 376
41 750 331
70 772 319
5 791 315
29 724 358
61 717 366
35 791 388
32 709 335
7 749 386
51 737 393
72 725 395
23 708 360
44 716 349
65 706 444
61 721 437
57 742 466
70 733 435
80 772 475
11 703 466
15 729 441
4 779 432
41 715 403
36 760 425
65 788 454
36 785 484
7 737 468
14 755 405
1 715 476
9 751 476
41 750 431
70 772 419
5 791 415
29 724 458
61 717 466
35 791 488
32 709 435
7 749 486
51 737 493
72 725 495
23 708 460
44 716 449
65 706 544
61 721 537
57 742 566
70 733 535
80 772 575
11 703 566
15 729 541
4 779 532
41 715 503
36 760 525
65 788 554
36 785 584
7 737 568
14 755 505
1 715 576
9 751 576
41 750 531
70 772 519
5 791 515
29 724 558
61 717 566
35 791 588
32 709 535
7 749 586
51 737 593
72 725 595
23 708 560
44 716 549
65 706 644
61 721 637
57 742 666
70 733 635
80 772 675
11 703 666
15 729 641
4 779 632
41 715 603
36 760 625
65 788 654
36 785 684
7 737 668
14 755 605
1 715 676
9 751 676
41 750 631
70 772 619
5 791 615
29 724 658
61 717 666
35 791 688
32 709 635
7 749 686
51 737 693
72 725 695
23 708 660
44 716 649
65 706 744
61 721 737
57 742 766
70 733 735
80 772 775
11 703 766
15 729 741
4 779 732
41 715 703
36 760 725
65 788 754
36 785 784
7 737 768
14 755 705
1 715 776
9 751 776
41 750 731
70 772 719
5 791 715
29 724 758
61 717 766
35 791 788
32 709 735
7 749 786
51 737 793
72 725 795
23 708 760
44 716 749
65 706 844
61 721 837
57 742 866
70 733 835
80 772 875
11 703 866
15 729 841
4 779 832
41 715 803
36 760 825
65 788 854
36 785 884
7 737 868
14 755 805
1 715 876
9 751 876
41 750 831
70 772 819
5 791 815
29 724 858
61 717 866
35 791 888
32 709 835
7 749 886
51 737 893
72 725 895
23 708 860
44 716 849
65 706 944
61 721 937
57 742 966
70 733 935
80 772 975
11 703 966
15 729 941
4 779 932
41 715 903
36 760 925
65 788 954
36 785 984
7 737 968
14 755 905
1 715 976
9 751 976
41 750 931
70 772 919
5 791 915
29 724 958
61 717 966
35 791 988
32 709 935
7 749 986
51 737 993
72 725 995
23 708 960
44 716 949
65 806 44
61 821 37
57 842 66
70 833 35
80 872 75
11 803 66
15 829 41
4 879 32
41 815 3
36 860 25
65 888 54
36 885 84
7 837 68
14 855 5
1 815 76
9 851 76
41 850 31
70 872 19
5 891 15
29 824 58
61 817 66
35 891 88
32 809 35
7 849 86
51 837 93
72 825 95
23 808 60
44 816 49
65 806 144
61 821 137
57 842 166
70 833 135
80 872 175
11 803 166
15 829 141
4 879 132
41 815 103
36 860 125
65 888 154
36 885 184
7 837 168
14 855 105
1 815 176
9 851 176
41 850 131
70 872 119
5 891 115
29 824 158
61 817 166
35 891 188
32 809 135
7 849 186
51 837 193
72 825 195
23 808 160
44 816 149
65 806 244
61 821 237
57 842 266
70 833 235
80 872 275
11 803 266
15 829 241
4 879 232
41 815 203
36 860 225
65 888 254
36 885 284
7 837 268
14 855 205
1 815 276
9 851 276
41 850 231
70 872 219
5 891 215
29 824 258
61 817 266
35 891 288
32 809 235
7 849 286
51 837 293
72 825 295
23 808 260
44 816 249
65 806 344
61 821 337
57 842 366
70 833 335
80 872 375
11 803 366
15 829 341
4 879 332
41 815 303
36 860 325
65 888 354
36 885 384
7 837 368
14 855 305
1 815 376
9 851 376
41 850 331
70 872 319
5 891 315
29 824 358
61 817 366
35 891 388
32 809 335
7 849 386
51 837 393
72 825 395
23 808 360
44 816 349
65 806 444
61 821 437
57 842 466
70 833 435
80 872 475
11 803 466
15 829 441
4 879 432
41 815 403
36 860 425
65 888 454
36 885 484
7 837 468
14 855 405
1 815 476
9 851 476
41 850 431
70 872 419
5 891 415
29 824 458
61 817 466
35 891 488
32 809 435
7 849 486
51 837 493
72 825 495
23 808 460
44 816 449
65 806 544
61 821 537
57 842 566
70 833 535
80 872 575
11 803 566
15 829 541
4 879 532
41 815 503
36 860 525
65 888 554
36 885 584
7 837 568
14 855 505
1 815 576
9 851 576
41 850 531
70 872 519
5 891 515
29 824 558
61 817 566
35 891 588
32 809 535
7 849 586
51 837 593
72 825 595
23 808 560
44 816 549
65 806 644
61 821 637
57 842 666
70 833 635
80 872 675
11 803 666
15 829 641
4 879 632
41 815 603
36 860 625
65 888 654
36 885 684
7 837 668
14 855 605
1 815 676
9 851 676
41 850 631
70 872 619
5 891 615
29 824 658
61 817 666
35 891 688
32 809 635
7 849 686
51 837 693
72 825 695
23 808 660
44 816 649
65 806 744
61 821 737
57 842 766
70 833 735
80 872 775
11 803 766
15 829 741
4 879 732
41 815 703
36 860 725
65 888 754
36 885 784
7 837 768
14 855 705
1 815 776
9 851 776
41 850 731
70 872 719
5 891 715
29 824 758
61 817 766
35 891 788
32 809 735
7 849 786
51 837 793
72 825 795
23 808 760
44 816 749
65 806 844
61 821 837
57 842 866
70 833 835
80 872 875
11 803 866
15 829 841
4 879 832
41 815 803
36 860 825
65 888 854
36 885 884
7 837 868
14 855 805
1 815 876
9 851 876
41 850 831
70 872 819
5 891 815
29 824 858
61 817 866
35 891 888
32 809 835
7 849 886
51 837 893
72 825 895
23 808 860
44 816 849
65 806 944
61 821 937
57 842 966
70 833 935
80 872 975
11 803 966
15 829 941
4 879 932
41 815 903
36 860 925
65 888 954
36 885 984
7 837 968
14 855 905
1 815 976
9 851 976
41 850 931
70 872 919
5 891 915
29 824 958
61 817 966
35 891 988
32 809 935
7 849 986
51 837 993
72 825 995
23 808 960
44 816 949
65 906 44
61 921 37
57 942 66
70 933 35
80 972 75
11 903 66
15 929 41
4 979 32
41 915 3
36 960 25
65 988 54
36 985 84
7 937 68
14 955 5
1 915 76
9 951 76
41 950 31
70 972 19
5 991 15
29 924 58
61 917 66
35 991 88
32 909 35
7 949 86
51 937 93
72 925 95
23 908 60
44 916 49
65 906 144
61 921 137
57 942 166
70 933 135
80 972 175
11 903 166
15 929 141
4 979 132
41 915 103
36 960 125
65 988 154
36 985 184
7 937 168
14 955 105
1 915 176
9 951 176
41 950 131
70 972 119
5 991 115
29 924 158
61 917 166
35 991 188
32 909 135
7 949 186
51 937 193
72 925 195
23 908 160
44 916 149
65 906 244
61 921 237
57 942 266
70 933 235
80 972 275
11 903 266
15 929 241
4 979 232
41 915 203
36 960 225
65 988 254
36 985 284
7 937 268
14 955 205
1 915 276
9 951 276
41 950 231
70 972 219
5 991 215
29 924 258
61 917 266
35 991 288
32 909 235
7 949 286
51 937 293
72 925 295
23 908 260
44 916 249
65 906 344
61 921 337
57 942 366
70 933 335
80 972 375
11 903 366
15 929 341
4 979 332
41 915 303
36 960 325
65 988 354
36 985 384
7 937 368
14 955 305
1 915 376
9 951 376
41 950 331
70 972 319
5 991 315
29 924 358
61 917 366
35 991 388
32 909 335
7 949 386
51 937 393
72 925 395
23 908 360
44 916 349
65 906 444
61 921 437
57 942 466
70 933 435
80 972 475
11 903 466
15 929 441
4 979 432
41 915 403
36 960 425
65 988 454
36 985 484
7 937 468
14 955 405
1 915 476
9 951 476
41 950 431
70 972 419
5 991 415
29 924 458
61 917 466
35 991 488
32 909 435
7 949 486
51 937 493
72 925 495
23 908 460
44 916 449
65 906 544
61 921 537
57 942 566
70 933 535
80 972 575
11 903 566
15 929 541
4 979 532
41 915 503
36 960 525
65 988 554
36 985 584
7 937 568
14 955 505
1 915 576
9 951 576
41 950 531
70 972 519
5 991 515
29 924 558
61 917 566
35 991 588
32 909 535
7 949 586
51 937 593
72 925 595
23 908 560
44 916 549
65 906 644
61 921 637
57 942 666
70 933 635
80 972 675
11 903 666
15 929 641
4 979 632
41 915 603
36 960 625
65 988 654
36 985 684
7 937 668
14 955 605
1 915 676
9 951 676
41 950 631
70 972 619
5 991 615
29 924 658
61 917 666
35 991 688
32 909 635
7 949 686
51 937 693
72 925 695
23 908 660
44 916 649
65 906 744
61 921 737
57 942 766
70 933 735
80 972 775
11 903 766
15 929 741
4 979 732
41 915 703
36 960 725
65 988 754
36 985 784
7 937 768
14 955 705
1 915 776
9 951 776
41 950 731
70 972 719
5 991 715
29 924 758
61 917 766
35 991 788
32 909 735
7 949 786
51 937 793
72 925 795
23 908 760
44 916 749
65 906 844
61 921 837
57 942 866
70 933 835
80 972 875
11 903 866
15 929 841
4 979 832
41 915 803
36 960 825
65 988 854
36 985 884
7 937 868
14 955 805
1 915 876
9 951 876
41 950 831
70 972 819
5 991 815
29 924 858
61 917 866
35 991 888
32 909 835
7 949 886
51 937 893
72 925 895
23 908 860
44 916 849
65 906 944
61 921 937
57 942 966
70 933 935
80 972 975
11 903 966
15 929 941
4 979 932
41 915 903
36 960 925
65 988 954
36 985 984
7 937 968
14 955 905
1 915 976
9 951 976
41 950 931
70 972 919
5 991 915
29 924 958
61 917 966
35 991 988
32 909 935
7 949 986
51 937 993
72 925 995
23 908 960
44 916 949
85 31 79
90 23 74
158 76 32
115 77 6
140 21 2
174 25 19
176 44 60
177 98 78
88 11 25
115 55 80
125 60 59
99 24 7
168 64 68
137 59 65
92 50 77
97 63 39
150 51 82
88 15 54
130 34 90
144 92 49
170 43 90
122 63 17
119 20 46
122 5 2
179 87 95
85 70 91
146 1 31
172 73 24
123 21 89
90 28 58
147 80 2
136 87 5
120 80 35
164 10 40
85 31 179
90 23 174
158 76 132
115 77 106
140 21 102
174 25 119
176 44 160
177 98 178
88 11 125
115 55 180
125 60 159
99 24 107
168 64 168
137 59 165
92 50 177
97 63 139
150 51 182
88 15 154
130 34 190
144 92 149
170 43 190
122 63 117
119 20 146
122 5 102
179 87 195
85 70 191
146 1 131
172 73 124
123 21 189
90 28 158
147 80 102
136 87 105
120 80 135
164 10 140
85 31 279
90 23 274
158 76 232
115 77 206
140 21 202
174 25 219
176 44 260
177 98 278
88 11 225
115 55 280
125 60 259
99 24 207
168 64 268
137 59 265
92 50 277
97 63 239
150 51 282
88 15 254
130 34 290
144 92 249
170 43 290
122 63 217
119 20 246
122 5 202
179 87 295
85 70 291
146 1 231
172 73 224
123 21 289
90 28 258
147 80 202
136 87 205
120 80 235
164 10 240
85 31 379
90 23 374
158 76 332
115 77 306
140 21 302
174 25 319
176 44 360
177 98 378
88 11 325
115 55 380
125 60 359
99 24 307
168 64 368
137 59 365
92 50 377
97 63 339
150 51 382
88 15 354
130 34 390
144 92 349
170 43 390
122 63 317
119 20 346
122 5 302
179 87 395
85 70 391
146 1 331
172 73 324
123 21 389
90 28 358
147 80 302
136 87 305
120 80 335
164 10 340
85 31 479
90 23 474
158 76 432
115 77 406
140 21 402
174 25 419
176 44 460
177 98 478
88 11 425
115 55 480
125 60 459
99 24 407
168 64 468
137 59 465
92 50 477
97 63 439
150 51 482
88 15 454
130 34 490
144 92 449
170 43 490
122 63 417
119 20 446
122 5 402
179 87 495
85 70 491
146 1 431
172 73 424
123 21 489
90 28 458
147 80 402
136 87 405
120 80 435
164 10 440
85 31 579
90 23 574
158 76 532
115 77 506
140 21 502
174 25 519
176 44 560
177 98 578
88 11 525
115 55 580
125 60 559
99 24 507
168 64 568
137 59 565
92 50 577
97 63 539
150 51 582
88 15 554
130 34 590
144 92 549
170 43 590
122 63 517
119 20 546
122 5 502
179 87 595
85 70 591
146 1 531
172 73 524
123 21 589
90 28 558
147 80 502
136 87 505
120 80 535
164 10 540
85 31 679
90 23 674
158 76 632
115 77 606
140 21 602
174 25 619
176 44 660
177 98 678
88 11 625
115 55 680
125 60 659
99 24 607
168 64 668
137 59 665
92 50 677
97 63 639
150 51 682
88 15 654
130 34 690
144 92 649
170 43 690
122 63 617
119 20 646
122 5 602
179 87 695
85 70 691
146 1 631
172 73 624
123 21 689
90 28 658
147 80 602
136 87 605
120 80 635
164 10 640
85 31 779
90 23 774
158 76 732
115 77 706
140 21 702
174 25 719
176 44 760
177 98 778
88 11 725
115 55 780
125 60 759
99 24 707
168 64 768
137 59 765
92 50 777
97 63 739
150 51 782
88 15 754
130 34 790
144 92 749
170 43 790
122 63 717
119 20 746
122 5 702
179 87 795
85 70 791
146 1 731
172 73 724
123 21 789
90 28 758
147 80 702
136 87 705
120 80 735
164 10 740
85 31 879
90 23 874
158 76 832
115 77 806
140 21 802
174 25 819
176 44 860
177 98 878
88 11 825
115 55 880
125 60 859
99 24 807
168 64 868
137 59 865
92 50 877
97 63 839
150 51 882
88 15 854
130 34 890
144 92 849
170 43 890
122 63 817
119 20 846
122 5 802
179 87 895
85 70 891
146 1 831
172 73 824
123 21 889
90 28 858
147 80 802
136 87 805
120 80 835
164 10 840
85 31 979
90 23 974
158 76 932
115 77 906
140 21 902
174 25 919
176 44 960
177 98 978
88 11 925
115 55 980
125 60 959
99 24 907
168 64 968
137 59 965
92 50 977
97 63 939
150 51 982
88 15 954
130 34 990
144 92 949
170 43 990
122 63 917
119 20 946
122 5 902
179 87 995
85 70 991
146 1 931
172 73 924
123 21 989
90 28 958
147 80 902
136 87 905
120 80 935
164 10 940
85 131 79
90 123 74
158 176 32
115 177 6
140 121 2
174 125 19
176 144 60
177 198 78
88 111 25
115 155 80
125 160 59
99 124 7
168 164 68
137 159 65
92 150 77
97 163 39
150 151 82
88 115 54
130 134 90
144 192 49
170 143 90
122 163 17
119 120 46
122 105 2
179 187 95
85 170 91
146 101 31
172 173 24
123 121 89
90 128 58
147 180 2
136 187 5
120 180 35
164 110 40
85 131 179
90 123 174
158 176 132
115 177 106
140 121 102
174 125 119
176 144 160
177 198 178
88 111 125
115 155 180
125 160 159
99 124 107
168 164 168
137 159 165
92 150 177
97 163 139
150 151 182
88 115 154
130 134 190
144 192 149
170 143 190
122 163 117
119 120 146
122 105 102
179 187 195
85 170 191
146 101 131
172 173 124
123 121 189
90 128 158
147 180 102
136 187 105
120 180 135
164 110 140
85 131 279
90 123 274
158 176 232
115 177 206
140 121 202
174 125 219
176 144 260
177 198 278
88 111 225
115 155 280
125 160 259
99 124 207
168 164 268
137 159 265
92 150 277
97 163 239
150 151 282
88 115 254
130 134 290
144 192 249
170 143 290
122 163 217
119 120 246
122 105 202
179 187 295
85 170 291
146 101 231
172 173 224
123 121 289
90 128 258
147 180 202
136 187 205
120 180 235
164 110 240
85 131 379
90 123 374
158 176 332
115 177 306
140 121 302
174 125 319
176 144 360
177 198 378
88 111 325
115 155 380
125 160 359
99 124 307
168 164 368
137 159 365
92 150 377
97 163 339
150 151 382
88 115 354
130 134 390
144 192 349
170 143 390
122 163 317
119 120 346
122 105 302
179 187 395
85 170 391
146 101 331
172 173 324
123 121 389
90 128 358
147 180 302
136 187 305
120 180 335
164 110 340
85 131 479
90 123 474
158 176 432
115 177 406
140 121 402
174 125 419
176 144 460
177 198 478
88 111 425
115 155 480
125 160 459
99 124 407
168 164 468
137 159 465
92 150 477
97 163 439
150 151 482
88 115 454
130 134 490
144 192 449
170 143 490
122 163 417
119 120 446
122 105 402
179 187 495
85 170 491
146 101 431
172 173 424
123 121 489
90 128 458
147 180 402
136 187 405
120 180 435
164 110 440
85 131 579
90 123 574
158 176 532
115 177 506
140 121 502
174 125 519
176 144 560
177 198 578
88 111 525
115 155 580
125 160 559
99 124 507
168 164 568
137 159 565
92 150 577
97 163 539
150 151 582
88 115 554
130 134 590
144 192 549
170 143 590
122 163 517
119 120 546
122 105 502
179 187 595
85 170 591
146 101 531
172 173 524
123 121 589
90 128 558
147 180 502
136 187 505
120 180 535
164 110 540
85 131 679
90 123 674
158 176 632
115 177 606
140 121 602
174 125 619
176 144 660
177 198 678
88 111 625
115 155 680
125 160 659
99 124 607
168 164 668
137 159 665
92 150 677
97 163 639
150 151 682
88 115 654
130 134 690
144 192 649
170 143 690
122 163 617
119 120 646
122 105 602
179 187 695
85 170 691
146 101 631
172 173 624
123 121 689
90 128 658
147 180 602
136 187 605
120 180 635
164 110 640
85 131 779
90 123 774
158 176 732
115 177 706
140 121 702
174 125 719
176 144 760
177 198 778
88 111 725
115 155 780
125 160 759
99 124 707
168 164 768
137 159 765
92 150 777
97 163 739
150 151 782
88 115 754
130 134 790
144 192 749
170 143 790
122 163 717
119 120 746
122 105 702
179 187 795
85 170 791
146 101 731
172 173 724
123 121 789
90 128 758
147 180 702
136 187 705
120 180 735
164 110 740
85 131 879
90 123 874
158 176 832
115 177 806
140 121 802
174 125 819
176 144 860
177 198 878
88 111 825
115 155 880
125 160 859
99 124 807
168 164 868
137 159 865
92 150 877
97 163 839
150 151 882
88 115 854
130 134 890
144 192 849
170 143 890
122 163 817
119 120 846
122 105 802
179 187 895
85 170 891
146 101 831
172 173 824
123 121 889
90 128 858
147 180 802
136 187 805
120 180 835
164 110 840
85 131 979
90 123 974
158 176 932
115 177 906
140 121 902
174 125 919
176 144 960
177 198 978
88 111 925
115 155 980
125 160 959
99 124 907
168 164 968
137 159 965
92 150 977
97 163 939
150 151 982
88 115 954
130 134 990
144 192 949
170 143 990
122 163 917
119 120 946
122 105 902
179 187 995
85 170 991
146 101 931
172 173 924
123 121 989
90 128 958
147 180 902
136 187 905
120 180 935
164 110 940
85 231 79
90 223 74
158 276 32
115 277 6
140 221 2
174 225 19
176 244 60
177 298 78
88 211 25
115 255 80
125 260 59
99 224 7
168 264 68
137 259 65
92 250 77
97 263 39
150 251 82
88 215 54
130 234 90
144 292 49
170 243 90
122 263 17
119 220 46
122 205 2
179 287 95
85 270 91
146 201 31
172 273 24
123 221 89
90 228 58
147 280 2
136 287 5
120 280 35
164 210 40
85 231 179
90 223 174
158 276 132
115 277 106
140 221 102
174 225 119
176 244 160
177 298 178
88 211 125
115 255 180
125 260 159
99 224 107
168 264 168
137 259 165
92 250 177
97 263 139
150 251 182
88 215 154
130 234 190
144 292 149
170 243 190
122 263 117
119 220 146
122 205 102
179 287 195
85 270 191
146 201 131
172 273 124
123 221 189
90 228 158
147 280 102
136 287 105
120 280 135
164 210 140
85 231 279
90 223 274
158 276 232
115 277 206
140 221 202
174 225 219
176 244 260
177 298 278
88 211 225
115 255 280
125 260 259
99 224 207
168 264 268
137 259 265
92 250 277
97 263 239
150 251 282
88 215 254
130 234 290
144 292 249
170 243 290
122 263 217
119 220 246
122 205 202
179 287 295
85 270 291
146 201 231
172 273 224
123 221 289
90 228 258
147 280 202
136 287 205
120 280 235
164 210 240
85 231 379
90 223 374
158 276 332
115 277 306
140 221 302
174 225 319
176 244 360
177 298 378
88 211 325
115 255 380
125 260 359
99 224 307
168 264 368
137 259 365
92 250 377
97 263 339
150 251 382
88 215 354
130 234 390
144 292 349
170 243 390
122 263 317
119 220 346
122 205 302
179 287 395
85 270 391
146 201 331
172 273 324
123 221 389
90 228 358
147 280 302
136 287 305
120 280 335
164 210 340
85 231 479
90 223 474
158 276 432
115 277 406
140 221 402
174 225 419
176 244 460
177 298 478
88 211 425
115 255 480
125 260 459
99 224 407
168 264 468
137 259 465
92 250 477
97 263 439
150 251 482
88 215 454
130 234 490
144 292 449
170 243 490
122 263 417
119 220 446
122 205 402
179 287 495
85 270 491
146 201 431
172 273 424
123 221 489
90 228 458
147 280 402
136 287 405
120 280 435
164 210 440
85 231 579
90 223 574
158 276 532
115 277 506
140 221 502
174 225 519
176 244 560
177 298 578
88 211 525
115 255 580
125 260 559
99 224 507
168 264 568
137 259 565
92 250 577
97 263 539
150 251 582
88 215 554
130 234 590
144 292 549
170 243 590
122 263 517
119 220 546
122 205 502
179 287 595
85 270 591
146 201 531
172 273 524
123 221 589
90 228 558
147 280 502
136 287 505
120 280 535
164 210 540
85 231 679
90 223 674
158 276 632
115 277 606
140 221 602
174 225 619
176 244 660
177 298 678
88 211 625
115 255 680
125 260 659
99 224 607
168 264 668
137 259 665
92 250 677
97 263 639
150 251 682
88 215 654
130 234 690
144 292 649
170 243 690
122 263 617
119 220 646
122 205 602
179 287 695
85 270 691
146 201 631
172 273 624
123 221 689
90 228 658
147 280 602
136 287 605
120 280 635
164 210 640
85 231 779
90 223 774
158 276 732
115 277 706
140 221 702
174 225 719
176 244 760
177 298 778
88 211 725
115 255 780
125 260 759
99 224 707
168 264 768
137 259 765
92 250 777
97 263 739
150 251 782
88 215 754
130 234 790
144 292 749
170 243 790
122 263 717
119 220 746
122 205 702
179 287 795
85 270 791
146 201 731
172 273 724
123 221 789
90 228 758
147 280 702
136 287 705
120 280 735
164 210 740
85 231 879
90 223 874
158 276 832
115 277 806
140 221 802
174 225 819
176 244 860
177 298 878
88 211 825
115 255 880
125 260 859
99 224 807
168 264 868
137 259 865
92 250 877
97 263 839
150 251 882
88 215 854
130 234 890
144 292 849
170 243 890
122 263 817
119 220 846
122 205 802
179 287 895
85 270 891
146 201 831
172 273 824
123 221 889
90 228 858
147 280 802
136 287 805
120 280 835
164 210 840
85 231 979
90 223 974
158 276 932
115 277 906
140 221 902
174 225 919
176 244 960
177 298 978
88 211 925
115 255 980
125 260 959
99 224 907
168 264 968
137 259 965
92 250 977
97 263 939
150 251 982
88 215 954
130 234 990
144 292 949
170 243 990
122 263 917
119 220 946
122 205 902
179 287 995
85 270 991
146 201 931
172 273 924
123 221 989
90 228 958
147 280 902
136 287 905
120 280 935
164 210 940
85 331 79
90 323 74
158 376 32
115 377 6
140 321 2
174 325 19
176 344 60
177 398 78
88 311 25
115 355 80
125 360 59
99 324 7
168 364 68
137 359 65
92 350 77
97 363 39
150 351 82
88 315 54
130 334 90
144 392 49
170 343 90
122 363 17
119 320 46
122 305 2
179 387 95
85 370 91
146 301 31
172 373 24
123 321 89
90 328 58
147 380 2
136 387 5
120 380 35
164 310 40
85 331 179
90 323 174
158 376 132
115 377 106
140 321 102
174 325 119
176 344 160
177 398 178
88 311 125
115 355 180
125 360 159
99 324 107
168 364 168
137 359 165
92 350 177
97 363 139
150 351 182
88 315 154
130 334 190
144 392 149
170 343 190
122 363 117
119 320 146
122 305 102
179 387 195
85 370 191
146 301 131
172 373 124
123 321 189
90 328 158
147 380 102
136 387 105
120 380 135
164 310 140
85 331 279
90 323 274
158 376 232
115 377 206
140 321 202
174 325 219
176 344 260
177 398 278
88 311 225
115 355 280
125 360 259
99 324 207
168 364 268
137 359 265
92 350 277
97 363 239
150 351 282
88 315 254
130 334 290
144 392 249
170 343 290
122 363 217
119 320 246
122 305 202
179 387 295
85 370 291
146 301 231
172 373 224
123 321 289
90 328 258
147 380 202
136 387 205
120 380 235
164 310 240
85 331 379
90 323 374
158 376 332
115 377 306
140 321 302
174 325 319
176 344 360
177 398 378
88 311 325
115 355 380
125 360 359
99 324 307
168 364 368
137 359 365
92 350 377
97 363 339
150 351 382
88 315 354
130 334 390
144 392 349
170 343 390
122 363 317
119 320 346
122 305 302
179 387 395
85 370 391
146 301 331
172 373 324
123 321 389
90 328 358
147 380 302
136 387 305
120 380 335
164 310 340
85 331 479
90 323 474
158 376 432
115 377 406
140 321 402
174 325 419
176 344 460
177 398 478
88 311 425
115 355 480
125 360 459
99 324 407
168 364 468
137 359 465
92 350 477
97 363 439
150 351 482
88 315 454
130 334 490
144 392 449
170 343 490
122 363 417
119 320 446
122 305 402
179 387 495
85 370 491
146 301 431
172 373 424
123 321 489
90 328 458
147 380 402
136 387 405
120 380 435
164 310 440
85 331 579
90 323 574
158 376 532
115 377 506
140 321 502
174 325 519
176 344 560
177 398 578
88 311 525
115 355 580
125 360 559
99 324 507
168 364 568
137 359 565
92 350 577
97 363 539
150 351 582
88 315 554
130 334 590
144 392 549
170 343 590
122 363 517
119 320 546
122 305 502
179 387 595
85 370 591
146 301 531
172 373 524
123 321 589
90 328 558
147 380 502
136 387 505
120 380 535
164 310 540
85 331 679
90 323 674
158 376 632
115 377 606
140 321 602
174 325 619
176 344 660
177 398 678
88 311 625
115 355 680
125 360 659
99 324 607
168 364 668
137 359 665
92 350 677
97 363 639
150 351 682
88 315 654
130 334 690
144 392 649
170 343 690
122 363 617
119 320 646
122 305 602
179 387 695
85 370 691
146 301 631
172 373 624
123 321 689
90 328 658
147 380 602
136 387 605
120 380 635
164 310 640
85 331 779
90 323 774
158 376 732
115 377 706
140 321 702
174 325 719
176 344 760
177 398 778
88 311 725
115 355 780
125 360 759
99 324 707
168 364 768
137 359 765
92 350 777
97 363 739
150 351 782
88 315 754
130 334 790
144 392 749
170 343 790
122 363 717
119 320 746
122 305 702
179 387 795
85 370 791
146 301 731
172 373 724
123 321 789
90 328 758
147 380 702
136 387 705
120 380 735
164 310 740
85 331 879
90 323 874
158 376 832
115 377 806
140 321 802
174 325 819
176 344 860
177 398 878
88 311 825
115 355 880
125 360 859
99 324 807
168 364 868
137 359 865
92 350 877
97 363 839
150 351 882
88 315 854
130 334 890
144 392 849
170 343 890
122 363 817
119 320 846
122 305 802
179 387 895
85 370 891
146 301 831
172 373 824
123 321 889
90 328 858
147 380 802
136 387 805
120 380 835
164 310 840
85 331 979
90 323 974
158 376 932
115 377 906
140 321 902
174 325 919
176 344 960
177 398 978
88 311 925
115 355 980
125 360 959
99 324 907
168 364 968
137 359 965
92 350 977
97 363 939
150 351 982
88 315 954
130 334 990
144 392 949
170 343 990
122 363 917
119 320 946
122 305 902
179 387 995
85 370 991
146 301 931
172 373 924
123 321 989
90 328 958
147 380 902
136 387 905
120 380 935
164 310 940
85 431 79
90 423 74
158 476 32
115 477 6
140 421 2
174 425 19
176 444 60
177 498 78
88 411 25
115 455 80
125 460 59
99 424 7
168 464 68
137 459 65
92 450 77
97 463 39
150 451 82
88 415 54
130 434 90
144 492 49
170 443 90
122 463 17
119 420 46
122 405 2
179 487 95
85 470 91
146 401 31
172 473 24
123 421 89
90 428 58
147 480 2
136 487 5
120 480 35
164 410 40
85 431 179
90 423 174
158 476 132
115 477 106
140 421 102
174 425 119
176 444 160
177 498 178
88 411 125
115 455 180
125 460 159
99 424 107
168 464 168
137 459 165
92 450 177
97 463 139
150 451 182
88 415 154
130 434 190
144 492 149
170 443 190
122 463 117
119 420 146
122 405 102
179 487 195
85 470 191
146 401 131
172 473 124
123 421 189
90 428 158
147 480 102
136 487 105
120 480 135
164 410 140
85 431 279
90 423 274
158 476 232
115 477 206
140 421 202
174 425 219
176 444 260
177 498 278
88 411 225
115 455 280
125 460 259
99 424 207
168 464 268
137 459 265
92 450 277
97 463 239
150 451 282
88 415 254
130 434 290
144 492 249
170 443 290
122 463 217
119 420 246
122 405 202
179 487 295
85 470 291
146 401 231
172 473 224
123 421 289
90 428 258
147 480 202
136 487 205
120 480 235
164 410 240
85 431 379
90 423 374
158 476 332
115 477 306
140 421 302
174 425 319
176 444 360
177 498 378
88 411 325
115 455 380
125 460 359
99 424 307
168 464 368
137 459 365
92 450 377
97 463 339
150 451 382
88 415 354
130 434 390
144 492 349
170 443 390
122 463 317
119 420 346
122 405 302
179 487 395
85 470 391
146 401 331
172 473 324
123 421 389
90 428 358
147 480 302
136 487 305
120 480 335
164 410 340
85 431 479
90 423 474
158 476 432
115 477 406
140 421 402
174 425 419
176 444 460
177 498 478
88 411 425
115 455 480
125 460 459
99 424 407
168 464 468
137 459 465
92 450 477
97 463 439
150 451 482
88 415 454
130 434 490
144 492 449
170 443 490
122 463 417
119 420 446
122 405 402
179 487 495
85 470 491
146 401 431
172 473 424
123 421 489
90 428 458
147 480 402
136 487 405
120 480 435
164 410 440
85 431 579
90 423 574
158 476 532
115 477 506
140 421 502
174 425 519
176 444 560
177 498 578
88 411 525
115 455 580
125 460 559
99 424 507
168 464 568
137 459 565
92 450 577
97 463 539
150 451 582
88 415 554
130 434 590
144 492 549
170 443 590
122 463 517
119 420 546
122 405 502
179 487 595
85 470 591
146 401 531
172 473 524
123 421 589
90 428 558
147 480 502
136 487 505
120 480 535
164 410 540
85 431 679
90 423 674
158 476 632
115 477 606
140 421 602
174 425 619
176 444 660
177 498 678
88 411 625
115 455 680
125 460 659
99 424 607
168 464 668
137 459 665
92 450 677
97 463 639
150 451 682
88 415 654
130 434 690
144 492 649
170 443 690
122 463 617
119 420 646
122 405 602
179 487 695
85 470 691
146 401 631
172 473 624
123 421 689
90 428 658
147 480 602
136 487 605
120 480 635
164 410 640
85 431 779
90 423 774
158 476 732
115 477 706
140 421 702
174 425 719
176 444 760
177 498 778
88 411 725
115 455 780
125 460 759
99 424 707
168 464 768
137 459 765
92 450 777
97 463 739
150 451 782
88 415 754
130 434 790
144 492 749
170 443 790
122 463 717
119 420 746
122 405 702
179 487 795
85 470 791
146 401 731
172 473 724
123 421 789
90 428 758
147 480 702
136 487 705
120 480 735
164 410 740
85 431 879
90 423 874
158 476 832
115 477 806
140 421 802
174 425 819
176 444 860
177 498 878
88 411 825
115 455 880
125 460 859
99 424 807
168 464 868
137 459 865
92 450 877
97 463 839
150 451 882
88 415 854
130 434 890
144 492 849
170 443 890
122 463 817
119 420 846
122 405 802
179 487 895
85 470 891
146 401 831
172 473 824
123 421 889
90 428 858
147 480 802
136 487 805
120 480 835
164 410 840
85 431 979
90 423 974
158 476 932
115 477 906
140 421 902
174 425 919
176 444 960
177 498 978
88 411 925
115 455 980
125 460 959
99 424 907
168 464 968
137 459 965
92 450 977
97 463 939
150 451 982
88 415 954
130 434 990
144 492 949
170 443 990
122 463 917
119 420 946
122 405 902
179 487 995
85 470 991
146 401 931
172 473 924
123 421 989
90 428 958
147 480 902
136 487 905
120 480 935
164 410 940
85 531 79
90 523 74
158 576 32
115 577 6
140 521 2
174 525 19
176 544 60
177 598 78
88 511 25
115 555 80
125 560 59
99 524 7
168 564 68
137 559 65
92 550 77
97 563 39
150 551 82
88 515 54
130 534 90
144 592 49
170 543 90
122 563 17
119 520 46
122 505 2
179 587 95
85 570 91
146 501 31
172 573 24
123 521 89
90 528 58
147 580 2
136 587 5
120 580 35
164 510 40
85 531 179
90 523 174
158 576 132
115 577 106
140 521 102
174 525 119
176 544 160
177 598 178
88 511 125
115 555 180
125 560 159
99 524 107
168 564 168
137 559 165
92 550 177
97 563 139
150 551 182
88 515 154
130 534 190
144 592 149
170 543 190
122 563 117
119 520 146
122 505 102
179 587 195
85 570 191
146 501 131
172 573 124
123 521 189
90 528 158
147 580 102
136 587 105
120 580 135
164 510 140
85 531 279
90 523 274
158 576 232
115 577 206
140 521 202
174 525 219
176 544 260
177 598 278
88 511 225
115 555 280
125 560 259
99 524 207
168 564 268
137 559 265
92 550 277
97 563 239
150 551 282
88 515 254
130 534 290
144 592 249
170 543 290
122 563 217
119 520 246
122 505 202
179 587 295
85 570 291
146 501 231
172 573 224
123 521 289
90 528 258
147 580 202
136 587 205
120 580 235
164 510 240
85 531 379
90 523 374
158 576 332
115 577 306
140 521 302
174 525 319
176 544 360
177 598 378
88 511 325
115 555 380
125 560 359
99 524 307
168 564 368
137 559 365
92 550 377
97 563 339
150 551 382
88 515 354
130 534 390
144 592 349
170 543 390
122 563 317
119 520 346
122 505 302
179 587 395
85 570 391
146 501 331
172 573 324
123 521 389
90 528 358
147 580 302
136 587 305
120 580 335
164 510 340
85 531 479
90 523 474
158 576 432
115 577 406
140 521 402
174 525 419
176 544 460
177 598 478
88 511 425
115 555 480
125 560 459
99 524 407
168 564 468
137 559 465
92 550 477
97 563 439
150 551 482
88 515 454
130 534 490
144 592 449
170 543 490
122 563 417
119 520 446
122 505 402
179 587 495
85 570 491
146 501 431
172 573 424
123 521 489
90 528 458
147 580 402
136 587 405
120 580 435
164 510 440
85 531 579
90 523 574
158 576 532
115 577 506
140 521 502
174 525 519
176 544 560
177 598 578
88 511 525
115 555 580
125 560 559
99 524 507
168 564 568
137 559 565
92 550 577
97 563 539
150 551 582
88 515 554
130 534 590
144 592 549
170 543 590
122 563 517
119 520 546
122 505 502
179 587 595
85 570 591
146 501 531
172 573 524
123 521 589
90 528 558
147 580 502
136 587 505
120 580 535
164 510 540
85 531 679
90 523 674
158 576 632
115 577 606
140 521 602
174 525 619
176 544 660
177 598 678
88 511 625
115 555 680
125 560 659
99 524 607
168 564 668
137 559 665
92 550 677
97 563 639
150 551 682
88 515 654
130 534 690
144 592 649
170 543 690
122 563 617
119 520 646
122 505 602
179 587 695
85 570 691
146 501 631
172 573 624
123 521 689
90 528 658
147 580 602
136 587 605
120 580 635
164 510 640
85 531 779
90 523 774
158 576 732
115 577 706
140 521 702
174 525 719
176 544 760
177 598 778
88 511 725
115 555 780
125 560 759
99 524 707
168 564 768
137 559 765
92 550 777
97 563 739
150 551 782
88 515 754
130 534 790
144 592 749
170 543 790
122 563 717
119 520 746
122 505 702
179 587 795
85 570 791
146 501 731
172 573 724
123 521 789
90 528 758
147 580 702
136 587 705
120 580 735
164 510 740
85 531 879
90 523 874
158 576 832
115 577 806
140 521 802
174 525 819
176 544 860
177 598 878
88 511 825
115 555 880
125 560 859
99 524 807
168 564 868
137 559 865
92 550 877
97 563 839
150 551 882
88 515 854
130 534 890
144 592 849
170 543 890
122 563 817
119 520 846
122 505 802
179 587 895
85 570 891
146 501 831
172 573 824
123 521 889
90 528 858
147 580 802
136 587 805
120 580 835
164 510 840
85 531 979
90 523 974
158 576 932
115 577 906
140 521 902
174 525 919
176 544 960
177 598 978
88 511 925
115 555 980
125 560 959
99 524 907
168 564 968
137 559 965
92 550 977
97 563 939
150 551 982
88 515 954
130 534 990
144 592 949
170 543 990
122 563 917
119 520 946
122 505 902
179 587 995
85 570 991
146 501 931
172 573 924
123 521 989
90 528 958
147 580 902
136 587 905
120 580 935
164 510 940
85 631 79
90 623 74
158 676 32
115 677 6
140 621 2
174 625 19
176 644 60
177 698 78
88 611 25
115 655 80
125 660 59
99 624 7
168 664 68
137 659 65
92 650 77
97 663 39
150 651 82
88 615 54
130 634 90
144 692 49
170 643 90
122 663 17
119 620 46
122 605 2
179 687 95
85 670 91
146 601 31
172 673 24
123 621 89
90 628 58
147 680 2
136 687 5
120 680 35
164 610 40
85 631 179
90 623 174
158 676 132
115 677 106
140 621 102
174 625 119
176 644 160
177 698 178
88 611 125
115 655 180
125 660 159
99 624 107
168 664 168
137 659 165
92 650 177
97 663 139
150 651 182
88 615 154
130 634 190
144 692 149
170 643 190
122 663 117
119 620 146
122 605 102
179 687 195
85 670 191
146 601 131
172 673 124
123 621 189
90 628 158
147 680 102
136 687 105
120 680 135
164 610 140
85 631 279
90 623 274
158 676 232
115 677 206
140 621 202
174 625 219
176 644 260
177 698 278
88 611 225
115 655 280
125 660 259
99 624 207
168 664 268
137 659 265
92 650 277
97 663 239
150 651 282
88 615 254
130 634 290
144 692 249
170 643 290
122 663 217
119 620 246
122 605 202
179 687 295
85 670 291
146 601 231
172 673 224
123 621 289
90 628 258
147 680 202
136 687 205
120 680 235
164 610 240
85 631 379
90 623 374
158 676 332
115 677 306
140 621 302
174 625 319
176 644 360
177 698 378
88 611 325
115 655 380
125 660 359
99 624 307
168 664 368
137 659 365
92 650 377
97 663 339
150 651 382
88 615 354
130 634 390
144 692 349
170 643 390
122 663 317
119 620 346
122 605 302
179 687 395
85 670 391
146 601 331
172 673 324
123 621 389
90 628 358
147 680 302
136 687 305
120 680 335
164 610 340
85 631 479
90 623 474
158 676 432
115 677 406
140 621 402
174 625 419
176 644 460
177 698 478
88 611 425
115 655 480
125 660 459
99 624 407
168 664 468
137 659 465
92 650 477
97 663 439
150 651 482
88 615 454
130 634 490
144 692 449
170 643 490
122 663 417
119 620 446
122 605 402
179 687 495
85 670 491
146 601 431
172 673 424
123 621 489
90 628 458
147 680 402
136 687 405
120 680 435
164 610 440
85 631 579
90 623 574
158 676 532
115 677 506
140 621 502
174 625 519
176 644 560
177 698 578
88 611 525
115 655 580
125 660 559
99 624 507
168 664 568
137 659 565
92 650 577
97 663 539
150 651 582
88 615 554
130 634 590
144 692 549
170 643 590
122 663 517
119 620 546
122 605 502
179 687 595
85 670 591
146 601 531
172 673 524
123 621 589
90 628 558
147 680 502
136 687 505
120 680 535
164 610 540
85 631 679
90 623 674
158 676 632
115 677 606
140 621 602
174 625 619
176 644 660
177 698 678
88 611 625
115 655 680
125 660 659
99 624 607
168 664 668
137 659 665
92 650 677
97 663 639
150 651 682
88 615 654
130 634 690
144 692 649
170 643 690
122 663 617
119 620 646
122 605 602
179 687 695
85 670 691
146 601 631
172 673 624
123 621 689
90 628 658
147 680 602
136 687 605
120 680 635
164 610 640
85 631 779
90 623 774
158 676 732
115 677 706
140 621 702
174 625 719
176 644 760
177 698 778
88 611 725
115 655 780
125 660 759
99 624 707
168 664 768
137 659 765
92 650 777
97 663 739
150 651 782
88 615 754
130 634 790
144 692 749
170 643 790
122 663 717
119 620 746
122 605 702
179 687 795
85 670 791
146 601 731
172 673 724
123 621 789
90 628 758
147 680 702
136 687 705
120 680 735
164 610 740
85 631 879
90 623 874
158 676 832
115 677 806
140 621 802
174 625 819
176 644 860
177 698 878
88 611 825
115 655 880
125 660 859
99 624 807
168 664 868
137 659 865
92 650 877
97 663 839
150 651 882
88 615 854
130 634 890
144 692 849
170 643 890
122 663 817
119 620 846
122 605 802
179 687 895
85 670 891
146 601 831
172 673 824
123 621 889
90 628 858
147 680 802
136 687 805
120 680 835
164 610 840
85 631 979
90 623 974
158 676 932
115 677 906
140 621 902
174 625 919
176 644 960
177 698 978
88 611 925
115 655 980
125 660 959
99 624 907
168 664 968
137 659 965
92 650 977
97 663 939
150 651 982
88 615 954
130 634 990
144 692 949
170 643 990
122 663 917
119 620 946
122 605 902
179 687 995
85 670 991
146 601 931
172 673 924
123 621 989
90 628 958
147 680 902
136 687 905
120 680 935
164 610 940
85 731 79
90 723 74
158 776 32
115 777 6
140 721 2
174 725 19
176 744 60
177 798 78
88 711 25
115 755 80
125 760 59
99 724 7
168 764 68
137 759 65
92 750 77
97 763 39
150 751 82
88 715 54
130 734 90
144 792 49
170 743 90
122 763 17
119 720 46
122 705 2
179 787 95
85 770 91
146 701 31
172 773 24
123 721 89
90 728 58
147 780 2
136 787 5
120 780 35
164 710 40
85 731 179
90 723 174
158 776 132
115 777 106
140 721 102
174 725 119
176 744 160
177 798 178
88 711 125
115 755 180
125 760 159
99 724 107
168 764 168
137 759 165
92 750 177
97 763 139
150 751 182
88 715 154
130 734 190
144 792 149
170 743 190
122 763 117
119 720 146
122 705 102
179 787 195
85 770 191
146 701 131
172 773 124
123 721 189
90 728 158
147 780 102
136 787 105
120 780 135
164 710 140
85 731 279
90 723 274
158 776 232
115 777 206
140 721 202
174 725 219
176 744 260
177 798 278
88 711 225
115 755 280
125 760 259
99 724 207
168 764 268
137 759 265
92 750 277
97 763 239
150 751 282
88 715 254
130 734 290
144 792 249
170 743 290
122 763 217
119 720 246
122 705 202
179 787 295
85 770 291
146 701 231
172 773 224
123 721 289
90 728 258
147 780 202
136 787 205
120 780 235
164 710 240
85 731 379
90 723 374
158 776 332
115 777 306
140 721 302
174 725 319
176 744 360
177 798 378
88 711 325
115 755 380
125 760 359
99 724 307
168 764 368
137 759 365
92 750 377
97 763 339
150 751 382
88 715 354
130 734 390
144 792 349
170 743 390
122 763 317
119 720 346
122 705 302
179 787 395
85 770 391
146 701 331
172 773 324
123 721 389
90 728 358
147 780 302
136 787 305
120 780 335
164 710 340
85 731 479
90 723 474
158 776 432
115 777 406
140 721 402
174 725 419
176 744 460
177 798 478
88 711 425
115 755 480
125 760 459
99 724 407
168 764 468
137 759 465
92 750 477
97 763 439
150 751 482
88 715 454
130 734 490
144 792 449
170 743 490
122 763 417
119 720 446
122 705 402
179 787 495
85 770 491
146 701 431
172 773 424
123 721 489
90 728 458
147 780 402
136 787 405
120 780 435
164 710 440
85 731 579
90 723 574
158 776 532
115 777 506
140 721 502
174 725 519
176 744 560
177 798 578
88 711 525
115 755 580
125 760 559
99 724 507
168 764 568
137 759 565
92 750 577
97 763 539
150 751 582
88 715 554
130 734 590
144 792 549
170 743 590
122 763 517
119 720 546
122 705 502
179 787 595
85 770 591
146 701 531
172 773 524
123 721 589
90 728 558
147 780 502
136 787 505
120 780 535
164 710 540
85 731 679
90 723 674
158 776 632
115 777 606
140 721 602
174 725 619
176 744 660
177 798 678
88 711 625
115 755 680
125 760 659
99 724 607
168 764 668
137 759 665
92 750 677
97 763 639
150 751 682
88 715 654
130 734 690
144 792 649
170 743 690
122 763 617
119 720 646
122 705 602
179 787 695
85 770 691
146 701 631
172 773 624
123 721 689
90 728 658
147 780 602
136 787 605
120 780 635
164 710 640
85 731 779
90 723 774
158 776 732
115 777 706
140 721 702
174 725 719
176 744 760
177 798 778
88 711 725
115 755 780
125 760 759
99 724 707
168 764 768
137 759 765
92 750 777
97 763 739
150 751 782
88 715 754
130 734 790
144 792 749
170 743 790
122 763 717
119 720 746
122 705 702
179 787 795
85 770 791
146 701 731
172 773 724
123 721 789
90 728 758
147 780 702
136 787 705
120 780 735
164 710 740
85 731 879
90 723 874
158 776 832
115 777 806
140 721 802
174 725 819
176 744 860
177 798 878
88 711 825
115 755 880
125 760 859
99 724 807
168 764 868
137 759 865
92 750 877
97 763 839
150 751 882
88 715 854
130 734 890
144 792 849
170 743 890
122 763 817
119 720 846
122 705 802
179 787 895
85 770 891
146 701 831
172 773 824
123 721 889
90 728 858
147 780 802
136 787 805
120 780 835
164 710 840
85 731 979
90 723 974
158 776 932
115 777 906
140 721 902
174 725 919
176 744 960
177 798 978
88 711 925
115 755 980
125 760 959
99 724 907
168 764 968
137 759 965
92 750 977
97 763 939
150 751 982
88 715 954
130 734 990
144 792 949
170 743 990
122 763 917
119 720 946
122 705 902
179 787 995
85 770 991
146 701 931
172 773 924
123 721 989
90 728 958
147 780 902
136 787 905
120 780 935
164 710 940
85 831 79
90 823 74
158 876 32
115 877 6
140 821 2
174 825 19
176 844 60
177 898 78
88 811 25
115 855 80
125 860 59
99 824 7
168 864 68
137 859 65
92 850 77
97 863 39
150 851 82
88 815 54
130 834 90
144 892 49
170 843 90
122 863 17
119 820 46
122 805 2
179 887 95
85 870 91
146 801 31
172 873 24
123 821 89
90 828 58
147 880 2
136 887 5
120 880 35
164 810 40
85 831 179
90 823 174
158 876 132
115 877 106
140 821 102
174 825 119
176 844 160
177 898 178
88 811 125
115 855 180
125 860 159
99 824 107
168 864 168
137 859 165
92 850 177
97 863 139
150 851 182
88 815 154
130 834 190
144 892 149
170 843 190
122 863 117
119 820 146
122 805 102
179 887 195
85 870 191
146 801 131
172 873 124
123 821 189
90 828 158
147 880 102
136 887 105
120 880 135
164 810 140
85 831 279
90 823 274
158 876 232
115 877 206
140 821 202
174 825 219
176 844 260
177 898 278
88 811 225
115 855 280
125 860 259
99 824 207
168 864 268
137 859 265
92 850 277
97 863 239
150 851 282
88 815 254
130 834 290
144 892 249
170 843 290
122 863 217
119 820 246
122 805 202
179 887 295
85 870 291
146 801 231
172 873 224
123 821 289
90 828 258
147 880 202
136 887 205
120 880 235
164 810 240
85 831 379
90 823 374
158 876 332
115 877 306
140 821 302
174 825 319
176 844 360
177 898 378
88 811 325
115 855 380
125 860 359
99 824 307
168 864 368
137 859 365
92 850 377
97 863 339
150 851 382
88 815 354
130 834 390
144 892 349
170 843 390
122 863 317
119 820 346
122 805 302
179 887 395
85 870 391
146 801 331
172 873 324
123 821 389
90 828 358
147 880 302
136 887 305
120 880 335
164 810 340
85 831 479
90 823 474
158 876 432
115 877 406
140 821 402
174 825 419
176 844 460
177 898 478
88 811 425
115 855 480
125 860 459
99 824 407
168 864 468
137 859 465
92 850 477
97 863 439
150 851 482
88 815 454
130 834 490
144 892 449
170 843 490
122 863 417
119 820 446
122 805 402
179 887 495
85 870 491
146 801 431
172 873 424
123 821 489
90 828 458
147 880 402
136 887 405
120 880 435
164 810 440
85 831 579
90 823 574
158 876 532
115 877 506
140 821 502
174 825 519
176 844 560
177 898 578
88 811 525
115 855 580
125 860 559
99 824 507
168 864 568
137 859 565
92 850 577
97 863 539
150 851 582
88 815 554
130 834 590
144 892 549
170 843 590
122 863 517
119 820 546
122 805 502
179 887 595
85 870 591
146 801 531
172 873 524
123 821 589
90 828 558
147 880 502
136 887 505
120 880 535
164 810 540
85 831 679
90 823 674
158 876 632
115 877 606
140 821 602
174 825 619
176 844 660
177 898 678
88 811 625
115 855 680
125 860 659
99 824 607
168 864 668
137 859 665
92 850 677
97 863 639
150 851 682
88 815 654
130 834 690
144 892 649
170 843 690
122 863 617
119 820 646
122 805 602
179 887 695
85 870 691
146 801 631
172 873 624
123 821 689
90 828 658
147 880 602
136 887 605
120 880 635
164 810 640
85 831 779
90 823 774
158 876 732
115 877 706
140 821 702
174 825 719
176 844 760
177 898 778
88 811 725
115 855 780
125 860 759
99 824 707
168 864 768
137 859 765
92 850 777
97 863 739
150 851 782
88 815 754
130 834 790
144 892 749
170 843 790
122 863 717
119 820 746
122 805 702
179 887 795
85 870 791
146 801 731
172 873 724
123 821 789
90 828 758
147 880 702
136 887 705
120 880 735
164 810 740
85 831 879
90 823 874
158 876 832
115 877 806
140 821 802
174 825 819
176 844 860
177 898 878
88 811 825
115 855 880
125 860 859
99 824 807
168 864 868
137 859 865
92 850 877
97 863 839
150 851 882
88 815 854
130 834 890
144 892 849
170 843 890
122 863 817
119 820 846
122 805 802
179 887 895
85 870 891
146 801 831
172 873 824
123 821 889
90 828 858
147 880 802
136 887 805
120 880 835
164 810 840
85 831 979
90 823 974
158 876 932
115 877 906
140 821 902
174 825 919
176 844 960
177 898 978
88 811 925
115 855 980
125 860 959
99 824 907
168 864 968
137 859 965
92 850 977
97 863 939
150 851 982
88 815 954
130 834 990
144 892 949
170 843 990
122 863 917
119 820 946
122 805 902
179 887 995
85 870 991
146 801 931
172 873 924
123 821 989
90 828 958
147 880 902
136 887 905
120 880 935
164 810 940
85 931 79
90 923 74
158 976 32
115 977 6
140 921 2
174 925 19
176 944 60
177 998 78
88 911 25
115 955 80
125 960 59
99 924 7
168 964 68
137 959 65
92 950 77
97 963 39
150 951 82
88 915 54
130 934 90
144 992 49
170 943 90
122 963 17
119 920 46
122 905 2
179 987 95
85 970 91
146 901 31
172 973 24
123 921 89
90 928 58
147 980 2
136 987 5
120 980 35
164 910 40
85 931 179
90 923 174
158 976 132
115 977 106
140 921 102
174 925 119
176 944 160
177 998 178
88 911 125
115 955 180
125 960 159
99 924 107
168 964 168
137 959 165
92 950 177
97 963 139
150 951 182
88 915 154
130 934 190
144 992 149
170 943 190
122 963 117
119 920 146
122 905 102
179 987 195
85 970 191
146 901 131
172 973 124
123 921 189
90 928 158
147 980 102
136 987 105
120 980 135
164 910 140
85 931 279
90 923 274
158 976 232
115 977 206
140 921 202
174 925 219
176 944 260
177 998 278
88 911 225
115 955 280
125 960 259
99 924 207
168 964 268
137 959 265
92 950 277
97 963 239
150 951 282
88 915 254
130 934 290
144 992 249
170 943 290
122 963 217
119 920 246
122 905 202
179 987 295
85 970 291
146 901 231
172 973 224
123 921 289
90 928 258
147 980 202
136 987 205
120 980 235
164 910 240
85 931 379
90 923 374
158 976 332
115 977 306
140 921 302
174 925 319
176 944 360
177 998 378
88 911 325
115 955 380
125 960 359
99 924 307
168 964 368
137 959 365
92 950 377
97 963 339
150 951 382
88 915 354
130 934 390
144 992 349
170 943 390
122 963 317
119 920 346
122 905 302
179 987 395
85 970 391
146 901 331
172 973 324
123 921 389
90 928 358
147 980 302
136 987 305
120 980 335
164 910 340
85 931 479
90 923 474
158 976 432
115 977 406
140 921 402
174 925 419
176 944 460
177 998 478
88 911 425
115 955 480
125 960 459
99 924 407
168 964 468
137 959 465
92 950 477
97 963 439
150 951 482
88 915 454
130 934 490
144 992 449
170 943 490
122 963 417
119 920 446
122 905 402
179 987 495
85 970 491
146 901 431
172 973 424
123 921 489
90 928 458
147 980 402
136 987 405
120 980 435
164 910 440
85 931 579
90 923 574
158 976 532
115 977 506
140 921 502
174 925 519
176 944 560
177 998 578
88 911 525
115 955 580
125 960 559
99 924 507
168 964 568
137 959 565
92 950 577
97 963 539
150 951 582
88 915 554
130 934 590
144 992 549
170 943 590
122 963 517
119 920 546
122 905 502
179 987 595
85 970 591
146 901 531
172 973 524
123 921 589
90 928 558
147 980 502
136 987 505
120 980 535
164 910 540
85 931 679
90 923 674
158 976 632
115 977 606
140 921 602
174 925 619
176 944 660
177 998 678
88 911 625
115 955 680
125 960 659
99 924 607
168 964 668
137 959 665
92 950 677
97 963 639
150 951 682
88 915 654
130 934 690
144 992 649
170 943 690
122 963 617
119 920 646
122 905 602
179 987 695
85 970 691
146 901 631
172 973 624
123 921 689
90 928 658
147 980 602
136 987 605
120 980 635
164 910 640
85 931 779
90 923 774
158 976 732
115 977 706
140 921 702
174 925 719
176 944 760
177 998 778
88 911 725
115 955 780
125 960 759
99 924 707
168 964 768
137 959 765
92 950 777
97 963 739
150 951 782
88 915 754
130 934 790
144 992 749
170 943 790
122 963 717
119 920 746
122 905 702
179 987 795
85 970 791
146 901 731
172 973 724
123 921 789
90 928 758
147 980 702
136 987 705
120 980 735
164 910 740
85 931 879
90 923 874
158 976 832
115 977 806
140 921 802
174 925 819
176 944 860
177 998 878
88 911 825
115 955 880
125 960 859
99 924 807
168 964 868
137 959 865
92 950 877
97 963 839
150 951 882
88 915 854
130 934 890
144 992 849
170 943 890
122 963 817
119 920 846
122 905 802
179 987 895
85 970 891
146 901 831
172 973 824
123 921 889
90 928 858
147 980 802
136 987 805
120 980 835
164 910 840
85 931 979
90 923 974
158 976 932
115 977 906
140 921 902
174 925 919
176 944 960
177 998 978
88 911 925
115 955 980
125 960 959
99 924 907
168 964 968
137 959 965
92 950 977
97 963 939
150 951 982
88 915 954
130 934 990
144 992 949
170 943 990
122 963 917
119 920 946
122 905 902
179 987 995
85 970 991
146 901 931
172 973 924
123 921 989
90 928 958
147 980 902
136 987 905
120 980 935
164 910 940
