90
34 47 67
58 3 61
31 51 94
48 24 13
8 6 15
45 40 14
59 22 30
77 70 70
11 59 6
11 14 35
69 8 17
41 79 8
26 38 19
64 29 43
21 16 87
34 88 93
76 45 95
39 0 90
60 38 89
24 2 85
74 85 88
79 7 76
5 19 58
14 11 26
27 49 22
2 95 40
7 45 61
51 67 25
51 25 90
47 69 65
64 28 38
58 5 6
22 37 7
17 49 62
62 54 60
30 37 30
61 95 7
80 60 15
52 75 91
133 88 52
134 13 31
165 30 3
119 90 58
100 86 68
82 24 44
134 79 21
112 45 67
88 37 45
176 28 26
119 47 36
168 76 95
132 37 1
108 33 49
180 2 33
102 26 65
151 39 72
110 27 6
171 34 8
122 85 27
103 64 81
159 32 48
147 66 6
157 38 61
115 51 29
96 10 90
81 16 25
130 11 17
130 4 54
100 41 79
146 21 84
173 70 20
166 75 39
102 24 51
109 33 69
124 71 38
129 44 40
82 87 47
157 16 93
96 64 31
129 2 17
120 72 57
95 24 2
97 89 76
145 39 28
135 67 75
92 36 10
92 60 2
143 97 57
123 72 23
168 36 68
