435
78 74 0
34 57 37
35 69 55
28 23 34
17 54 59
40 58 3
44 35 15
79 44 92
17 45 65
18 74 47
48 60 7
61 53 46
26 14 14
44 90 1
27 13 89
2 37 75
7 7 66
5 47 64
41 10 82
56 67 72
68 44 62
4 65 54
56 59 30
10 11 16
70 81 85
4 32 6
38 98 42
78 66 51
36 91 34
18 20 59
7 27 77
47 67 61
79 36 20
71 23 15
17 34 33
58 88 35
53 23 23
24 84 41
55 54 7
76 14 80
36 70 38
16 86 3
14 91 39
38 83 91
15 44 75
46 65 88
56 79 36
46 79 25
20 86 82
70 36 30
36 42 45
60 12 36
58 84 13
33 39 30
56 44 35
71 7 83
31 30 66
17 80 28
77 38 9
50 47 26
54 95 49
8 57 82
9 23 66
65 73 92
48 17 10
38 59 49
51 61 39
16 59 35
37 39 80
28 44 10
71 21 57
52 71 88
52 80 65
17 88 21
8 89 16
17 97 9
30 40 0
74 60 52
65 2 60
9 96 0
22 5 91
15 22 11
35 68 45
39 6 42
24 88 9
6 43 94
31 13 97
71 36 48
37 0 72
20 28 22
6 26 23
19 0 18
1 23 80
52 22 72
70 27 7
31 86 61
39 94 38
23 96 81
15 43 60
6 92 47
49 31 93
22 30 36
4 11 1
45 5 51
47 1 5
78 52 31
57 22 5
72 67 30
59 17 85
26 64 36
42 13 19
57 84 66
40 94 42
35 27 69
61 38 67
69 33 94
6 16 6
47 8 36
63 11 77
32 77 3
6 28 78
49 19 61
20 14 91
4 77 64
53 2 69
24 48 61
49 56 0
40 0 77
43 35 76
70 91 91
6 53 43
63 40 85
18 63 98
49 65 59
66 63 12
21 38 49
52 10 20
76 63 69
58 91 14
69 8 27
42 33 56
36 58 46
31 51 56
34 68 23
25 32 25
51 1 45
76 54 89
35 1 67
30 75 6
40 78 15
53 21 95
6 53 2
26 63 0
38 36 60
60 55 78
43 4 47
70 88 71
21 75 42
71 21 64
45 97 74
31 78 40
35 10 8
56 97 67
72 56 19
39 2 31
4 12 62
23 51 73
59 20 33
45 91 85
69 12 72
40 63 94
22 96 18
18 2 85
23 5 14
29 81 39
14 75 49
46 68 4
25 54 70
18 63 31
32 11 14
47 29 5
143 82 62
131 88 83
110 94 5
128 69 90
148 87 42
127 72 65
174 49 9
145 49 47
179 71 28
112 67 20
162 84 59
152 17 46
113 16 55
126 61 86
112 30 81
147 41 75
139 88 78
119 36 86
154 17 17
107 45 40
82 60 72
107 71 57
150 6 6
111 22 70
105 59 85
92 47 61
135 70 75
159 13 35
148 68 96
109 3 20
140 80 44
84 47 82
158 47 47
87 96 89
154 40 5
103 15 28
101 32 49
100 89 45
126 89 93
158 83 5
176 75 84
124 18 37
170 85 29
111 5 82
173 84 50
98 29 13
160 9 93
138 37 38
168 78 52
91 64 20
170 4 79
92 70 51
135 62 78
147 72 14
118 43 39
167 56 13
114 33 71
120 49 30
99 7 13
165 58 7
122 79 73
134 92 63
146 84 30
172 30 88
116 1 50
127 47 31
95 97 36
145 19 69
142 94 79
180 4 85
97 0 96
165 85 27
159 22 42
90 11 25
140 43 19
133 24 87
162 4 27
116 71 40
118 27 46
120 49 0
152 59 61
167 41 26
90 78 92
169 44 6
141 10 31
106 71 4
103 29 61
83 84 29
175 82 81
155 27 66
129 52 14
81 49 78
144 51 42
132 82 16
147 12 53
151 83 0
101 36 55
90 14 46
142 25 14
166 17 33
174 39 18
89 32 33
112 89 27
116 56 68
96 86 56
105 91 19
149 51 86
92 36 92
124 47 85
104 36 6
104 62 72
82 94 13
100 37 94
115 29 1
142 75 73
179 45 2
180 8 64
159 18 30
163 85 65
119 30 41
97 64 18
97 25 83
148 91 8
164 52 24
98 95 57
121 13 8
118 61 29
112 55 46
158 33 14
177 9 3
114 36 90
83 65 33
172 12 14
118 87 28
172 48 43
100 19 6
133 59 16
109 27 33
177 89 76
85 78 11
177 79 34
168 7 46
158 31 33
105 62 45
93 76 80
144 23 91
158 91 65
92 18 64
143 96 7
176 22 47
150 67 83
100 0 39
81 15 75
122 54 53
116 50 33
131 36 12
120 95 78
111 9 82
100 74 55
172 30 20
168 50 4
121 71 34
168 18 13
83 19 54
124 12 39
166 37 19
149 19 39
171 69 78
98 47 49
152 56 92
156 19 92
117 52 67
144 56 32
123 44 81
172 64 64
142 79 86
136 83 35
169 28 73
115 92 28
134 27 55
96 28 6
118 23 55
171 51 22
117 19 49
150 93 70
147 89 52
120 30 27
160 9 39
127 85 74
107 4 19
160 54 41
127 40 73
178 82 24
145 36 82
97 1 2
97 20 2
149 43 15
159 38 60
85 77 56
113 28 27
141 45 57
142 21 62
168 44 76
120 70 12
128 60 10
144 87 93
165 60 39
112 76 19
95 40 95
130 93 52
85 28 60
131 33 91
127 40 42
166 11 31
128 75 32
95 8 1
158 3 84
107 68 29
85 58 56
157 61 57
124 50 38
169 91 49
166 74 40
94 78 10
152 95 32
96 55 50
170 83 20
153 49 22
165 44 10
162 14 51
96 17 22
165 35 43
85 22 8
107 34 66
95 88 56
102 33 1
126 24 0
177 91 70
148 76 71
85 72 16
88 11 88
96 3 94
92 93 19
149 12 69
111 92 97
83 18 97
146 52 18
180 1 38
129 28 34
146 59 41
85 85 62
110 57 26
174 0 81
81 74 80
