432
74 1 25
55 11 0
6 64 70
7 23 51
68 45 68
51 48 66
10 49 45
51 42 58
42 61 83
51 85 77
58 50 69
50 15 73
37 69 51
59 59 90
26 66 3
18 3 42
43 34 34
14 4 6
57 63 82
15 32 37
6 40 36
37 14 56
8 15 12
72 92 43
58 51 93
0 93 45
73 96 77
56 94 29
73 37 81
45 63 5
73 59 19
30 45 6
15 85 38
43 81 65
54 46 92
12 11 69
11 58 62
63 1 76
0 73 69
32 71 56
35 32 15
5 83 13
28 84 83
33 52 46
28 14 44
8 63 88
2 31 48
30 21 0
0 11 22
11 73 60
7 55 86
46 35 86
0 54 7
56 80 90
29 3 83
50 31 60
16 59 47
48 74 0
76 94 97
17 76 52
29 24 80
8 92 22
11 79 70
30 68 30
41 42 25
42 19 2
23 38 38
33 92 53
6 28 47
25 64 92
36 57 60
2 66 76
35 41 67
72 18 79
2 80 76
15 8 82
63 80 14
70 23 18
66 55 56
12 41 53
20 36 61
22 14 62
71 0 86
42 63 71
22 62 51
63 24 43
31 38 86
32 81 41
45 68 85
45 38 93
4 55 15
77 71 75
70 54 38
73 79 30
31 60 7
47 7 35
37 16 16
25 39 68
58 57 82
66 75 12
38 96 13
14 76 38
27 93 75
8 80 47
0 39 77
34 23 70
3 59 24
8 16 3
32 97 52
18 68 89
50 84 35
34 20 43
46 77 82
36 10 88
44 34 21
69 91 26
2 62 58
17 29 13
28 83 22
49 98 86
71 33 53
0 47 75
2 96 30
40 45 88
42 67 46
15 14 1
2 15 19
55 81 23
24 29 35
50 80 20
9 26 18
59 90 71
9 34 91
7 96 54
44 59 14
18 58 6
13 69 10
45 24 28
14 2 64
74 8 26
18 34 6
32 69 5
19 65 68
47 0 28
44 20 88
37 66 53
25 2 44
59 55 67
25 70 64
52 6 58
58 81 2
42 28 78
53 47 19
6 66 14
27 66 27
69 68 64
49 65 81
36 89 3
46 17 30
72 12 26
7 17 87
61 63 10
29 84 64
58 92 2
64 34 67
6 71 34
22 45 33
52 90 77
8 21 91
63 28 89
23 69 70
24 23 6
49 52 55
45 72 90
51 52 27
69 69 6
59 49 22
27 75 23
6 94 15
17 24 61
34 78 67
151 60 75
85 3 11
117 89 51
131 89 24
153 88 45
121 23 13
117 44 60
115 11 6
147 30 67
96 71 59
105 54 18
86 72 37
141 42 33
158 12 56
111 42 72
140 33 28
122 35 5
133 73 6
160 18 81
122 8 76
180 75 33
124 99 49
119 74 75
115 37 22
89 18 13
152 79 45
83 52 84
159 28 3
157 2 12
157 51 52
164 41 95
83 62 40
164 78 78
116 26 49
124 5 0
130 65 49
103 18 28
155 52 22
168 42 17
168 33 45
82 81 50
179 83 30
174 93 37
154 72 79
88 42 43
96 15 85
165 7 80
103 49 41
81 30 83
136 96 63
175 66 13
134 46 11
142 45 80
166 57 12
106 51 43
111 8 49
179 93 86
100 52 34
99 52 82
180 83 94
90 91 8
170 17 65
116 95 1
159 63 30
120 96 38
160 39 18
104 9 15
89 48 31
104 58 93
101 25 72
91 85 0
151 74 27
171 73 73
85 95 52
174 25 38
83 11 48
131 88 64
84 88 34
86 4 63
137 85 10
96 2 30
91 18 84
83 41 19
166 62 98
146 19 19
140 32 42
138 7 3
137 79 8
146 0 5
103 3 51
115 1 10
136 7 20
165 80 35
138 49 93
155 87 97
92 83 69
89 42 80
153 49 95
125 34 1
157 76 46
142 23 38
121 58 33
106 2 35
157 90 48
125 27 69
81 19 59
174 54 27
141 16 7
119 52 12
177 37 57
108 51 78
151 88 16
87 98 33
158 96 9
145 84 92
104 50 64
156 46 24
166 54 76
139 90 67
162 39 73
107 5 28
89 73 48
166 50 92
117 71 18
113 85 17
113 96 21
155 64 39
153 58 27
174 58 51
136 70 44
159 16 98
109 45 41
138 20 46
116 26 22
171 3 89
126 8 60
126 51 1
155 68 25
135 11 33
148 96 95
177 33 85
176 26 54
117 37 74
126 28 8
179 77 95
154 5 44
92 9 3
140 24 34
130 88 93
165 26 79
127 49 49
97 61 17
112 68 93
133 70 1
97 30 39
127 8 17
136 42 5
92 1 92
128 98 20
158 23 89
145 39 54
108 34 17
144 55 22
158 30 46
108 43 12
103 10 76
86 56 37
99 31 20
87 10 70
111 57 94
107 58 0
173 41 92
160 42 87
159 74 88
178 83 87
149 85 78
96 17 50
92 95 18
114 90 62
96 45 17
107 62 18
120 29 92
89 74 94
172 70 83
103 67 39
88 10 82
106 43 30
90 8 95
126 15 91
95 69 23
141 55 95
174 64 44
96 19 37
131 72 4
165 55 75
85 99 79
130 67 35
166 76 92
90 31 10
171 21 81
127 22 31
111 18 67
127 46 0
120 49 56
159 8 5
114 13 41
109 57 44
178 54 71
149 44 82
179 50 8
117 87 90
165 30 40
159 88 74
152 43 77
107 93 61
95 74 84
153 92 93
105 38 44
103 6 86
94 85 5
98 19 76
106 0 8
171 21 10
117 80 61
165 5 58
163 10 53
82 97 69
91 39 56
89 20 64
114 94 6
171 8 10
95 38 66
104 39 83
109 29 32
112 49 37
170 63 0
164 52 30
165 13 36
174 71 24
87 25 0
146 3 77
120 14 95
144 17 53
88 15 88
166 80 32
135 63 32
148 87 40
172 52 87
100 89 42
149 23 88
115 24 85
