98
37 48 62
11 29 19
55 82 65
66 5 65
60 27 9
68 37 68
77 60 1
46 25 31
19 30 0
7 73 70
42 32 45
12 13 73
6 66 56
68 0 50
62 2 78
24 4 36
21 66 45
79 68 33
11 74 2
1 78 93
51 15 79
77 22 34
46 77 58
49 17 66
18 45 62
56 32 6
74 35 43
78 45 11
18 63 95
46 57 44
60 50 81
24 4 26
25 20 63
74 34 85
57 95 0
110 26 57
115 36 92
150 38 61
148 56 87
134 2 83
131 18 11
122 40 49
149 84 49
143 3 15
150 51 61
113 6 16
104 74 34
121 4 53
159 3 35
168 55 14
161 49 72
138 50 94
96 81 18
133 16 57
141 90 89
143 53 49
88 4 8
86 74 50
174 17 2
150 37 52
170 79 89
122 69 77
82 73 57
174 31 80
83 17 33
104 45 2
161 29 24
176 30 37
157 39 7
121 2 29
103 37 77
156 76 13
100 71 15
138 68 91
177 80 52
145 46 52
150 79 19
91 19 40
159 32 25
124 55 52
131 21 47
98 20 72
96 77 7
109 26 39
169 54 91
129 38 41
160 89 53
152 67 21
103 66 38
96 32 76
83 2 39
141 71 63
133 74 29
92 62 48
178 10 43
152 58 70
99 77 71
95 78 51
