439
21 16 29
30 18 37
56 8 60
56 30 10
28 65 79
10 54 74
21 78 21
58 85 10
52 29 59
39 73 86
36 24 16
9 41 37
18 67 1
28 47 88
69 59 23
41 57 5
17 76 55
32 70 96
68 79 39
74 27 2
74 10 2
53 36 4
41 10 25
46 94 49
62 37 64
23 6 81
18 66 98
30 75 0
52 34 2
54 22 34
17 2 88
64 67 67
64 79 13
23 2 32
75 27 91
21 94 73
11 78 78
56 93 82
56 9 73
62 18 25
75 9 94
24 37 36
29 9 13
31 14 45
29 52 12
56 13 13
38 87 50
69 27 55
53 30 87
0 2 96
66 25 29
78 25 95
61 73 70
63 4 0
26 72 77
65 72 33
29 96 9
44 71 7
73 44 77
77 83 32
55 74 62
72 92 36
1 13 55
79 36 86
46 58 90
30 88 67
37 41 66
18 86 21
56 93 17
78 20 6
56 2 65
58 33 67
34 62 10
69 3 45
6 66 92
50 23 64
68 96 90
71 18 2
67 67 83
37 71 89
75 79 63
71 33 76
52 87 38
13 8 7
51 66 57
35 96 80
15 92 95
51 54 30
54 50 21
54 37 10
61 57 52
6 83 5
7 32 6
19 79 54
65 52 92
45 11 83
71 82 58
70 85 77
44 69 36
45 57 73
72 59 19
56 80 30
46 38 49
49 77 83
50 45 71
5 73 12
68 53 51
33 18 11
41 35 54
8 18 31
15 43 41
20 0 33
30 41 88
60 85 30
44 66 30
62 31 41
28 40 28
35 96 84
38 75 48
8 24 1
28 20 76
21 30 34
27 19 90
52 63 22
15 90 72
71 60 35
21 80 6
39 28 40
2 96 59
49 70 70
19 59 63
29 80 21
6 8 26
64 1 13
29 46 36
17 92 76
8 16 57
45 93 6
44 47 48
44 69 43
3 16 38
70 88 94
34 1 6
34 75 19
72 93 38
32 14 12
51 20 61
73 90 39
49 2 76
60 32 81
39 72 23
72 22 82
34 45 87
56 98 81
53 97 26
32 44 71
21 78 93
35 81 96
73 92 56
63 30 79
70 63 59
1 53 83
19 23 22
24 62 90
19 97 51
76 61 48
34 18 62
40 16 92
58 51 3
45 26 44
2 0 45
45 68 26
14 96 31
53 22 86
25 23 57
53 83 67
57 44 82
18 0 62
76 44 27
77 25 61
15 79 51
47 69 97
18 9 4
1 3 8
7 83 53
19 10 35
6 43 48
32 34 56
45 70 11
72 44 8
73 94 21
64 56 81
108 77 70
180 26 82
85 41 43
99 40 35
155 86 83
173 83 8
99 58 86
144 23 53
177 71 2
128 0 69
154 93 28
175 87 20
113 47 61
101 50 25
117 26 69
102 60 73
163 53 18
128 8 50
148 37 18
167 53 20
148 12 68
143 17 19
101 48 14
86 5 36
104 25 97
106 72 65
151 16 69
94 62 26
179 4 76
91 31 70
98 88 43
85 66 2
93 51 39
138 25 79
179 65 45
86 53 67
176 72 37
155 88 33
127 13 37
180 51 76
109 72 23
108 26 48
99 41 46
118 20 79
170 35 62
165 34 32
174 50 69
131 11 61
147 10 70
110 47 0
158 97 69
158 65 85
159 5 12
95 65 20
159 43 44
139 90 33
165 2 98
180 75 8
111 64 71
167 0 29
87 17 48
128 88 46
177 9 67
170 7 59
153 57 31
83 80 11
117 10 31
111 20 59
178 14 42
130 84 23
162 38 32
105 29 19
106 47 94
127 0 80
103 5 45
179 64 31
127 57 2
111 83 16
93 74 80
178 53 1
171 60 27
128 25 21
104 27 27
93 55 90
97 37 73
135 21 41
173 4 21
82 88 74
150 25 16
107 81 44
115 65 53
89 11 51
170 12 63
149 88 92
83 71 57
168 63 14
167 3 40
128 50 2
132 77 32
144 1 83
164 47 29
163 33 59
125 39 57
172 22 73
122 60 51
165 71 94
96 62 82
161 89 55
102 84 14
84 66 94
130 0 72
89 19 19
121 91 0
163 94 44
95 75 41
164 6 51
139 51 34
177 98 87
82 85 70
116 42 92
104 66 52
178 23 49
152 45 68
128 85 75
143 33 62
94 60 40
169 81 83
126 86 2
88 60 11
83 38 93
178 24 37
104 33 41
176 91 60
89 69 8
128 99 73
86 27 66
142 26 28
92 84 75
157 94 59
123 6 13
165 76 88
124 48 39
150 85 65
98 48 6
138 56 39
102 32 49
106 15 34
96 47 79
95 53 43
180 60 2
88 77 91
96 73 48
95 54 32
148 80 18
103 59 94
139 24 13
121 96 38
180 36 6
156 17 53
112 67 39
104 57 71
156 15 15
129 45 49
160 7 24
118 9 47
178 34 14
131 13 49
146 93 40
170 85 13
125 50 80
139 9 57
138 17 98
105 39 95
166 77 69
166 89 91
111 14 74
167 15 85
121 43 19
149 72 55
124 15 70
178 73 82
145 53 15
177 7 48
87 83 85
120 20 44
162 89 6
99 85 0
104 34 24
124 2 10
90 6 1
168 67 61
142 70 4
94 23 8
83 53 73
155 33 53
96 10 81
89 40 90
115 11 19
166 96 49
107 37 79
98 46 23
166 22 55
142 30 52
125 57 47
93 46 82
102 57 77
158 4 70
163 20 94
157 85 46
106 52 60
173 57 15
98 0 54
97 18 73
117 4 28
131 73 18
94 77 3
119 3 84
126 34 85
163 72 28
124 95 33
123 66 23
88 85 38
112 64 91
87 93 53
145 94 67
114 76 52
143 44 4
136 32 26
145 82 98
93 65 0
155 57 41
145 64 37
142 15 56
165 42 51
109 80 98
157 93 89
83 87 34
153 43 55
149 66 22
166 69 18
155 26 78
109 13 6
109 13 42
138 9 22
103 32 17
90 30 55
97 1 26
