75
5 64 82
74 37 31
77 12 0
50 11 2
9 88 3
58 10 90
4 85 89
3 3 38
63 13 20
65 4 60
39 56 49
2 72 34
55 37 9
41 26 90
47 40 54
35 44 95
37 50 47
61 37 38
70 8 83
68 79 10
65 75 65
65 8 18
79 71 1
46 4 83
11 16 27
27 22 4
75 69 67
11 40 32
23 66 8
15 10 26
64 66 64
68 5 91
9 27 67
100 46 30
179 83 34
147 2 51
120 10 11
105 89 19
158 83 66
100 59 39
120 17 19
82 19 52
81 83 72
146 75 74
152 15 95
130 28 40
147 21 31
122 52 67
141 95 30
131 57 33
115 61 72
156 64 6
110 4 22
99 83 43
141 91 90
179 63 38
85 12 25
174 15 44
109 79 92
128 39 51
101 83 47
107 64 58
172 48 4
148 11 54
103 60 62
173 36 22
150 48 11
85 24 18
90 72 89
143 43 3
108 27 84
169 21 86
132 32 33
125 25 63
159 69 96
