7900
93 50 50
7 17 76
99 54 55
27 20 89
78 48 11
7 63 57
52 48 55
92 70 3
54 24 46
93 76 20
49 30 23
80 32 59
22 81 7
96 47 67
33 74 49
34 39 52
73 81 82
15 78 1
98 76 26
31 6 5
61 53 87
74 23 75
20 87 17
2 66 19
40 39 55
91 46 20
66 61 83
10 24 24
69 92 43
3 51 24
82 42 40
29 43 91
64 77 21
61 7 57
97 24 65
54 4 94
67 48 28
12 33 3
84 84 54
76 92 68
58 85 90
91 40 61
43 90 14
70 73 58
43 7 34
23 44 9
19 21 19
98 79 73
24 63 19
70 96 12
15 65 11
72 97 69
79 35 47
43 70 76
44 75 34
25 3 54
68 61 23
92 81 39
57 60 17
67 16 50
44 44 86
49 60 26
67 21 39
99 38 23
44 29 63
33 74 94
1 85 2
21 47 92
23 12 32
3 53 22
93 50 150
7 17 176
99 54 155
27 20 189
78 48 111
7 63 157
52 48 155
92 70 103
54 24 146
93 76 120
49 30 123
80 32 159
22 81 107
96 47 167
33 74 149
34 39 152
73 81 182
15 78 101
98 76 126
31 6 105
61 53 187
74 23 175
20 87 117
2 66 119
40 39 155
91 46 120
66 61 183
10 24 124
69 92 143
3 51 124
82 42 140
29 43 191
64 77 121
61 7 157
97 24 165
54 4 194
67 48 128
12 33 103
84 84 154
76 92 168
58 85 190
91 40 161
43 90 114
70 73 158
43 7 134
23 44 109
19 21 119
98 79 173
24 63 119
70 96 112
15 65 111
72 97 169
79 35 147
43 70 176
44 75 134
25 3 154
68 61 123
92 81 139
57 60 117
67 16 150
44 44 186
49 60 126
67 21 139
99 38 123
44 29 163
33 74 194
1 85 102
21 47 192
23 12 132
3 53 122
93 50 250
7 17 276
99 54 255
27 20 289
78 48 211
7 63 257
52 48 255
92 70 203
54 24 246
93 76 220
49 30 223
80 32 259
22 81 207
96 47 267
33 74 249
34 39 252
73 81 282
15 78 201
98 76 226
31 6 205
61 53 287
74 23 275
20 87 217
2 66 219
40 39 255
91 46 220
66 61 283
10 24 224
69 92 243
3 51 224
82 42 240
29 43 291
64 77 221
61 7 257
97 24 265
54 4 294
67 48 228
12 33 203
84 84 254
76 92 268
58 85 290
91 40 261
43 90 214
70 73 258
43 7 234
23 44 209
19 21 219
98 79 273
24 63 219
70 96 212
15 65 211
72 97 269
79 35 247
43 70 276
44 75 234
25 3 254
68 61 223
92 81 239
57 60 217
67 16 250
44 44 286
49 60 226
67 21 239
99 38 223
44 29 263
33 74 294
1 85 202
21 47 292
23 12 232
3 53 222
93 50 350
7 17 376
99 54 355
27 20 389
78 48 311
7 63 357
52 48 355
92 70 303
54 24 346
93 76 320
49 30 323
80 32 359
22 81 307
96 47 367
33 74 349
34 39 352
73 81 382
15 78 301
98 76 326
31 6 305
61 53 387
74 23 375
20 87 317
2 66 319
40 39 355
91 46 320
66 61 383
10 24 324
69 92 343
3 51 324
82 42 340
29 43 391
64 77 321
61 7 357
97 24 365
54 4 394
67 48 328
12 33 303
84 84 354
76 92 368
58 85 390
91 40 361
43 90 314
70 73 358
43 7 334
23 44 309
19 21 319
98 79 373
24 63 319
70 96 312
15 65 311
72 97 369
79 35 347
43 70 376
44 75 334
25 3 354
68 61 323
92 81 339
57 60 317
67 16 350
44 44 386
49 60 326
67 21 339
99 38 323
44 29 363
33 74 394
1 85 302
21 47 392
23 12 332
3 53 322
93 50 450
7 17 476
99 54 455
27 20 489
78 48 411
7 63 457
52 48 455
92 70 403
54 24 446
93 76 420
49 30 423
80 32 459
22 81 407
96 47 467
33 74 449
34 39 452
73 81 482
15 78 401
98 76 426
31 6 405
61 53 487
74 23 475
20 87 417
2 66 419
40 39 455
91 46 420
66 61 483
10 24 424
69 92 443
3 51 424
82 42 440
29 43 491
64 77 421
61 7 457
97 24 465
54 4 494
67 48 428
12 33 403
84 84 454
76 92 468
58 85 490
91 40 461
43 90 414
70 73 458
43 7 434
23 44 409
19 21 419
98 79 473
24 63 419
70 96 412
15 65 411
72 97 469
79 35 447
43 70 476
44 75 434
25 3 454
68 61 423
92 81 439
57 60 417
67 16 450
44 44 486
49 60 426
67 21 439
99 38 423
44 29 463
33 74 494
1 85 402
21 47 492
23 12 432
3 53 422
93 50 550
7 17 576
99 54 555
27 20 589
78 48 511
7 63 557
52 48 555
92 70 503
54 24 546
93 76 520
49 30 523
80 32 559
22 81 507
96 47 567
33 74 549
34 39 552
73 81 582
15 78 501
98 76 526
31 6 505
61 53 587
74 23 575
20 87 517
2 66 519
40 39 555
91 46 520
66 61 583
10 24 524
69 92 543
3 51 524
82 42 540
29 43 591
64 77 521
61 7 557
97 24 565
54 4 594
67 48 528
12 33 503
84 84 554
76 92 568
58 85 590
91 40 561
43 90 514
70 73 558
43 7 534
23 44 509
19 21 519
98 79 573
24 63 519
70 96 512
15 65 511
72 97 569
79 35 547
43 70 576
44 75 534
25 3 554
68 61 523
92 81 539
57 60 517
67 16 550
44 44 586
49 60 526
67 21 539
99 38 523
44 29 563
33 74 594
1 85 502
21 47 592
23 12 532
3 53 522
93 50 650
7 17 676
99 54 655
27 20 689
78 48 611
7 63 657
52 48 655
92 70 603
54 24 646
93 76 620
49 30 623
80 32 659
22 81 607
96 47 667
33 74 649
34 39 652
73 81 682
15 78 601
98 76 626
31 6 605
61 53 687
74 23 675
20 87 617
2 66 619
40 39 655
91 46 620
66 61 683
10 24 624
69 92 643
3 51 624
82 42 640
29 43 691
64 77 621
61 7 657
97 24 665
54 4 694
67 48 628
12 33 603
84 84 654
76 92 668
58 85 690
91 40 661
43 90 614
70 73 658
43 7 634
23 44 609
19 21 619
98 79 673
24 63 619
70 96 612
15 65 611
72 97 669
79 35 647
43 70 676
44 75 634
25 3 654
68 61 623
92 81 639
57 60 617
67 16 650
44 44 686
49 60 626
67 21 639
99 38 623
44 29 663
33 74 694
1 85 602
21 47 692
23 12 632
3 53 622
93 50 750
7 17 776
99 54 755
27 20 789
78 48 711
7 63 757
52 48 755
92 70 703
54 24 746
93 76 720
49 30 723
80 32 759
22 81 707
96 47 767
33 74 749
34 39 752
73 81 782
15 78 701
98 76 726
31 6 705
61 53 787
74 23 775
20 87 717
2 66 719
40 39 755
91 46 720
66 61 783
10 24 724
69 92 743
3 51 724
82 42 740
29 43 791
64 77 721
61 7 757
97 24 765
54 4 794
67 48 728
12 33 703
84 84 754
76 92 768
58 85 790
91 40 761
43 90 714
70 73 758
43 7 734
23 44 709
19 21 719
98 79 773
24 63 719
70 96 712
15 65 711
72 97 769
79 35 747
43 70 776
44 75 734
25 3 754
68 61 723
92 81 739
57 60 717
67 16 750
44 44 786
49 60 726
67 21 739
99 38 723
44 29 763
33 74 794
1 85 702
21 47 792
23 12 732
3 53 722
93 50 850
7 17 876
99 54 855
27 20 889
78 48 811
7 63 857
52 48 855
92 70 803
54 24 846
93 76 820
49 30 823
80 32 859
22 81 807
96 47 867
33 74 849
34 39 852
73 81 882
15 78 801
98 76 826
31 6 805
61 53 887
74 23 875
20 87 817
2 66 819
40 39 855
91 46 820
66 61 883
10 24 824
69 92 843
3 51 824
82 42 840
29 43 891
64 77 821
61 7 857
97 24 865
54 4 894
67 48 828
12 33 803
84 84 854
76 92 868
58 85 890
91 40 861
43 90 814
70 73 858
43 7 834
23 44 809
19 21 819
98 79 873
24 63 819
70 96 812
15 65 811
72 97 869
79 35 847
43 70 876
44 75 834
25 3 854
68 61 823
92 81 839
57 60 817
67 16 850
44 44 886
49 60 826
67 21 839
99 38 823
44 29 863
33 74 894
1 85 802
21 47 892
23 12 832
3 53 822
93 50 950
7 17 976
99 54 955
27 20 989
78 48 911
7 63 957
52 48 955
92 70 903
54 24 946
93 76 920
49 30 923
80 32 959
22 81 907
96 47 967
33 74 949
34 39 952
73 81 982
15 78 901
98 76 926
31 6 905
61 53 987
74 23 975
20 87 917
2 66 919
40 39 955
91 46 920
66 61 983
10 24 924
69 92 943
3 51 924
82 42 940
29 43 991
64 77 921
61 7 957
97 24 965
54 4 994
67 48 928
12 33 903
84 84 954
76 92 968
58 85 990
91 40 961
43 90 914
70 73 958
43 7 934
23 44 909
19 21 919
98 79 973
24 63 919
70 96 912
15 65 911
72 97 969
79 35 947
43 70 976
44 75 934
25 3 954
68 61 923
92 81 939
57 60 917
67 16 950
44 44 986
49 60 926
67 21 939
99 38 923
44 29 963
33 74 994
1 85 902
21 47 992
23 12 932
3 53 922
93 150 50
7 117 76
99 154 55
27 120 89
78 148 11
7 163 57
52 148 55
92 170 3
54 124 46
93 176 20
49 130 23
80 132 59
22 181 7
96 147 67
33 174 49
34 139 52
73 181 82
15 178 1
98 176 26
31 106 5
61 153 87
74 123 75
20 187 17
2 166 19
40 139 55
91 146 20
66 161 83
10 124 24
69 192 43
3 151 24
82 142 40
29 143 91
64 177 21
61 107 57
97 124 65
54 104 94
67 148 28
12 133 3
84 184 54
76 192 68
58 185 90
91 140 61
43 190 14
70 173 58
43 107 34
23 144 9
19 121 19
98 179 73
24 163 19
70 196 12
15 165 11
72 197 69
79 135 47
43 170 76
44 175 34
25 103 54
68 161 23
92 181 39
57 160 17
67 116 50
44 144 86
49 160 26
67 121 39
99 138 23
44 129 63
33 174 94
1 185 2
21 147 92
23 112 32
3 153 22
93 150 150
7 117 176
99 154 155
27 120 189
78 148 111
7 163 157
52 148 155
92 170 103
54 124 146
93 176 120
49 130 123
80 132 159
22 181 107
96 147 167
33 174 149
34 139 152
73 181 182
15 178 101
98 176 126
31 106 105
61 153 187
74 123 175
20 187 117
2 166 119
40 139 155
91 146 120
66 161 183
10 124 124
69 192 143
3 151 124
82 142 140
29 143 191
64 177 121
61 107 157
97 124 165
54 104 194
67 148 128
12 133 103
84 184 154
76 192 168
58 185 190
91 140 161
43 190 114
70 173 158
43 107 134
23 144 109
19 121 119
98 179 173
24 163 119
70 196 112
15 165 111
72 197 169
79 135 147
43 170 176
44 175 134
25 103 154
68 161 123
92 181 139
57 160 117
67 116 150
44 144 186
49 160 126
67 121 139
99 138 123
44 129 163
33 174 194
1 185 102
21 147 192
23 112 132
3 153 122
93 150 250
7 117 276
99 154 255
27 120 289
78 148 211
7 163 257
52 148 255
92 170 203
54 124 246
93 176 220
49 130 223
80 132 259
22 181 207
96 147 267
33 174 249
34 139 252
73 181 282
15 178 201
98 176 226
31 106 205
61 153 287
74 123 275
20 187 217
2 166 219
40 139 255
91 146 220
66 161 283
10 124 224
69 192 243
3 151 224
82 142 240
29 143 291
64 177 221
61 107 257
97 124 265
54 104 294
67 148 228
12 133 203
84 184 254
76 192 268
58 185 290
91 140 261
43 190 214
70 173 258
43 107 234
23 144 209
19 121 219
98 179 273
24 163 219
70 196 212
15 165 211
72 197 269
79 135 247
43 170 276
44 175 234
25 103 254
68 161 223
92 181 239
57 160 217
67 116 250
44 144 286
49 160 226
67 121 239
99 138 223
44 129 263
33 174 294
1 185 202
21 147 292
23 112 232
3 153 222
93 150 350
7 117 376
99 154 355
27 120 389
78 148 311
7 163 357
52 148 355
92 170 303
54 124 346
93 176 320
49 130 323
80 132 359
22 181 307
96 147 367
33 174 349
34 139 352
73 181 382
15 178 301
98 176 326
31 106 305
61 153 387
74 123 375
20 187 317
2 166 319
40 139 355
91 146 320
66 161 383
10 124 324
69 192 343
3 151 324
82 142 340
29 143 391
64 177 321
61 107 357
97 124 365
54 104 394
67 148 328
12 133 303
84 184 354
76 192 368
58 185 390
91 140 361
43 190 314
70 173 358
43 107 334
23 144 309
19 121 319
98 179 373
24 163 319
70 196 312
15 165 311
72 197 369
79 135 347
43 170 376
44 175 334
25 103 354
68 161 323
92 181 339
57 160 317
67 116 350
44 144 386
49 160 326
67 121 339
99 138 323
44 129 363
33 174 394
1 185 302
21 147 392
23 112 332
3 153 322
93 150 450
7 117 476
99 154 455
27 120 489
78 148 411
7 163 457
52 148 455
92 170 403
54 124 446
93 176 420
49 130 423
80 132 459
22 181 407
96 147 467
33 174 449
34 139 452
73 181 482
15 178 401
98 176 426
31 106 405
61 153 487
74 123 475
20 187 417
2 166 419
40 139 455
91 146 420
66 161 483
10 124 424
69 192 443
3 151 424
82 142 440
29 143 491
64 177 421
61 107 457
97 124 465
54 104 494
67 148 428
12 133 403
84 184 454
76 192 468
58 185 490
91 140 461
43 190 414
70 173 458
43 107 434
23 144 409
19 121 419
98 179 473
24 163 419
70 196 412
15 165 411
72 197 469
79 135 447
43 170 476
44 175 434
25 103 454
68 161 423
92 181 439
57 160 417
67 116 450
44 144 486
49 160 426
67 121 439
99 138 423
44 129 463
33 174 494
1 185 402
21 147 492
23 112 432
3 153 422
93 150 550
7 117 576
99 154 555
27 120 589
78 148 511
7 163 557
52 148 555
92 170 503
54 124 546
93 176 520
49 130 523
80 132 559
22 181 507
96 147 567
33 174 549
34 139 552
73 181 582
15 178 501
98 176 526
31 106 505
61 153 587
74 123 575
20 187 517
2 166 519
40 139 555
91 146 520
66 161 583
10 124 524
69 192 543
3 151 524
82 142 540
29 143 591
64 177 521
61 107 557
97 124 565
54 104 594
67 148 528
12 133 503
84 184 554
76 192 568
58 185 590
91 140 561
43 190 514
70 173 558
43 107 534
23 144 509
19 121 519
98 179 573
24 163 519
70 196 512
15 165 511
72 197 569
79 135 547
43 170 576
44 175 534
25 103 554
68 161 523
92 181 539
57 160 517
67 116 550
44 144 586
49 160 526
67 121 539
99 138 523
44 129 563
33 174 594
1 185 502
21 147 592
23 112 532
3 153 522
93 150 650
7 117 676
99 154 655
27 120 689
78 148 611
7 163 657
52 148 655
92 170 603
54 124 646
93 176 620
49 130 623
80 132 659
22 181 607
96 147 667
33 174 649
34 139 652
73 181 682
15 178 601
98 176 626
31 106 605
61 153 687
74 123 675
20 187 617
2 166 619
40 139 655
91 146 620
66 161 683
10 124 624
69 192 643
3 151 624
82 142 640
29 143 691
64 177 621
61 107 657
97 124 665
54 104 694
67 148 628
12 133 603
84 184 654
76 192 668
58 185 690
91 140 661
43 190 614
70 173 658
43 107 634
23 144 609
19 121 619
98 179 673
24 163 619
70 196 612
15 165 611
72 197 669
79 135 647
43 170 676
44 175 634
25 103 654
68 161 623
92 181 639
57 160 617
67 116 650
44 144 686
49 160 626
67 121 639
99 138 623
44 129 663
33 174 694
1 185 602
21 147 692
23 112 632
3 153 622
93 150 750
7 117 776
99 154 755
27 120 789
78 148 711
7 163 757
52 148 755
92 170 703
54 124 746
93 176 720
49 130 723
80 132 759
22 181 707
96 147 767
33 174 749
34 139 752
73 181 782
15 178 701
98 176 726
31 106 705
61 153 787
74 123 775
20 187 717
2 166 719
40 139 755
91 146 720
66 161 783
10 124 724
69 192 743
3 151 724
82 142 740
29 143 791
64 177 721
61 107 757
97 124 765
54 104 794
67 148 728
12 133 703
84 184 754
76 192 768
58 185 790
91 140 761
43 190 714
70 173 758
43 107 734
23 144 709
19 121 719
98 179 773
24 163 719
70 196 712
15 165 711
72 197 769
79 135 747
43 170 776
44 175 734
25 103 754
68 161 723
92 181 739
57 160 717
67 116 750
44 144 786
49 160 726
67 121 739
99 138 723
44 129 763
33 174 794
1 185 702
21 147 792
23 112 732
3 153 722
93 150 850
7 117 876
99 154 855
27 120 889
78 148 811
7 163 857
52 148 855
92 170 803
54 124 846
93 176 820
49 130 823
80 132 859
22 181 807
96 147 867
33 174 849
34 139 852
73 181 882
15 178 801
98 176 826
31 106 805
61 153 887
74 123 875
20 187 817
2 166 819
40 139 855
91 146 820
66 161 883
10 124 824
69 192 843
3 151 824
82 142 840
29 143 891
64 177 821
61 107 857
97 124 865
54 104 894
67 148 828
12 133 803
84 184 854
76 192 868
58 185 890
91 140 861
43 190 814
70 173 858
43 107 834
23 144 809
19 121 819
98 179 873
24 163 819
70 196 812
15 165 811
72 197 869
79 135 847
43 170 876
44 175 834
25 103 854
68 161 823
92 181 839
57 160 817
67 116 850
44 144 886
49 160 826
67 121 839
99 138 823
44 129 863
33 174 894
1 185 802
21 147 892
23 112 832
3 153 822
93 150 950
7 117 976
99 154 955
27 120 989
78 148 911
7 163 957
52 148 955
92 170 903
54 124 946
93 176 920
49 130 923
80 132 959
22 181 907
96 147 967
33 174 949
34 139 952
73 181 982
15 178 901
98 176 926
31 106 905
61 153 987
74 123 975
20 187 917
2 166 919
40 139 955
91 146 920
66 161 983
10 124 924
69 192 943
3 151 924
82 142 940
29 143 991
64 177 921
61 107 957
97 124 965
54 104 994
67 148 928
12 133 903
84 184 954
76 192 968
58 185 990
91 140 961
43 190 914
70 173 958
43 107 934
23 144 909
19 121 919
98 179 973
24 163 919
70 196 912
15 165 911
72 197 969
79 135 947
43 170 976
44 175 934
25 103 954
68 161 923
92 181 939
57 160 917
67 116 950
44 144 986
49 160 926
67 121 939
99 138 923
44 129 963
33 174 994
1 185 902
21 147 992
23 112 932
3 153 922
93 250 50
7 217 76
99 254 55
27 220 89
78 248 11
7 263 57
52 248 55
92 270 3
54 224 46
93 276 20
49 230 23
80 232 59
22 281 7
96 247 67
33 274 49
34 239 52
73 281 82
15 278 1
98 276 26
31 206 5
61 253 87
74 223 75
20 287 17
2 266 19
40 239 55
91 246 20
66 261 83
10 224 24
69 292 43
3 251 24
82 242 40
29 243 91
64 277 21
61 207 57
97 224 65
54 204 94
67 248 28
12 233 3
84 284 54
76 292 68
58 285 90
91 240 61
43 290 14
70 273 58
43 207 34
23 244 9
19 221 19
98 279 73
24 263 19
70 296 12
15 265 11
72 297 69
79 235 47
43 270 76
44 275 34
25 203 54
68 261 23
92 281 39
57 260 17
67 216 50
44 244 86
49 260 26
67 221 39
99 238 23
44 229 63
33 274 94
1 285 2
21 247 92
23 212 32
3 253 22
93 250 150
7 217 176
99 254 155
27 220 189
78 248 111
7 263 157
52 248 155
92 270 103
54 224 146
93 276 120
49 230 123
80 232 159
22 281 107
96 247 167
33 274 149
34 239 152
73 281 182
15 278 101
98 276 126
31 206 105
61 253 187
74 223 175
20 287 117
2 266 119
40 239 155
91 246 120
66 261 183
10 224 124
69 292 143
3 251 124
82 242 140
29 243 191
64 277 121
61 207 157
97 224 165
54 204 194
67 248 128
12 233 103
84 284 154
76 292 168
58 285 190
91 240 161
43 290 114
70 273 158
43 207 134
23 244 109
19 221 119
98 279 173
24 263 119
70 296 112
15 265 111
72 297 169
79 235 147
43 270 176
44 275 134
25 203 154
68 261 123
92 281 139
57 260 117
67 216 150
44 244 186
49 260 126
67 221 139
99 238 123
44 229 163
33 274 194
1 285 102
21 247 192
23 212 132
3 253 122
93 250 250
7 217 276
99 254 255
27 220 289
78 248 211
7 263 257
52 248 255
92 270 203
54 224 246
93 276 220
49 230 223
80 232 259
22 281 207
96 247 267
33 274 249
34 239 252
73 281 282
15 278 201
98 276 226
31 206 205
61 253 287
74 223 275
20 287 217
2 266 219
40 239 255
91 246 220
66 261 283
10 224 224
69 292 243
3 251 224
82 242 240
29 243 291
64 277 221
61 207 257
97 224 265
54 204 294
67 248 228
12 233 203
84 284 254
76 292 268
58 285 290
91 240 261
43 290 214
70 273 258
43 207 234
23 244 209
19 221 219
98 279 273
24 263 219
70 296 212
15 265 211
72 297 269
79 235 247
43 270 276
44 275 234
25 203 254
68 261 223
92 281 239
57 260 217
67 216 250
44 244 286
49 260 226
67 221 239
99 238 223
44 229 263
33 274 294
1 285 202
21 247 292
23 212 232
3 253 222
93 250 350
7 217 376
99 254 355
27 220 389
78 248 311
7 263 357
52 248 355
92 270 303
54 224 346
93 276 320
49 230 323
80 232 359
22 281 307
96 247 367
33 274 349
34 239 352
73 281 382
15 278 301
98 276 326
31 206 305
61 253 387
74 223 375
20 287 317
2 266 319
40 239 355
91 246 320
66 261 383
10 224 324
69 292 343
3 251 324
82 242 340
29 243 391
64 277 321
61 207 357
97 224 365
54 204 394
67 248 328
12 233 303
84 284 354
76 292 368
58 285 390
91 240 361
43 290 314
70 273 358
43 207 334
23 244 309
19 221 319
98 279 373
24 263 319
70 296 312
15 265 311
72 297 369
79 235 347
43 270 376
44 275 334
25 203 354
68 261 323
92 281 339
57 260 317
67 216 350
44 244 386
49 260 326
67 221 339
99 238 323
44 229 363
33 274 394
1 285 302
21 247 392
23 212 332
3 253 322
93 250 450
7 217 476
99 254 455
27 220 489
78 248 411
7 263 457
52 248 455
92 270 403
54 224 446
93 276 420
49 230 423
80 232 459
22 281 407
96 247 467
33 274 449
34 239 452
73 281 482
15 278 401
98 276 426
31 206 405
61 253 487
74 223 475
20 287 417
2 266 419
40 239 455
91 246 420
66 261 483
10 224 424
69 292 443
3 251 424
82 242 440
29 243 491
64 277 421
61 207 457
97 224 465
54 204 494
67 248 428
12 233 403
84 284 454
76 292 468
58 285 490
91 240 461
43 290 414
70 273 458
43 207 434
23 244 409
19 221 419
98 279 473
24 263 419
70 296 412
15 265 411
72 297 469
79 235 447
43 270 476
44 275 434
25 203 454
68 261 423
92 281 439
57 260 417
67 216 450
44 244 486
49 260 426
67 221 439
99 238 423
44 229 463
33 274 494
1 285 402
21 247 492
23 212 432
3 253 422
93 250 550
7 217 576
99 254 555
27 220 589
78 248 511
7 263 557
52 248 555
92 270 503
54 224 546
93 276 520
49 230 523
80 232 559
22 281 507
96 247 567
33 274 549
34 239 552
73 281 582
15 278 501
98 276 526
31 206 505
61 253 587
74 223 575
20 287 517
2 266 519
40 239 555
91 246 520
66 261 583
10 224 524
69 292 543
3 251 524
82 242 540
29 243 591
64 277 521
61 207 557
97 224 565
54 204 594
67 248 528
12 233 503
84 284 554
76 292 568
58 285 590
91 240 561
43 290 514
70 273 558
43 207 534
23 244 509
19 221 519
98 279 573
24 263 519
70 296 512
15 265 511
72 297 569
79 235 547
43 270 576
44 275 534
25 203 554
68 261 523
92 281 539
57 260 517
67 216 550
44 244 586
49 260 526
67 221 539
99 238 523
44 229 563
33 274 594
1 285 502
21 247 592
23 212 532
3 253 522
93 250 650
7 217 676
99 254 655
27 220 689
78 248 611
7 263 657
52 248 655
92 270 603
54 224 646
93 276 620
49 230 623
80 232 659
22 281 607
96 247 667
33 274 649
34 239 652
73 281 682
15 278 601
98 276 626
31 206 605
61 253 687
74 223 675
20 287 617
2 266 619
40 239 655
91 246 620
66 261 683
10 224 624
69 292 643
3 251 624
82 242 640
29 243 691
64 277 621
61 207 657
97 224 665
54 204 694
67 248 628
12 233 603
84 284 654
76 292 668
58 285 690
91 240 661
43 290 614
70 273 658
43 207 634
23 244 609
19 221 619
98 279 673
24 263 619
70 296 612
15 265 611
72 297 669
79 235 647
43 270 676
44 275 634
25 203 654
68 261 623
92 281 639
57 260 617
67 216 650
44 244 686
49 260 626
67 221 639
99 238 623
44 229 663
33 274 694
1 285 602
21 247 692
23 212 632
3 253 622
93 250 750
7 217 776
99 254 755
27 220 789
78 248 711
7 263 757
52 248 755
92 270 703
54 224 746
93 276 720
49 230 723
80 232 759
22 281 707
96 247 767
33 274 749
34 239 752
73 281 782
15 278 701
98 276 726
31 206 705
61 253 787
74 223 775
20 287 717
2 266 719
40 239 755
91 246 720
66 261 783
10 224 724
69 292 743
3 251 724
82 242 740
29 243 791
64 277 721
61 207 757
97 224 765
54 204 794
67 248 728
12 233 703
84 284 754
76 292 768
58 285 790
91 240 761
43 290 714
70 273 758
43 207 734
23 244 709
19 221 719
98 279 773
24 263 719
70 296 712
15 265 711
72 297 769
79 235 747
43 270 776
44 275 734
25 203 754
68 261 723
92 281 739
57 260 717
67 216 750
44 244 786
49 260 726
67 221 739
99 238 723
44 229 763
33 274 794
1 285 702
21 247 792
23 212 732
3 253 722
93 250 850
7 217 876
99 254 855
27 220 889
78 248 811
7 263 857
52 248 855
92 270 803
54 224 846
93 276 820
49 230 823
80 232 859
22 281 807
96 247 867
33 274 849
34 239 852
73 281 882
15 278 801
98 276 826
31 206 805
61 253 887
74 223 875
20 287 817
2 266 819
40 239 855
91 246 820
66 261 883
10 224 824
69 292 843
3 251 824
82 242 840
29 243 891
64 277 821
61 207 857
97 224 865
54 204 894
67 248 828
12 233 803
84 284 854
76 292 868
58 285 890
91 240 861
43 290 814
70 273 858
43 207 834
23 244 809
19 221 819
98 279 873
24 263 819
70 296 812
15 265 811
72 297 869
79 235 847
43 270 876
44 275 834
25 203 854
68 261 823
92 281 839
57 260 817
67 216 850
44 244 886
49 260 826
67 221 839
99 238 823
44 229 863
33 274 894
1 285 802
21 247 892
23 212 832
3 253 822
93 250 950
7 217 976
99 254 955
27 220 989
78 248 911
7 263 957
52 248 955
92 270 903
54 224 946
93 276 920
49 230 923
80 232 959
22 281 907
96 247 967
33 274 949
34 239 952
73 281 982
15 278 901
98 276 926
31 206 905
61 253 987
74 223 975
20 287 917
2 266 919
40 239 955
91 246 920
66 261 983
10 224 924
69 292 943
3 251 924
82 242 940
29 243 991
64 277 921
61 207 957
97 224 965
54 204 994
67 248 928
12 233 903
84 284 954
76 292 968
58 285 990
91 240 961
43 290 914
70 273 958
43 207 934
23 244 909
19 221 919
98 279 973
24 263 919
70 296 912
15 265 911
72 297 969
79 235 947
43 270 976
44 275 934
25 203 954
68 261 923
92 281 939
57 260 917
67 216 950
44 244 986
49 260 926
67 221 939
99 238 923
44 229 963
33 274 994
1 285 902
21 247 992
23 212 932
3 253 922
93 350 50
7 317 76
99 354 55
27 320 89
78 348 11
7 363 57
52 348 55
92 370 3
54 324 46
93 376 20
49 330 23
80 332 59
22 381 7
96 347 67
33 374 49
34 339 52
73 381 82
15 378 1
98 376 26
31 306 5
61 353 87
74 323 75
20 387 17
2 366 19
40 339 55
91 346 20
66 361 83
10 324 24
69 392 43
3 351 24
82 342 40
29 343 91
64 377 21
61 307 57
97 324 65
54 304 94
67 348 28
12 333 3
84 384 54
76 392 68
58 385 90
91 340 61
43 390 14
70 373 58
43 307 34
23 344 9
19 321 19
98 379 73
24 363 19
70 396 12
15 365 11
72 397 69
79 335 47
43 370 76
44 375 34
25 303 54
68 361 23
92 381 39
57 360 17
67 316 50
44 344 86
49 360 26
67 321 39
99 338 23
44 329 63
33 374 94
1 385 2
21 347 92
23 312 32
3 353 22
93 350 150
7 317 176
99 354 155
27 320 189
78 348 111
7 363 157
52 348 155
92 370 103
54 324 146
93 376 120
49 330 123
80 332 159
22 381 107
96 347 167
33 374 149
34 339 152
73 381 182
15 378 101
98 376 126
31 306 105
61 353 187
74 323 175
20 387 117
2 366 119
40 339 155
91 346 120
66 361 183
10 324 124
69 392 143
3 351 124
82 342 140
29 343 191
64 377 121
61 307 157
97 324 165
54 304 194
67 348 128
12 333 103
84 384 154
76 392 168
58 385 190
91 340 161
43 390 114
70 373 158
43 307 134
23 344 109
19 321 119
98 379 173
24 363 119
70 396 112
15 365 111
72 397 169
79 335 147
43 370 176
44 375 134
25 303 154
68 361 123
92 381 139
57 360 117
67 316 150
44 344 186
49 360 126
67 321 139
99 338 123
44 329 163
33 374 194
1 385 102
21 347 192
23 312 132
3 353 122
93 350 250
7 317 276
99 354 255
27 320 289
78 348 211
7 363 257
52 348 255
92 370 203
54 324 246
93 376 220
49 330 223
80 332 259
22 381 207
96 347 267
33 374 249
34 339 252
73 381 282
15 378 201
98 376 226
31 306 205
61 353 287
74 323 275
20 387 217
2 366 219
40 339 255
91 346 220
66 361 283
10 324 224
69 392 243
3 351 224
82 342 240
29 343 291
64 377 221
61 307 257
97 324 265
54 304 294
67 348 228
12 333 203
84 384 254
76 392 268
58 385 290
91 340 261
43 390 214
70 373 258
43 307 234
23 344 209
19 321 219
98 379 273
24 363 219
70 396 212
15 365 211
72 397 269
79 335 247
43 370 276
44 375 234
25 303 254
68 361 223
92 381 239
57 360 217
67 316 250
44 344 286
49 360 226
67 321 239
99 338 223
44 329 263
33 374 294
1 385 202
21 347 292
23 312 232
3 353 222
93 350 350
7 317 376
99 354 355
27 320 389
78 348 311
7 363 357
52 348 355
92 370 303
54 324 346
93 376 320
49 330 323
80 332 359
22 381 307
96 347 367
33 374 349
34 339 352
73 381 382
15 378 301
98 376 326
31 306 305
61 353 387
74 323 375
20 387 317
2 366 319
40 339 355
91 346 320
66 361 383
10 324 324
69 392 343
3 351 324
82 342 340
29 343 391
64 377 321
61 307 357
97 324 365
54 304 394
67 348 328
12 333 303
84 384 354
76 392 368
58 385 390
91 340 361
43 390 314
70 373 358
43 307 334
23 344 309
19 321 319
98 379 373
24 363 319
70 396 312
15 365 311
72 397 369
79 335 347
43 370 376
44 375 334
25 303 354
68 361 323
92 381 339
57 360 317
67 316 350
44 344 386
49 360 326
67 321 339
99 338 323
44 329 363
33 374 394
1 385 302
21 347 392
23 312 332
3 353 322
93 350 450
7 317 476
99 354 455
27 320 489
78 348 411
7 363 457
52 348 455
92 370 403
54 324 446
93 376 420
49 330 423
80 332 459
22 381 407
96 347 467
33 374 449
34 339 452
73 381 482
15 378 401
98 376 426
31 306 405
61 353 487
74 323 475
20 387 417
2 366 419
40 339 455
91 346 420
66 361 483
10 324 424
69 392 443
3 351 424
82 342 440
29 343 491
64 377 421
61 307 457
97 324 465
54 304 494
67 348 428
12 333 403
84 384 454
76 392 468
58 385 490
91 340 461
43 390 414
70 373 458
43 307 434
23 344 409
19 321 419
98 379 473
24 363 419
70 396 412
15 365 411
72 397 469
79 335 447
43 370 476
44 375 434
25 303 454
68 361 423
92 381 439
57 360 417
67 316 450
44 344 486
49 360 426
67 321 439
99 338 423
44 329 463
33 374 494
1 385 402
21 347 492
23 312 432
3 353 422
93 350 550
7 317 576
99 354 555
27 320 589
78 348 511
7 363 557
52 348 555
92 370 503
54 324 546
93 376 520
49 330 523
80 332 559
22 381 507
96 347 567
33 374 549
34 339 552
73 381 582
15 378 501
98 376 526
31 306 505
61 353 587
74 323 575
20 387 517
2 366 519
40 339 555
91 346 520
66 361 583
10 324 524
69 392 543
3 351 524
82 342 540
29 343 591
64 377 521
61 307 557
97 324 565
54 304 594
67 348 528
12 333 503
84 384 554
76 392 568
58 385 590
91 340 561
43 390 514
70 373 558
43 307 534
23 344 509
19 321 519
98 379 573
24 363 519
70 396 512
15 365 511
72 397 569
79 335 547
43 370 576
44 375 534
25 303 554
68 361 523
92 381 539
57 360 517
67 316 550
44 344 586
49 360 526
67 321 539
99 338 523
44 329 563
33 374 594
1 385 502
21 347 592
23 312 532
3 353 522
93 350 650
7 317 676
99 354 655
27 320 689
78 348 611
7 363 657
52 348 655
92 370 603
54 324 646
93 376 620
49 330 623
80 332 659
22 381 607
96 347 667
33 374 649
34 339 652
73 381 682
15 378 601
98 376 626
31 306 605
61 353 687
74 323 675
20 387 617
2 366 619
40 339 655
91 346 620
66 361 683
10 324 624
69 392 643
3 351 624
82 342 640
29 343 691
64 377 621
61 307 657
97 324 665
54 304 694
67 348 628
12 333 603
84 384 654
76 392 668
58 385 690
91 340 661
43 390 614
70 373 658
43 307 634
23 344 609
19 321 619
98 379 673
24 363 619
70 396 612
15 365 611
72 397 669
79 335 647
43 370 676
44 375 634
25 303 654
68 361 623
92 381 639
57 360 617
67 316 650
44 344 686
49 360 626
67 321 639
99 338 623
44 329 663
33 374 694
1 385 602
21 347 692
23 312 632
3 353 622
93 350 750
7 317 776
99 354 755
27 320 789
78 348 711
7 363 757
52 348 755
92 370 703
54 324 746
93 376 720
49 330 723
80 332 759
22 381 707
96 347 767
33 374 749
34 339 752
73 381 782
15 378 701
98 376 726
31 306 705
61 353 787
74 323 775
20 387 717
2 366 719
40 339 755
91 346 720
66 361 783
10 324 724
69 392 743
3 351 724
82 342 740
29 343 791
64 377 721
61 307 757
97 324 765
54 304 794
67 348 728
12 333 703
84 384 754
76 392 768
58 385 790
91 340 761
43 390 714
70 373 758
43 307 734
23 344 709
19 321 719
98 379 773
24 363 719
70 396 712
15 365 711
72 397 769
79 335 747
43 370 776
44 375 734
25 303 754
68 361 723
92 381 739
57 360 717
67 316 750
44 344 786
49 360 726
67 321 739
99 338 723
44 329 763
33 374 794
1 385 702
21 347 792
23 312 732
3 353 722
93 350 850
7 317 876
99 354 855
27 320 889
78 348 811
7 363 857
52 348 855
92 370 803
54 324 846
93 376 820
49 330 823
80 332 859
22 381 807
96 347 867
33 374 849
34 339 852
73 381 882
15 378 801
98 376 826
31 306 805
61 353 887
74 323 875
20 387 817
2 366 819
40 339 855
91 346 820
66 361 883
10 324 824
69 392 843
3 351 824
82 342 840
29 343 891
64 377 821
61 307 857
97 324 865
54 304 894
67 348 828
12 333 803
84 384 854
76 392 868
58 385 890
91 340 861
43 390 814
70 373 858
43 307 834
23 344 809
19 321 819
98 379 873
24 363 819
70 396 812
15 365 811
72 397 869
79 335 847
43 370 876
44 375 834
25 303 854
68 361 823
92 381 839
57 360 817
67 316 850
44 344 886
49 360 826
67 321 839
99 338 823
44 329 863
33 374 894
1 385 802
21 347 892
23 312 832
3 353 822
93 350 950
7 317 976
99 354 955
27 320 989
78 348 911
7 363 957
52 348 955
92 370 903
54 324 946
93 376 920
49 330 923
80 332 959
22 381 907
96 347 967
33 374 949
34 339 952
73 381 982
15 378 901
98 376 926
31 306 905
61 353 987
74 323 975
20 387 917
2 366 919
40 339 955
91 346 920
66 361 983
10 324 924
69 392 943
3 351 924
82 342 940
29 343 991
64 377 921
61 307 957
97 324 965
54 304 994
67 348 928
12 333 903
84 384 954
76 392 968
58 385 990
91 340 961
43 390 914
70 373 958
43 307 934
23 344 909
19 321 919
98 379 973
24 363 919
70 396 912
15 365 911
72 397 969
79 335 947
43 370 976
44 375 934
25 303 954
68 361 923
92 381 939
57 360 917
67 316 950
44 344 986
49 360 926
67 321 939
99 338 923
44 329 963
33 374 994
1 385 902
21 347 992
23 312 932
3 353 922
93 450 50
7 417 76
99 454 55
27 420 89
78 448 11
7 463 57
52 448 55
92 470 3
54 424 46
93 476 20
49 430 23
80 432 59
22 481 7
96 447 67
33 474 49
34 439 52
73 481 82
15 478 1
98 476 26
31 406 5
61 453 87
74 423 75
20 487 17
2 466 19
40 439 55
91 446 20
66 461 83
10 424 24
69 492 43
3 451 24
82 442 40
29 443 91
64 477 21
61 407 57
97 424 65
54 404 94
67 448 28
12 433 3
84 484 54
76 492 68
58 485 90
91 440 61
43 490 14
70 473 58
43 407 34
23 444 9
19 421 19
98 479 73
24 463 19
70 496 12
15 465 11
72 497 69
79 435 47
43 470 76
44 475 34
25 403 54
68 461 23
92 481 39
57 460 17
67 416 50
44 444 86
49 460 26
67 421 39
99 438 23
44 429 63
33 474 94
1 485 2
21 447 92
23 412 32
3 453 22
93 450 150
7 417 176
99 454 155
27 420 189
78 448 111
7 463 157
52 448 155
92 470 103
54 424 146
93 476 120
49 430 123
80 432 159
22 481 107
96 447 167
33 474 149
34 439 152
73 481 182
15 478 101
98 476 126
31 406 105
61 453 187
74 423 175
20 487 117
2 466 119
40 439 155
91 446 120
66 461 183
10 424 124
69 492 143
3 451 124
82 442 140
29 443 191
64 477 121
61 407 157
97 424 165
54 404 194
67 448 128
12 433 103
84 484 154
76 492 168
58 485 190
91 440 161
43 490 114
70 473 158
43 407 134
23 444 109
19 421 119
98 479 173
24 463 119
70 496 112
15 465 111
72 497 169
79 435 147
43 470 176
44 475 134
25 403 154
68 461 123
92 481 139
57 460 117
67 416 150
44 444 186
49 460 126
67 421 139
99 438 123
44 429 163
33 474 194
1 485 102
21 447 192
23 412 132
3 453 122
93 450 250
7 417 276
99 454 255
27 420 289
78 448 211
7 463 257
52 448 255
92 470 203
54 424 246
93 476 220
49 430 223
80 432 259
22 481 207
96 447 267
33 474 249
34 439 252
73 481 282
15 478 201
98 476 226
31 406 205
61 453 287
74 423 275
20 487 217
2 466 219
40 439 255
91 446 220
66 461 283
10 424 224
69 492 243
3 451 224
82 442 240
29 443 291
64 477 221
61 407 257
97 424 265
54 404 294
67 448 228
12 433 203
84 484 254
76 492 268
58 485 290
91 440 261
43 490 214
70 473 258
43 407 234
23 444 209
19 421 219
98 479 273
24 463 219
70 496 212
15 465 211
72 497 269
79 435 247
43 470 276
44 475 234
25 403 254
68 461 223
92 481 239
57 460 217
67 416 250
44 444 286
49 460 226
67 421 239
99 438 223
44 429 263
33 474 294
1 485 202
21 447 292
23 412 232
3 453 222
93 450 350
7 417 376
99 454 355
27 420 389
78 448 311
7 463 357
52 448 355
92 470 303
54 424 346
93 476 320
49 430 323
80 432 359
22 481 307
96 447 367
33 474 349
34 439 352
73 481 382
15 478 301
98 476 326
31 406 305
61 453 387
74 423 375
20 487 317
2 466 319
40 439 355
91 446 320
66 461 383
10 424 324
69 492 343
3 451 324
82 442 340
29 443 391
64 477 321
61 407 357
97 424 365
54 404 394
67 448 328
12 433 303
84 484 354
76 492 368
58 485 390
91 440 361
43 490 314
70 473 358
43 407 334
23 444 309
19 421 319
98 479 373
24 463 319
70 496 312
15 465 311
72 497 369
79 435 347
43 470 376
44 475 334
25 403 354
68 461 323
92 481 339
57 460 317
67 416 350
44 444 386
49 460 326
67 421 339
99 438 323
44 429 363
33 474 394
1 485 302
21 447 392
23 412 332
3 453 322
93 450 450
7 417 476
99 454 455
27 420 489
78 448 411
7 463 457
52 448 455
92 470 403
54 424 446
93 476 420
49 430 423
80 432 459
22 481 407
96 447 467
33 474 449
34 439 452
73 481 482
15 478 401
98 476 426
31 406 405
61 453 487
74 423 475
20 487 417
2 466 419
40 439 455
91 446 420
66 461 483
10 424 424
69 492 443
3 451 424
82 442 440
29 443 491
64 477 421
61 407 457
97 424 465
54 404 494
67 448 428
12 433 403
84 484 454
76 492 468
58 485 490
91 440 461
43 490 414
70 473 458
43 407 434
23 444 409
19 421 419
98 479 473
24 463 419
70 496 412
15 465 411
72 497 469
79 435 447
43 470 476
44 475 434
25 403 454
68 461 423
92 481 439
57 460 417
67 416 450
44 444 486
49 460 426
67 421 439
99 438 423
44 429 463
33 474 494
1 485 402
21 447 492
23 412 432
3 453 422
93 450 550
7 417 576
99 454 555
27 420 589
78 448 511
7 463 557
52 448 555
92 470 503
54 424 546
93 476 520
49 430 523
80 432 559
22 481 507
96 447 567
33 474 549
34 439 552
73 481 582
15 478 501
98 476 526
31 406 505
61 453 587
74 423 575
20 487 517
2 466 519
40 439 555
91 446 520
66 461 583
10 424 524
69 492 543
3 451 524
82 442 540
29 443 591
64 477 521
61 407 557
97 424 565
54 404 594
67 448 528
12 433 503
84 484 554
76 492 568
58 485 590
91 440 561
43 490 514
70 473 558
43 407 534
23 444 509
19 421 519
98 479 573
24 463 519
70 496 512
15 465 511
72 497 569
79 435 547
43 470 576
44 475 534
25 403 554
68 461 523
92 481 539
57 460 517
67 416 550
44 444 586
49 460 526
67 421 539
99 438 523
44 429 563
33 474 594
1 485 502
21 447 592
23 412 532
3 453 522
93 450 650
7 417 676
99 454 655
27 420 689
78 448 611
7 463 657
52 448 655
92 470 603
54 424 646
93 476 620
49 430 623
80 432 659
22 481 607
96 447 667
33 474 649
34 439 652
73 481 682
15 478 601
98 476 626
31 406 605
61 453 687
74 423 675
20 487 617
2 466 619
40 439 655
91 446 620
66 461 683
10 424 624
69 492 643
3 451 624
82 442 640
29 443 691
64 477 621
61 407 657
97 424 665
54 404 694
67 448 628
12 433 603
84 484 654
76 492 668
58 485 690
91 440 661
43 490 614
70 473 658
43 407 634
23 444 609
19 421 619
98 479 673
24 463 619
70 496 612
15 465 611
72 497 669
79 435 647
43 470 676
44 475 634
25 403 654
68 461 623
92 481 639
57 460 617
67 416 650
44 444 686
49 460 626
67 421 639
99 438 623
44 429 663
33 474 694
1 485 602
21 447 692
23 412 632
3 453 622
93 450 750
7 417 776
99 454 755
27 420 789
78 448 711
7 463 757
52 448 755
92 470 703
54 424 746
93 476 720
49 430 723
80 432 759
22 481 707
96 447 767
33 474 749
34 439 752
73 481 782
15 478 701
98 476 726
31 406 705
61 453 787
74 423 775
20 487 717
2 466 719
40 439 755
91 446 720
66 461 783
10 424 724
69 492 743
3 451 724
82 442 740
29 443 791
64 477 721
61 407 757
97 424 765
54 404 794
67 448 728
12 433 703
84 484 754
76 492 768
58 485 790
91 440 761
43 490 714
70 473 758
43 407 734
23 444 709
19 421 719
98 479 773
24 463 719
70 496 712
15 465 711
72 497 769
79 435 747
43 470 776
44 475 734
25 403 754
68 461 723
92 481 739
57 460 717
67 416 750
44 444 786
49 460 726
67 421 739
99 438 723
44 429 763
33 474 794
1 485 702
21 447 792
23 412 732
3 453 722
93 450 850
7 417 876
99 454 855
27 420 889
78 448 811
7 463 857
52 448 855
92 470 803
54 424 846
93 476 820
49 430 823
80 432 859
22 481 807
96 447 867
33 474 849
34 439 852
73 481 882
15 478 801
98 476 826
31 406 805
61 453 887
74 423 875
20 487 817
2 466 819
40 439 855
91 446 820
66 461 883
10 424 824
69 492 843
3 451 824
82 442 840
29 443 891
64 477 821
61 407 857
97 424 865
54 404 894
67 448 828
12 433 803
84 484 854
76 492 868
58 485 890
91 440 861
43 490 814
70 473 858
43 407 834
23 444 809
19 421 819
98 479 873
24 463 819
70 496 812
15 465 811
72 497 869
79 435 847
43 470 876
44 475 834
25 403 854
68 461 823
92 481 839
57 460 817
67 416 850
44 444 886
49 460 826
67 421 839
99 438 823
44 429 863
33 474 894
1 485 802
21 447 892
23 412 832
3 453 822
93 450 950
7 417 976
99 454 955
27 420 989
78 448 911
7 463 957
52 448 955
92 470 903
54 424 946
93 476 920
49 430 923
80 432 959
22 481 907
96 447 967
33 474 949
34 439 952
73 481 982
15 478 901
98 476 926
31 406 905
61 453 987
74 423 975
20 487 917
2 466 919
40 439 955
91 446 920
66 461 983
10 424 924
69 492 943
3 451 924
82 442 940
29 443 991
64 477 921
61 407 957
97 424 965
54 404 994
67 448 928
12 433 903
84 484 954
76 492 968
58 485 990
91 440 961
43 490 914
70 473 958
43 407 934
23 444 909
19 421 919
98 479 973
24 463 919
70 496 912
15 465 911
72 497 969
79 435 947
43 470 976
44 475 934
25 403 954
68 461 923
92 481 939
57 460 917
67 416 950
44 444 986
49 460 926
67 421 939
99 438 923
44 429 963
33 474 994
1 485 902
21 447 992
23 412 932
3 453 922
93 550 50
7 517 76
99 554 55
27 520 89
78 548 11
7 563 57
52 548 55
92 570 3
54 524 46
93 576 20
49 530 23
80 532 59
22 581 7
96 547 67
33 574 49
34 539 52
73 581 82
15 578 1
98 576 26
31 506 5
61 553 87
74 523 75
20 587 17
2 566 19
40 539 55
91 546 20
66 561 83
10 524 24
69 592 43
3 551 24
82 542 40
29 543 91
64 577 21
61 507 57
97 524 65
54 504 94
67 548 28
12 533 3
84 584 54
76 592 68
58 585 90
91 540 61
43 590 14
70 573 58
43 507 34
23 544 9
19 521 19
98 579 73
24 563 19
70 596 12
15 565 11
72 597 69
79 535 47
43 570 76
44 575 34
25 503 54
68 561 23
92 581 39
57 560 17
67 516 50
44 544 86
49 560 26
67 521 39
99 538 23
44 529 63
33 574 94
1 585 2
21 547 92
23 512 32
3 553 22
93 550 150
7 517 176
99 554 155
27 520 189
78 548 111
7 563 157
52 548 155
92 570 103
54 524 146
93 576 120
49 530 123
80 532 159
22 581 107
96 547 167
33 574 149
34 539 152
73 581 182
15 578 101
98 576 126
31 506 105
61 553 187
74 523 175
20 587 117
2 566 119
40 539 155
91 546 120
66 561 183
10 524 124
69 592 143
3 551 124
82 542 140
29 543 191
64 577 121
61 507 157
97 524 165
54 504 194
67 548 128
12 533 103
84 584 154
76 592 168
58 585 190
91 540 161
43 590 114
70 573 158
43 507 134
23 544 109
19 521 119
98 579 173
24 563 119
70 596 112
15 565 111
72 597 169
79 535 147
43 570 176
44 575 134
25 503 154
68 561 123
92 581 139
57 560 117
67 516 150
44 544 186
49 560 126
67 521 139
99 538 123
44 529 163
33 574 194
1 585 102
21 547 192
23 512 132
3 553 122
93 550 250
7 517 276
99 554 255
27 520 289
78 548 211
7 563 257
52 548 255
92 570 203
54 524 246
93 576 220
49 530 223
80 532 259
22 581 207
96 547 267
33 574 249
34 539 252
73 581 282
15 578 201
98 576 226
31 506 205
61 553 287
74 523 275
20 587 217
2 566 219
40 539 255
91 546 220
66 561 283
10 524 224
69 592 243
3 551 224
82 542 240
29 543 291
64 577 221
61 507 257
97 524 265
54 504 294
67 548 228
12 533 203
84 584 254
76 592 268
58 585 290
91 540 261
43 590 214
70 573 258
43 507 234
23 544 209
19 521 219
98 579 273
24 563 219
70 596 212
15 565 211
72 597 269
79 535 247
43 570 276
44 575 234
25 503 254
68 561 223
92 581 239
57 560 217
67 516 250
44 544 286
49 560 226
67 521 239
99 538 223
44 529 263
33 574 294
1 585 202
21 547 292
23 512 232
3 553 222
93 550 350
7 517 376
99 554 355
27 520 389
78 548 311
7 563 357
52 548 355
92 570 303
54 524 346
93 576 320
49 530 323
80 532 359
22 581 307
96 547 367
33 574 349
34 539 352
73 581 382
15 578 301
98 576 326
31 506 305
61 553 387
74 523 375
20 587 317
2 566 319
40 539 355
91 546 320
66 561 383
10 524 324
69 592 343
3 551 324
82 542 340
29 543 391
64 577 321
61 507 357
97 524 365
54 504 394
67 548 328
12 533 303
84 584 354
76 592 368
58 585 390
91 540 361
43 590 314
70 573 358
43 507 334
23 544 309
19 521 319
98 579 373
24 563 319
70 596 312
15 565 311
72 597 369
79 535 347
43 570 376
44 575 334
25 503 354
68 561 323
92 581 339
57 560 317
67 516 350
44 544 386
49 560 326
67 521 339
99 538 323
44 529 363
33 574 394
1 585 302
21 547 392
23 512 332
3 553 322
93 550 450
7 517 476
99 554 455
27 520 489
78 548 411
7 563 457
52 548 455
92 570 403
54 524 446
93 576 420
49 530 423
80 532 459
22 581 407
96 547 467
33 574 449
34 539 452
73 581 482
15 578 401
98 576 426
31 506 405
61 553 487
74 523 475
20 587 417
2 566 419
40 539 455
91 546 420
66 561 483
10 524 424
69 592 443
3 551 424
82 542 440
29 543 491
64 577 421
61 507 457
97 524 465
54 504 494
67 548 428
12 533 403
84 584 454
76 592 468
58 585 490
91 540 461
43 590 414
70 573 458
43 507 434
23 544 409
19 521 419
98 579 473
24 563 419
70 596 412
15 565 411
72 597 469
79 535 447
43 570 476
44 575 434
25 503 454
68 561 423
92 581 439
57 560 417
67 516 450
44 544 486
49 560 426
67 521 439
99 538 423
44 529 463
33 574 494
1 585 402
21 547 492
23 512 432
3 553 422
93 550 550
7 517 576
99 554 555
27 520 589
78 548 511
7 563 557
52 548 555
92 570 503
54 524 546
93 576 520
49 530 523
80 532 559
22 581 507
96 547 567
33 574 549
34 539 552
73 581 582
15 578 501
98 576 526
31 506 505
61 553 587
74 523 575
20 587 517
2 566 519
40 539 555
91 546 520
66 561 583
10 524 524
69 592 543
3 551 524
82 542 540
29 543 591
64 577 521
61 507 557
97 524 565
54 504 594
67 548 528
12 533 503
84 584 554
76 592 568
58 585 590
91 540 561
43 590 514
70 573 558
43 507 534
23 544 509
19 521 519
98 579 573
24 563 519
70 596 512
15 565 511
72 597 569
79 535 547
43 570 576
44 575 534
25 503 554
68 561 523
92 581 539
57 560 517
67 516 550
44 544 586
49 560 526
67 521 539
99 538 523
44 529 563
33 574 594
1 585 502
21 547 592
23 512 532
3 553 522
93 550 650
7 517 676
99 554 655
27 520 689
78 548 611
7 563 657
52 548 655
92 570 603
54 524 646
93 576 620
49 530 623
80 532 659
22 581 607
96 547 667
33 574 649
34 539 652
73 581 682
15 578 601
98 576 626
31 506 605
61 553 687
74 523 675
20 587 617
2 566 619
40 539 655
91 546 620
66 561 683
10 524 624
69 592 643
3 551 624
82 542 640
29 543 691
64 577 621
61 507 657
97 524 665
54 504 694
67 548 628
12 533 603
84 584 654
76 592 668
58 585 690
91 540 661
43 590 614
70 573 658
43 507 634
23 544 609
19 521 619
98 579 673
24 563 619
70 596 612
15 565 611
72 597 669
79 535 647
43 570 676
44 575 634
25 503 654
68 561 623
92 581 639
57 560 617
67 516 650
44 544 686
49 560 626
67 521 639
99 538 623
44 529 663
33 574 694
1 585 602
21 547 692
23 512 632
3 553 622
93 550 750
7 517 776
99 554 755
27 520 789
78 548 711
7 563 757
52 548 755
92 570 703
54 524 746
93 576 720
49 530 723
80 532 759
22 581 707
96 547 767
33 574 749
34 539 752
73 581 782
15 578 701
98 576 726
31 506 705
61 553 787
74 523 775
20 587 717
2 566 719
40 539 755
91 546 720
66 561 783
10 524 724
69 592 743
3 551 724
82 542 740
29 543 791
64 577 721
61 507 757
97 524 765
54 504 794
67 548 728
12 533 703
84 584 754
76 592 768
58 585 790
91 540 761
43 590 714
70 573 758
43 507 734
23 544 709
19 521 719
98 579 773
24 563 719
70 596 712
15 565 711
72 597 769
79 535 747
43 570 776
44 575 734
25 503 754
68 561 723
92 581 739
57 560 717
67 516 750
44 544 786
49 560 726
67 521 739
99 538 723
44 529 763
33 574 794
1 585 702
21 547 792
23 512 732
3 553 722
93 550 850
7 517 876
99 554 855
27 520 889
78 548 811
7 563 857
52 548 855
92 570 803
54 524 846
93 576 820
49 530 823
80 532 859
22 581 807
96 547 867
33 574 849
34 539 852
73 581 882
15 578 801
98 576 826
31 506 805
61 553 887
74 523 875
20 587 817
2 566 819
40 539 855
91 546 820
66 561 883
10 524 824
69 592 843
3 551 824
82 542 840
29 543 891
64 577 821
61 507 857
97 524 865
54 504 894
67 548 828
12 533 803
84 584 854
76 592 868
58 585 890
91 540 861
43 590 814
70 573 858
43 507 834
23 544 809
19 521 819
98 579 873
24 563 819
70 596 812
15 565 811
72 597 869
79 535 847
43 570 876
44 575 834
25 503 854
68 561 823
92 581 839
57 560 817
67 516 850
44 544 886
49 560 826
67 521 839
99 538 823
44 529 863
33 574 894
1 585 802
21 547 892
23 512 832
3 553 822
93 550 950
7 517 976
99 554 955
27 520 989
78 548 911
7 563 957
52 548 955
92 570 903
54 524 946
93 576 920
49 530 923
80 532 959
22 581 907
96 547 967
33 574 949
34 539 952
73 581 982
15 578 901
98 576 926
31 506 905
61 553 987
74 523 975
20 587 917
2 566 919
40 539 955
91 546 920
66 561 983
10 524 924
69 592 943
3 551 924
82 542 940
29 543 991
64 577 921
61 507 957
97 524 965
54 504 994
67 548 928
12 533 903
84 584 954
76 592 968
58 585 990
91 540 961
43 590 914
70 573 958
43 507 934
23 544 909
19 521 919
98 579 973
24 563 919
70 596 912
15 565 911
72 597 969
79 535 947
43 570 976
44 575 934
25 503 954
68 561 923
92 581 939
57 560 917
67 516 950
44 544 986
49 560 926
67 521 939
99 538 923
44 529 963
33 574 994
1 585 902
21 547 992
23 512 932
3 553 922
93 650 50
7 617 76
99 654 55
27 620 89
78 648 11
7 663 57
52 648 55
92 670 3
54 624 46
93 676 20
49 630 23
80 632 59
22 681 7
96 647 67
33 674 49
34 639 52
73 681 82
15 678 1
98 676 26
31 606 5
61 653 87
74 623 75
20 687 17
2 666 19
40 639 55
91 646 20
66 661 83
10 624 24
69 692 43
3 651 24
82 642 40
29 643 91
64 677 21
61 607 57
97 624 65
54 604 94
67 648 28
12 633 3
84 684 54
76 692 68
58 685 90
91 640 61
43 690 14
70 673 58
43 607 34
23 644 9
19 621 19
98 679 73
24 663 19
70 696 12
15 665 11
72 697 69
79 635 47
43 670 76
44 675 34
25 603 54
68 661 23
92 681 39
57 660 17
67 616 50
44 644 86
49 660 26
67 621 39
99 638 23
44 629 63
33 674 94
1 685 2
21 647 92
23 612 32
3 653 22
93 650 150
7 617 176
99 654 155
27 620 189
78 648 111
7 663 157
52 648 155
92 670 103
54 624 146
93 676 120
49 630 123
80 632 159
22 681 107
96 647 167
33 674 149
34 639 152
73 681 182
15 678 101
98 676 126
31 606 105
61 653 187
74 623 175
20 687 117
2 666 119
40 639 155
91 646 120
66 661 183
10 624 124
69 692 143
3 651 124
82 642 140
29 643 191
64 677 121
61 607 157
97 624 165
54 604 194
67 648 128
12 633 103
84 684 154
76 692 168
58 685 190
91 640 161
43 690 114
70 673 158
43 607 134
23 644 109
19 621 119
98 679 173
24 663 119
70 696 112
15 665 111
72 697 169
79 635 147
43 670 176
44 675 134
25 603 154
68 661 123
92 681 139
57 660 117
67 616 150
44 644 186
49 660 126
67 621 139
99 638 123
44 629 163
33 674 194
1 685 102
21 647 192
23 612 132
3 653 122
93 650 250
7 617 276
99 654 255
27 620 289
78 648 211
7 663 257
52 648 255
92 670 203
54 624 246
93 676 220
49 630 223
80 632 259
22 681 207
96 647 267
33 674 249
34 639 252
73 681 282
15 678 201
98 676 226
31 606 205
61 653 287
74 623 275
20 687 217
2 666 219
40 639 255
91 646 220
66 661 283
10 624 224
69 692 243
3 651 224
82 642 240
29 643 291
64 677 221
61 607 257
97 624 265
54 604 294
67 648 228
12 633 203
84 684 254
76 692 268
58 685 290
91 640 261
43 690 214
70 673 258
43 607 234
23 644 209
19 621 219
98 679 273
24 663 219
70 696 212
15 665 211
72 697 269
79 635 247
43 670 276
44 675 234
25 603 254
68 661 223
92 681 239
57 660 217
67 616 250
44 644 286
49 660 226
67 621 239
99 638 223
44 629 263
33 674 294
1 685 202
21 647 292
23 612 232
3 653 222
93 650 350
7 617 376
99 654 355
27 620 389
78 648 311
7 663 357
52 648 355
92 670 303
54 624 346
93 676 320
49 630 323
80 632 359
22 681 307
96 647 367
33 674 349
34 639 352
73 681 382
15 678 301
98 676 326
31 606 305
61 653 387
74 623 375
20 687 317
2 666 319
40 639 355
91 646 320
66 661 383
10 624 324
69 692 343
3 651 324
82 642 340
29 643 391
64 677 321
61 607 357
97 624 365
54 604 394
67 648 328
12 633 303
84 684 354
76 692 368
58 685 390
91 640 361
43 690 314
70 673 358
43 607 334
23 644 309
19 621 319
98 679 373
24 663 319
70 696 312
15 665 311
72 697 369
79 635 347
43 670 376
44 675 334
25 603 354
68 661 323
92 681 339
57 660 317
67 616 350
44 644 386
49 660 326
67 621 339
99 638 323
44 629 363
33 674 394
1 685 302
21 647 392
23 612 332
3 653 322
93 650 450
7 617 476
99 654 455
27 620 489
78 648 411
7 663 457
52 648 455
92 670 403
54 624 446
93 676 420
49 630 423
80 632 459
22 681 407
96 647 467
33 674 449
34 639 452
73 681 482
15 678 401
98 676 426
31 606 405
61 653 487
74 623 475
20 687 417
2 666 419
40 639 455
91 646 420
66 661 483
10 624 424
69 692 443
3 651 424
82 642 440
29 643 491
64 677 421
61 607 457
97 624 465
54 604 494
67 648 428
12 633 403
84 684 454
76 692 468
58 685 490
91 640 461
43 690 414
70 673 458
43 607 434
23 644 409
19 621 419
98 679 473
24 663 419
70 696 412
15 665 411
72 697 469
79 635 447
43 670 476
44 675 434
25 603 454
68 661 423
92 681 439
57 660 417
67 616 450
44 644 486
49 660 426
67 621 439
99 638 423
44 629 463
33 674 494
1 685 402
21 647 492
23 612 432
3 653 422
93 650 550
7 617 576
99 654 555
27 620 589
78 648 511
7 663 557
52 648 555
92 670 503
54 624 546
93 676 520
49 630 523
80 632 559
22 681 507
96 647 567
33 674 549
34 639 552
73 681 582
15 678 501
98 676 526
31 606 505
61 653 587
74 623 575
20 687 517
2 666 519
40 639 555
91 646 520
66 661 583
10 624 524
69 692 543
3 651 524
82 642 540
29 643 591
64 677 521
61 607 557
97 624 565
54 604 594
67 648 528
12 633 503
84 684 554
76 692 568
58 685 590
91 640 561
43 690 514
70 673 558
43 607 534
23 644 509
19 621 519
98 679 573
24 663 519
70 696 512
15 665 511
72 697 569
79 635 547
43 670 576
44 675 534
25 603 554
68 661 523
92 681 539
57 660 517
67 616 550
44 644 586
49 660 526
67 621 539
99 638 523
44 629 563
33 674 594
1 685 502
21 647 592
23 612 532
3 653 522
93 650 650
7 617 676
99 654 655
27 620 689
78 648 611
7 663 657
52 648 655
92 670 603
54 624 646
93 676 620
49 630 623
80 632 659
22 681 607
96 647 667
33 674 649
34 639 652
73 681 682
15 678 601
98 676 626
31 606 605
61 653 687
74 623 675
20 687 617
2 666 619
40 639 655
91 646 620
66 661 683
10 624 624
69 692 643
3 651 624
82 642 640
29 643 691
64 677 621
61 607 657
97 624 665
54 604 694
67 648 628
12 633 603
84 684 654
76 692 668
58 685 690
91 640 661
43 690 614
70 673 658
43 607 634
23 644 609
19 621 619
98 679 673
24 663 619
70 696 612
15 665 611
72 697 669
79 635 647
43 670 676
44 675 634
25 603 654
68 661 623
92 681 639
57 660 617
67 616 650
44 644 686
49 660 626
67 621 639
99 638 623
44 629 663
33 674 694
1 685 602
21 647 692
23 612 632
3 653 622
93 650 750
7 617 776
99 654 755
27 620 789
78 648 711
7 663 757
52 648 755
92 670 703
54 624 746
93 676 720
49 630 723
80 632 759
22 681 707
96 647 767
33 674 749
34 639 752
73 681 782
15 678 701
98 676 726
31 606 705
61 653 787
74 623 775
20 687 717
2 666 719
40 639 755
91 646 720
66 661 783
10 624 724
69 692 743
3 651 724
82 642 740
29 643 791
64 677 721
61 607 757
97 624 765
54 604 794
67 648 728
12 633 703
84 684 754
76 692 768
58 685 790
91 640 761
43 690 714
70 673 758
43 607 734
23 644 709
19 621 719
98 679 773
24 663 719
70 696 712
15 665 711
72 697 769
79 635 747
43 670 776
44 675 734
25 603 754
68 661 723
92 681 739
57 660 717
67 616 750
44 644 786
49 660 726
67 621 739
99 638 723
44 629 763
33 674 794
1 685 702
21 647 792
23 612 732
3 653 722
93 650 850
7 617 876
99 654 855
27 620 889
78 648 811
7 663 857
52 648 855
92 670 803
54 624 846
93 676 820
49 630 823
80 632 859
22 681 807
96 647 867
33 674 849
34 639 852
73 681 882
15 678 801
98 676 826
31 606 805
61 653 887
74 623 875
20 687 817
2 666 819
40 639 855
91 646 820
66 661 883
10 624 824
69 692 843
3 651 824
82 642 840
29 643 891
64 677 821
61 607 857
97 624 865
54 604 894
67 648 828
12 633 803
84 684 854
76 692 868
58 685 890
91 640 861
43 690 814
70 673 858
43 607 834
23 644 809
19 621 819
98 679 873
24 663 819
70 696 812
15 665 811
72 697 869
79 635 847
43 670 876
44 675 834
25 603 854
68 661 823
92 681 839
57 660 817
67 616 850
44 644 886
49 660 826
67 621 839
99 638 823
44 629 863
33 674 894
1 685 802
21 647 892
23 612 832
3 653 822
93 650 950
7 617 976
99 654 955
27 620 989
78 648 911
7 663 957
52 648 955
92 670 903
54 624 946
93 676 920
49 630 923
80 632 959
22 681 907
96 647 967
33 674 949
34 639 952
73 681 982
15 678 901
98 676 926
31 606 905
61 653 987
74 623 975
20 687 917
2 666 919
40 639 955
91 646 920
66 661 983
10 624 924
69 692 943
3 651 924
82 642 940
29 643 991
64 677 921
61 607 957
97 624 965
54 604 994
67 648 928
12 633 903
84 684 954
76 692 968
58 685 990
91 640 961
43 690 914
70 673 958
43 607 934
23 644 909
19 621 919
98 679 973
24 663 919
70 696 912
15 665 911
72 697 969
79 635 947
43 670 976
44 675 934
25 603 954
68 661 923
92 681 939
57 660 917
67 616 950
44 644 986
49 660 926
67 621 939
99 638 923
44 629 963
33 674 994
1 685 902
21 647 992
23 612 932
3 653 922
93 750 50
7 717 76
99 754 55
27 720 89
78 748 11
7 763 57
52 748 55
92 770 3
54 724 46
93 776 20
49 730 23
80 732 59
22 781 7
96 747 67
33 774 49
34 739 52
73 781 82
15 778 1
98 776 26
31 706 5
61 753 87
74 723 75
20 787 17
2 766 19
40 739 55
91 746 20
66 761 83
10 724 24
69 792 43
3 751 24
82 742 40
29 743 91
64 777 21
61 707 57
97 724 65
54 704 94
67 748 28
12 733 3
84 784 54
76 792 68
58 785 90
91 740 61
43 790 14
70 773 58
43 707 34
23 744 9
19 721 19
98 779 73
24 763 19
70 796 12
15 765 11
72 797 69
79 735 47
43 770 76
44 775 34
25 703 54
68 761 23
92 781 39
57 760 17
67 716 50
44 744 86
49 760 26
67 721 39
99 738 23
44 729 63
33 774 94
1 785 2
21 747 92
23 712 32
3 753 22
93 750 150
7 717 176
99 754 155
27 720 189
78 748 111
7 763 157
52 748 155
92 770 103
54 724 146
93 776 120
49 730 123
80 732 159
22 781 107
96 747 167
33 774 149
34 739 152
73 781 182
15 778 101
98 776 126
31 706 105
61 753 187
74 723 175
20 787 117
2 766 119
40 739 155
91 746 120
66 761 183
10 724 124
69 792 143
3 751 124
82 742 140
29 743 191
64 777 121
61 707 157
97 724 165
54 704 194
67 748 128
12 733 103
84 784 154
76 792 168
58 785 190
91 740 161
43 790 114
70 773 158
43 707 134
23 744 109
19 721 119
98 779 173
24 763 119
70 796 112
15 765 111
72 797 169
79 735 147
43 770 176
44 775 134
25 703 154
68 761 123
92 781 139
57 760 117
67 716 150
44 744 186
49 760 126
67 721 139
99 738 123
44 729 163
33 774 194
1 785 102
21 747 192
23 712 132
3 753 122
93 750 250
7 717 276
99 754 255
27 720 289
78 748 211
7 763 257
52 748 255
92 770 203
54 724 246
93 776 220
49 730 223
80 732 259
22 781 207
96 747 267
33 774 249
34 739 252
73 781 282
15 778 201
98 776 226
31 706 205
61 753 287
74 723 275
20 787 217
2 766 219
40 739 255
91 746 220
66 761 283
10 724 224
69 792 243
3 751 224
82 742 240
29 743 291
64 777 221
61 707 257
97 724 265
54 704 294
67 748 228
12 733 203
84 784 254
76 792 268
58 785 290
91 740 261
43 790 214
70 773 258
43 707 234
23 744 209
19 721 219
98 779 273
24 763 219
70 796 212
15 765 211
72 797 269
79 735 247
43 770 276
44 775 234
25 703 254
68 761 223
92 781 239
57 760 217
67 716 250
44 744 286
49 760 226
67 721 239
99 738 223
44 729 263
33 774 294
1 785 202
21 747 292
23 712 232
3 753 222
93 750 350
7 717 376
99 754 355
27 720 389
78 748 311
7 763 357
52 748 355
92 770 303
54 724 346
93 776 320
49 730 323
80 732 359
22 781 307
96 747 367
33 774 349
34 739 352
73 781 382
15 778 301
98 776 326
31 706 305
61 753 387
74 723 375
20 787 317
2 766 319
40 739 355
91 746 320
66 761 383
10 724 324
69 792 343
3 751 324
82 742 340
29 743 391
64 777 321
61 707 357
97 724 365
54 704 394
67 748 328
12 733 303
84 784 354
76 792 368
58 785 390
91 740 361
43 790 314
70 773 358
43 707 334
23 744 309
19 721 319
98 779 373
24 763 319
70 796 312
15 765 311
72 797 369
79 735 347
43 770 376
44 775 334
25 703 354
68 761 323
92 781 339
57 760 317
67 716 350
44 744 386
49 760 326
67 721 339
99 738 323
44 729 363
33 774 394
1 785 302
21 747 392
23 712 332
3 753 322
93 750 450
7 717 476
99 754 455
27 720 489
78 748 411
7 763 457
52 748 455
92 770 403
54 724 446
93 776 420
49 730 423
80 732 459
22 781 407
96 747 467
33 774 449
34 739 452
73 781 482
15 778 401
98 776 426
31 706 405
61 753 487
74 723 475
20 787 417
2 766 419
40 739 455
91 746 420
66 761 483
10 724 424
69 792 443
3 751 424
82 742 440
29 743 491
64 777 421
61 707 457
97 724 465
54 704 494
67 748 428
12 733 403
84 784 454
76 792 468
58 785 490
91 740 461
43 790 414
70 773 458
43 707 434
23 744 409
19 721 419
98 779 473
24 763 419
70 796 412
15 765 411
72 797 469
79 735 447
43 770 476
44 775 434
25 703 454
68 761 423
92 781 439
57 760 417
67 716 450
44 744 486
49 760 426
67 721 439
99 738 423
44 729 463
33 774 494
1 785 402
21 747 492
23 712 432
3 753 422
93 750 550
7 717 576
99 754 555
27 720 589
78 748 511
7 763 557
52 748 555
92 770 503
54 724 546
93 776 520
49 730 523
80 732 559
22 781 507
96 747 567
33 774 549
34 739 552
73 781 582
15 778 501
98 776 526
31 706 505
61 753 587
74 723 575
20 787 517
2 766 519
40 739 555
91 746 520
66 761 583
10 724 524
69 792 543
3 751 524
82 742 540
29 743 591
64 777 521
61 707 557
97 724 565
54 704 594
67 748 528
12 733 503
84 784 554
76 792 568
58 785 590
91 740 561
43 790 514
70 773 558
43 707 534
23 744 509
19 721 519
98 779 573
24 763 519
70 796 512
15 765 511
72 797 569
79 735 547
43 770 576
44 775 534
25 703 554
68 761 523
92 781 539
57 760 517
67 716 550
44 744 586
49 760 526
67 721 539
99 738 523
44 729 563
33 774 594
1 785 502
21 747 592
23 712 532
3 753 522
93 750 650
7 717 676
99 754 655
27 720 689
78 748 611
7 763 657
52 748 655
92 770 603
54 724 646
93 776 620
49 730 623
80 732 659
22 781 607
96 747 667
33 774 649
34 739 652
73 781 682
15 778 601
98 776 626
31 706 605
61 753 687
74 723 675
20 787 617
2 766 619
40 739 655
91 746 620
66 761 683
10 724 624
69 792 643
3 751 624
82 742 640
29 743 691
64 777 621
61 707 657
97 724 665
54 704 694
67 748 628
12 733 603
84 784 654
76 792 668
58 785 690
91 740 661
43 790 614
70 773 658
43 707 634
23 744 609
19 721 619
98 779 673
24 763 619
70 796 612
15 765 611
72 797 669
79 735 647
43 770 676
44 775 634
25 703 654
68 761 623
92 781 639
57 760 617
67 716 650
44 744 686
49 760 626
67 721 639
99 738 623
44 729 663
33 774 694
1 785 602
21 747 692
23 712 632
3 753 622
93 750 750
7 717 776
99 754 755
27 720 789
78 748 711
7 763 757
52 748 755
92 770 703
54 724 746
93 776 720
49 730 723
80 732 759
22 781 707
96 747 767
33 774 749
34 739 752
73 781 782
15 778 701
98 776 726
31 706 705
61 753 787
74 723 775
20 787 717
2 766 719
40 739 755
91 746 720
66 761 783
10 724 724
69 792 743
3 751 724
82 742 740
29 743 791
64 777 721
61 707 757
97 724 765
54 704 794
67 748 728
12 733 703
84 784 754
76 792 768
58 785 790
91 740 761
43 790 714
70 773 758
43 707 734
23 744 709
19 721 719
98 779 773
24 763 719
70 796 712
15 765 711
72 797 769
79 735 747
43 770 776
44 775 734
25 703 754
68 761 723
92 781 739
57 760 717
67 716 750
44 744 786
49 760 726
67 721 739
99 738 723
44 729 763
33 774 794
1 785 702
21 747 792
23 712 732
3 753 722
93 750 850
7 717 876
99 754 855
27 720 889
78 748 811
7 763 857
52 748 855
92 770 803
54 724 846
93 776 820
49 730 823
80 732 859
22 781 807
96 747 867
33 774 849
34 739 852
73 781 882
15 778 801
98 776 826
31 706 805
61 753 887
74 723 875
20 787 817
2 766 819
40 739 855
91 746 820
66 761 883
10 724 824
69 792 843
3 751 824
82 742 840
29 743 891
64 777 821
61 707 857
97 724 865
54 704 894
67 748 828
12 733 803
84 784 854
76 792 868
58 785 890
91 740 861
43 790 814
70 773 858
43 707 834
23 744 809
19 721 819
98 779 873
24 763 819
70 796 812
15 765 811
72 797 869
79 735 847
43 770 876
44 775 834
25 703 854
68 761 823
92 781 839
57 760 817
67 716 850
44 744 886
49 760 826
67 721 839
99 738 823
44 729 863
33 774 894
1 785 802
21 747 892
23 712 832
3 753 822
93 750 950
7 717 976
99 754 955
27 720 989
78 748 911
7 763 957
52 748 955
92 770 903
54 724 946
93 776 920
49 730 923
80 732 959
22 781 907
96 747 967
33 774 949
34 739 952
73 781 982
15 778 901
98 776 926
31 706 905
61 753 987
74 723 975
20 787 917
2 766 919
40 739 955
91 746 920
66 761 983
10 724 924
69 792 943
3 751 924
82 742 940
29 743 991
64 777 921
61 707 957
97 724 965
54 704 994
67 748 928
12 733 903
84 784 954
76 792 968
58 785 990
91 740 961
43 790 914
70 773 958
43 707 934
23 744 909
19 721 919
98 779 973
24 763 919
70 796 912
15 765 911
72 797 969
79 735 947
43 770 976
44 775 934
25 703 954
68 761 923
92 781 939
57 760 917
67 716 950
44 744 986
49 760 926
67 721 939
99 738 923
44 729 963
33 774 994
1 785 902
21 747 992
23 712 932
3 753 922
93 850 50
7 817 76
99 854 55
27 820 89
78 848 11
7 863 57
52 848 55
92 870 3
54 824 46
93 876 20
49 830 23
80 832 59
22 881 7
96 847 67
33 874 49
34 839 52
73 881 82
15 878 1
98 876 26
31 806 5
61 853 87
74 823 75
20 887 17
2 866 19
40 839 55
91 846 20
66 861 83
10 824 24
69 892 43
3 851 24
82 842 40
29 843 91
64 877 21
61 807 57
97 824 65
54 804 94
67 848 28
12 833 3
84 884 54
76 892 68
58 885 90
91 840 61
43 890 14
70 873 58
43 807 34
23 844 9
19 821 19
98 879 73
24 863 19
70 896 12
15 865 11
72 897 69
79 835 47
43 870 76
44 875 34
25 803 54
68 861 23
92 881 39
57 860 17
67 816 50
44 844 86
49 860 26
67 821 39
99 838 23
44 829 63
33 874 94
1 885 2
21 847 92
23 812 32
3 853 22
93 850 150
7 817 176
99 854 155
27 820 189
78 848 111
7 863 157
52 848 155
92 870 103
54 824 146
93 876 120
49 830 123
80 832 159
22 881 107
96 847 167
33 874 149
34 839 152
73 881 182
15 878 101
98 876 126
31 806 105
61 853 187
74 823 175
20 887 117
2 866 119
40 839 155
91 846 120
66 861 183
10 824 124
69 892 143
3 851 124
82 842 140
29 843 191
64 877 121
61 807 157
97 824 165
54 804 194
67 848 128
12 833 103
84 884 154
76 892 168
58 885 190
91 840 161
43 890 114
70 873 158
43 807 134
23 844 109
19 821 119
98 879 173
24 863 119
70 896 112
15 865 111
72 897 169
79 835 147
43 870 176
44 875 134
25 803 154
68 861 123
92 881 139
57 860 117
67 816 150
44 844 186
49 860 126
67 821 139
99 838 123
44 829 163
33 874 194
1 885 102
21 847 192
23 812 132
3 853 122
93 850 250
7 817 276
99 854 255
27 820 289
78 848 211
7 863 257
52 848 255
92 870 203
54 824 246
93 876 220
49 830 223
80 832 259
22 881 207
96 847 267
33 874 249
34 839 252
73 881 282
15 878 201
98 876 226
31 806 205
61 853 287
74 823 275
20 887 217
2 866 219
40 839 255
91 846 220
66 861 283
10 824 224
69 892 243
3 851 224
82 842 240
29 843 291
64 877 221
61 807 257
97 824 265
54 804 294
67 848 228
12 833 203
84 884 254
76 892 268
58 885 290
91 840 261
43 890 214
70 873 258
43 807 234
23 844 209
19 821 219
98 879 273
24 863 219
70 896 212
15 865 211
72 897 269
79 835 247
43 870 276
44 875 234
25 803 254
68 861 223
92 881 239
57 860 217
67 816 250
44 844 286
49 860 226
67 821 239
99 838 223
44 829 263
33 874 294
1 885 202
21 847 292
23 812 232
3 853 222
93 850 350
7 817 376
99 854 355
27 820 389
78 848 311
7 863 357
52 848 355
92 870 303
54 824 346
93 876 320
49 830 323
80 832 359
22 881 307
96 847 367
33 874 349
34 839 352
73 881 382
15 878 301
98 876 326
31 806 305
61 853 387
74 823 375
20 887 317
2 866 319
40 839 355
91 846 320
66 861 383
10 824 324
69 892 343
3 851 324
82 842 340
29 843 391
64 877 321
61 807 357
97 824 365
54 804 394
67 848 328
12 833 303
84 884 354
76 892 368
58 885 390
91 840 361
43 890 314
70 873 358
43 807 334
23 844 309
19 821 319
98 879 373
24 863 319
70 896 312
15 865 311
72 897 369
79 835 347
43 870 376
44 875 334
25 803 354
68 861 323
92 881 339
57 860 317
67 816 350
44 844 386
49 860 326
67 821 339
99 838 323
44 829 363
33 874 394
1 885 302
21 847 392
23 812 332
3 853 322
93 850 450
7 817 476
99 854 455
27 820 489
78 848 411
7 863 457
52 848 455
92 870 403
54 824 446
93 876 420
49 830 423
80 832 459
22 881 407
96 847 467
33 874 449
34 839 452
73 881 482
15 878 401
98 876 426
31 806 405
61 853 487
74 823 475
20 887 417
2 866 419
40 839 455
91 846 420
66 861 483
10 824 424
69 892 443
3 851 424
82 842 440
29 843 491
64 877 421
61 807 457
97 824 465
54 804 494
67 848 428
12 833 403
84 884 454
76 892 468
58 885 490
91 840 461
43 890 414
70 873 458
43 807 434
23 844 409
19 821 419
98 879 473
24 863 419
70 896 412
15 865 411
72 897 469
79 835 447
43 870 476
44 875 434
25 803 454
68 861 423
92 881 439
57 860 417
67 816 450
44 844 486
49 860 426
67 821 439
99 838 423
44 829 463
33 874 494
1 885 402
21 847 492
23 812 432
3 853 422
93 850 550
7 817 576
99 854 555
27 820 589
78 848 511
7 863 557
52 848 555
92 870 503
54 824 546
93 876 520
49 830 523
80 832 559
22 881 507
96 847 567
33 874 549
34 839 552
73 881 582
15 878 501
98 876 526
31 806 505
61 853 587
74 823 575
20 887 517
2 866 519
40 839 555
91 846 520
66 861 583
10 824 524
69 892 543
3 851 524
82 842 540
29 843 591
64 877 521
61 807 557
97 824 565
54 804 594
67 848 528
12 833 503
84 884 554
76 892 568
58 885 590
91 840 561
43 890 514
70 873 558
43 807 534
23 844 509
19 821 519
98 879 573
24 863 519
70 896 512
15 865 511
72 897 569
79 835 547
43 870 576
44 875 534
25 803 554
68 861 523
92 881 539
57 860 517
67 816 550
44 844 586
49 860 526
67 821 539
99 838 523
44 829 563
33 874 594
1 885 502
21 847 592
23 812 532
3 853 522
93 850 650
7 817 676
99 854 655
27 820 689
78 848 611
7 863 657
52 848 655
92 870 603
54 824 646
93 876 620
49 830 623
80 832 659
22 881 607
96 847 667
33 874 649
34 839 652
73 881 682
15 878 601
98 876 626
31 806 605
61 853 687
74 823 675
20 887 617
2 866 619
40 839 655
91 846 620
66 861 683
10 824 624
69 892 643
3 851 624
82 842 640
29 843 691
64 877 621
61 807 657
97 824 665
54 804 694
67 848 628
12 833 603
84 884 654
76 892 668
58 885 690
91 840 661
43 890 614
70 873 658
43 807 634
23 844 609
19 821 619
98 879 673
24 863 619
70 896 612
15 865 611
72 897 669
79 835 647
43 870 676
44 875 634
25 803 654
68 861 623
92 881 639
57 860 617
67 816 650
44 844 686
49 860 626
67 821 639
99 838 623
44 829 663
33 874 694
1 885 602
21 847 692
23 812 632
3 853 622
93 850 750
7 817 776
99 854 755
27 820 789
78 848 711
7 863 757
52 848 755
92 870 703
54 824 746
93 876 720
49 830 723
80 832 759
22 881 707
96 847 767
33 874 749
34 839 752
73 881 782
15 878 701
98 876 726
31 806 705
61 853 787
74 823 775
20 887 717
2 866 719
40 839 755
91 846 720
66 861 783
10 824 724
69 892 743
3 851 724
82 842 740
29 843 791
64 877 721
61 807 757
97 824 765
54 804 794
67 848 728
12 833 703
84 884 754
76 892 768
58 885 790
91 840 761
43 890 714
70 873 758
43 807 734
23 844 709
19 821 719
98 879 773
24 863 719
70 896 712
15 865 711
72 897 769
79 835 747
43 870 776
44 875 734
25 803 754
68 861 723
92 881 739
57 860 717
67 816 750
44 844 786
49 860 726
67 821 739
99 838 723
44 829 763
33 874 794
1 885 702
21 847 792
23 812 732
3 853 722
93 850 850
7 817 876
99 854 855
27 820 889
78 848 811
7 863 857
52 848 855
92 870 803
54 824 846
93 876 820
49 830 823
80 832 859
22 881 807
96 847 867
33 874 849
34 839 852
73 881 882
15 878 801
98 876 826
31 806 805
61 853 887
74 823 875
20 887 817
2 866 819
40 839 855
91 846 820
66 861 883
10 824 824
69 892 843
3 851 824
82 842 840
29 843 891
64 877 821
61 807 857
97 824 865
54 804 894
67 848 828
12 833 803
84 884 854
76 892 868
58 885 890
91 840 861
43 890 814
70 873 858
43 807 834
23 844 809
19 821 819
98 879 873
24 863 819
70 896 812
15 865 811
72 897 869
79 835 847
43 870 876
44 875 834
25 803 854
68 861 823
92 881 839
57 860 817
67 816 850
44 844 886
49 860 826
67 821 839
99 838 823
44 829 863
33 874 894
1 885 802
21 847 892
23 812 832
3 853 822
93 850 950
7 817 976
99 854 955
27 820 989
78 848 911
7 863 957
52 848 955
92 870 903
54 824 946
93 876 920
49 830 923
80 832 959
22 881 907
96 847 967
33 874 949
34 839 952
73 881 982
15 878 901
98 876 926
31 806 905
61 853 987
74 823 975
20 887 917
2 866 919
40 839 955
91 846 920
66 861 983
10 824 924
69 892 943
3 851 924
82 842 940
29 843 991
64 877 921
61 807 957
97 824 965
54 804 994
67 848 928
12 833 903
84 884 954
76 892 968
58 885 990
91 840 961
43 890 914
70 873 958
43 807 934
23 844 909
19 821 919
98 879 973
24 863 919
70 896 912
15 865 911
72 897 969
79 835 947
43 870 976
44 875 934
25 803 954
68 861 923
92 881 939
57 860 917
67 816 950
44 844 986
49 860 926
67 821 939
99 838 923
44 829 963
33 874 994
1 885 902
21 847 992
23 812 932
3 853 922
93 950 50
7 917 76
99 954 55
27 920 89
78 948 11
7 963 57
52 948 55
92 970 3
54 924 46
93 976 20
49 930 23
80 932 59
22 981 7
96 947 67
33 974 49
34 939 52
73 981 82
15 978 1
98 976 26
31 906 5
61 953 87
74 923 75
20 987 17
2 966 19
40 939 55
91 946 20
66 961 83
10 924 24
69 992 43
3 951 24
82 942 40
29 943 91
64 977 21
61 907 57
97 924 65
54 904 94
67 948 28
12 933 3
84 984 54
76 992 68
58 985 90
91 940 61
43 990 14
70 973 58
43 907 34
23 944 9
19 921 19
98 979 73
24 963 19
70 996 12
15 965 11
72 997 69
79 935 47
43 970 76
44 975 34
25 903 54
68 961 23
92 981 39
57 960 17
67 916 50
44 944 86
49 960 26
67 921 39
99 938 23
44 929 63
33 974 94
1 985 2
21 947 92
23 912 32
3 953 22
93 950 150
7 917 176
99 954 155
27 920 189
78 948 111
7 963 157
52 948 155
92 970 103
54 924 146
93 976 120
49 930 123
80 932 159
22 981 107
96 947 167
33 974 149
34 939 152
73 981 182
15 978 101
98 976 126
31 906 105
61 953 187
74 923 175
20 987 117
2 966 119
40 939 155
91 946 120
66 961 183
10 924 124
69 992 143
3 951 124
82 942 140
29 943 191
64 977 121
61 907 157
97 924 165
54 904 194
67 948 128
12 933 103
84 984 154
76 992 168
58 985 190
91 940 161
43 990 114
70 973 158
43 907 134
23 944 109
19 921 119
98 979 173
24 963 119
70 996 112
15 965 111
72 997 169
79 935 147
43 970 176
44 975 134
25 903 154
68 961 123
92 981 139
57 960 117
67 916 150
44 944 186
49 960 126
67 921 139
99 938 123
44 929 163
33 974 194
1 985 102
21 947 192
23 912 132
3 953 122
93 950 250
7 917 276
99 954 255
27 920 289
78 948 211
7 963 257
52 948 255
92 970 203
54 924 246
93 976 220
49 930 223
80 932 259
22 981 207
96 947 267
33 974 249
34 939 252
73 981 282
15 978 201
98 976 226
31 906 205
61 953 287
74 923 275
20 987 217
2 966 219
40 939 255
91 946 220
66 961 283
10 924 224
69 992 243
3 951 224
82 942 240
29 943 291
64 977 221
61 907 257
97 924 265
54 904 294
67 948 228
12 933 203
84 984 254
76 992 268
58 985 290
91 940 261
43 990 214
70 973 258
43 907 234
23 944 209
19 921 219
98 979 273
24 963 219
70 996 212
15 965 211
72 997 269
79 935 247
43 970 276
44 975 234
25 903 254
68 961 223
92 981 239
57 960 217
67 916 250
44 944 286
49 960 226
67 921 239
99 938 223
44 929 263
33 974 294
1 985 202
21 947 292
23 912 232
3 953 222
93 950 350
7 917 376
99 954 355
27 920 389
78 948 311
7 963 357
52 948 355
92 970 303
54 924 346
93 976 320
49 930 323
80 932 359
22 981 307
96 947 367
33 974 349
34 939 352
73 981 382
15 978 301
98 976 326
31 906 305
61 953 387
74 923 375
20 987 317
2 966 319
40 939 355
91 946 320
66 961 383
10 924 324
69 992 343
3 951 324
82 942 340
29 943 391
64 977 321
61 907 357
97 924 365
54 904 394
67 948 328
12 933 303
84 984 354
76 992 368
58 985 390
91 940 361
43 990 314
70 973 358
43 907 334
23 944 309
19 921 319
98 979 373
24 963 319
70 996 312
15 965 311
72 997 369
79 935 347
43 970 376
44 975 334
25 903 354
68 961 323
92 981 339
57 960 317
67 916 350
44 944 386
49 960 326
67 921 339
99 938 323
44 929 363
33 974 394
1 985 302
21 947 392
23 912 332
3 953 322
93 950 450
7 917 476
99 954 455
27 920 489
78 948 411
7 963 457
52 948 455
92 970 403
54 924 446
93 976 420
49 930 423
80 932 459
22 981 407
96 947 467
33 974 449
34 939 452
73 981 482
15 978 401
98 976 426
31 906 405
61 953 487
74 923 475
20 987 417
2 966 419
40 939 455
91 946 420
66 961 483
10 924 424
69 992 443
3 951 424
82 942 440
29 943 491
64 977 421
61 907 457
97 924 465
54 904 494
67 948 428
12 933 403
84 984 454
76 992 468
58 985 490
91 940 461
43 990 414
70 973 458
43 907 434
23 944 409
19 921 419
98 979 473
24 963 419
70 996 412
15 965 411
72 997 469
79 935 447
43 970 476
44 975 434
25 903 454
68 961 423
92 981 439
57 960 417
67 916 450
44 944 486
49 960 426
67 921 439
99 938 423
44 929 463
33 974 494
1 985 402
21 947 492
23 912 432
3 953 422
93 950 550
7 917 576
99 954 555
27 920 589
78 948 511
7 963 557
52 948 555
92 970 503
54 924 546
93 976 520
49 930 523
80 932 559
22 981 507
96 947 567
33 974 549
34 939 552
73 981 582
15 978 501
98 976 526
31 906 505
61 953 587
74 923 575
20 987 517
2 966 519
40 939 555
91 946 520
66 961 583
10 924 524
69 992 543
3 951 524
82 942 540
29 943 591
64 977 521
61 907 557
97 924 565
54 904 594
67 948 528
12 933 503
84 984 554
76 992 568
58 985 590
91 940 561
43 990 514
70 973 558
43 907 534
23 944 509
19 921 519
98 979 573
24 963 519
70 996 512
15 965 511
72 997 569
79 935 547
43 970 576
44 975 534
25 903 554
68 961 523
92 981 539
57 960 517
67 916 550
44 944 586
49 960 526
67 921 539
99 938 523
44 929 563
33 974 594
1 985 502
21 947 592
23 912 532
3 953 522
93 950 650
7 917 676
99 954 655
27 920 689
78 948 611
7 963 657
52 948 655
92 970 603
54 924 646
93 976 620
49 930 623
80 932 659
22 981 607
96 947 667
33 974 649
34 939 652
73 981 682
15 978 601
98 976 626
31 906 605
61 953 687
74 923 675
20 987 617
2 966 619
40 939 655
91 946 620
66 961 683
10 924 624
69 992 643
3 951 624
82 942 640
29 943 691
64 977 621
61 907 657
97 924 665
54 904 694
67 948 628
12 933 603
84 984 654
76 992 668
58 985 690
91 940 661
43 990 614
70 973 658
43 907 634
23 944 609
19 921 619
98 979 673
24 963 619
70 996 612
15 965 611
72 997 669
79 935 647
43 970 676
44 975 634
25 903 654
68 961 623
92 981 639
57 960 617
67 916 650
44 944 686
49 960 626
67 921 639
99 938 623
44 929 663
33 974 694
1 985 602
21 947 692
23 912 632
3 953 622
93 950 750
7 917 776
99 954 755
27 920 789
78 948 711
7 963 757
52 948 755
92 970 703
54 924 746
93 976 720
49 930 723
80 932 759
22 981 707
96 947 767
33 974 749
34 939 752
73 981 782
15 978 701
98 976 726
31 906 705
61 953 787
74 923 775
20 987 717
2 966 719
40 939 755
91 946 720
66 961 783
10 924 724
69 992 743
3 951 724
82 942 740
29 943 791
64 977 721
61 907 757
97 924 765
54 904 794
67 948 728
12 933 703
84 984 754
76 992 768
58 985 790
91 940 761
43 990 714
70 973 758
43 907 734
23 944 709
19 921 719
98 979 773
24 963 719
70 996 712
15 965 711
72 997 769
79 935 747
43 970 776
44 975 734
25 903 754
68 961 723
92 981 739
57 960 717
67 916 750
44 944 786
49 960 726
67 921 739
99 938 723
44 929 763
33 974 794
1 985 702
21 947 792
23 912 732
3 953 722
93 950 850
7 917 876
99 954 855
27 920 889
78 948 811
7 963 857
52 948 855
92 970 803
54 924 846
93 976 820
49 930 823
80 932 859
22 981 807
96 947 867
33 974 849
34 939 852
73 981 882
15 978 801
98 976 826
31 906 805
61 953 887
74 923 875
20 987 817
2 966 819
40 939 855
91 946 820
66 961 883
10 924 824
69 992 843
3 951 824
82 942 840
29 943 891
64 977 821
61 907 857
97 924 865
54 904 894
67 948 828
12 933 803
84 984 854
76 992 868
58 985 890
91 940 861
43 990 814
70 973 858
43 907 834
23 944 809
19 921 819
98 979 873
24 963 819
70 996 812
15 965 811
72 997 869
79 935 847
43 970 876
44 975 834
25 903 854
68 961 823
92 981 839
57 960 817
67 916 850
44 944 886
49 960 826
67 921 839
99 938 823
44 929 863
33 974 894
1 985 802
21 947 892
23 912 832
3 953 822
93 950 950
7 917 976
99 954 955
27 920 989
78 948 911
7 963 957
52 948 955
92 970 903
54 924 946
93 976 920
49 930 923
80 932 959
22 981 907
96 947 967
33 974 949
34 939 952
73 981 982
15 978 901
98 976 926
31 906 905
61 953 987
74 923 975
20 987 917
2 966 919
40 939 955
91 946 920
66 961 983
10 924 924
69 992 943
3 951 924
82 942 940
29 943 991
64 977 921
61 907 957
97 924 965
54 904 994
67 948 928
12 933 903
84 984 954
76 992 968
58 985 990
91 940 961
43 990 914
70 973 958
43 907 934
23 944 909
19 921 919
98 979 973
24 963 919
70 996 912
15 965 911
72 997 969
79 935 947
43 970 976
44 975 934
25 903 954
68 961 923
92 981 939
57 960 917
67 916 950
44 944 986
49 960 926
67 921 939
99 938 923
44 929 963
33 974 994
1 985 902
21 947 992
23 912 932
3 953 922
158 48 47
158 43 58
148 27 23
112 63 55
191 30 60
161 84 92
198 34 62
150 68 5
180 52 52
158 48 147
158 43 158
148 27 123
112 63 155
191 30 160
161 84 192
198 34 162
150 68 105
180 52 152
158 48 247
158 43 258
148 27 223
112 63 255
191 30 260
161 84 292
198 34 262
150 68 205
180 52 252
158 48 347
158 43 358
148 27 323
112 63 355
191 30 360
161 84 392
198 34 362
150 68 305
180 52 352
158 48 447
158 43 458
148 27 423
112 63 455
191 30 460
161 84 492
198 34 462
150 68 405
180 52 452
158 48 547
158 43 558
148 27 523
112 63 555
191 30 560
161 84 592
198 34 562
150 68 505
180 52 552
158 48 647
158 43 658
148 27 623
112 63 655
191 30 660
161 84 692
198 34 662
150 68 605
180 52 652
158 48 747
158 43 758
148 27 723
112 63 755
191 30 760
161 84 792
198 34 762
150 68 705
180 52 752
158 48 847
158 43 858
148 27 823
112 63 855
191 30 860
161 84 892
198 34 862
150 68 805
180 52 852
158 48 947
158 43 958
148 27 923
112 63 955
191 30 960
161 84 992
198 34 962
150 68 905
180 52 952
158 148 47
158 143 58
148 127 23
112 163 55
191 130 60
161 184 92
198 134 62
150 168 5
180 152 52
158 148 147
158 143 158
148 127 123
112 163 155
191 130 160
161 184 192
198 134 162
150 168 105
180 152 152
158 148 247
158 143 258
148 127 223
112 163 255
191 130 260
161 184 292
198 134 262
150 168 205
180 152 252
158 148 347
158 143 358
148 127 323
112 163 355
191 130 360
161 184 392
198 134 362
150 168 305
180 152 352
158 148 447
158 143 458
148 127 423
112 163 455
191 130 460
161 184 492
198 134 462
150 168 405
180 152 452
158 148 547
158 143 558
148 127 523
112 163 555
191 130 560
161 184 592
198 134 562
150 168 505
180 152 552
158 148 647
158 143 658
148 127 623
112 163 655
191 130 660
161 184 692
198 134 662
150 168 605
180 152 652
158 148 747
158 143 758
148 127 723
112 163 755
191 130 760
161 184 792
198 134 762
150 168 705
180 152 752
158 148 847
158 143 858
148 127 823
112 163 855
191 130 860
161 184 892
198 134 862
150 168 805
180 152 852
158 148 947
158 143 958
148 127 923
112 163 955
191 130 960
161 184 992
198 134 962
150 168 905
180 152 952
158 248 47
158 243 58
148 227 23
112 263 55
191 230 60
161 284 92
198 234 62
150 268 5
180 252 52
158 248 147
158 243 158
148 227 123
112 263 155
191 230 160
161 284 192
198 234 162
150 268 105
180 252 152
158 248 247
158 243 258
148 227 223
112 263 255
191 230 260
161 284 292
198 234 262
150 268 205
180 252 252
158 248 347
158 243 358
148 227 323
112 263 355
191 230 360
161 284 392
198 234 362
150 268 305
180 252 352
158 248 447
158 243 458
148 227 423
112 263 455
191 230 460
161 284 492
198 234 462
150 268 405
180 252 452
158 248 547
158 243 558
148 227 523
112 263 555
191 230 560
161 284 592
198 234 562
150 268 505
180 252 552
158 248 647
158 243 658
148 227 623
112 263 655
191 230 660
161 284 692
198 234 662
150 268 605
180 252 652
158 248 747
158 243 758
148 227 723
112 263 755
191 230 760
161 284 792
198 234 762
150 268 705
180 252 752
158 248 847
158 243 858
148 227 823
112 263 855
191 230 860
161 284 892
198 234 862
150 268 805
180 252 852
158 248 947
158 243 958
148 227 923
112 263 955
191 230 960
161 284 992
198 234 962
150 268 905
180 252 952
158 348 47
158 343 58
148 327 23
112 363 55
191 330 60
161 384 92
198 334 62
150 368 5
180 352 52
158 348 147
158 343 158
148 327 123
112 363 155
191 330 160
161 384 192
198 334 162
150 368 105
180 352 152
158 348 247
158 343 258
148 327 223
112 363 255
191 330 260
161 384 292
198 334 262
150 368 205
180 352 252
158 348 347
158 343 358
148 327 323
112 363 355
191 330 360
161 384 392
198 334 362
150 368 305
180 352 352
158 348 447
158 343 458
148 327 423
112 363 455
191 330 460
161 384 492
198 334 462
150 368 405
180 352 452
158 348 547
158 343 558
148 327 523
112 363 555
191 330 560
161 384 592
198 334 562
150 368 505
180 352 552
158 348 647
158 343 658
148 327 623
112 363 655
191 330 660
161 384 692
198 334 662
150 368 605
180 352 652
158 348 747
158 343 758
148 327 723
112 363 755
191 330 760
161 384 792
198 334 762
150 368 705
180 352 752
158 348 847
158 343 858
148 327 823
112 363 855
191 330 860
161 384 892
198 334 862
150 368 805
180 352 852
158 348 947
158 343 958
148 327 923
112 363 955
191 330 960
161 384 992
198 334 962
150 368 905
180 352 952
158 448 47
158 443 58
148 427 23
112 463 55
191 430 60
161 484 92
198 434 62
150 468 5
180 452 52
158 448 147
158 443 158
148 427 123
112 463 155
191 430 160
161 484 192
198 434 162
150 468 105
180 452 152
158 448 247
158 443 258
148 427 223
112 463 255
191 430 260
161 484 292
198 434 262
150 468 205
180 452 252
158 448 347
158 443 358
148 427 323
112 463 355
191 430 360
161 484 392
198 434 362
150 468 305
180 452 352
158 448 447
158 443 458
148 427 423
112 463 455
191 430 460
161 484 492
198 434 462
150 468 405
180 452 452
158 448 547
158 443 558
148 427 523
112 463 555
191 430 560
161 484 592
198 434 562
150 468 505
180 452 552
158 448 647
158 443 658
148 427 623
112 463 655
191 430 660
161 484 692
198 434 662
150 468 605
180 452 652
158 448 747
158 443 758
148 427 723
112 463 755
191 430 760
161 484 792
198 434 762
150 468 705
180 452 752
158 448 847
158 443 858
148 427 823
112 463 855
191 430 860
161 484 892
198 434 862
150 468 805
180 452 852
158 448 947
158 443 958
148 427 923
112 463 955
191 430 960
161 484 992
198 434 962
150 468 905
180 452 952
158 548 47
158 543 58
148 527 23
112 563 55
191 530 60
161 584 92
198 534 62
150 568 5
180 552 52
158 548 147
158 543 158
148 527 123
112 563 155
191 530 160
161 584 192
198 534 162
150 568 105
180 552 152
158 548 247
158 543 258
148 527 223
112 563 255
191 530 260
161 584 292
198 534 262
150 568 205
180 552 252
158 548 347
158 543 358
148 527 323
112 563 355
191 530 360
161 584 392
198 534 362
150 568 305
180 552 352
158 548 447
158 543 458
148 527 423
112 563 455
191 530 460
161 584 492
198 534 462
150 568 405
180 552 452
158 548 547
158 543 558
148 527 523
112 563 555
191 530 560
161 584 592
198 534 562
150 568 505
180 552 552
158 548 647
158 543 658
148 527 623
112 563 655
191 530 660
161 584 692
198 534 662
150 568 605
180 552 652
158 548 747
158 543 758
148 527 723
112 563 755
191 530 760
161 584 792
198 534 762
150 568 705
180 552 752
158 548 847
158 543 858
148 527 823
112 563 855
191 530 860
161 584 892
198 534 862
150 568 805
180 552 852
158 548 947
158 543 958
148 527 923
112 563 955
191 530 960
161 584 992
198 534 962
150 568 905
180 552 952
158 648 47
158 643 58
148 627 23
112 663 55
191 630 60
161 684 92
198 634 62
150 668 5
180 652 52
158 648 147
158 643 158
148 627 123
112 663 155
191 630 160
161 684 192
198 634 162
150 668 105
180 652 152
158 648 247
158 643 258
148 627 223
112 663 255
191 630 260
161 684 292
198 634 262
150 668 205
180 652 252
158 648 347
158 643 358
148 627 323
112 663 355
191 630 360
161 684 392
198 634 362
150 668 305
180 652 352
158 648 447
158 643 458
148 627 423
112 663 455
191 630 460
161 684 492
198 634 462
150 668 405
180 652 452
158 648 547
158 643 558
148 627 523
112 663 555
191 630 560
161 684 592
198 634 562
150 668 505
180 652 552
158 648 647
158 643 658
148 627 623
112 663 655
191 630 660
161 684 692
198 634 662
150 668 605
180 652 652
158 648 747
158 643 758
148 627 723
112 663 755
191 630 760
161 684 792
198 634 762
150 668 705
180 652 752
158 648 847
158 643 858
148 627 823
112 663 855
191 630 860
161 684 892
198 634 862
150 668 805
180 652 852
158 648 947
158 643 958
148 627 923
112 663 955
191 630 960
161 684 992
198 634 962
150 668 905
180 652 952
158 748 47
158 743 58
148 727 23
112 763 55
191 730 60
161 784 92
198 734 62
150 768 5
180 752 52
158 748 147
158 743 158
148 727 123
112 763 155
191 730 160
161 784 192
198 734 162
150 768 105
180 752 152
158 748 247
158 743 258
148 727 223
112 763 255
191 730 260
161 784 292
198 734 262
150 768 205
180 752 252
158 748 347
158 743 358
148 727 323
112 763 355
191 730 360
161 784 392
198 734 362
150 768 305
180 752 352
158 748 447
158 743 458
148 727 423
112 763 455
191 730 460
161 784 492
198 734 462
150 768 405
180 752 452
158 748 547
158 743 558
148 727 523
112 763 555
191 730 560
161 784 592
198 734 562
150 768 505
180 752 552
158 748 647
158 743 658
148 727 623
112 763 655
191 730 660
161 784 692
198 734 662
150 768 605
180 752 652
158 748 747
158 743 758
148 727 723
112 763 755
191 730 760
161 784 792
198 734 762
150 768 705
180 752 752
158 748 847
158 743 858
148 727 823
112 763 855
191 730 860
161 784 892
198 734 862
150 768 805
180 752 852
158 748 947
158 743 958
148 727 923
112 763 955
191 730 960
161 784 992
198 734 962
150 768 905
180 752 952
158 848 47
158 843 58
148 827 23
112 863 55
191 830 60
161 884 92
198 834 62
150 868 5
180 852 52
158 848 147
158 843 158
148 827 123
112 863 155
191 830 160
161 884 192
198 834 162
150 868 105
180 852 152
158 848 247
158 843 258
148 827 223
112 863 255
191 830 260
161 884 292
198 834 262
150 868 205
180 852 252
158 848 347
158 843 358
148 827 323
112 863 355
191 830 360
161 884 392
198 834 362
150 868 305
180 852 352
158 848 447
158 843 458
148 827 423
112 863 455
191 830 460
161 884 492
198 834 462
150 868 405
180 852 452
158 848 547
158 843 558
148 827 523
112 863 555
191 830 560
161 884 592
198 834 562
150 868 505
180 852 552
158 848 647
158 843 658
148 827 623
112 863 655
191 830 660
161 884 692
198 834 662
150 868 605
180 852 652
158 848 747
158 843 758
148 827 723
112 863 755
191 830 760
161 884 792
198 834 762
150 868 705
180 852 752
158 848 847
158 843 858
148 827 823
112 863 855
191 830 860
161 884 892
198 834 862
150 868 805
180 852 852
158 848 947
158 843 958
148 827 923
112 863 955
191 830 960
161 884 992
198 834 962
150 868 905
180 852 952
158 948 47
158 943 58
148 927 23
112 963 55
191 930 60
161 984 92
198 934 62
150 968 5
180 952 52
158 948 147
158 943 158
148 927 123
112 963 155
191 930 160
161 984 192
198 934 162
150 968 105
180 952 152
158 948 247
158 943 258
148 927 223
112 963 255
191 930 260
161 984 292
198 934 262
150 968 205
180 952 252
158 948 347
158 943 358
148 927 323
112 963 355
191 930 360
161 984 392
198 934 362
150 968 305
180 952 352
158 948 447
158 943 458
148 927 423
112 963 455
191 930 460
161 984 492
198 934 462
150 968 405
180 952 452
158 948 547
158 943 558
148 927 523
112 963 555
191 930 560
161 984 592
198 934 562
150 968 505
180 952 552
158 948 647
158 943 658
148 927 623
112 963 655
191 930 660
161 984 692
198 934 662
150 968 605
180 952 652
158 948 747
158 943 758
148 927 723
112 963 755
191 930 760
161 984 792
198 934 762
150 968 705
180 952 752
158 948 847
158 943 858
148 927 823
112 963 855
191 930 860
161 984 892
198 934 862
150 968 805
180 952 852
158 948 947
158 943 958
148 927 923
112 963 955
191 930 960
161 984 992
198 934 962
150 968 905
180 952 952
