8400
14 46 50
62 48 2
25 39 25
66 21 20
91 89 21
99 35 49
75 91 74
58 15 95
17 21 52
47 61 21
11 73 46
41 75 13
86 42 85
1 0 28
71 3 42
29 72 85
91 89 85
6 91 34
2 78 42
49 94 0
87 79 95
60 43 17
31 48 14
7 93 34
78 25 41
72 68 62
35 64 11
25 61 63
29 96 76
47 67 35
53 28 44
36 66 12
31 6 38
94 45 77
73 23 13
76 9 78
52 51 79
16 39 20
46 0 45
11 52 16
15 40 9
53 36 5
74 12 46
12 48 94
81 56 18
61 50 3
23 1 63
9 32 2
38 60 9
20 3 12
11 17 77
52 92 82
33 12 29
57 3 17
43 42 40
47 7 64
1 64 56
76 16 13
48 49 58
25 32 41
37 48 34
43 57 13
49 24 79
70 94 13
29 86 89
47 55 90
65 2 14
8 34 66
23 68 75
3 88 61
87 1 41
17 75 68
72 48 75
29 33 59
60 51 75
14 46 150
62 48 102
25 39 125
66 21 120
91 89 121
99 35 149
75 91 174
58 15 195
17 21 152
47 61 121
11 73 146
41 75 113
86 42 185
1 0 128
71 3 142
29 72 185
91 89 185
6 91 134
2 78 142
49 94 100
87 79 195
60 43 117
31 48 114
7 93 134
78 25 141
72 68 162
35 64 111
25 61 163
29 96 176
47 67 135
53 28 144
36 66 112
31 6 138
94 45 177
73 23 113
76 9 178
52 51 179
16 39 120
46 0 145
11 52 116
15 40 109
53 36 105
74 12 146
12 48 194
81 56 118
61 50 103
23 1 163
9 32 102
38 60 109
20 3 112
11 17 177
52 92 182
33 12 129
57 3 117
43 42 140
47 7 164
1 64 156
76 16 113
48 49 158
25 32 141
37 48 134
43 57 113
49 24 179
70 94 113
29 86 189
47 55 190
65 2 114
8 34 166
23 68 175
3 88 161
87 1 141
17 75 168
72 48 175
29 33 159
60 51 175
14 46 250
62 48 202
25 39 225
66 21 220
91 89 221
99 35 249
75 91 274
58 15 295
17 21 252
47 61 221
11 73 246
41 75 213
86 42 285
1 0 228
71 3 242
29 72 285
91 89 285
6 91 234
2 78 242
49 94 200
87 79 295
60 43 217
31 48 214
7 93 234
78 25 241
72 68 262
35 64 211
25 61 263
29 96 276
47 67 235
53 28 244
36 66 212
31 6 238
94 45 277
73 23 213
76 9 278
52 51 279
16 39 220
46 0 245
11 52 216
15 40 209
53 36 205
74 12 246
12 48 294
81 56 218
61 50 203
23 1 263
9 32 202
38 60 209
20 3 212
11 17 277
52 92 282
33 12 229
57 3 217
43 42 240
47 7 264
1 64 256
76 16 213
48 49 258
25 32 241
37 48 234
43 57 213
49 24 279
70 94 213
29 86 289
47 55 290
65 2 214
8 34 266
23 68 275
3 88 261
87 1 241
17 75 268
72 48 275
29 33 259
60 51 275
14 46 350
62 48 302
25 39 325
66 21 320
91 89 321
99 35 349
75 91 374
58 15 395
17 21 352
47 61 321
11 73 346
41 75 313
86 42 385
1 0 328
71 3 342
29 72 385
91 89 385
6 91 334
2 78 342
49 94 300
87 79 395
60 43 317
31 48 314
7 93 334
78 25 341
72 68 362
35 64 311
25 61 363
29 96 376
47 67 335
53 28 344
36 66 312
31 6 338
94 45 377
73 23 313
76 9 378
52 51 379
16 39 320
46 0 345
11 52 316
15 40 309
53 36 305
74 12 346
12 48 394
81 56 318
61 50 303
23 1 363
9 32 302
38 60 309
20 3 312
11 17 377
52 92 382
33 12 329
57 3 317
43 42 340
47 7 364
1 64 356
76 16 313
48 49 358
25 32 341
37 48 334
43 57 313
49 24 379
70 94 313
29 86 389
47 55 390
65 2 314
8 34 366
23 68 375
3 88 361
87 1 341
17 75 368
72 48 375
29 33 359
60 51 375
14 46 450
62 48 402
25 39 425
66 21 420
91 89 421
99 35 449
75 91 474
58 15 495
17 21 452
47 61 421
11 73 446
41 75 413
86 42 485
1 0 428
71 3 442
29 72 485
91 89 485
6 91 434
2 78 442
49 94 400
87 79 495
60 43 417
31 48 414
7 93 434
78 25 441
72 68 462
35 64 411
25 61 463
29 96 476
47 67 435
53 28 444
36 66 412
31 6 438
94 45 477
73 23 413
76 9 478
52 51 479
16 39 420
46 0 445
11 52 416
15 40 409
53 36 405
74 12 446
12 48 494
81 56 418
61 50 403
23 1 463
9 32 402
38 60 409
20 3 412
11 17 477
52 92 482
33 12 429
57 3 417
43 42 440
47 7 464
1 64 456
76 16 413
48 49 458
25 32 441
37 48 434
43 57 413
49 24 479
70 94 413
29 86 489
47 55 490
65 2 414
8 34 466
23 68 475
3 88 461
87 1 441
17 75 468
72 48 475
29 33 459
60 51 475
14 46 550
62 48 502
25 39 525
66 21 520
91 89 521
99 35 549
75 91 574
58 15 595
17 21 552
47 61 521
11 73 546
41 75 513
86 42 585
1 0 528
71 3 542
29 72 585
91 89 585
6 91 534
2 78 542
49 94 500
87 79 595
60 43 517
31 48 514
7 93 534
78 25 541
72 68 562
35 64 511
25 61 563
29 96 576
47 67 535
53 28 544
36 66 512
31 6 538
94 45 577
73 23 513
76 9 578
52 51 579
16 39 520
46 0 545
11 52 516
15 40 509
53 36 505
74 12 546
12 48 594
81 56 518
61 50 503
23 1 563
9 32 502
38 60 509
20 3 512
11 17 577
52 92 582
33 12 529
57 3 517
43 42 540
47 7 564
1 64 556
76 16 513
48 49 558
25 32 541
37 48 534
43 57 513
49 24 579
70 94 513
29 86 589
47 55 590
65 2 514
8 34 566
23 68 575
3 88 561
87 1 541
17 75 568
72 48 575
29 33 559
60 51 575
14 46 650
62 48 602
25 39 625
66 21 620
91 89 621
99 35 649
75 91 674
58 15 695
17 21 652
47 61 621
11 73 646
41 75 613
86 42 685
1 0 628
71 3 642
29 72 685
91 89 685
6 91 634
2 78 642
49 94 600
87 79 695
60 43 617
31 48 614
7 93 634
78 25 641
72 68 662
35 64 611
25 61 663
29 96 676
47 67 635
53 28 644
36 66 612
31 6 638
94 45 677
73 23 613
76 9 678
52 51 679
16 39 620
46 0 645
11 52 616
15 40 609
53 36 605
74 12 646
12 48 694
81 56 618
61 50 603
23 1 663
9 32 602
38 60 609
20 3 612
11 17 677
52 92 682
33 12 629
57 3 617
43 42 640
47 7 664
1 64 656
76 16 613
48 49 658
25 32 641
37 48 634
43 57 613
49 24 679
70 94 613
29 86 689
47 55 690
65 2 614
8 34 666
23 68 675
3 88 661
87 1 641
17 75 668
72 48 675
29 33 659
60 51 675
14 46 750
62 48 702
25 39 725
66 21 720
91 89 721
99 35 749
75 91 774
58 15 795
17 21 752
47 61 721
11 73 746
41 75 713
86 42 785
1 0 728
71 3 742
29 72 785
91 89 785
6 91 734
2 78 742
49 94 700
87 79 795
60 43 717
31 48 714
7 93 734
78 25 741
72 68 762
35 64 711
25 61 763
29 96 776
47 67 735
53 28 744
36 66 712
31 6 738
94 45 777
73 23 713
76 9 778
52 51 779
16 39 720
46 0 745
11 52 716
15 40 709
53 36 705
74 12 746
12 48 794
81 56 718
61 50 703
23 1 763
9 32 702
38 60 709
20 3 712
11 17 777
52 92 782
33 12 729
57 3 717
43 42 740
47 7 764
1 64 756
76 16 713
48 49 758
25 32 741
37 48 734
43 57 713
49 24 779
70 94 713
29 86 789
47 55 790
65 2 714
8 34 766
23 68 775
3 88 761
87 1 741
17 75 768
72 48 775
29 33 759
60 51 775
14 46 850
62 48 802
25 39 825
66 21 820
91 89 821
99 35 849
75 91 874
58 15 895
17 21 852
47 61 821
11 73 846
41 75 813
86 42 885
1 0 828
71 3 842
29 72 885
91 89 885
6 91 834
2 78 842
49 94 800
87 79 895
60 43 817
31 48 814
7 93 834
78 25 841
72 68 862
35 64 811
25 61 863
29 96 876
47 67 835
53 28 844
36 66 812
31 6 838
94 45 877
73 23 813
76 9 878
52 51 879
16 39 820
46 0 845
11 52 816
15 40 809
53 36 805
74 12 846
12 48 894
81 56 818
61 50 803
23 1 863
9 32 802
38 60 809
20 3 812
11 17 877
52 92 882
33 12 829
57 3 817
43 42 840
47 7 864
1 64 856
76 16 813
48 49 858
25 32 841
37 48 834
43 57 813
49 24 879
70 94 813
29 86 889
47 55 890
65 2 814
8 34 866
23 68 875
3 88 861
87 1 841
17 75 868
72 48 875
29 33 859
60 51 875
14 46 950
62 48 902
25 39 925
66 21 920
91 89 921
99 35 949
75 91 974
58 15 995
17 21 952
47 61 921
11 73 946
41 75 913
86 42 985
1 0 928
71 3 942
29 72 985
91 89 985
6 91 934
2 78 942
49 94 900
87 79 995
60 43 917
31 48 914
7 93 934
78 25 941
72 68 962
35 64 911
25 61 963
29 96 976
47 67 935
53 28 944
36 66 912
31 6 938
94 45 977
73 23 913
76 9 978
52 51 979
16 39 920
46 0 945
11 52 916
15 40 909
53 36 905
74 12 946
12 48 994
81 56 918
61 50 903
23 1 963
9 32 902
38 60 909
20 3 912
11 17 977
52 92 982
33 12 929
57 3 917
43 42 940
47 7 964
1 64 956
76 16 913
48 49 958
25 32 941
37 48 934
43 57 913
49 24 979
70 94 913
29 86 989
47 55 990
65 2 914
8 34 966
23 68 975
3 88 961
87 1 941
17 75 968
72 48 975
29 33 959
60 51 975
14 146 50
62 148 2
25 139 25
66 121 20
91 189 21
99 135 49
75 191 74
58 115 95
17 121 52
47 161 21
11 173 46
41 175 13
86 142 85
1 100 28
71 103 42
29 172 85
91 189 85
6 191 34
2 178 42
49 194 0
87 179 95
60 143 17
31 148 14
7 193 34
78 125 41
72 168 62
35 164 11
25 161 63
29 196 76
47 167 35
53 128 44
36 166 12
31 106 38
94 145 77
73 123 13
76 109 78
52 151 79
16 139 20
46 100 45
11 152 16
15 140 9
53 136 5
74 112 46
12 148 94
81 156 18
61 150 3
23 101 63
9 132 2
38 160 9
20 103 12
11 117 77
52 192 82
33 112 29
57 103 17
43 142 40
47 107 64
1 164 56
76 116 13
48 149 58
25 132 41
37 148 34
43 157 13
49 124 79
70 194 13
29 186 89
47 155 90
65 102 14
8 134 66
23 168 75
3 188 61
87 101 41
17 175 68
72 148 75
29 133 59
60 151 75
14 146 150
62 148 102
25 139 125
66 121 120
91 189 121
99 135 149
75 191 174
58 115 195
17 121 152
47 161 121
11 173 146
41 175 113
86 142 185
1 100 128
71 103 142
29 172 185
91 189 185
6 191 134
2 178 142
49 194 100
87 179 195
60 143 117
31 148 114
7 193 134
78 125 141
72 168 162
35 164 111
25 161 163
29 196 176
47 167 135
53 128 144
36 166 112
31 106 138
94 145 177
73 123 113
76 109 178
52 151 179
16 139 120
46 100 145
11 152 116
15 140 109
53 136 105
74 112 146
12 148 194
81 156 118
61 150 103
23 101 163
9 132 102
38 160 109
20 103 112
11 117 177
52 192 182
33 112 129
57 103 117
43 142 140
47 107 164
1 164 156
76 116 113
48 149 158
25 132 141
37 148 134
43 157 113
49 124 179
70 194 113
29 186 189
47 155 190
65 102 114
8 134 166
23 168 175
3 188 161
87 101 141
17 175 168
72 148 175
29 133 159
60 151 175
14 146 250
62 148 202
25 139 225
66 121 220
91 189 221
99 135 249
75 191 274
58 115 295
17 121 252
47 161 221
11 173 246
41 175 213
86 142 285
1 100 228
71 103 242
29 172 285
91 189 285
6 191 234
2 178 242
49 194 200
87 179 295
60 143 217
31 148 214
7 193 234
78 125 241
72 168 262
35 164 211
25 161 263
29 196 276
47 167 235
53 128 244
36 166 212
31 106 238
94 145 277
73 123 213
76 109 278
52 151 279
16 139 220
46 100 245
11 152 216
15 140 209
53 136 205
74 112 246
12 148 294
81 156 218
61 150 203
23 101 263
9 132 202
38 160 209
20 103 212
11 117 277
52 192 282
33 112 229
57 103 217
43 142 240
47 107 264
1 164 256
76 116 213
48 149 258
25 132 241
37 148 234
43 157 213
49 124 279
70 194 213
29 186 289
47 155 290
65 102 214
8 134 266
23 168 275
3 188 261
87 101 241
17 175 268
72 148 275
29 133 259
60 151 275
14 146 350
62 148 302
25 139 325
66 121 320
91 189 321
99 135 349
75 191 374
58 115 395
17 121 352
47 161 321
11 173 346
41 175 313
86 142 385
1 100 328
71 103 342
29 172 385
91 189 385
6 191 334
2 178 342
49 194 300
87 179 395
60 143 317
31 148 314
7 193 334
78 125 341
72 168 362
35 164 311
25 161 363
29 196 376
47 167 335
53 128 344
36 166 312
31 106 338
94 145 377
73 123 313
76 109 378
52 151 379
16 139 320
46 100 345
11 152 316
15 140 309
53 136 305
74 112 346
12 148 394
81 156 318
61 150 303
23 101 363
9 132 302
38 160 309
20 103 312
11 117 377
52 192 382
33 112 329
57 103 317
43 142 340
47 107 364
1 164 356
76 116 313
48 149 358
25 132 341
37 148 334
43 157 313
49 124 379
70 194 313
29 186 389
47 155 390
65 102 314
8 134 366
23 168 375
3 188 361
87 101 341
17 175 368
72 148 375
29 133 359
60 151 375
14 146 450
62 148 402
25 139 425
66 121 420
91 189 421
99 135 449
75 191 474
58 115 495
17 121 452
47 161 421
11 173 446
41 175 413
86 142 485
1 100 428
71 103 442
29 172 485
91 189 485
6 191 434
2 178 442
49 194 400
87 179 495
60 143 417
31 148 414
7 193 434
78 125 441
72 168 462
35 164 411
25 161 463
29 196 476
47 167 435
53 128 444
36 166 412
31 106 438
94 145 477
73 123 413
76 109 478
52 151 479
16 139 420
46 100 445
11 152 416
15 140 409
53 136 405
74 112 446
12 148 494
81 156 418
61 150 403
23 101 463
9 132 402
38 160 409
20 103 412
11 117 477
52 192 482
33 112 429
57 103 417
43 142 440
47 107 464
1 164 456
76 116 413
48 149 458
25 132 441
37 148 434
43 157 413
49 124 479
70 194 413
29 186 489
47 155 490
65 102 414
8 134 466
23 168 475
3 188 461
87 101 441
17 175 468
72 148 475
29 133 459
60 151 475
14 146 550
62 148 502
25 139 525
66 121 520
91 189 521
99 135 549
75 191 574
58 115 595
17 121 552
47 161 521
11 173 546
41 175 513
86 142 585
1 100 528
71 103 542
29 172 585
91 189 585
6 191 534
2 178 542
49 194 500
87 179 595
60 143 517
31 148 514
7 193 534
78 125 541
72 168 562
35 164 511
25 161 563
29 196 576
47 167 535
53 128 544
36 166 512
31 106 538
94 145 577
73 123 513
76 109 578
52 151 579
16 139 520
46 100 545
11 152 516
15 140 509
53 136 505
74 112 546
12 148 594
81 156 518
61 150 503
23 101 563
9 132 502
38 160 509
20 103 512
11 117 577
52 192 582
33 112 529
57 103 517
43 142 540
47 107 564
1 164 556
76 116 513
48 149 558
25 132 541
37 148 534
43 157 513
49 124 579
70 194 513
29 186 589
47 155 590
65 102 514
8 134 566
23 168 575
3 188 561
87 101 541
17 175 568
72 148 575
29 133 559
60 151 575
14 146 650
62 148 602
25 139 625
66 121 620
91 189 621
99 135 649
75 191 674
58 115 695
17 121 652
47 161 621
11 173 646
41 175 613
86 142 685
1 100 628
71 103 642
29 172 685
91 189 685
6 191 634
2 178 642
49 194 600
87 179 695
60 143 617
31 148 614
7 193 634
78 125 641
72 168 662
35 164 611
25 161 663
29 196 676
47 167 635
53 128 644
36 166 612
31 106 638
94 145 677
73 123 613
76 109 678
52 151 679
16 139 620
46 100 645
11 152 616
15 140 609
53 136 605
74 112 646
12 148 694
81 156 618
61 150 603
23 101 663
9 132 602
38 160 609
20 103 612
11 117 677
52 192 682
33 112 629
57 103 617
43 142 640
47 107 664
1 164 656
76 116 613
48 149 658
25 132 641
37 148 634
43 157 613
49 124 679
70 194 613
29 186 689
47 155 690
65 102 614
8 134 666
23 168 675
3 188 661
87 101 641
17 175 668
72 148 675
29 133 659
60 151 675
14 146 750
62 148 702
25 139 725
66 121 720
91 189 721
99 135 749
75 191 774
58 115 795
17 121 752
47 161 721
11 173 746
41 175 713
86 142 785
1 100 728
71 103 742
29 172 785
91 189 785
6 191 734
2 178 742
49 194 700
87 179 795
60 143 717
31 148 714
7 193 734
78 125 741
72 168 762
35 164 711
25 161 763
29 196 776
47 167 735
53 128 744
36 166 712
31 106 738
94 145 777
73 123 713
76 109 778
52 151 779
16 139 720
46 100 745
11 152 716
15 140 709
53 136 705
74 112 746
12 148 794
81 156 718
61 150 703
23 101 763
9 132 702
38 160 709
20 103 712
11 117 777
52 192 782
33 112 729
57 103 717
43 142 740
47 107 764
1 164 756
76 116 713
48 149 758
25 132 741
37 148 734
43 157 713
49 124 779
70 194 713
29 186 789
47 155 790
65 102 714
8 134 766
23 168 775
3 188 761
87 101 741
17 175 768
72 148 775
29 133 759
60 151 775
14 146 850
62 148 802
25 139 825
66 121 820
91 189 821
99 135 849
75 191 874
58 115 895
17 121 852
47 161 821
11 173 846
41 175 813
86 142 885
1 100 828
71 103 842
29 172 885
91 189 885
6 191 834
2 178 842
49 194 800
87 179 895
60 143 817
31 148 814
7 193 834
78 125 841
72 168 862
35 164 811
25 161 863
29 196 876
47 167 835
53 128 844
36 166 812
31 106 838
94 145 877
73 123 813
76 109 878
52 151 879
16 139 820
46 100 845
11 152 816
15 140 809
53 136 805
74 112 846
12 148 894
81 156 818
61 150 803
23 101 863
9 132 802
38 160 809
20 103 812
11 117 877
52 192 882
33 112 829
57 103 817
43 142 840
47 107 864
1 164 856
76 116 813
48 149 858
25 132 841
37 148 834
43 157 813
49 124 879
70 194 813
29 186 889
47 155 890
65 102 814
8 134 866
23 168 875
3 188 861
87 101 841
17 175 868
72 148 875
29 133 859
60 151 875
14 146 950
62 148 902
25 139 925
66 121 920
91 189 921
99 135 949
75 191 974
58 115 995
17 121 952
47 161 921
11 173 946
41 175 913
86 142 985
1 100 928
71 103 942
29 172 985
91 189 985
6 191 934
2 178 942
49 194 900
87 179 995
60 143 917
31 148 914
7 193 934
78 125 941
72 168 962
35 164 911
25 161 963
29 196 976
47 167 935
53 128 944
36 166 912
31 106 938
94 145 977
73 123 913
76 109 978
52 151 979
16 139 920
46 100 945
11 152 916
15 140 909
53 136 905
74 112 946
12 148 994
81 156 918
61 150 903
23 101 963
9 132 902
38 160 909
20 103 912
11 117 977
52 192 982
33 112 929
57 103 917
43 142 940
47 107 964
1 164 956
76 116 913
48 149 958
25 132 941
37 148 934
43 157 913
49 124 979
70 194 913
29 186 989
47 155 990
65 102 914
8 134 966
23 168 975
3 188 961
87 101 941
17 175 968
72 148 975
29 133 959
60 151 975
14 246 50
62 248 2
25 239 25
66 221 20
91 289 21
99 235 49
75 291 74
58 215 95
17 221 52
47 261 21
11 273 46
41 275 13
86 242 85
1 200 28
71 203 42
29 272 85
91 289 85
6 291 34
2 278 42
49 294 0
87 279 95
60 243 17
31 248 14
7 293 34
78 225 41
72 268 62
35 264 11
25 261 63
29 296 76
47 267 35
53 228 44
36 266 12
31 206 38
94 245 77
73 223 13
76 209 78
52 251 79
16 239 20
46 200 45
11 252 16
15 240 9
53 236 5
74 212 46
12 248 94
81 256 18
61 250 3
23 201 63
9 232 2
38 260 9
20 203 12
11 217 77
52 292 82
33 212 29
57 203 17
43 242 40
47 207 64
1 264 56
76 216 13
48 249 58
25 232 41
37 248 34
43 257 13
49 224 79
70 294 13
29 286 89
47 255 90
65 202 14
8 234 66
23 268 75
3 288 61
87 201 41
17 275 68
72 248 75
29 233 59
60 251 75
14 246 150
62 248 102
25 239 125
66 221 120
91 289 121
99 235 149
75 291 174
58 215 195
17 221 152
47 261 121
11 273 146
41 275 113
86 242 185
1 200 128
71 203 142
29 272 185
91 289 185
6 291 134
2 278 142
49 294 100
87 279 195
60 243 117
31 248 114
7 293 134
78 225 141
72 268 162
35 264 111
25 261 163
29 296 176
47 267 135
53 228 144
36 266 112
31 206 138
94 245 177
73 223 113
76 209 178
52 251 179
16 239 120
46 200 145
11 252 116
15 240 109
53 236 105
74 212 146
12 248 194
81 256 118
61 250 103
23 201 163
9 232 102
38 260 109
20 203 112
11 217 177
52 292 182
33 212 129
57 203 117
43 242 140
47 207 164
1 264 156
76 216 113
48 249 158
25 232 141
37 248 134
43 257 113
49 224 179
70 294 113
29 286 189
47 255 190
65 202 114
8 234 166
23 268 175
3 288 161
87 201 141
17 275 168
72 248 175
29 233 159
60 251 175
14 246 250
62 248 202
25 239 225
66 221 220
91 289 221
99 235 249
75 291 274
58 215 295
17 221 252
47 261 221
11 273 246
41 275 213
86 242 285
1 200 228
71 203 242
29 272 285
91 289 285
6 291 234
2 278 242
49 294 200
87 279 295
60 243 217
31 248 214
7 293 234
78 225 241
72 268 262
35 264 211
25 261 263
29 296 276
47 267 235
53 228 244
36 266 212
31 206 238
94 245 277
73 223 213
76 209 278
52 251 279
16 239 220
46 200 245
11 252 216
15 240 209
53 236 205
74 212 246
12 248 294
81 256 218
61 250 203
23 201 263
9 232 202
38 260 209
20 203 212
11 217 277
52 292 282
33 212 229
57 203 217
43 242 240
47 207 264
1 264 256
76 216 213
48 249 258
25 232 241
37 248 234
43 257 213
49 224 279
70 294 213
29 286 289
47 255 290
65 202 214
8 234 266
23 268 275
3 288 261
87 201 241
17 275 268
72 248 275
29 233 259
60 251 275
14 246 350
62 248 302
25 239 325
66 221 320
91 289 321
99 235 349
75 291 374
58 215 395
17 221 352
47 261 321
11 273 346
41 275 313
86 242 385
1 200 328
71 203 342
29 272 385
91 289 385
6 291 334
2 278 342
49 294 300
87 279 395
60 243 317
31 248 314
7 293 334
78 225 341
72 268 362
35 264 311
25 261 363
29 296 376
47 267 335
53 228 344
36 266 312
31 206 338
94 245 377
73 223 313
76 209 378
52 251 379
16 239 320
46 200 345
11 252 316
15 240 309
53 236 305
74 212 346
12 248 394
81 256 318
61 250 303
23 201 363
9 232 302
38 260 309
20 203 312
11 217 377
52 292 382
33 212 329
57 203 317
43 242 340
47 207 364
1 264 356
76 216 313
48 249 358
25 232 341
37 248 334
43 257 313
49 224 379
70 294 313
29 286 389
47 255 390
65 202 314
8 234 366
23 268 375
3 288 361
87 201 341
17 275 368
72 248 375
29 233 359
60 251 375
14 246 450
62 248 402
25 239 425
66 221 420
91 289 421
99 235 449
75 291 474
58 215 495
17 221 452
47 261 421
11 273 446
41 275 413
86 242 485
1 200 428
71 203 442
29 272 485
91 289 485
6 291 434
2 278 442
49 294 400
87 279 495
60 243 417
31 248 414
7 293 434
78 225 441
72 268 462
35 264 411
25 261 463
29 296 476
47 267 435
53 228 444
36 266 412
31 206 438
94 245 477
73 223 413
76 209 478
52 251 479
16 239 420
46 200 445
11 252 416
15 240 409
53 236 405
74 212 446
12 248 494
81 256 418
61 250 403
23 201 463
9 232 402
38 260 409
20 203 412
11 217 477
52 292 482
33 212 429
57 203 417
43 242 440
47 207 464
1 264 456
76 216 413
48 249 458
25 232 441
37 248 434
43 257 413
49 224 479
70 294 413
29 286 489
47 255 490
65 202 414
8 234 466
23 268 475
3 288 461
87 201 441
17 275 468
72 248 475
29 233 459
60 251 475
14 246 550
62 248 502
25 239 525
66 221 520
91 289 521
99 235 549
75 291 574
58 215 595
17 221 552
47 261 521
11 273 546
41 275 513
86 242 585
1 200 528
71 203 542
29 272 585
91 289 585
6 291 534
2 278 542
49 294 500
87 279 595
60 243 517
31 248 514
7 293 534
78 225 541
72 268 562
35 264 511
25 261 563
29 296 576
47 267 535
53 228 544
36 266 512
31 206 538
94 245 577
73 223 513
76 209 578
52 251 579
16 239 520
46 200 545
11 252 516
15 240 509
53 236 505
74 212 546
12 248 594
81 256 518
61 250 503
23 201 563
9 232 502
38 260 509
20 203 512
11 217 577
52 292 582
33 212 529
57 203 517
43 242 540
47 207 564
1 264 556
76 216 513
48 249 558
25 232 541
37 248 534
43 257 513
49 224 579
70 294 513
29 286 589
47 255 590
65 202 514
8 234 566
23 268 575
3 288 561
87 201 541
17 275 568
72 248 575
29 233 559
60 251 575
14 246 650
62 248 602
25 239 625
66 221 620
91 289 621
99 235 649
75 291 674
58 215 695
17 221 652
47 261 621
11 273 646
41 275 613
86 242 685
1 200 628
71 203 642
29 272 685
91 289 685
6 291 634
2 278 642
49 294 600
87 279 695
60 243 617
31 248 614
7 293 634
78 225 641
72 268 662
35 264 611
25 261 663
29 296 676
47 267 635
53 228 644
36 266 612
31 206 638
94 245 677
73 223 613
76 209 678
52 251 679
16 239 620
46 200 645
11 252 616
15 240 609
53 236 605
74 212 646
12 248 694
81 256 618
61 250 603
23 201 663
9 232 602
38 260 609
20 203 612
11 217 677
52 292 682
33 212 629
57 203 617
43 242 640
47 207 664
1 264 656
76 216 613
48 249 658
25 232 641
37 248 634
43 257 613
49 224 679
70 294 613
29 286 689
47 255 690
65 202 614
8 234 666
23 268 675
3 288 661
87 201 641
17 275 668
72 248 675
29 233 659
60 251 675
14 246 750
62 248 702
25 239 725
66 221 720
91 289 721
99 235 749
75 291 774
58 215 795
17 221 752
47 261 721
11 273 746
41 275 713
86 242 785
1 200 728
71 203 742
29 272 785
91 289 785
6 291 734
2 278 742
49 294 700
87 279 795
60 243 717
31 248 714
7 293 734
78 225 741
72 268 762
35 264 711
25 261 763
29 296 776
47 267 735
53 228 744
36 266 712
31 206 738
94 245 777
73 223 713
76 209 778
52 251 779
16 239 720
46 200 745
11 252 716
15 240 709
53 236 705
74 212 746
12 248 794
81 256 718
61 250 703
23 201 763
9 232 702
38 260 709
20 203 712
11 217 777
52 292 782
33 212 729
57 203 717
43 242 740
47 207 764
1 264 756
76 216 713
48 249 758
25 232 741
37 248 734
43 257 713
49 224 779
70 294 713
29 286 789
47 255 790
65 202 714
8 234 766
23 268 775
3 288 761
87 201 741
17 275 768
72 248 775
29 233 759
60 251 775
14 246 850
62 248 802
25 239 825
66 221 820
91 289 821
99 235 849
75 291 874
58 215 895
17 221 852
47 261 821
11 273 846
41 275 813
86 242 885
1 200 828
71 203 842
29 272 885
91 289 885
6 291 834
2 278 842
49 294 800
87 279 895
60 243 817
31 248 814
7 293 834
78 225 841
72 268 862
35 264 811
25 261 863
29 296 876
47 267 835
53 228 844
36 266 812
31 206 838
94 245 877
73 223 813
76 209 878
52 251 879
16 239 820
46 200 845
11 252 816
15 240 809
53 236 805
74 212 846
12 248 894
81 256 818
61 250 803
23 201 863
9 232 802
38 260 809
20 203 812
11 217 877
52 292 882
33 212 829
57 203 817
43 242 840
47 207 864
1 264 856
76 216 813
48 249 858
25 232 841
37 248 834
43 257 813
49 224 879
70 294 813
29 286 889
47 255 890
65 202 814
8 234 866
23 268 875
3 288 861
87 201 841
17 275 868
72 248 875
29 233 859
60 251 875
14 246 950
62 248 902
25 239 925
66 221 920
91 289 921
99 235 949
75 291 974
58 215 995
17 221 952
47 261 921
11 273 946
41 275 913
86 242 985
1 200 928
71 203 942
29 272 985
91 289 985
6 291 934
2 278 942
49 294 900
87 279 995
60 243 917
31 248 914
7 293 934
78 225 941
72 268 962
35 264 911
25 261 963
29 296 976
47 267 935
53 228 944
36 266 912
31 206 938
94 245 977
73 223 913
76 209 978
52 251 979
16 239 920
46 200 945
11 252 916
15 240 909
53 236 905
74 212 946
12 248 994
81 256 918
61 250 903
23 201 963
9 232 902
38 260 909
20 203 912
11 217 977
52 292 982
33 212 929
57 203 917
43 242 940
47 207 964
1 264 956
76 216 913
48 249 958
25 232 941
37 248 934
43 257 913
49 224 979
70 294 913
29 286 989
47 255 990
65 202 914
8 234 966
23 268 975
3 288 961
87 201 941
17 275 968
72 248 975
29 233 959
60 251 975
14 346 50
62 348 2
25 339 25
66 321 20
91 389 21
99 335 49
75 391 74
58 315 95
17 321 52
47 361 21
11 373 46
41 375 13
86 342 85
1 300 28
71 303 42
29 372 85
91 389 85
6 391 34
2 378 42
49 394 0
87 379 95
60 343 17
31 348 14
7 393 34
78 325 41
72 368 62
35 364 11
25 361 63
29 396 76
47 367 35
53 328 44
36 366 12
31 306 38
94 345 77
73 323 13
76 309 78
52 351 79
16 339 20
46 300 45
11 352 16
15 340 9
53 336 5
74 312 46
12 348 94
81 356 18
61 350 3
23 301 63
9 332 2
38 360 9
20 303 12
11 317 77
52 392 82
33 312 29
57 303 17
43 342 40
47 307 64
1 364 56
76 316 13
48 349 58
25 332 41
37 348 34
43 357 13
49 324 79
70 394 13
29 386 89
47 355 90
65 302 14
8 334 66
23 368 75
3 388 61
87 301 41
17 375 68
72 348 75
29 333 59
60 351 75
14 346 150
62 348 102
25 339 125
66 321 120
91 389 121
99 335 149
75 391 174
58 315 195
17 321 152
47 361 121
11 373 146
41 375 113
86 342 185
1 300 128
71 303 142
29 372 185
91 389 185
6 391 134
2 378 142
49 394 100
87 379 195
60 343 117
31 348 114
7 393 134
78 325 141
72 368 162
35 364 111
25 361 163
29 396 176
47 367 135
53 328 144
36 366 112
31 306 138
94 345 177
73 323 113
76 309 178
52 351 179
16 339 120
46 300 145
11 352 116
15 340 109
53 336 105
74 312 146
12 348 194
81 356 118
61 350 103
23 301 163
9 332 102
38 360 109
20 303 112
11 317 177
52 392 182
33 312 129
57 303 117
43 342 140
47 307 164
1 364 156
76 316 113
48 349 158
25 332 141
37 348 134
43 357 113
49 324 179
70 394 113
29 386 189
47 355 190
65 302 114
8 334 166
23 368 175
3 388 161
87 301 141
17 375 168
72 348 175
29 333 159
60 351 175
14 346 250
62 348 202
25 339 225
66 321 220
91 389 221
99 335 249
75 391 274
58 315 295
17 321 252
47 361 221
11 373 246
41 375 213
86 342 285
1 300 228
71 303 242
29 372 285
91 389 285
6 391 234
2 378 242
49 394 200
87 379 295
60 343 217
31 348 214
7 393 234
78 325 241
72 368 262
35 364 211
25 361 263
29 396 276
47 367 235
53 328 244
36 366 212
31 306 238
94 345 277
73 323 213
76 309 278
52 351 279
16 339 220
46 300 245
11 352 216
15 340 209
53 336 205
74 312 246
12 348 294
81 356 218
61 350 203
23 301 263
9 332 202
38 360 209
20 303 212
11 317 277
52 392 282
33 312 229
57 303 217
43 342 240
47 307 264
1 364 256
76 316 213
48 349 258
25 332 241
37 348 234
43 357 213
49 324 279
70 394 213
29 386 289
47 355 290
65 302 214
8 334 266
23 368 275
3 388 261
87 301 241
17 375 268
72 348 275
29 333 259
60 351 275
14 346 350
62 348 302
25 339 325
66 321 320
91 389 321
99 335 349
75 391 374
58 315 395
17 321 352
47 361 321
11 373 346
41 375 313
86 342 385
1 300 328
71 303 342
29 372 385
91 389 385
6 391 334
2 378 342
49 394 300
87 379 395
60 343 317
31 348 314
7 393 334
78 325 341
72 368 362
35 364 311
25 361 363
29 396 376
47 367 335
53 328 344
36 366 312
31 306 338
94 345 377
73 323 313
76 309 378
52 351 379
16 339 320
46 300 345
11 352 316
15 340 309
53 336 305
74 312 346
12 348 394
81 356 318
61 350 303
23 301 363
9 332 302
38 360 309
20 303 312
11 317 377
52 392 382
33 312 329
57 303 317
43 342 340
47 307 364
1 364 356
76 316 313
48 349 358
25 332 341
37 348 334
43 357 313
49 324 379
70 394 313
29 386 389
47 355 390
65 302 314
8 334 366
23 368 375
3 388 361
87 301 341
17 375 368
72 348 375
29 333 359
60 351 375
14 346 450
62 348 402
25 339 425
66 321 420
91 389 421
99 335 449
75 391 474
58 315 495
17 321 452
47 361 421
11 373 446
41 375 413
86 342 485
1 300 428
71 303 442
29 372 485
91 389 485
6 391 434
2 378 442
49 394 400
87 379 495
60 343 417
31 348 414
7 393 434
78 325 441
72 368 462
35 364 411
25 361 463
29 396 476
47 367 435
53 328 444
36 366 412
31 306 438
94 345 477
73 323 413
76 309 478
52 351 479
16 339 420
46 300 445
11 352 416
15 340 409
53 336 405
74 312 446
12 348 494
81 356 418
61 350 403
23 301 463
9 332 402
38 360 409
20 303 412
11 317 477
52 392 482
33 312 429
57 303 417
43 342 440
47 307 464
1 364 456
76 316 413
48 349 458
25 332 441
37 348 434
43 357 413
49 324 479
70 394 413
29 386 489
47 355 490
65 302 414
8 334 466
23 368 475
3 388 461
87 301 441
17 375 468
72 348 475
29 333 459
60 351 475
14 346 550
62 348 502
25 339 525
66 321 520
91 389 521
99 335 549
75 391 574
58 315 595
17 321 552
47 361 521
11 373 546
41 375 513
86 342 585
1 300 528
71 303 542
29 372 585
91 389 585
6 391 534
2 378 542
49 394 500
87 379 595
60 343 517
31 348 514
7 393 534
78 325 541
72 368 562
35 364 511
25 361 563
29 396 576
47 367 535
53 328 544
36 366 512
31 306 538
94 345 577
73 323 513
76 309 578
52 351 579
16 339 520
46 300 545
11 352 516
15 340 509
53 336 505
74 312 546
12 348 594
81 356 518
61 350 503
23 301 563
9 332 502
38 360 509
20 303 512
11 317 577
52 392 582
33 312 529
57 303 517
43 342 540
47 307 564
1 364 556
76 316 513
48 349 558
25 332 541
37 348 534
43 357 513
49 324 579
70 394 513
29 386 589
47 355 590
65 302 514
8 334 566
23 368 575
3 388 561
87 301 541
17 375 568
72 348 575
29 333 559
60 351 575
14 346 650
62 348 602
25 339 625
66 321 620
91 389 621
99 335 649
75 391 674
58 315 695
17 321 652
47 361 621
11 373 646
41 375 613
86 342 685
1 300 628
71 303 642
29 372 685
91 389 685
6 391 634
2 378 642
49 394 600
87 379 695
60 343 617
31 348 614
7 393 634
78 325 641
72 368 662
35 364 611
25 361 663
29 396 676
47 367 635
53 328 644
36 366 612
31 306 638
94 345 677
73 323 613
76 309 678
52 351 679
16 339 620
46 300 645
11 352 616
15 340 609
53 336 605
74 312 646
12 348 694
81 356 618
61 350 603
23 301 663
9 332 602
38 360 609
20 303 612
11 317 677
52 392 682
33 312 629
57 303 617
43 342 640
47 307 664
1 364 656
76 316 613
48 349 658
25 332 641
37 348 634
43 357 613
49 324 679
70 394 613
29 386 689
47 355 690
65 302 614
8 334 666
23 368 675
3 388 661
87 301 641
17 375 668
72 348 675
29 333 659
60 351 675
14 346 750
62 348 702
25 339 725
66 321 720
91 389 721
99 335 749
75 391 774
58 315 795
17 321 752
47 361 721
11 373 746
41 375 713
86 342 785
1 300 728
71 303 742
29 372 785
91 389 785
6 391 734
2 378 742
49 394 700
87 379 795
60 343 717
31 348 714
7 393 734
78 325 741
72 368 762
35 364 711
25 361 763
29 396 776
47 367 735
53 328 744
36 366 712
31 306 738
94 345 777
73 323 713
76 309 778
52 351 779
16 339 720
46 300 745
11 352 716
15 340 709
53 336 705
74 312 746
12 348 794
81 356 718
61 350 703
23 301 763
9 332 702
38 360 709
20 303 712
11 317 777
52 392 782
33 312 729
57 303 717
43 342 740
47 307 764
1 364 756
76 316 713
48 349 758
25 332 741
37 348 734
43 357 713
49 324 779
70 394 713
29 386 789
47 355 790
65 302 714
8 334 766
23 368 775
3 388 761
87 301 741
17 375 768
72 348 775
29 333 759
60 351 775
14 346 850
62 348 802
25 339 825
66 321 820
91 389 821
99 335 849
75 391 874
58 315 895
17 321 852
47 361 821
11 373 846
41 375 813
86 342 885
1 300 828
71 303 842
29 372 885
91 389 885
6 391 834
2 378 842
49 394 800
87 379 895
60 343 817
31 348 814
7 393 834
78 325 841
72 368 862
35 364 811
25 361 863
29 396 876
47 367 835
53 328 844
36 366 812
31 306 838
94 345 877
73 323 813
76 309 878
52 351 879
16 339 820
46 300 845
11 352 816
15 340 809
53 336 805
74 312 846
12 348 894
81 356 818
61 350 803
23 301 863
9 332 802
38 360 809
20 303 812
11 317 877
52 392 882
33 312 829
57 303 817
43 342 840
47 307 864
1 364 856
76 316 813
48 349 858
25 332 841
37 348 834
43 357 813
49 324 879
70 394 813
29 386 889
47 355 890
65 302 814
8 334 866
23 368 875
3 388 861
87 301 841
17 375 868
72 348 875
29 333 859
60 351 875
14 346 950
62 348 902
25 339 925
66 321 920
91 389 921
99 335 949
75 391 974
58 315 995
17 321 952
47 361 921
11 373 946
41 375 913
86 342 985
1 300 928
71 303 942
29 372 985
91 389 985
6 391 934
2 378 942
49 394 900
87 379 995
60 343 917
31 348 914
7 393 934
78 325 941
72 368 962
35 364 911
25 361 963
29 396 976
47 367 935
53 328 944
36 366 912
31 306 938
94 345 977
73 323 913
76 309 978
52 351 979
16 339 920
46 300 945
11 352 916
15 340 909
53 336 905
74 312 946
12 348 994
81 356 918
61 350 903
23 301 963
9 332 902
38 360 909
20 303 912
11 317 977
52 392 982
33 312 929
57 303 917
43 342 940
47 307 964
1 364 956
76 316 913
48 349 958
25 332 941
37 348 934
43 357 913
49 324 979
70 394 913
29 386 989
47 355 990
65 302 914
8 334 966
23 368 975
3 388 961
87 301 941
17 375 968
72 348 975
29 333 959
60 351 975
14 446 50
62 448 2
25 439 25
66 421 20
91 489 21
99 435 49
75 491 74
58 415 95
17 421 52
47 461 21
11 473 46
41 475 13
86 442 85
1 400 28
71 403 42
29 472 85
91 489 85
6 491 34
2 478 42
49 494 0
87 479 95
60 443 17
31 448 14
7 493 34
78 425 41
72 468 62
35 464 11
25 461 63
29 496 76
47 467 35
53 428 44
36 466 12
31 406 38
94 445 77
73 423 13
76 409 78
52 451 79
16 439 20
46 400 45
11 452 16
15 440 9
53 436 5
74 412 46
12 448 94
81 456 18
61 450 3
23 401 63
9 432 2
38 460 9
20 403 12
11 417 77
52 492 82
33 412 29
57 403 17
43 442 40
47 407 64
1 464 56
76 416 13
48 449 58
25 432 41
37 448 34
43 457 13
49 424 79
70 494 13
29 486 89
47 455 90
65 402 14
8 434 66
23 468 75
3 488 61
87 401 41
17 475 68
72 448 75
29 433 59
60 451 75
14 446 150
62 448 102
25 439 125
66 421 120
91 489 121
99 435 149
75 491 174
58 415 195
17 421 152
47 461 121
11 473 146
41 475 113
86 442 185
1 400 128
71 403 142
29 472 185
91 489 185
6 491 134
2 478 142
49 494 100
87 479 195
60 443 117
31 448 114
7 493 134
78 425 141
72 468 162
35 464 111
25 461 163
29 496 176
47 467 135
53 428 144
36 466 112
31 406 138
94 445 177
73 423 113
76 409 178
52 451 179
16 439 120
46 400 145
11 452 116
15 440 109
53 436 105
74 412 146
12 448 194
81 456 118
61 450 103
23 401 163
9 432 102
38 460 109
20 403 112
11 417 177
52 492 182
33 412 129
57 403 117
43 442 140
47 407 164
1 464 156
76 416 113
48 449 158
25 432 141
37 448 134
43 457 113
49 424 179
70 494 113
29 486 189
47 455 190
65 402 114
8 434 166
23 468 175
3 488 161
87 401 141
17 475 168
72 448 175
29 433 159
60 451 175
14 446 250
62 448 202
25 439 225
66 421 220
91 489 221
99 435 249
75 491 274
58 415 295
17 421 252
47 461 221
11 473 246
41 475 213
86 442 285
1 400 228
71 403 242
29 472 285
91 489 285
6 491 234
2 478 242
49 494 200
87 479 295
60 443 217
31 448 214
7 493 234
78 425 241
72 468 262
35 464 211
25 461 263
29 496 276
47 467 235
53 428 244
36 466 212
31 406 238
94 445 277
73 423 213
76 409 278
52 451 279
16 439 220
46 400 245
11 452 216
15 440 209
53 436 205
74 412 246
12 448 294
81 456 218
61 450 203
23 401 263
9 432 202
38 460 209
20 403 212
11 417 277
52 492 282
33 412 229
57 403 217
43 442 240
47 407 264
1 464 256
76 416 213
48 449 258
25 432 241
37 448 234
43 457 213
49 424 279
70 494 213
29 486 289
47 455 290
65 402 214
8 434 266
23 468 275
3 488 261
87 401 241
17 475 268
72 448 275
29 433 259
60 451 275
14 446 350
62 448 302
25 439 325
66 421 320
91 489 321
99 435 349
75 491 374
58 415 395
17 421 352
47 461 321
11 473 346
41 475 313
86 442 385
1 400 328
71 403 342
29 472 385
91 489 385
6 491 334
2 478 342
49 494 300
87 479 395
60 443 317
31 448 314
7 493 334
78 425 341
72 468 362
35 464 311
25 461 363
29 496 376
47 467 335
53 428 344
36 466 312
31 406 338
94 445 377
73 423 313
76 409 378
52 451 379
16 439 320
46 400 345
11 452 316
15 440 309
53 436 305
74 412 346
12 448 394
81 456 318
61 450 303
23 401 363
9 432 302
38 460 309
20 403 312
11 417 377
52 492 382
33 412 329
57 403 317
43 442 340
47 407 364
1 464 356
76 416 313
48 449 358
25 432 341
37 448 334
43 457 313
49 424 379
70 494 313
29 486 389
47 455 390
65 402 314
8 434 366
23 468 375
3 488 361
87 401 341
17 475 368
72 448 375
29 433 359
60 451 375
14 446 450
62 448 402
25 439 425
66 421 420
91 489 421
99 435 449
75 491 474
58 415 495
17 421 452
47 461 421
11 473 446
41 475 413
86 442 485
1 400 428
71 403 442
29 472 485
91 489 485
6 491 434
2 478 442
49 494 400
87 479 495
60 443 417
31 448 414
7 493 434
78 425 441
72 468 462
35 464 411
25 461 463
29 496 476
47 467 435
53 428 444
36 466 412
31 406 438
94 445 477
73 423 413
76 409 478
52 451 479
16 439 420
46 400 445
11 452 416
15 440 409
53 436 405
74 412 446
12 448 494
81 456 418
61 450 403
23 401 463
9 432 402
38 460 409
20 403 412
11 417 477
52 492 482
33 412 429
57 403 417
43 442 440
47 407 464
1 464 456
76 416 413
48 449 458
25 432 441
37 448 434
43 457 413
49 424 479
70 494 413
29 486 489
47 455 490
65 402 414
8 434 466
23 468 475
3 488 461
87 401 441
17 475 468
72 448 475
29 433 459
60 451 475
14 446 550
62 448 502
25 439 525
66 421 520
91 489 521
99 435 549
75 491 574
58 415 595
17 421 552
47 461 521
11 473 546
41 475 513
86 442 585
1 400 528
71 403 542
29 472 585
91 489 585
6 491 534
2 478 542
49 494 500
87 479 595
60 443 517
31 448 514
7 493 534
78 425 541
72 468 562
35 464 511
25 461 563
29 496 576
47 467 535
53 428 544
36 466 512
31 406 538
94 445 577
73 423 513
76 409 578
52 451 579
16 439 520
46 400 545
11 452 516
15 440 509
53 436 505
74 412 546
12 448 594
81 456 518
61 450 503
23 401 563
9 432 502
38 460 509
20 403 512
11 417 577
52 492 582
33 412 529
57 403 517
43 442 540
47 407 564
1 464 556
76 416 513
48 449 558
25 432 541
37 448 534
43 457 513
49 424 579
70 494 513
29 486 589
47 455 590
65 402 514
8 434 566
23 468 575
3 488 561
87 401 541
17 475 568
72 448 575
29 433 559
60 451 575
14 446 650
62 448 602
25 439 625
66 421 620
91 489 621
99 435 649
75 491 674
58 415 695
17 421 652
47 461 621
11 473 646
41 475 613
86 442 685
1 400 628
71 403 642
29 472 685
91 489 685
6 491 634
2 478 642
49 494 600
87 479 695
60 443 617
31 448 614
7 493 634
78 425 641
72 468 662
35 464 611
25 461 663
29 496 676
47 467 635
53 428 644
36 466 612
31 406 638
94 445 677
73 423 613
76 409 678
52 451 679
16 439 620
46 400 645
11 452 616
15 440 609
53 436 605
74 412 646
12 448 694
81 456 618
61 450 603
23 401 663
9 432 602
38 460 609
20 403 612
11 417 677
52 492 682
33 412 629
57 403 617
43 442 640
47 407 664
1 464 656
76 416 613
48 449 658
25 432 641
37 448 634
43 457 613
49 424 679
70 494 613
29 486 689
47 455 690
65 402 614
8 434 666
23 468 675
3 488 661
87 401 641
17 475 668
72 448 675
29 433 659
60 451 675
14 446 750
62 448 702
25 439 725
66 421 720
91 489 721
99 435 749
75 491 774
58 415 795
17 421 752
47 461 721
11 473 746
41 475 713
86 442 785
1 400 728
71 403 742
29 472 785
91 489 785
6 491 734
2 478 742
49 494 700
87 479 795
60 443 717
31 448 714
7 493 734
78 425 741
72 468 762
35 464 711
25 461 763
29 496 776
47 467 735
53 428 744
36 466 712
31 406 738
94 445 777
73 423 713
76 409 778
52 451 779
16 439 720
46 400 745
11 452 716
15 440 709
53 436 705
74 412 746
12 448 794
81 456 718
61 450 703
23 401 763
9 432 702
38 460 709
20 403 712
11 417 777
52 492 782
33 412 729
57 403 717
43 442 740
47 407 764
1 464 756
76 416 713
48 449 758
25 432 741
37 448 734
43 457 713
49 424 779
70 494 713
29 486 789
47 455 790
65 402 714
8 434 766
23 468 775
3 488 761
87 401 741
17 475 768
72 448 775
29 433 759
60 451 775
14 446 850
62 448 802
25 439 825
66 421 820
91 489 821
99 435 849
75 491 874
58 415 895
17 421 852
47 461 821
11 473 846
41 475 813
86 442 885
1 400 828
71 403 842
29 472 885
91 489 885
6 491 834
2 478 842
49 494 800
87 479 895
60 443 817
31 448 814
7 493 834
78 425 841
72 468 862
35 464 811
25 461 863
29 496 876
47 467 835
53 428 844
36 466 812
31 406 838
94 445 877
73 423 813
76 409 878
52 451 879
16 439 820
46 400 845
11 452 816
15 440 809
53 436 805
74 412 846
12 448 894
81 456 818
61 450 803
23 401 863
9 432 802
38 460 809
20 403 812
11 417 877
52 492 882
33 412 829
57 403 817
43 442 840
47 407 864
1 464 856
76 416 813
48 449 858
25 432 841
37 448 834
43 457 813
49 424 879
70 494 813
29 486 889
47 455 890
65 402 814
8 434 866
23 468 875
3 488 861
87 401 841
17 475 868
72 448 875
29 433 859
60 451 875
14 446 950
62 448 902
25 439 925
66 421 920
91 489 921
99 435 949
75 491 974
58 415 995
17 421 952
47 461 921
11 473 946
41 475 913
86 442 985
1 400 928
71 403 942
29 472 985
91 489 985
6 491 934
2 478 942
49 494 900
87 479 995
60 443 917
31 448 914
7 493 934
78 425 941
72 468 962
35 464 911
25 461 963
29 496 976
47 467 935
53 428 944
36 466 912
31 406 938
94 445 977
73 423 913
76 409 978
52 451 979
16 439 920
46 400 945
11 452 916
15 440 909
53 436 905
74 412 946
12 448 994
81 456 918
61 450 903
23 401 963
9 432 902
38 460 909
20 403 912
11 417 977
52 492 982
33 412 929
57 403 917
43 442 940
47 407 964
1 464 956
76 416 913
48 449 958
25 432 941
37 448 934
43 457 913
49 424 979
70 494 913
29 486 989
47 455 990
65 402 914
8 434 966
23 468 975
3 488 961
87 401 941
17 475 968
72 448 975
29 433 959
60 451 975
14 546 50
62 548 2
25 539 25
66 521 20
91 589 21
99 535 49
75 591 74
58 515 95
17 521 52
47 561 21
11 573 46
41 575 13
86 542 85
1 500 28
71 503 42
29 572 85
91 589 85
6 591 34
2 578 42
49 594 0
87 579 95
60 543 17
31 548 14
7 593 34
78 525 41
72 568 62
35 564 11
25 561 63
29 596 76
47 567 35
53 528 44
36 566 12
31 506 38
94 545 77
73 523 13
76 509 78
52 551 79
16 539 20
46 500 45
11 552 16
15 540 9
53 536 5
74 512 46
12 548 94
81 556 18
61 550 3
23 501 63
9 532 2
38 560 9
20 503 12
11 517 77
52 592 82
33 512 29
57 503 17
43 542 40
47 507 64
1 564 56
76 516 13
48 549 58
25 532 41
37 548 34
43 557 13
49 524 79
70 594 13
29 586 89
47 555 90
65 502 14
8 534 66
23 568 75
3 588 61
87 501 41
17 575 68
72 548 75
29 533 59
60 551 75
14 546 150
62 548 102
25 539 125
66 521 120
91 589 121
99 535 149
75 591 174
58 515 195
17 521 152
47 561 121
11 573 146
41 575 113
86 542 185
1 500 128
71 503 142
29 572 185
91 589 185
6 591 134
2 578 142
49 594 100
87 579 195
60 543 117
31 548 114
7 593 134
78 525 141
72 568 162
35 564 111
25 561 163
29 596 176
47 567 135
53 528 144
36 566 112
31 506 138
94 545 177
73 523 113
76 509 178
52 551 179
16 539 120
46 500 145
11 552 116
15 540 109
53 536 105
74 512 146
12 548 194
81 556 118
61 550 103
23 501 163
9 532 102
38 560 109
20 503 112
11 517 177
52 592 182
33 512 129
57 503 117
43 542 140
47 507 164
1 564 156
76 516 113
48 549 158
25 532 141
37 548 134
43 557 113
49 524 179
70 594 113
29 586 189
47 555 190
65 502 114
8 534 166
23 568 175
3 588 161
87 501 141
17 575 168
72 548 175
29 533 159
60 551 175
14 546 250
62 548 202
25 539 225
66 521 220
91 589 221
99 535 249
75 591 274
58 515 295
17 521 252
47 561 221
11 573 246
41 575 213
86 542 285
1 500 228
71 503 242
29 572 285
91 589 285
6 591 234
2 578 242
49 594 200
87 579 295
60 543 217
31 548 214
7 593 234
78 525 241
72 568 262
35 564 211
25 561 263
29 596 276
47 567 235
53 528 244
36 566 212
31 506 238
94 545 277
73 523 213
76 509 278
52 551 279
16 539 220
46 500 245
11 552 216
15 540 209
53 536 205
74 512 246
12 548 294
81 556 218
61 550 203
23 501 263
9 532 202
38 560 209
20 503 212
11 517 277
52 592 282
33 512 229
57 503 217
43 542 240
47 507 264
1 564 256
76 516 213
48 549 258
25 532 241
37 548 234
43 557 213
49 524 279
70 594 213
29 586 289
47 555 290
65 502 214
8 534 266
23 568 275
3 588 261
87 501 241
17 575 268
72 548 275
29 533 259
60 551 275
14 546 350
62 548 302
25 539 325
66 521 320
91 589 321
99 535 349
75 591 374
58 515 395
17 521 352
47 561 321
11 573 346
41 575 313
86 542 385
1 500 328
71 503 342
29 572 385
91 589 385
6 591 334
2 578 342
49 594 300
87 579 395
60 543 317
31 548 314
7 593 334
78 525 341
72 568 362
35 564 311
25 561 363
29 596 376
47 567 335
53 528 344
36 566 312
31 506 338
94 545 377
73 523 313
76 509 378
52 551 379
16 539 320
46 500 345
11 552 316
15 540 309
53 536 305
74 512 346
12 548 394
81 556 318
61 550 303
23 501 363
9 532 302
38 560 309
20 503 312
11 517 377
52 592 382
33 512 329
57 503 317
43 542 340
47 507 364
1 564 356
76 516 313
48 549 358
25 532 341
37 548 334
43 557 313
49 524 379
70 594 313
29 586 389
47 555 390
65 502 314
8 534 366
23 568 375
3 588 361
87 501 341
17 575 368
72 548 375
29 533 359
60 551 375
14 546 450
62 548 402
25 539 425
66 521 420
91 589 421
99 535 449
75 591 474
58 515 495
17 521 452
47 561 421
11 573 446
41 575 413
86 542 485
1 500 428
71 503 442
29 572 485
91 589 485
6 591 434
2 578 442
49 594 400
87 579 495
60 543 417
31 548 414
7 593 434
78 525 441
72 568 462
35 564 411
25 561 463
29 596 476
47 567 435
53 528 444
36 566 412
31 506 438
94 545 477
73 523 413
76 509 478
52 551 479
16 539 420
46 500 445
11 552 416
15 540 409
53 536 405
74 512 446
12 548 494
81 556 418
61 550 403
23 501 463
9 532 402
38 560 409
20 503 412
11 517 477
52 592 482
33 512 429
57 503 417
43 542 440
47 507 464
1 564 456
76 516 413
48 549 458
25 532 441
37 548 434
43 557 413
49 524 479
70 594 413
29 586 489
47 555 490
65 502 414
8 534 466
23 568 475
3 588 461
87 501 441
17 575 468
72 548 475
29 533 459
60 551 475
14 546 550
62 548 502
25 539 525
66 521 520
91 589 521
99 535 549
75 591 574
58 515 595
17 521 552
47 561 521
11 573 546
41 575 513
86 542 585
1 500 528
71 503 542
29 572 585
91 589 585
6 591 534
2 578 542
49 594 500
87 579 595
60 543 517
31 548 514
7 593 534
78 525 541
72 568 562
35 564 511
25 561 563
29 596 576
47 567 535
53 528 544
36 566 512
31 506 538
94 545 577
73 523 513
76 509 578
52 551 579
16 539 520
46 500 545
11 552 516
15 540 509
53 536 505
74 512 546
12 548 594
81 556 518
61 550 503
23 501 563
9 532 502
38 560 509
20 503 512
11 517 577
52 592 582
33 512 529
57 503 517
43 542 540
47 507 564
1 564 556
76 516 513
48 549 558
25 532 541
37 548 534
43 557 513
49 524 579
70 594 513
29 586 589
47 555 590
65 502 514
8 534 566
23 568 575
3 588 561
87 501 541
17 575 568
72 548 575
29 533 559
60 551 575
14 546 650
62 548 602
25 539 625
66 521 620
91 589 621
99 535 649
75 591 674
58 515 695
17 521 652
47 561 621
11 573 646
41 575 613
86 542 685
1 500 628
71 503 642
29 572 685
91 589 685
6 591 634
2 578 642
49 594 600
87 579 695
60 543 617
31 548 614
7 593 634
78 525 641
72 568 662
35 564 611
25 561 663
29 596 676
47 567 635
53 528 644
36 566 612
31 506 638
94 545 677
73 523 613
76 509 678
52 551 679
16 539 620
46 500 645
11 552 616
15 540 609
53 536 605
74 512 646
12 548 694
81 556 618
61 550 603
23 501 663
9 532 602
38 560 609
20 503 612
11 517 677
52 592 682
33 512 629
57 503 617
43 542 640
47 507 664
1 564 656
76 516 613
48 549 658
25 532 641
37 548 634
43 557 613
49 524 679
70 594 613
29 586 689
47 555 690
65 502 614
8 534 666
23 568 675
3 588 661
87 501 641
17 575 668
72 548 675
29 533 659
60 551 675
14 546 750
62 548 702
25 539 725
66 521 720
91 589 721
99 535 749
75 591 774
58 515 795
17 521 752
47 561 721
11 573 746
41 575 713
86 542 785
1 500 728
71 503 742
29 572 785
91 589 785
6 591 734
2 578 742
49 594 700
87 579 795
60 543 717
31 548 714
7 593 734
78 525 741
72 568 762
35 564 711
25 561 763
29 596 776
47 567 735
53 528 744
36 566 712
31 506 738
94 545 777
73 523 713
76 509 778
52 551 779
16 539 720
46 500 745
11 552 716
15 540 709
53 536 705
74 512 746
12 548 794
81 556 718
61 550 703
23 501 763
9 532 702
38 560 709
20 503 712
11 517 777
52 592 782
33 512 729
57 503 717
43 542 740
47 507 764
1 564 756
76 516 713
48 549 758
25 532 741
37 548 734
43 557 713
49 524 779
70 594 713
29 586 789
47 555 790
65 502 714
8 534 766
23 568 775
3 588 761
87 501 741
17 575 768
72 548 775
29 533 759
60 551 775
14 546 850
62 548 802
25 539 825
66 521 820
91 589 821
99 535 849
75 591 874
58 515 895
17 521 852
47 561 821
11 573 846
41 575 813
86 542 885
1 500 828
71 503 842
29 572 885
91 589 885
6 591 834
2 578 842
49 594 800
87 579 895
60 543 817
31 548 814
7 593 834
78 525 841
72 568 862
35 564 811
25 561 863
29 596 876
47 567 835
53 528 844
36 566 812
31 506 838
94 545 877
73 523 813
76 509 878
52 551 879
16 539 820
46 500 845
11 552 816
15 540 809
53 536 805
74 512 846
12 548 894
81 556 818
61 550 803
23 501 863
9 532 802
38 560 809
20 503 812
11 517 877
52 592 882
33 512 829
57 503 817
43 542 840
47 507 864
1 564 856
76 516 813
48 549 858
25 532 841
37 548 834
43 557 813
49 524 879
70 594 813
29 586 889
47 555 890
65 502 814
8 534 866
23 568 875
3 588 861
87 501 841
17 575 868
72 548 875
29 533 859
60 551 875
14 546 950
62 548 902
25 539 925
66 521 920
91 589 921
99 535 949
75 591 974
58 515 995
17 521 952
47 561 921
11 573 946
41 575 913
86 542 985
1 500 928
71 503 942
29 572 985
91 589 985
6 591 934
2 578 942
49 594 900
87 579 995
60 543 917
31 548 914
7 593 934
78 525 941
72 568 962
35 564 911
25 561 963
29 596 976
47 567 935
53 528 944
36 566 912
31 506 938
94 545 977
73 523 913
76 509 978
52 551 979
16 539 920
46 500 945
11 552 916
15 540 909
53 536 905
74 512 946
12 548 994
81 556 918
61 550 903
23 501 963
9 532 902
38 560 909
20 503 912
11 517 977
52 592 982
33 512 929
57 503 917
43 542 940
47 507 964
1 564 956
76 516 913
48 549 958
25 532 941
37 548 934
43 557 913
49 524 979
70 594 913
29 586 989
47 555 990
65 502 914
8 534 966
23 568 975
3 588 961
87 501 941
17 575 968
72 548 975
29 533 959
60 551 975
14 646 50
62 648 2
25 639 25
66 621 20
91 689 21
99 635 49
75 691 74
58 615 95
17 621 52
47 661 21
11 673 46
41 675 13
86 642 85
1 600 28
71 603 42
29 672 85
91 689 85
6 691 34
2 678 42
49 694 0
87 679 95
60 643 17
31 648 14
7 693 34
78 625 41
72 668 62
35 664 11
25 661 63
29 696 76
47 667 35
53 628 44
36 666 12
31 606 38
94 645 77
73 623 13
76 609 78
52 651 79
16 639 20
46 600 45
11 652 16
15 640 9
53 636 5
74 612 46
12 648 94
81 656 18
61 650 3
23 601 63
9 632 2
38 660 9
20 603 12
11 617 77
52 692 82
33 612 29
57 603 17
43 642 40
47 607 64
1 664 56
76 616 13
48 649 58
25 632 41
37 648 34
43 657 13
49 624 79
70 694 13
29 686 89
47 655 90
65 602 14
8 634 66
23 668 75
3 688 61
87 601 41
17 675 68
72 648 75
29 633 59
60 651 75
14 646 150
62 648 102
25 639 125
66 621 120
91 689 121
99 635 149
75 691 174
58 615 195
17 621 152
47 661 121
11 673 146
41 675 113
86 642 185
1 600 128
71 603 142
29 672 185
91 689 185
6 691 134
2 678 142
49 694 100
87 679 195
60 643 117
31 648 114
7 693 134
78 625 141
72 668 162
35 664 111
25 661 163
29 696 176
47 667 135
53 628 144
36 666 112
31 606 138
94 645 177
73 623 113
76 609 178
52 651 179
16 639 120
46 600 145
11 652 116
15 640 109
53 636 105
74 612 146
12 648 194
81 656 118
61 650 103
23 601 163
9 632 102
38 660 109
20 603 112
11 617 177
52 692 182
33 612 129
57 603 117
43 642 140
47 607 164
1 664 156
76 616 113
48 649 158
25 632 141
37 648 134
43 657 113
49 624 179
70 694 113
29 686 189
47 655 190
65 602 114
8 634 166
23 668 175
3 688 161
87 601 141
17 675 168
72 648 175
29 633 159
60 651 175
14 646 250
62 648 202
25 639 225
66 621 220
91 689 221
99 635 249
75 691 274
58 615 295
17 621 252
47 661 221
11 673 246
41 675 213
86 642 285
1 600 228
71 603 242
29 672 285
91 689 285
6 691 234
2 678 242
49 694 200
87 679 295
60 643 217
31 648 214
7 693 234
78 625 241
72 668 262
35 664 211
25 661 263
29 696 276
47 667 235
53 628 244
36 666 212
31 606 238
94 645 277
73 623 213
76 609 278
52 651 279
16 639 220
46 600 245
11 652 216
15 640 209
53 636 205
74 612 246
12 648 294
81 656 218
61 650 203
23 601 263
9 632 202
38 660 209
20 603 212
11 617 277
52 692 282
33 612 229
57 603 217
43 642 240
47 607 264
1 664 256
76 616 213
48 649 258
25 632 241
37 648 234
43 657 213
49 624 279
70 694 213
29 686 289
47 655 290
65 602 214
8 634 266
23 668 275
3 688 261
87 601 241
17 675 268
72 648 275
29 633 259
60 651 275
14 646 350
62 648 302
25 639 325
66 621 320
91 689 321
99 635 349
75 691 374
58 615 395
17 621 352
47 661 321
11 673 346
41 675 313
86 642 385
1 600 328
71 603 342
29 672 385
91 689 385
6 691 334
2 678 342
49 694 300
87 679 395
60 643 317
31 648 314
7 693 334
78 625 341
72 668 362
35 664 311
25 661 363
29 696 376
47 667 335
53 628 344
36 666 312
31 606 338
94 645 377
73 623 313
76 609 378
52 651 379
16 639 320
46 600 345
11 652 316
15 640 309
53 636 305
74 612 346
12 648 394
81 656 318
61 650 303
23 601 363
9 632 302
38 660 309
20 603 312
11 617 377
52 692 382
33 612 329
57 603 317
43 642 340
47 607 364
1 664 356
76 616 313
48 649 358
25 632 341
37 648 334
43 657 313
49 624 379
70 694 313
29 686 389
47 655 390
65 602 314
8 634 366
23 668 375
3 688 361
87 601 341
17 675 368
72 648 375
29 633 359
60 651 375
14 646 450
62 648 402
25 639 425
66 621 420
91 689 421
99 635 449
75 691 474
58 615 495
17 621 452
47 661 421
11 673 446
41 675 413
86 642 485
1 600 428
71 603 442
29 672 485
91 689 485
6 691 434
2 678 442
49 694 400
87 679 495
60 643 417
31 648 414
7 693 434
78 625 441
72 668 462
35 664 411
25 661 463
29 696 476
47 667 435
53 628 444
36 666 412
31 606 438
94 645 477
73 623 413
76 609 478
52 651 479
16 639 420
46 600 445
11 652 416
15 640 409
53 636 405
74 612 446
12 648 494
81 656 418
61 650 403
23 601 463
9 632 402
38 660 409
20 603 412
11 617 477
52 692 482
33 612 429
57 603 417
43 642 440
47 607 464
1 664 456
76 616 413
48 649 458
25 632 441
37 648 434
43 657 413
49 624 479
70 694 413
29 686 489
47 655 490
65 602 414
8 634 466
23 668 475
3 688 461
87 601 441
17 675 468
72 648 475
29 633 459
60 651 475
14 646 550
62 648 502
25 639 525
66 621 520
91 689 521
99 635 549
75 691 574
58 615 595
17 621 552
47 661 521
11 673 546
41 675 513
86 642 585
1 600 528
71 603 542
29 672 585
91 689 585
6 691 534
2 678 542
49 694 500
87 679 595
60 643 517
31 648 514
7 693 534
78 625 541
72 668 562
35 664 511
25 661 563
29 696 576
47 667 535
53 628 544
36 666 512
31 606 538
94 645 577
73 623 513
76 609 578
52 651 579
16 639 520
46 600 545
11 652 516
15 640 509
53 636 505
74 612 546
12 648 594
81 656 518
61 650 503
23 601 563
9 632 502
38 660 509
20 603 512
11 617 577
52 692 582
33 612 529
57 603 517
43 642 540
47 607 564
1 664 556
76 616 513
48 649 558
25 632 541
37 648 534
43 657 513
49 624 579
70 694 513
29 686 589
47 655 590
65 602 514
8 634 566
23 668 575
3 688 561
87 601 541
17 675 568
72 648 575
29 633 559
60 651 575
14 646 650
62 648 602
25 639 625
66 621 620
91 689 621
99 635 649
75 691 674
58 615 695
17 621 652
47 661 621
11 673 646
41 675 613
86 642 685
1 600 628
71 603 642
29 672 685
91 689 685
6 691 634
2 678 642
49 694 600
87 679 695
60 643 617
31 648 614
7 693 634
78 625 641
72 668 662
35 664 611
25 661 663
29 696 676
47 667 635
53 628 644
36 666 612
31 606 638
94 645 677
73 623 613
76 609 678
52 651 679
16 639 620
46 600 645
11 652 616
15 640 609
53 636 605
74 612 646
12 648 694
81 656 618
61 650 603
23 601 663
9 632 602
38 660 609
20 603 612
11 617 677
52 692 682
33 612 629
57 603 617
43 642 640
47 607 664
1 664 656
76 616 613
48 649 658
25 632 641
37 648 634
43 657 613
49 624 679
70 694 613
29 686 689
47 655 690
65 602 614
8 634 666
23 668 675
3 688 661
87 601 641
17 675 668
72 648 675
29 633 659
60 651 675
14 646 750
62 648 702
25 639 725
66 621 720
91 689 721
99 635 749
75 691 774
58 615 795
17 621 752
47 661 721
11 673 746
41 675 713
86 642 785
1 600 728
71 603 742
29 672 785
91 689 785
6 691 734
2 678 742
49 694 700
87 679 795
60 643 717
31 648 714
7 693 734
78 625 741
72 668 762
35 664 711
25 661 763
29 696 776
47 667 735
53 628 744
36 666 712
31 606 738
94 645 777
73 623 713
76 609 778
52 651 779
16 639 720
46 600 745
11 652 716
15 640 709
53 636 705
74 612 746
12 648 794
81 656 718
61 650 703
23 601 763
9 632 702
38 660 709
20 603 712
11 617 777
52 692 782
33 612 729
57 603 717
43 642 740
47 607 764
1 664 756
76 616 713
48 649 758
25 632 741
37 648 734
43 657 713
49 624 779
70 694 713
29 686 789
47 655 790
65 602 714
8 634 766
23 668 775
3 688 761
87 601 741
17 675 768
72 648 775
29 633 759
60 651 775
14 646 850
62 648 802
25 639 825
66 621 820
91 689 821
99 635 849
75 691 874
58 615 895
17 621 852
47 661 821
11 673 846
41 675 813
86 642 885
1 600 828
71 603 842
29 672 885
91 689 885
6 691 834
2 678 842
49 694 800
87 679 895
60 643 817
31 648 814
7 693 834
78 625 841
72 668 862
35 664 811
25 661 863
29 696 876
47 667 835
53 628 844
36 666 812
31 606 838
94 645 877
73 623 813
76 609 878
52 651 879
16 639 820
46 600 845
11 652 816
15 640 809
53 636 805
74 612 846
12 648 894
81 656 818
61 650 803
23 601 863
9 632 802
38 660 809
20 603 812
11 617 877
52 692 882
33 612 829
57 603 817
43 642 840
47 607 864
1 664 856
76 616 813
48 649 858
25 632 841
37 648 834
43 657 813
49 624 879
70 694 813
29 686 889
47 655 890
65 602 814
8 634 866
23 668 875
3 688 861
87 601 841
17 675 868
72 648 875
29 633 859
60 651 875
14 646 950
62 648 902
25 639 925
66 621 920
91 689 921
99 635 949
75 691 974
58 615 995
17 621 952
47 661 921
11 673 946
41 675 913
86 642 985
1 600 928
71 603 942
29 672 985
91 689 985
6 691 934
2 678 942
49 694 900
87 679 995
60 643 917
31 648 914
7 693 934
78 625 941
72 668 962
35 664 911
25 661 963
29 696 976
47 667 935
53 628 944
36 666 912
31 606 938
94 645 977
73 623 913
76 609 978
52 651 979
16 639 920
46 600 945
11 652 916
15 640 909
53 636 905
74 612 946
12 648 994
81 656 918
61 650 903
23 601 963
9 632 902
38 660 909
20 603 912
11 617 977
52 692 982
33 612 929
57 603 917
43 642 940
47 607 964
1 664 956
76 616 913
48 649 958
25 632 941
37 648 934
43 657 913
49 624 979
70 694 913
29 686 989
47 655 990
65 602 914
8 634 966
23 668 975
3 688 961
87 601 941
17 675 968
72 648 975
29 633 959
60 651 975
14 746 50
62 748 2
25 739 25
66 721 20
91 789 21
99 735 49
75 791 74
58 715 95
17 721 52
47 761 21
11 773 46
41 775 13
86 742 85
1 700 28
71 703 42
29 772 85
91 789 85
6 791 34
2 778 42
49 794 0
87 779 95
60 743 17
31 748 14
7 793 34
78 725 41
72 768 62
35 764 11
25 761 63
29 796 76
47 767 35
53 728 44
36 766 12
31 706 38
94 745 77
73 723 13
76 709 78
52 751 79
16 739 20
46 700 45
11 752 16
15 740 9
53 736 5
74 712 46
12 748 94
81 756 18
61 750 3
23 701 63
9 732 2
38 760 9
20 703 12
11 717 77
52 792 82
33 712 29
57 703 17
43 742 40
47 707 64
1 764 56
76 716 13
48 749 58
25 732 41
37 748 34
43 757 13
49 724 79
70 794 13
29 786 89
47 755 90
65 702 14
8 734 66
23 768 75
3 788 61
87 701 41
17 775 68
72 748 75
29 733 59
60 751 75
14 746 150
62 748 102
25 739 125
66 721 120
91 789 121
99 735 149
75 791 174
58 715 195
17 721 152
47 761 121
11 773 146
41 775 113
86 742 185
1 700 128
71 703 142
29 772 185
91 789 185
6 791 134
2 778 142
49 794 100
87 779 195
60 743 117
31 748 114
7 793 134
78 725 141
72 768 162
35 764 111
25 761 163
29 796 176
47 767 135
53 728 144
36 766 112
31 706 138
94 745 177
73 723 113
76 709 178
52 751 179
16 739 120
46 700 145
11 752 116
15 740 109
53 736 105
74 712 146
12 748 194
81 756 118
61 750 103
23 701 163
9 732 102
38 760 109
20 703 112
11 717 177
52 792 182
33 712 129
57 703 117
43 742 140
47 707 164
1 764 156
76 716 113
48 749 158
25 732 141
37 748 134
43 757 113
49 724 179
70 794 113
29 786 189
47 755 190
65 702 114
8 734 166
23 768 175
3 788 161
87 701 141
17 775 168
72 748 175
29 733 159
60 751 175
14 746 250
62 748 202
25 739 225
66 721 220
91 789 221
99 735 249
75 791 274
58 715 295
17 721 252
47 761 221
11 773 246
41 775 213
86 742 285
1 700 228
71 703 242
29 772 285
91 789 285
6 791 234
2 778 242
49 794 200
87 779 295
60 743 217
31 748 214
7 793 234
78 725 241
72 768 262
35 764 211
25 761 263
29 796 276
47 767 235
53 728 244
36 766 212
31 706 238
94 745 277
73 723 213
76 709 278
52 751 279
16 739 220
46 700 245
11 752 216
15 740 209
53 736 205
74 712 246
12 748 294
81 756 218
61 750 203
23 701 263
9 732 202
38 760 209
20 703 212
11 717 277
52 792 282
33 712 229
57 703 217
43 742 240
47 707 264
1 764 256
76 716 213
48 749 258
25 732 241
37 748 234
43 757 213
49 724 279
70 794 213
29 786 289
47 755 290
65 702 214
8 734 266
23 768 275
3 788 261
87 701 241
17 775 268
72 748 275
29 733 259
60 751 275
14 746 350
62 748 302
25 739 325
66 721 320
91 789 321
99 735 349
75 791 374
58 715 395
17 721 352
47 761 321
11 773 346
41 775 313
86 742 385
1 700 328
71 703 342
29 772 385
91 789 385
6 791 334
2 778 342
49 794 300
87 779 395
60 743 317
31 748 314
7 793 334
78 725 341
72 768 362
35 764 311
25 761 363
29 796 376
47 767 335
53 728 344
36 766 312
31 706 338
94 745 377
73 723 313
76 709 378
52 751 379
16 739 320
46 700 345
11 752 316
15 740 309
53 736 305
74 712 346
12 748 394
81 756 318
61 750 303
23 701 363
9 732 302
38 760 309
20 703 312
11 717 377
52 792 382
33 712 329
57 703 317
43 742 340
47 707 364
1 764 356
76 716 313
48 749 358
25 732 341
37 748 334
43 757 313
49 724 379
70 794 313
29 786 389
47 755 390
65 702 314
8 734 366
23 768 375
3 788 361
87 701 341
17 775 368
72 748 375
29 733 359
60 751 375
14 746 450
62 748 402
25 739 425
66 721 420
91 789 421
99 735 449
75 791 474
58 715 495
17 721 452
47 761 421
11 773 446
41 775 413
86 742 485
1 700 428
71 703 442
29 772 485
91 789 485
6 791 434
2 778 442
49 794 400
87 779 495
60 743 417
31 748 414
7 793 434
78 725 441
72 768 462
35 764 411
25 761 463
29 796 476
47 767 435
53 728 444
36 766 412
31 706 438
94 745 477
73 723 413
76 709 478
52 751 479
16 739 420
46 700 445
11 752 416
15 740 409
53 736 405
74 712 446
12 748 494
81 756 418
61 750 403
23 701 463
9 732 402
38 760 409
20 703 412
11 717 477
52 792 482
33 712 429
57 703 417
43 742 440
47 707 464
1 764 456
76 716 413
48 749 458
25 732 441
37 748 434
43 757 413
49 724 479
70 794 413
29 786 489
47 755 490
65 702 414
8 734 466
23 768 475
3 788 461
87 701 441
17 775 468
72 748 475
29 733 459
60 751 475
14 746 550
62 748 502
25 739 525
66 721 520
91 789 521
99 735 549
75 791 574
58 715 595
17 721 552
47 761 521
11 773 546
41 775 513
86 742 585
1 700 528
71 703 542
29 772 585
91 789 585
6 791 534
2 778 542
49 794 500
87 779 595
60 743 517
31 748 514
7 793 534
78 725 541
72 768 562
35 764 511
25 761 563
29 796 576
47 767 535
53 728 544
36 766 512
31 706 538
94 745 577
73 723 513
76 709 578
52 751 579
16 739 520
46 700 545
11 752 516
15 740 509
53 736 505
74 712 546
12 748 594
81 756 518
61 750 503
23 701 563
9 732 502
38 760 509
20 703 512
11 717 577
52 792 582
33 712 529
57 703 517
43 742 540
47 707 564
1 764 556
76 716 513
48 749 558
25 732 541
37 748 534
43 757 513
49 724 579
70 794 513
29 786 589
47 755 590
65 702 514
8 734 566
23 768 575
3 788 561
87 701 541
17 775 568
72 748 575
29 733 559
60 751 575
14 746 650
62 748 602
25 739 625
66 721 620
91 789 621
99 735 649
75 791 674
58 715 695
17 721 652
47 761 621
11 773 646
41 775 613
86 742 685
1 700 628
71 703 642
29 772 685
91 789 685
6 791 634
2 778 642
49 794 600
87 779 695
60 743 617
31 748 614
7 793 634
78 725 641
72 768 662
35 764 611
25 761 663
29 796 676
47 767 635
53 728 644
36 766 612
31 706 638
94 745 677
73 723 613
76 709 678
52 751 679
16 739 620
46 700 645
11 752 616
15 740 609
53 736 605
74 712 646
12 748 694
81 756 618
61 750 603
23 701 663
9 732 602
38 760 609
20 703 612
11 717 677
52 792 682
33 712 629
57 703 617
43 742 640
47 707 664
1 764 656
76 716 613
48 749 658
25 732 641
37 748 634
43 757 613
49 724 679
70 794 613
29 786 689
47 755 690
65 702 614
8 734 666
23 768 675
3 788 661
87 701 641
17 775 668
72 748 675
29 733 659
60 751 675
14 746 750
62 748 702
25 739 725
66 721 720
91 789 721
99 735 749
75 791 774
58 715 795
17 721 752
47 761 721
11 773 746
41 775 713
86 742 785
1 700 728
71 703 742
29 772 785
91 789 785
6 791 734
2 778 742
49 794 700
87 779 795
60 743 717
31 748 714
7 793 734
78 725 741
72 768 762
35 764 711
25 761 763
29 796 776
47 767 735
53 728 744
36 766 712
31 706 738
94 745 777
73 723 713
76 709 778
52 751 779
16 739 720
46 700 745
11 752 716
15 740 709
53 736 705
74 712 746
12 748 794
81 756 718
61 750 703
23 701 763
9 732 702
38 760 709
20 703 712
11 717 777
52 792 782
33 712 729
57 703 717
43 742 740
47 707 764
1 764 756
76 716 713
48 749 758
25 732 741
37 748 734
43 757 713
49 724 779
70 794 713
29 786 789
47 755 790
65 702 714
8 734 766
23 768 775
3 788 761
87 701 741
17 775 768
72 748 775
29 733 759
60 751 775
14 746 850
62 748 802
25 739 825
66 721 820
91 789 821
99 735 849
75 791 874
58 715 895
17 721 852
47 761 821
11 773 846
41 775 813
86 742 885
1 700 828
71 703 842
29 772 885
91 789 885
6 791 834
2 778 842
49 794 800
87 779 895
60 743 817
31 748 814
7 793 834
78 725 841
72 768 862
35 764 811
25 761 863
29 796 876
47 767 835
53 728 844
36 766 812
31 706 838
94 745 877
73 723 813
76 709 878
52 751 879
16 739 820
46 700 845
11 752 816
15 740 809
53 736 805
74 712 846
12 748 894
81 756 818
61 750 803
23 701 863
9 732 802
38 760 809
20 703 812
11 717 877
52 792 882
33 712 829
57 703 817
43 742 840
47 707 864
1 764 856
76 716 813
48 749 858
25 732 841
37 748 834
43 757 813
49 724 879
70 794 813
29 786 889
47 755 890
65 702 814
8 734 866
23 768 875
3 788 861
87 701 841
17 775 868
72 748 875
29 733 859
60 751 875
14 746 950
62 748 902
25 739 925
66 721 920
91 789 921
99 735 949
75 791 974
58 715 995
17 721 952
47 761 921
11 773 946
41 775 913
86 742 985
1 700 928
71 703 942
29 772 985
91 789 985
6 791 934
2 778 942
49 794 900
87 779 995
60 743 917
31 748 914
7 793 934
78 725 941
72 768 962
35 764 911
25 761 963
29 796 976
47 767 935
53 728 944
36 766 912
31 706 938
94 745 977
73 723 913
76 709 978
52 751 979
16 739 920
46 700 945
11 752 916
15 740 909
53 736 905
74 712 946
12 748 994
81 756 918
61 750 903
23 701 963
9 732 902
38 760 909
20 703 912
11 717 977
52 792 982
33 712 929
57 703 917
43 742 940
47 707 964
1 764 956
76 716 913
48 749 958
25 732 941
37 748 934
43 757 913
49 724 979
70 794 913
29 786 989
47 755 990
65 702 914
8 734 966
23 768 975
3 788 961
87 701 941
17 775 968
72 748 975
29 733 959
60 751 975
14 846 50
62 848 2
25 839 25
66 821 20
91 889 21
99 835 49
75 891 74
58 815 95
17 821 52
47 861 21
11 873 46
41 875 13
86 842 85
1 800 28
71 803 42
29 872 85
91 889 85
6 891 34
2 878 42
49 894 0
87 879 95
60 843 17
31 848 14
7 893 34
78 825 41
72 868 62
35 864 11
25 861 63
29 896 76
47 867 35
53 828 44
36 866 12
31 806 38
94 845 77
73 823 13
76 809 78
52 851 79
16 839 20
46 800 45
11 852 16
15 840 9
53 836 5
74 812 46
12 848 94
81 856 18
61 850 3
23 801 63
9 832 2
38 860 9
20 803 12
11 817 77
52 892 82
33 812 29
57 803 17
43 842 40
47 807 64
1 864 56
76 816 13
48 849 58
25 832 41
37 848 34
43 857 13
49 824 79
70 894 13
29 886 89
47 855 90
65 802 14
8 834 66
23 868 75
3 888 61
87 801 41
17 875 68
72 848 75
29 833 59
60 851 75
14 846 150
62 848 102
25 839 125
66 821 120
91 889 121
99 835 149
75 891 174
58 815 195
17 821 152
47 861 121
11 873 146
41 875 113
86 842 185
1 800 128
71 803 142
29 872 185
91 889 185
6 891 134
2 878 142
49 894 100
87 879 195
60 843 117
31 848 114
7 893 134
78 825 141
72 868 162
35 864 111
25 861 163
29 896 176
47 867 135
53 828 144
36 866 112
31 806 138
94 845 177
73 823 113
76 809 178
52 851 179
16 839 120
46 800 145
11 852 116
15 840 109
53 836 105
74 812 146
12 848 194
81 856 118
61 850 103
23 801 163
9 832 102
38 860 109
20 803 112
11 817 177
52 892 182
33 812 129
57 803 117
43 842 140
47 807 164
1 864 156
76 816 113
48 849 158
25 832 141
37 848 134
43 857 113
49 824 179
70 894 113
29 886 189
47 855 190
65 802 114
8 834 166
23 868 175
3 888 161
87 801 141
17 875 168
72 848 175
29 833 159
60 851 175
14 846 250
62 848 202
25 839 225
66 821 220
91 889 221
99 835 249
75 891 274
58 815 295
17 821 252
47 861 221
11 873 246
41 875 213
86 842 285
1 800 228
71 803 242
29 872 285
91 889 285
6 891 234
2 878 242
49 894 200
87 879 295
60 843 217
31 848 214
7 893 234
78 825 241
72 868 262
35 864 211
25 861 263
29 896 276
47 867 235
53 828 244
36 866 212
31 806 238
94 845 277
73 823 213
76 809 278
52 851 279
16 839 220
46 800 245
11 852 216
15 840 209
53 836 205
74 812 246
12 848 294
81 856 218
61 850 203
23 801 263
9 832 202
38 860 209
20 803 212
11 817 277
52 892 282
33 812 229
57 803 217
43 842 240
47 807 264
1 864 256
76 816 213
48 849 258
25 832 241
37 848 234
43 857 213
49 824 279
70 894 213
29 886 289
47 855 290
65 802 214
8 834 266
23 868 275
3 888 261
87 801 241
17 875 268
72 848 275
29 833 259
60 851 275
14 846 350
62 848 302
25 839 325
66 821 320
91 889 321
99 835 349
75 891 374
58 815 395
17 821 352
47 861 321
11 873 346
41 875 313
86 842 385
1 800 328
71 803 342
29 872 385
91 889 385
6 891 334
2 878 342
49 894 300
87 879 395
60 843 317
31 848 314
7 893 334
78 825 341
72 868 362
35 864 311
25 861 363
29 896 376
47 867 335
53 828 344
36 866 312
31 806 338
94 845 377
73 823 313
76 809 378
52 851 379
16 839 320
46 800 345
11 852 316
15 840 309
53 836 305
74 812 346
12 848 394
81 856 318
61 850 303
23 801 363
9 832 302
38 860 309
20 803 312
11 817 377
52 892 382
33 812 329
57 803 317
43 842 340
47 807 364
1 864 356
76 816 313
48 849 358
25 832 341
37 848 334
43 857 313
49 824 379
70 894 313
29 886 389
47 855 390
65 802 314
8 834 366
23 868 375
3 888 361
87 801 341
17 875 368
72 848 375
29 833 359
60 851 375
14 846 450
62 848 402
25 839 425
66 821 420
91 889 421
99 835 449
75 891 474
58 815 495
17 821 452
47 861 421
11 873 446
41 875 413
86 842 485
1 800 428
71 803 442
29 872 485
91 889 485
6 891 434
2 878 442
49 894 400
87 879 495
60 843 417
31 848 414
7 893 434
78 825 441
72 868 462
35 864 411
25 861 463
29 896 476
47 867 435
53 828 444
36 866 412
31 806 438
94 845 477
73 823 413
76 809 478
52 851 479
16 839 420
46 800 445
11 852 416
15 840 409
53 836 405
74 812 446
12 848 494
81 856 418
61 850 403
23 801 463
9 832 402
38 860 409
20 803 412
11 817 477
52 892 482
33 812 429
57 803 417
43 842 440
47 807 464
1 864 456
76 816 413
48 849 458
25 832 441
37 848 434
43 857 413
49 824 479
70 894 413
29 886 489
47 855 490
65 802 414
8 834 466
23 868 475
3 888 461
87 801 441
17 875 468
72 848 475
29 833 459
60 851 475
14 846 550
62 848 502
25 839 525
66 821 520
91 889 521
99 835 549
75 891 574
58 815 595
17 821 552
47 861 521
11 873 546
41 875 513
86 842 585
1 800 528
71 803 542
29 872 585
91 889 585
6 891 534
2 878 542
49 894 500
87 879 595
60 843 517
31 848 514
7 893 534
78 825 541
72 868 562
35 864 511
25 861 563
29 896 576
47 867 535
53 828 544
36 866 512
31 806 538
94 845 577
73 823 513
76 809 578
52 851 579
16 839 520
46 800 545
11 852 516
15 840 509
53 836 505
74 812 546
12 848 594
81 856 518
61 850 503
23 801 563
9 832 502
38 860 509
20 803 512
11 817 577
52 892 582
33 812 529
57 803 517
43 842 540
47 807 564
1 864 556
76 816 513
48 849 558
25 832 541
37 848 534
43 857 513
49 824 579
70 894 513
29 886 589
47 855 590
65 802 514
8 834 566
23 868 575
3 888 561
87 801 541
17 875 568
72 848 575
29 833 559
60 851 575
14 846 650
62 848 602
25 839 625
66 821 620
91 889 621
99 835 649
75 891 674
58 815 695
17 821 652
47 861 621
11 873 646
41 875 613
86 842 685
1 800 628
71 803 642
29 872 685
91 889 685
6 891 634
2 878 642
49 894 600
87 879 695
60 843 617
31 848 614
7 893 634
78 825 641
72 868 662
35 864 611
25 861 663
29 896 676
47 867 635
53 828 644
36 866 612
31 806 638
94 845 677
73 823 613
76 809 678
52 851 679
16 839 620
46 800 645
11 852 616
15 840 609
53 836 605
74 812 646
12 848 694
81 856 618
61 850 603
23 801 663
9 832 602
38 860 609
20 803 612
11 817 677
52 892 682
33 812 629
57 803 617
43 842 640
47 807 664
1 864 656
76 816 613
48 849 658
25 832 641
37 848 634
43 857 613
49 824 679
70 894 613
29 886 689
47 855 690
65 802 614
8 834 666
23 868 675
3 888 661
87 801 641
17 875 668
72 848 675
29 833 659
60 851 675
14 846 750
62 848 702
25 839 725
66 821 720
91 889 721
99 835 749
75 891 774
58 815 795
17 821 752
47 861 721
11 873 746
41 875 713
86 842 785
1 800 728
71 803 742
29 872 785
91 889 785
6 891 734
2 878 742
49 894 700
87 879 795
60 843 717
31 848 714
7 893 734
78 825 741
72 868 762
35 864 711
25 861 763
29 896 776
47 867 735
53 828 744
36 866 712
31 806 738
94 845 777
73 823 713
76 809 778
52 851 779
16 839 720
46 800 745
11 852 716
15 840 709
53 836 705
74 812 746
12 848 794
81 856 718
61 850 703
23 801 763
9 832 702
38 860 709
20 803 712
11 817 777
52 892 782
33 812 729
57 803 717
43 842 740
47 807 764
1 864 756
76 816 713
48 849 758
25 832 741
37 848 734
43 857 713
49 824 779
70 894 713
29 886 789
47 855 790
65 802 714
8 834 766
23 868 775
3 888 761
87 801 741
17 875 768
72 848 775
29 833 759
60 851 775
14 846 850
62 848 802
25 839 825
66 821 820
91 889 821
99 835 849
75 891 874
58 815 895
17 821 852
47 861 821
11 873 846
41 875 813
86 842 885
1 800 828
71 803 842
29 872 885
91 889 885
6 891 834
2 878 842
49 894 800
87 879 895
60 843 817
31 848 814
7 893 834
78 825 841
72 868 862
35 864 811
25 861 863
29 896 876
47 867 835
53 828 844
36 866 812
31 806 838
94 845 877
73 823 813
76 809 878
52 851 879
16 839 820
46 800 845
11 852 816
15 840 809
53 836 805
74 812 846
12 848 894
81 856 818
61 850 803
23 801 863
9 832 802
38 860 809
20 803 812
11 817 877
52 892 882
33 812 829
57 803 817
43 842 840
47 807 864
1 864 856
76 816 813
48 849 858
25 832 841
37 848 834
43 857 813
49 824 879
70 894 813
29 886 889
47 855 890
65 802 814
8 834 866
23 868 875
3 888 861
87 801 841
17 875 868
72 848 875
29 833 859
60 851 875
14 846 950
62 848 902
25 839 925
66 821 920
91 889 921
99 835 949
75 891 974
58 815 995
17 821 952
47 861 921
11 873 946
41 875 913
86 842 985
1 800 928
71 803 942
29 872 985
91 889 985
6 891 934
2 878 942
49 894 900
87 879 995
60 843 917
31 848 914
7 893 934
78 825 941
72 868 962
35 864 911
25 861 963
29 896 976
47 867 935
53 828 944
36 866 912
31 806 938
94 845 977
73 823 913
76 809 978
52 851 979
16 839 920
46 800 945
11 852 916
15 840 909
53 836 905
74 812 946
12 848 994
81 856 918
61 850 903
23 801 963
9 832 902
38 860 909
20 803 912
11 817 977
52 892 982
33 812 929
57 803 917
43 842 940
47 807 964
1 864 956
76 816 913
48 849 958
25 832 941
37 848 934
43 857 913
49 824 979
70 894 913
29 886 989
47 855 990
65 802 914
8 834 966
23 868 975
3 888 961
87 801 941
17 875 968
72 848 975
29 833 959
60 851 975
14 946 50
62 948 2
25 939 25
66 921 20
91 989 21
99 935 49
75 991 74
58 915 95
17 921 52
47 961 21
11 973 46
41 975 13
86 942 85
1 900 28
71 903 42
29 972 85
91 989 85
6 991 34
2 978 42
49 994 0
87 979 95
60 943 17
31 948 14
7 993 34
78 925 41
72 968 62
35 964 11
25 961 63
29 996 76
47 967 35
53 928 44
36 966 12
31 906 38
94 945 77
73 923 13
76 909 78
52 951 79
16 939 20
46 900 45
11 952 16
15 940 9
53 936 5
74 912 46
12 948 94
81 956 18
61 950 3
23 901 63
9 932 2
38 960 9
20 903 12
11 917 77
52 992 82
33 912 29
57 903 17
43 942 40
47 907 64
1 964 56
76 916 13
48 949 58
25 932 41
37 948 34
43 957 13
49 924 79
70 994 13
29 986 89
47 955 90
65 902 14
8 934 66
23 968 75
3 988 61
87 901 41
17 975 68
72 948 75
29 933 59
60 951 75
14 946 150
62 948 102
25 939 125
66 921 120
91 989 121
99 935 149
75 991 174
58 915 195
17 921 152
47 961 121
11 973 146
41 975 113
86 942 185
1 900 128
71 903 142
29 972 185
91 989 185
6 991 134
2 978 142
49 994 100
87 979 195
60 943 117
31 948 114
7 993 134
78 925 141
72 968 162
35 964 111
25 961 163
29 996 176
47 967 135
53 928 144
36 966 112
31 906 138
94 945 177
73 923 113
76 909 178
52 951 179
16 939 120
46 900 145
11 952 116
15 940 109
53 936 105
74 912 146
12 948 194
81 956 118
61 950 103
23 901 163
9 932 102
38 960 109
20 903 112
11 917 177
52 992 182
33 912 129
57 903 117
43 942 140
47 907 164
1 964 156
76 916 113
48 949 158
25 932 141
37 948 134
43 957 113
49 924 179
70 994 113
29 986 189
47 955 190
65 902 114
8 934 166
23 968 175
3 988 161
87 901 141
17 975 168
72 948 175
29 933 159
60 951 175
14 946 250
62 948 202
25 939 225
66 921 220
91 989 221
99 935 249
75 991 274
58 915 295
17 921 252
47 961 221
11 973 246
41 975 213
86 942 285
1 900 228
71 903 242
29 972 285
91 989 285
6 991 234
2 978 242
49 994 200
87 979 295
60 943 217
31 948 214
7 993 234
78 925 241
72 968 262
35 964 211
25 961 263
29 996 276
47 967 235
53 928 244
36 966 212
31 906 238
94 945 277
73 923 213
76 909 278
52 951 279
16 939 220
46 900 245
11 952 216
15 940 209
53 936 205
74 912 246
12 948 294
81 956 218
61 950 203
23 901 263
9 932 202
38 960 209
20 903 212
11 917 277
52 992 282
33 912 229
57 903 217
43 942 240
47 907 264
1 964 256
76 916 213
48 949 258
25 932 241
37 948 234
43 957 213
49 924 279
70 994 213
29 986 289
47 955 290
65 902 214
8 934 266
23 968 275
3 988 261
87 901 241
17 975 268
72 948 275
29 933 259
60 951 275
14 946 350
62 948 302
25 939 325
66 921 320
91 989 321
99 935 349
75 991 374
58 915 395
17 921 352
47 961 321
11 973 346
41 975 313
86 942 385
1 900 328
71 903 342
29 972 385
91 989 385
6 991 334
2 978 342
49 994 300
87 979 395
60 943 317
31 948 314
7 993 334
78 925 341
72 968 362
35 964 311
25 961 363
29 996 376
47 967 335
53 928 344
36 966 312
31 906 338
94 945 377
73 923 313
76 909 378
52 951 379
16 939 320
46 900 345
11 952 316
15 940 309
53 936 305
74 912 346
12 948 394
81 956 318
61 950 303
23 901 363
9 932 302
38 960 309
20 903 312
11 917 377
52 992 382
33 912 329
57 903 317
43 942 340
47 907 364
1 964 356
76 916 313
48 949 358
25 932 341
37 948 334
43 957 313
49 924 379
70 994 313
29 986 389
47 955 390
65 902 314
8 934 366
23 968 375
3 988 361
87 901 341
17 975 368
72 948 375
29 933 359
60 951 375
14 946 450
62 948 402
25 939 425
66 921 420
91 989 421
99 935 449
75 991 474
58 915 495
17 921 452
47 961 421
11 973 446
41 975 413
86 942 485
1 900 428
71 903 442
29 972 485
91 989 485
6 991 434
2 978 442
49 994 400
87 979 495
60 943 417
31 948 414
7 993 434
78 925 441
72 968 462
35 964 411
25 961 463
29 996 476
47 967 435
53 928 444
36 966 412
31 906 438
94 945 477
73 923 413
76 909 478
52 951 479
16 939 420
46 900 445
11 952 416
15 940 409
53 936 405
74 912 446
12 948 494
81 956 418
61 950 403
23 901 463
9 932 402
38 960 409
20 903 412
11 917 477
52 992 482
33 912 429
57 903 417
43 942 440
47 907 464
1 964 456
76 916 413
48 949 458
25 932 441
37 948 434
43 957 413
49 924 479
70 994 413
29 986 489
47 955 490
65 902 414
8 934 466
23 968 475
3 988 461
87 901 441
17 975 468
72 948 475
29 933 459
60 951 475
14 946 550
62 948 502
25 939 525
66 921 520
91 989 521
99 935 549
75 991 574
58 915 595
17 921 552
47 961 521
11 973 546
41 975 513
86 942 585
1 900 528
71 903 542
29 972 585
91 989 585
6 991 534
2 978 542
49 994 500
87 979 595
60 943 517
31 948 514
7 993 534
78 925 541
72 968 562
35 964 511
25 961 563
29 996 576
47 967 535
53 928 544
36 966 512
31 906 538
94 945 577
73 923 513
76 909 578
52 951 579
16 939 520
46 900 545
11 952 516
15 940 509
53 936 505
74 912 546
12 948 594
81 956 518
61 950 503
23 901 563
9 932 502
38 960 509
20 903 512
11 917 577
52 992 582
33 912 529
57 903 517
43 942 540
47 907 564
1 964 556
76 916 513
48 949 558
25 932 541
37 948 534
43 957 513
49 924 579
70 994 513
29 986 589
47 955 590
65 902 514
8 934 566
23 968 575
3 988 561
87 901 541
17 975 568
72 948 575
29 933 559
60 951 575
14 946 650
62 948 602
25 939 625
66 921 620
91 989 621
99 935 649
75 991 674
58 915 695
17 921 652
47 961 621
11 973 646
41 975 613
86 942 685
1 900 628
71 903 642
29 972 685
91 989 685
6 991 634
2 978 642
49 994 600
87 979 695
60 943 617
31 948 614
7 993 634
78 925 641
72 968 662
35 964 611
25 961 663
29 996 676
47 967 635
53 928 644
36 966 612
31 906 638
94 945 677
73 923 613
76 909 678
52 951 679
16 939 620
46 900 645
11 952 616
15 940 609
53 936 605
74 912 646
12 948 694
81 956 618
61 950 603
23 901 663
9 932 602
38 960 609
20 903 612
11 917 677
52 992 682
33 912 629
57 903 617
43 942 640
47 907 664
1 964 656
76 916 613
48 949 658
25 932 641
37 948 634
43 957 613
49 924 679
70 994 613
29 986 689
47 955 690
65 902 614
8 934 666
23 968 675
3 988 661
87 901 641
17 975 668
72 948 675
29 933 659
60 951 675
14 946 750
62 948 702
25 939 725
66 921 720
91 989 721
99 935 749
75 991 774
58 915 795
17 921 752
47 961 721
11 973 746
41 975 713
86 942 785
1 900 728
71 903 742
29 972 785
91 989 785
6 991 734
2 978 742
49 994 700
87 979 795
60 943 717
31 948 714
7 993 734
78 925 741
72 968 762
35 964 711
25 961 763
29 996 776
47 967 735
53 928 744
36 966 712
31 906 738
94 945 777
73 923 713
76 909 778
52 951 779
16 939 720
46 900 745
11 952 716
15 940 709
53 936 705
74 912 746
12 948 794
81 956 718
61 950 703
23 901 763
9 932 702
38 960 709
20 903 712
11 917 777
52 992 782
33 912 729
57 903 717
43 942 740
47 907 764
1 964 756
76 916 713
48 949 758
25 932 741
37 948 734
43 957 713
49 924 779
70 994 713
29 986 789
47 955 790
65 902 714
8 934 766
23 968 775
3 988 761
87 901 741
17 975 768
72 948 775
29 933 759
60 951 775
14 946 850
62 948 802
25 939 825
66 921 820
91 989 821
99 935 849
75 991 874
58 915 895
17 921 852
47 961 821
11 973 846
41 975 813
86 942 885
1 900 828
71 903 842
29 972 885
91 989 885
6 991 834
2 978 842
49 994 800
87 979 895
60 943 817
31 948 814
7 993 834
78 925 841
72 968 862
35 964 811
25 961 863
29 996 876
47 967 835
53 928 844
36 966 812
31 906 838
94 945 877
73 923 813
76 909 878
52 951 879
16 939 820
46 900 845
11 952 816
15 940 809
53 936 805
74 912 846
12 948 894
81 956 818
61 950 803
23 901 863
9 932 802
38 960 809
20 903 812
11 917 877
52 992 882
33 912 829
57 903 817
43 942 840
47 907 864
1 964 856
76 916 813
48 949 858
25 932 841
37 948 834
43 957 813
49 924 879
70 994 813
29 986 889
47 955 890
65 902 814
8 934 866
23 968 875
3 988 861
87 901 841
17 975 868
72 948 875
29 933 859
60 951 875
14 946 950
62 948 902
25 939 925
66 921 920
91 989 921
99 935 949
75 991 974
58 915 995
17 921 952
47 961 921
11 973 946
41 975 913
86 942 985
1 900 928
71 903 942
29 972 985
91 989 985
6 991 934
2 978 942
49 994 900
87 979 995
60 943 917
31 948 914
7 993 934
78 925 941
72 968 962
35 964 911
25 961 963
29 996 976
47 967 935
53 928 944
36 966 912
31 906 938
94 945 977
73 923 913
76 909 978
52 951 979
16 939 920
46 900 945
11 952 916
15 940 909
53 936 905
74 912 946
12 948 994
81 956 918
61 950 903
23 901 963
9 932 902
38 960 909
20 903 912
11 917 977
52 992 982
33 912 929
57 903 917
43 942 940
47 907 964
1 964 956
76 916 913
48 949 958
25 932 941
37 948 934
43 957 913
49 924 979
70 994 913
29 986 989
47 955 990
65 902 914
8 934 966
23 968 975
3 988 961
87 901 941
17 975 968
72 948 975
29 933 959
60 951 975
143 50 46
115 50 55
180 54 50
144 68 14
187 37 53
155 45 2
102 29 14
191 44 22
113 52 83
143 50 146
115 50 155
180 54 150
144 68 114
187 37 153
155 45 102
102 29 114
191 44 122
113 52 183
143 50 246
115 50 255
180 54 250
144 68 214
187 37 253
155 45 202
102 29 214
191 44 222
113 52 283
143 50 346
115 50 355
180 54 350
144 68 314
187 37 353
155 45 302
102 29 314
191 44 322
113 52 383
143 50 446
115 50 455
180 54 450
144 68 414
187 37 453
155 45 402
102 29 414
191 44 422
113 52 483
143 50 546
115 50 555
180 54 550
144 68 514
187 37 553
155 45 502
102 29 514
191 44 522
113 52 583
143 50 646
115 50 655
180 54 650
144 68 614
187 37 653
155 45 602
102 29 614
191 44 622
113 52 683
143 50 746
115 50 755
180 54 750
144 68 714
187 37 753
155 45 702
102 29 714
191 44 722
113 52 783
143 50 846
115 50 855
180 54 850
144 68 814
187 37 853
155 45 802
102 29 814
191 44 822
113 52 883
143 50 946
115 50 955
180 54 950
144 68 914
187 37 953
155 45 902
102 29 914
191 44 922
113 52 983
143 150 46
115 150 55
180 154 50
144 168 14
187 137 53
155 145 2
102 129 14
191 144 22
113 152 83
143 150 146
115 150 155
180 154 150
144 168 114
187 137 153
155 145 102
102 129 114
191 144 122
113 152 183
143 150 246
115 150 255
180 154 250
144 168 214
187 137 253
155 145 202
102 129 214
191 144 222
113 152 283
143 150 346
115 150 355
180 154 350
144 168 314
187 137 353
155 145 302
102 129 314
191 144 322
113 152 383
143 150 446
115 150 455
180 154 450
144 168 414
187 137 453
155 145 402
102 129 414
191 144 422
113 152 483
143 150 546
115 150 555
180 154 550
144 168 514
187 137 553
155 145 502
102 129 514
191 144 522
113 152 583
143 150 646
115 150 655
180 154 650
144 168 614
187 137 653
155 145 602
102 129 614
191 144 622
113 152 683
143 150 746
115 150 755
180 154 750
144 168 714
187 137 753
155 145 702
102 129 714
191 144 722
113 152 783
143 150 846
115 150 855
180 154 850
144 168 814
187 137 853
155 145 802
102 129 814
191 144 822
113 152 883
143 150 946
115 150 955
180 154 950
144 168 914
187 137 953
155 145 902
102 129 914
191 144 922
113 152 983
143 250 46
115 250 55
180 254 50
144 268 14
187 237 53
155 245 2
102 229 14
191 244 22
113 252 83
143 250 146
115 250 155
180 254 150
144 268 114
187 237 153
155 245 102
102 229 114
191 244 122
113 252 183
143 250 246
115 250 255
180 254 250
144 268 214
187 237 253
155 245 202
102 229 214
191 244 222
113 252 283
143 250 346
115 250 355
180 254 350
144 268 314
187 237 353
155 245 302
102 229 314
191 244 322
113 252 383
143 250 446
115 250 455
180 254 450
144 268 414
187 237 453
155 245 402
102 229 414
191 244 422
113 252 483
143 250 546
115 250 555
180 254 550
144 268 514
187 237 553
155 245 502
102 229 514
191 244 522
113 252 583
143 250 646
115 250 655
180 254 650
144 268 614
187 237 653
155 245 602
102 229 614
191 244 622
113 252 683
143 250 746
115 250 755
180 254 750
144 268 714
187 237 753
155 245 702
102 229 714
191 244 722
113 252 783
143 250 846
115 250 855
180 254 850
144 268 814
187 237 853
155 245 802
102 229 814
191 244 822
113 252 883
143 250 946
115 250 955
180 254 950
144 268 914
187 237 953
155 245 902
102 229 914
191 244 922
113 252 983
143 350 46
115 350 55
180 354 50
144 368 14
187 337 53
155 345 2
102 329 14
191 344 22
113 352 83
143 350 146
115 350 155
180 354 150
144 368 114
187 337 153
155 345 102
102 329 114
191 344 122
113 352 183
143 350 246
115 350 255
180 354 250
144 368 214
187 337 253
155 345 202
102 329 214
191 344 222
113 352 283
143 350 346
115 350 355
180 354 350
144 368 314
187 337 353
155 345 302
102 329 314
191 344 322
113 352 383
143 350 446
115 350 455
180 354 450
144 368 414
187 337 453
155 345 402
102 329 414
191 344 422
113 352 483
143 350 546
115 350 555
180 354 550
144 368 514
187 337 553
155 345 502
102 329 514
191 344 522
113 352 583
143 350 646
115 350 655
180 354 650
144 368 614
187 337 653
155 345 602
102 329 614
191 344 622
113 352 683
143 350 746
115 350 755
180 354 750
144 368 714
187 337 753
155 345 702
102 329 714
191 344 722
113 352 783
143 350 846
115 350 855
180 354 850
144 368 814
187 337 853
155 345 802
102 329 814
191 344 822
113 352 883
143 350 946
115 350 955
180 354 950
144 368 914
187 337 953
155 345 902
102 329 914
191 344 922
113 352 983
143 450 46
115 450 55
180 454 50
144 468 14
187 437 53
155 445 2
102 429 14
191 444 22
113 452 83
143 450 146
115 450 155
180 454 150
144 468 114
187 437 153
155 445 102
102 429 114
191 444 122
113 452 183
143 450 246
115 450 255
180 454 250
144 468 214
187 437 253
155 445 202
102 429 214
191 444 222
113 452 283
143 450 346
115 450 355
180 454 350
144 468 314
187 437 353
155 445 302
102 429 314
191 444 322
113 452 383
143 450 446
115 450 455
180 454 450
144 468 414
187 437 453
155 445 402
102 429 414
191 444 422
113 452 483
143 450 546
115 450 555
180 454 550
144 468 514
187 437 553
155 445 502
102 429 514
191 444 522
113 452 583
143 450 646
115 450 655
180 454 650
144 468 614
187 437 653
155 445 602
102 429 614
191 444 622
113 452 683
143 450 746
115 450 755
180 454 750
144 468 714
187 437 753
155 445 702
102 429 714
191 444 722
113 452 783
143 450 846
115 450 855
180 454 850
144 468 814
187 437 853
155 445 802
102 429 814
191 444 822
113 452 883
143 450 946
115 450 955
180 454 950
144 468 914
187 437 953
155 445 902
102 429 914
191 444 922
113 452 983
143 550 46
115 550 55
180 554 50
144 568 14
187 537 53
155 545 2
102 529 14
191 544 22
113 552 83
143 550 146
115 550 155
180 554 150
144 568 114
187 537 153
155 545 102
102 529 114
191 544 122
113 552 183
143 550 246
115 550 255
180 554 250
144 568 214
187 537 253
155 545 202
102 529 214
191 544 222
113 552 283
143 550 346
115 550 355
180 554 350
144 568 314
187 537 353
155 545 302
102 529 314
191 544 322
113 552 383
143 550 446
115 550 455
180 554 450
144 568 414
187 537 453
155 545 402
102 529 414
191 544 422
113 552 483
143 550 546
115 550 555
180 554 550
144 568 514
187 537 553
155 545 502
102 529 514
191 544 522
113 552 583
143 550 646
115 550 655
180 554 650
144 568 614
187 537 653
155 545 602
102 529 614
191 544 622
113 552 683
143 550 746
115 550 755
180 554 750
144 568 714
187 537 753
155 545 702
102 529 714
191 544 722
113 552 783
143 550 846
115 550 855
180 554 850
144 568 814
187 537 853
155 545 802
102 529 814
191 544 822
113 552 883
143 550 946
115 550 955
180 554 950
144 568 914
187 537 953
155 545 902
102 529 914
191 544 922
113 552 983
143 650 46
115 650 55
180 654 50
144 668 14
187 637 53
155 645 2
102 629 14
191 644 22
113 652 83
143 650 146
115 650 155
180 654 150
144 668 114
187 637 153
155 645 102
102 629 114
191 644 122
113 652 183
143 650 246
115 650 255
180 654 250
144 668 214
187 637 253
155 645 202
102 629 214
191 644 222
113 652 283
143 650 346
115 650 355
180 654 350
144 668 314
187 637 353
155 645 302
102 629 314
191 644 322
113 652 383
143 650 446
115 650 455
180 654 450
144 668 414
187 637 453
155 645 402
102 629 414
191 644 422
113 652 483
143 650 546
115 650 555
180 654 550
144 668 514
187 637 553
155 645 502
102 629 514
191 644 522
113 652 583
143 650 646
115 650 655
180 654 650
144 668 614
187 637 653
155 645 602
102 629 614
191 644 622
113 652 683
143 650 746
115 650 755
180 654 750
144 668 714
187 637 753
155 645 702
102 629 714
191 644 722
113 652 783
143 650 846
115 650 855
180 654 850
144 668 814
187 637 853
155 645 802
102 629 814
191 644 822
113 652 883
143 650 946
115 650 955
180 654 950
144 668 914
187 637 953
155 645 902
102 629 914
191 644 922
113 652 983
143 750 46
115 750 55
180 754 50
144 768 14
187 737 53
155 745 2
102 729 14
191 744 22
113 752 83
143 750 146
115 750 155
180 754 150
144 768 114
187 737 153
155 745 102
102 729 114
191 744 122
113 752 183
143 750 246
115 750 255
180 754 250
144 768 214
187 737 253
155 745 202
102 729 214
191 744 222
113 752 283
143 750 346
115 750 355
180 754 350
144 768 314
187 737 353
155 745 302
102 729 314
191 744 322
113 752 383
143 750 446
115 750 455
180 754 450
144 768 414
187 737 453
155 745 402
102 729 414
191 744 422
113 752 483
143 750 546
115 750 555
180 754 550
144 768 514
187 737 553
155 745 502
102 729 514
191 744 522
113 752 583
143 750 646
115 750 655
180 754 650
144 768 614
187 737 653
155 745 602
102 729 614
191 744 622
113 752 683
143 750 746
115 750 755
180 754 750
144 768 714
187 737 753
155 745 702
102 729 714
191 744 722
113 752 783
143 750 846
115 750 855
180 754 850
144 768 814
187 737 853
155 745 802
102 729 814
191 744 822
113 752 883
143 750 946
115 750 955
180 754 950
144 768 914
187 737 953
155 745 902
102 729 914
191 744 922
113 752 983
143 850 46
115 850 55
180 854 50
144 868 14
187 837 53
155 845 2
102 829 14
191 844 22
113 852 83
143 850 146
115 850 155
180 854 150
144 868 114
187 837 153
155 845 102
102 829 114
191 844 122
113 852 183
143 850 246
115 850 255
180 854 250
144 868 214
187 837 253
155 845 202
102 829 214
191 844 222
113 852 283
143 850 346
115 850 355
180 854 350
144 868 314
187 837 353
155 845 302
102 829 314
191 844 322
113 852 383
143 850 446
115 850 455
180 854 450
144 868 414
187 837 453
155 845 402
102 829 414
191 844 422
113 852 483
143 850 546
115 850 555
180 854 550
144 868 514
187 837 553
155 845 502
102 829 514
191 844 522
113 852 583
143 850 646
115 850 655
180 854 650
144 868 614
187 837 653
155 845 602
102 829 614
191 844 622
113 852 683
143 850 746
115 850 755
180 854 750
144 868 714
187 837 753
155 845 702
102 829 714
191 844 722
113 852 783
143 850 846
115 850 855
180 854 850
144 868 814
187 837 853
155 845 802
102 829 814
191 844 822
113 852 883
143 850 946
115 850 955
180 854 950
144 868 914
187 837 953
155 845 902
102 829 914
191 844 922
113 852 983
143 950 46
115 950 55
180 954 50
144 968 14
187 937 53
155 945 2
102 929 14
191 944 22
113 952 83
143 950 146
115 950 155
180 954 150
144 968 114
187 937 153
155 945 102
102 929 114
191 944 122
113 952 183
143 950 246
115 950 255
180 954 250
144 968 214
187 937 253
155 945 202
102 929 214
191 944 222
113 952 283
143 950 346
115 950 355
180 954 350
144 968 314
187 937 353
155 945 302
102 929 314
191 944 322
113 952 383
143 950 446
115 950 455
180 954 450
144 968 414
187 937 453
155 945 402
102 929 414
191 944 422
113 952 483
143 950 546
115 950 555
180 954 550
144 968 514
187 937 553
155 945 502
102 929 514
191 944 522
113 952 583
143 950 646
115 950 655
180 954 650
144 968 614
187 937 653
155 945 602
102 929 614
191 944 622
113 952 683
143 950 746
115 950 755
180 954 750
144 968 714
187 937 753
155 945 702
102 929 714
191 944 722
113 952 783
143 950 846
115 950 855
180 954 850
144 968 814
187 937 853
155 945 802
102 929 814
191 944 822
113 952 883
143 950 946
115 950 955
180 954 950
144 968 914
187 937 953
155 945 902
102 929 914
191 944 922
113 952 983
