419
10 7 94
10 35 68
72 18 95
40 96 58
37 63 36
73 9 2
50 60 72
42 78 80
11 66 64
2 87 13
24 22 57
1 47 66
43 59 61
26 62 24
19 35 34
38 92 94
35 84 57
44 45 16
0 84 94
69 75 75
78 1 94
57 1 74
31 8 9
13 4 35
6 96 3
78 60 57
69 0 14
15 60 4
4 41 76
10 30 11
13 31 71
7 19 24
27 52 78
30 10 90
57 89 8
58 33 48
2 89 69
22 32 40
15 20 84
65 93 4
20 24 87
49 77 20
10 20 64
54 44 87
76 43 8
11 82 26
35 70 39
53 3 46
48 57 24
17 37 74
62 47 55
60 36 68
18 62 66
13 68 95
14 84 32
28 6 48
55 65 83
12 24 52
68 5 91
61 6 9
34 14 9
80 13 79
35 85 50
6 91 30
24 44 70
32 1 39
4 92 0
43 90 84
10 39 88
50 14 33
64 12 2
69 53 53
80 24 73
57 92 10
57 21 29
49 64 21
48 53 28
33 74 39
73 68 58
46 2 24
58 39 79
60 15 7
66 77 77
50 54 87
49 86 76
49 64 27
19 11 47
8 83 63
4 77 63
40 24 69
37 67 74
17 64 58
30 14 70
78 67 15
59 10 95
37 47 86
45 28 83
13 42 41
67 93 42
56 77 1
59 64 3
0 64 43
18 21 21
51 92 40
69 23 16
78 73 71
62 41 31
64 48 37
48 40 18
3 47 92
68 15 59
77 16 52
14 78 25
52 6 75
14 72 87
48 60 10
2 62 71
72 41 88
74 27 35
76 27 92
32 4 71
10 64 79
18 3 10
72 75 11
1 70 81
34 12 30
18 73 62
63 3 28
37 74 23
39 67 1
13 27 77
73 97 27
17 97 44
5 37 55
80 70 55
1 70 25
69 58 19
32 9 31
69 62 88
51 19 90
49 85 81
20 38 6
57 11 6
19 87 80
59 50 79
1 0 84
63 15 92
53 15 19
59 31 88
35 6 84
8 87 32
65 48 43
1 30 38
71 21 90
58 21 6
27 6 45
77 57 38
15 52 86
51 33 76
0 56 65
71 48 24
52 63 64
49 28 16
68 55 4
38 53 64
37 31 58
27 50 84
60 93 17
76 53 26
31 33 4
4 21 51
71 95 26
74 2 6
54 32 78
41 3 53
24 26 83
40 86 9
19 4 78
69 14 66
77 95 10
35 56 59
18 10 15
53 90 60
29 19 12
146 57 92
101 53 17
84 96 63
129 30 19
123 47 10
136 22 1
146 9 69
127 50 90
134 2 67
86 8 56
135 36 52
160 79 96
104 80 92
176 37 20
82 12 40
118 33 92
132 75 89
105 50 48
164 64 89
94 27 29
132 12 75
180 77 29
144 94 67
106 93 75
152 85 66
167 80 50
178 18 50
162 86 84
144 21 38
139 24 66
149 57 16
154 10 84
166 86 45
91 55 72
96 93 63
147 78 6
103 44 75
140 88 1
145 24 28
113 92 25
125 59 31
97 36 97
94 35 41
136 1 87
174 87 89
129 42 61
111 75 50
171 32 67
86 14 44
115 93 80
97 44 3
155 59 89
107 37 58
112 15 26
146 17 84
92 11 77
109 0 38
168 76 45
125 7 24
88 27 63
169 33 14
81 86 3
82 92 19
102 11 53
156 84 42
180 28 73
95 21 18
172 37 5
146 53 0
98 88 47
91 79 35
174 53 33
130 5 30
162 78 69
109 22 0
138 5 73
125 25 43
101 4 39
89 90 16
143 19 42
145 18 48
140 42 47
111 12 23
92 10 34
136 72 80
160 15 14
81 33 63
158 78 74
131 59 97
169 46 89
83 32 34
126 46 81
166 54 46
107 6 70
113 43 82
109 31 57
143 43 66
152 63 33
131 46 31
140 92 70
141 89 19
96 35 14
165 63 22
129 6 80
147 0 59
172 62 4
119 66 10
165 56 40
179 11 16
95 43 25
94 8 63
103 40 14
87 67 49
82 9 39
95 73 57
142 80 21
149 51 71
161 12 58
82 20 58
136 36 27
116 68 28
113 33 88
142 44 6
114 15 97
141 70 85
138 16 84
85 69 77
107 86 54
160 28 46
148 9 81
122 94 87
113 20 1
103 29 7
118 33 20
145 5 51
179 27 56
94 96 65
84 96 87
84 45 60
139 77 11
95 96 34
90 51 10
170 74 18
115 21 76
101 71 0
87 23 20
94 28 25
131 60 6
149 86 39
168 63 51
156 18 31
144 93 60
149 83 22
106 78 58
133 22 63
177 21 80
105 82 2
97 2 97
84 25 0
135 89 35
165 22 69
151 68 22
133 50 17
93 23 50
135 94 48
166 57 23
123 52 4
180 5 1
124 15 87
172 98 5
163 45 73
128 58 44
87 89 23
109 56 81
111 33 86
117 40 43
174 6 15
142 11 39
129 77 52
95 77 9
83 26 25
171 29 70
85 32 29
113 48 28
156 36 47
166 37 9
108 90 74
151 51 27
85 39 49
105 83 87
112 55 8
177 45 32
132 93 50
98 90 64
107 2 12
169 57 80
128 61 28
92 98 41
109 69 88
81 66 37
97 59 35
180 78 61
177 0 44
170 13 8
85 74 12
131 22 86
85 24 49
138 68 89
166 68 80
92 88 35
148 25 20
148 23 25
155 5 91
96 44 72
128 14 89
114 81 60
170 41 68
155 78 15
172 42 89
145 84 20
121 33 53
115 97 73
178 71 28
137 84 74
136 69 45
165 80 33
134 10 27
89 61 42
172 56 85
81 36 1
154 70 89
158 23 37
124 18 11
134 40 21
128 73 20
