1097
44 28 13
26 62 57
1 25 65
28 65 94
23 40 75
43 58 51
13 49 65
78 56 91
29 40 62
60 60 74
53 22 77
67 14 86
43 82 69
20 60 27
47 1 90
46 67 1
59 94 70
58 31 93
72 61 39
19 7 70
5 3 74
13 93 8
1 43 65
45 21 85
40 50 51
24 22 66
65 65 58
41 66 24
15 79 56
38 3 53
8 41 35
10 92 59
15 36 82
2 44 37
61 75 60
12 40 17
73 1 27
14 27 88
78 36 71
73 30 2
66 25 20
70 60 87
38 12 2
29 25 28
33 81 6
72 75 37
38 21 30
37 44 22
53 28 95
60 47 2
51 50 21
15 79 49
52 0 38
32 49 20
27 83 41
29 96 92
19 50 32
30 39 55
36 65 84
72 16 4
35 61 43
6 67 47
74 16 94
72 51 97
59 32 81
32 90 4
34 68 15
41 52 38
70 62 68
37 77 87
50 94 65
15 53 84
52 12 55
15 82 30
1 53 24
64 76 96
23 5 89
19 38 33
23 35 45
7 85 15
29 11 32
71 57 3
6 49 77
37 49 39
32 39 19
76 20 48
2 27 5
77 17 23
1 74 55
18 86 65
12 14 66
24 20 22
80 92 74
23 24 59
78 52 89
28 90 90
10 48 86
29 2 59
61 58 78
68 62 47
60 65 51
49 2 49
41 76 72
6 0 29
41 63 89
67 35 9
53 23 3
58 39 1
56 45 26
59 94 20
4 0 85
15 78 46
17 8 44
77 45 57
35 5 44
51 96 64
73 88 94
75 71 16
76 14 59
35 51 76
65 82 21
21 18 41
20 37 74
24 58 34
77 96 59
54 44 1
16 63 65
22 68 69
37 71 63
65 3 26
36 55 16
51 32 64
10 45 81
21 84 25
36 20 86
10 8 63
38 63 95
0 59 84
1 41 52
9 25 10
4 72 10
32 19 30
55 23 20
80 68 29
38 27 45
1 12 75
70 63 79
47 59 1
47 58 64
76 59 13
51 19 89
8 27 84
18 27 92
61 81 59
73 17 77
0 13 79
54 6 11
72 83 43
15 86 14
20 40 86
72 5 4
55 71 93
70 20 38
0 56 41
1 40 42
69 41 31
29 44 78
4 55 83
10 68 20
8 8 52
18 8 17
8 26 15
51 18 38
32 22 79
63 44 71
39 38 30
50 12 52
20 94 21
18 66 46
8 21 80
76 76 90
6 32 0
0 86 60
1 66 16
78 86 38
35 30 66
19 50 72
57 77 62
51 46 33
2 56 21
43 58 43
7 87 88
32 69 4
72 42 29
50 70 24
32 98 89
25 65 71
59 35 0
1 98 16
24 32 22
45 61 24
53 2 11
25 83 62
49 64 19
15 78 33
46 26 55
18 45 13
18 55 80
26 13 44
12 77 77
17 57 71
6 44 62
1 23 32
18 51 95
32 9 36
59 4 79
34 47 28
70 32 66
67 45 72
53 39 73
24 6 32
1 97 52
15 6 2
2 24 17
40 62 35
49 46 54
19 13 66
47 94 95
59 82 41
51 18 93
38 48 15
76 13 61
39 0 94
31 96 4
77 75 12
67 18 15
1 46 62
6 67 68
51 10 50
18 15 15
59 36 78
20 41 22
76 55 3
24 34 77
59 16 38
32 93 35
8 87 44
78 87 52
27 90 63
51 83 3
49 69 27
76 72 28
39 41 4
78 78 9
53 11 36
51 4 94
47 31 59
6 7 56
8 59 3
21 29 55
21 41 40
44 55 72
15 51 44
49 66 30
72 95 79
13 55 26
1 92 0
6 89 63
18 57 66
36 40 78
15 20 44
15 95 15
22 90 19
51 79 13
24 21 62
51 15 48
54 34 95
49 97 12
51 13 8
26 0 32
8 31 17
6 10 99
34 65 41
69 7 42
49 93 40
19 27 96
69 72 40
6 62 4
59 0 11
25 33 34
34 51 78
26 98 19
19 91 80
59 93 54
6 10 49
69 90 38
8 9 61
72 14 76
6 17 84
25 92 26
3 84 46
43 44 50
34 71 14
49 5 50
24 83 80
1 52 0
8 5 67
51 0 48
72 36 58
63 61 14
15 62 78
70 35 33
36 6 84
18 15 84
47 56 0
32 23 52
15 8 22
54 42 14
25 82 17
10 59 70
37 15 11
61 77 56
72 32 41
18 18 55
34 49 29
34 61 40
32 39 97
25 89 93
2 29 88
18 49 59
47 22 25
76 33 7
45 54 43
74 2 46
61 91 27
7 86 9
36 25 46
18 40 91
73 14 2
6 19 40
37 1 74
32 65 99
32 94 34
45 0 66
72 71 3
15 71 72
10 33 82
29 27 65
9 43 44
19 66 21
32 7 67
58 48 94
6 22 90
56 76 26
6 11 47
18 71 17
39 28 30
6 3 4
18 26 39
6 91 61
72 78 19
18 57 79
18 94 89
68 36 85
72 62 76
18 95 59
53 0 55
35 45 15
1 57 53
37 18 58
51 54 15
78 46 41
18 97 56
18 49 49
18 12 21
44 90 84
32 74 96
72 17 16
32 80 78
59 92 97
18 74 40
35 0 8
49 21 10
27 3 30
26 51 36
1 54 92
18 1 77
6 22 6
18 89 43
24 51 9
6 97 15
59 98 94
15 73 93
45 1 61
76 18 49
72 0 52
56 85 93
72 53 36
69 93 4
49 18 85
21 10 74
6 42 66
51 50 14
1 39 20
69 69 37
54 2 6
6 85 62
32 11 98
18 74 76
51 90 87
6 17 39
6 62 33
32 79 8
32 68 65
6 26 99
18 35 72
15 31 70
132 29 26
155 4 78
101 21 12
154 33 12
150 86 0
83 90 24
179 44 84
158 33 85
91 63 6
126 76 79
110 80 14
141 18 27
117 16 72
158 85 90
81 73 85
135 42 59
85 77 7
104 39 48
93 21 75
110 0 0
154 29 33
164 69 44
171 29 82
129 73 25
168 4 6
161 88 73
173 6 97
91 86 55
132 16 0
127 87 65
156 3 62
175 32 40
116 13 39
95 4 86
111 16 6
108 56 67
87 69 79
150 96 84
144 5 23
138 80 27
123 28 61
132 21 52
122 2 33
178 17 8
165 4 51
122 26 70
101 36 91
108 64 13
150 2 18
105 50 55
170 97 97
85 17 27
174 49 10
145 44 9
90 55 61
141 27 39
97 38 69
150 48 80
160 46 5
111 15 9
93 27 33
122 48 23
84 64 44
118 98 64
165 60 49
142 14 14
89 5 41
123 83 96
161 15 28
132 55 6
104 65 39
103 96 73
175 77 20
166 52 86
104 46 43
152 24 79
100 53 46
94 47 45
90 87 26
143 94 82
155 6 81
144 16 20
97 29 80
165 68 37
160 70 7
161 25 30
105 37 41
81 90 7
93 20 84
134 70 55
165 60 93
133 80 86
93 81 35
179 89 12
166 14 92
134 42 46
93 32 45
90 21 57
148 34 62
165 78 86
109 36 3
170 0 54
176 95 42
160 82 1
165 90 30
137 88 34
171 19 79
84 2 66
142 23 97
141 31 7
176 10 19
125 36 28
156 88 69
144 1 79
106 45 95
99 57 36
103 93 75
100 53 73
119 12 16
122 9 81
136 0 69
100 56 46
108 63 3
109 61 38
107 74 49
163 83 74
109 50 77
96 97 63
124 97 19
170 44 89
152 1 82
178 33 51
166 10 93
95 98 40
94 14 50
85 9 60
166 76 44
125 73 68
104 1 25
164 35 19
160 39 6
144 82 50
120 11 92
109 93 65
85 19 37
151 72 3
160 97 33
143 33 46
128 49 34
128 86 71
174 83 31
104 33 89
92 63 62
160 48 8
115 42 84
124 43 68
108 58 17
84 85 79
92 42 13
104 83 35
87 31 85
162 8 50
106 6 19
171 16 34
109 60 33
131 88 85
123 76 29
157 60 78
110 13 25
174 68 40
122 50 15
101 80 90
170 74 3
129 91 65
107 2 39
107 30 51
87 73 32
143 79 0
121 22 91
142 37 3
143 9 0
131 84 44
123 95 36
165 4 93
108 60 46
163 95 50
116 9 66
83 12 9
165 57 65
94 95 79
103 6 95
114 87 20
118 98 28
172 46 49
92 97 30
93 25 44
158 1 46
129 25 51
131 79 76
90 29 46
177 71 67
94 5 59
125 10 41
106 87 49
85 53 18
90 43 54
93 47 0
179 3 69
117 18 63
94 75 39
124 27 2
117 23 48
158 39 83
159 87 99
109 79 85
148 11 82
139 52 11
149 73 82
126 43 31
176 92 45
88 86 6
141 19 76
167 87 30
149 32 26
158 41 59
106 77 93
96 53 75
118 42 7
170 95 27
148 39 81
146 83 83
88 63 63
103 62 22
138 53 4
83 61 10
124 39 63
163 21 68
146 23 86
87 37 14
125 81 47
105 86 83
109 95 69
166 99 44
176 72 75
108 2 96
120 66 77
162 96 1
165 69 49
83 36 42
151 57 85
179 53 95
159 36 50
118 69 86
148 16 63
131 39 51
85 30 23
99 78 54
117 24 40
169 97 23
172 88 47
170 14 58
123 72 89
164 95 87
106 37 59
83 80 30
128 17 55
112 32 3
112 31 11
127 83 58
123 36 52
158 80 68
85 98 47
159 10 31
89 80 74
177 11 96
111 34 56
119 62 51
177 55 53
129 4 33
85 67 21
96 73 73
96 75 94
128 62 95
83 12 60
100 94 52
133 76 66
139 46 91
124 81 43
148 32 32
159 64 11
144 9 90
165 22 35
110 56 57
155 50 8
114 10 27
85 20 62
85 85 64
158 39 13
148 27 25
111 37 19
142 69 14
126 22 72
111 32 77
133 53 31
92 18 81
158 96 33
170 95 29
157 18 12
96 4 4
162 14 64
143 22 44
85 97 69
151 64 31
117 90 43
142 47 32
142 62 0
130 9 9
92 96 68
93 51 87
142 28 81
165 9 87
136 31 71
96 1 32
120 19 54
138 53 7
124 30 41
106 59 60
142 88 25
142 39 23
155 72 48
165 45 0
155 54 29
157 0 21
170 92 36
108 51 70
128 11 6
170 63 85
128 49 51
88 60 6
103 89 88
87 36 64
118 68 5
156 47 68
104 15 75
85 20 46
160 43 93
95 9 56
131 68 63
146 22 40
83 34 0
98 35 4
111 78 37
96 5 20
95 24 84
172 61 18
85 20 90
89 7 28
178 66 81
83 14 96
85 56 2
85 38 63
85 9 32
174 38 26
162 20 7
109 30 40
89 20 95
109 28 95
170 65 63
92 47 95
131 47 66
92 73 85
142 39 67
109 40 40
173 17 35
93 75 47
159 15 82
121 78 81
96 86 77
178 8 78
131 88 54
124 26 89
131 7 40
177 28 50
162 8 4
142 34 31
149 75 25
96 73 59
128 9 88
92 43 40
174 52 58
92 81 5
158 41 96
170 48 14
165 15 92
166 46 11
166 8 26
166 98 57
158 33 50
142 41 99
164 76 1
127 81 37
166 4 6
93 85 68
171 83 56
141 15 95
165 69 12
162 43 98
141 19 71
178 7 33
92 18 54
169 0 13
156 8 13
124 10 58
133 51 92
109 66 50
111 84 9
155 15 72
142 70 78
92 28 1
142 2 85
124 99 7
158 6 17
160 51 23
87 12 71
108 22 63
109 78 85
133 67 53
92 90 83
117 65 5
155 52 16
128 54 54
96 18 26
109 0 21
158 37 32
83 9 72
85 48 13
85 73 61
91 59 94
95 80 70
177 52 48
111 6 87
84 71 49
81 51 61
170 71 28
109 90 62
166 4 88
166 12 38
88 90 77
115 1 4
142 74 50
88 71 30
96 62 3
166 64 57
128 43 89
170 5 54
142 55 14
117 28 44
120 22 0
171 43 42
111 58 15
170 38 26
142 47 21
109 72 53
177 28 53
165 53 15
159 95 72
104 32 10
96 22 71
109 61 3
92 42 3
159 37 0
158 59 6
92 60 31
83 85 0
138 10 45
96 51 86
112 71 36
88 64 25
96 14 55
165 46 34
105 59 22
165 3 88
109 15 23
160 0 60
83 77 49
165 68 18
171 74 7
158 61 51
109 97 66
88 30 96
112 91 54
128 69 76
89 28 92
144 37 37
95 14 37
148 91 72
128 51 82
166 8 94
171 27 77
94 82 11
109 64 40
159 5 0
84 63 28
89 45 19
85 94 74
162 71 21
109 29 78
145 44 68
115 9 38
84 15 45
165 74 16
166 48 37
178 23 5
92 53 45
170 2 38
84 93 57
158 12 89
109 60 76
158 18 51
170 41 11
92 84 2
165 22 29
166 68 19
92 73 16
124 82 81
155 12 15
174 65 55
166 85 89
156 3 14
125 75 85
115 75 22
172 48 54
170 60 9
141 49 5
84 70 84
155 26 14
166 76 97
170 86 33
117 93 13
96 69 92
155 71 1
160 11 15
157 66 86
92 68 69
84 5 77
170 27 8
138 79 60
166 55 69
83 63 17
165 4 52
170 39 3
165 48 31
138 97 98
155 93 18
95 22 18
111 49 63
109 19 75
166 85 85
92 89 38
160 18 89
158 89 3
148 79 41
96 60 28
170 30 9
155 27 52
170 89 29
142 88 24
166 36 51
155 5 11
170 49 19
177 25 81
166 40 58
96 72 24
109 2 3
158 92 7
177 31 1
144 11 47
111 75 5
165 16 58
85 40 12
165 80 86
85 68 77
131 50 60
96 39 57
135 69 60
96 40 84
92 75 15
109 67 84
111 97 27
85 41 66
170 37 84
88 21 97
92 21 66
159 47 4
96 97 71
109 61 53
89 69 93
89 46 80
115 66 69
124 2 42
110 96 44
88 34 65
170 28 44
96 59 39
92 72 54
166 73 55
165 5 17
109 15 99
92 84 62
170 26 5
177 63 45
85 54 28
144 83 86
85 13 65
133 74 77
165 52 8
92 67 44
158 0 4
111 34 75
127 56 93
83 84 49
165 25 1
166 55 35
165 77 19
171 38 24
114 77 11
83 75 1
165 93 11
109 44 65
169 82 27
165 85 20
165 37 74
93 97 77
88 8 24
109 88 7
131 14 56
155 83 0
142 69 68
145 17 32
165 39 87
92 13 51
142 73 72
84 63 87
92 78 8
83 47 13
131 46 25
106 31 37
85 93 17
104 53 65
109 82 89
83 74 44
158 41 67
165 61 94
95 19 98
171 64 78
85 56 52
166 95 98
165 97 18
158 40 37
165 41 30
83 79 43
85 39 38
92 27 63
124 7 82
171 93 49
165 79 40
109 52 35
131 42 38
124 80 36
96 3 73
166 66 20
170 47 53
170 28 61
166 27 76
128 73 77
142 87 16
155 12 35
170 13 63
165 66 48
169 36 97
