96
58 84 94
73 36 88
59 41 29
36 35 26
62 26 89
17 17 89
75 25 6
65 72 23
4 75 67
29 48 20
32 83 67
2 40 62
15 55 71
60 51 82
64 46 84
44 20 55
36 83 23
64 91 69
64 44 70
36 68 68
43 28 58
57 21 1
64 54 50
6 82 33
39 57 45
39 7 82
66 82 68
17 70 73
5 2 80
6 11 51
23 75 58
47 76 25
38 62 33
17 66 47
11 49 7
70 49 69
47 42 8
59 28 41
7 85 30
80 8 48
68 39 83
46 95 25
71 13 89
15 42 91
15 10 67
11 16 33
107 93 59
160 55 24
106 14 21
137 47 51
171 51 24
133 45 61
174 64 27
121 70 49
110 78 30
145 44 89
173 40 68
117 57 31
136 23 53
86 82 10
123 51 89
165 34 23
141 62 14
161 16 25
131 81 34
166 0 18
164 90 9
99 41 55
168 13 39
99 37 37
117 70 10
168 48 63
150 51 67
174 17 96
143 68 51
169 38 50
136 9 27
90 57 13
151 69 60
93 94 74
171 36 16
118 29 27
137 67 8
97 79 89
105 66 71
167 8 91
134 87 19
84 11 54
113 44 78
165 94 39
87 53 24
135 19 15
96 35 41
166 44 5
137 29 10
99 23 71
