1091
6 83 38
47 84 35
24 96 58
31 81 2
48 45 64
53 58 5
48 19 10
76 86 15
18 13 40
67 26 26
30 90 56
50 13 11
7 80 63
59 22 63
66 30 90
52 72 24
61 88 64
75 73 6
39 31 27
76 51 21
36 81 75
47 87 32
52 76 2
44 54 40
77 77 70
52 23 84
67 90 46
21 47 16
60 68 42
65 76 20
23 42 40
41 16 34
38 25 35
75 22 93
33 60 68
37 47 80
75 52 31
6 53 29
10 43 11
49 46 9
71 33 77
4 7 23
76 91 97
23 93 29
47 67 82
6 25 58
59 63 22
61 42 29
57 95 71
17 56 70
16 15 6
41 91 20
73 30 23
63 37 22
27 63 55
34 52 75
49 46 23
5 66 16
79 92 73
38 38 91
3 88 2
12 17 65
18 79 33
76 36 38
36 1 30
40 43 53
61 47 68
32 2 13
37 14 47
49 31 37
75 48 26
47 80 61
71 87 75
29 83 90
4 22 36
1 61 37
27 17 74
60 10 28
10 69 48
53 76 40
10 92 39
7 57 93
57 18 85
3 30 0
71 70 54
36 29 55
74 76 83
21 40 61
29 88 92
4 27 67
22 2 69
27 22 72
42 10 36
76 96 86
8 17 21
32 79 87
59 74 4
4 4 83
23 10 31
33 73 56
61 83 24
6 16 70
39 7 79
6 35 58
22 1 47
49 32 72
44 32 97
4 31 63
72 97 52
79 13 91
32 41 38
59 61 82
23 42 78
72 56 10
35 36 78
29 41 20
60 32 33
53 14 76
35 35 24
50 55 21
54 9 43
80 54 65
46 30 7
56 23 46
78 78 69
55 43 83
24 14 45
39 67 30
25 18 5
33 69 84
58 92 25
28 84 4
33 88 9
10 64 32
70 26 0
1 54 17
56 41 81
74 33 19
24 64 86
24 71 0
27 55 89
15 50 67
80 9 58
69 48 77
29 56 3
55 70 93
26 25 2
69 49 47
36 71 7
62 87 17
71 84 82
50 62 96
14 43 72
18 0 2
16 10 88
16 10 84
50 14 8
15 52 17
57 30 77
3 37 58
54 39 14
76 21 77
58 20 81
25 73 37
31 47 96
56 80 26
10 63 48
73 60 24
62 41 66
7 42 13
46 49 61
72 58 75
51 92 88
24 44 96
45 65 75
29 76 64
78 64 24
52 21 41
73 36 70
57 40 48
50 74 50
21 28 41
72 77 81
50 89 62
53 74 32
78 4 81
46 0 14
22 42 45
74 18 62
24 58 44
33 85 58
6 58 71
2 78 57
53 78 16
10 54 96
61 74 20
7 22 0
21 83 58
69 71 13
56 67 51
51 54 93
7 51 46
53 86 42
61 98 20
56 47 75
17 53 77
57 31 85
33 39 87
76 36 63
63 75 91
35 98 39
63 35 8
3 26 32
20 34 0
71 33 8
6 34 95
0 57 0
36 40 30
36 34 62
73 83 63
58 80 88
53 84 92
37 49 84
9 66 62
51 86 99
15 46 46
18 71 60
15 45 52
36 55 34
46 89 34
51 15 33
51 92 54
38 38 0
34 0 58
31 62 19
20 95 10
25 33 43
29 88 81
6 80 67
32 34 36
19 25 17
18 95 0
35 37 45
52 17 28
72 1 33
50 41 3
36 30 48
58 15 10
76 85 0
72 19 31
32 87 24
69 20 70
1 90 16
38 77 59
52 81 32
1 78 66
6 87 74
50 40 94
74 13 66
18 57 33
73 72 53
57 63 65
62 39 4
76 0 97
32 16 82
59 12 76
32 25 78
18 51 17
74 60 28
15 38 8
48 63 91
35 80 80
24 89 29
64 13 53
35 62 1
46 43 36
6 72 39
50 80 39
31 31 21
69 28 23
35 70 69
73 81 57
59 48 9
18 47 85
53 25 13
32 80 15
7 93 90
63 53 43
53 0 53
4 21 22
68 77 13
19 48 22
18 29 39
46 24 67
69 4 43
54 0 80
8 59 12
25 67 73
76 57 26
30 16 0
6 83 68
29 14 34
50 29 35
59 34 52
73 74 42
6 71 73
6 47 16
32 39 44
51 79 0
6 68 54
15 35 43
63 0 69
53 51 5
72 9 90
10 13 69
69 95 94
29 66 21
18 10 17
49 92 11
36 66 12
6 93 25
18 53 65
38 86 64
32 15 42
73 21 14
6 69 99
51 20 85
35 96 23
10 69 96
6 21 57
51 95 45
21 5 63
32 42 81
71 85 10
38 6 29
35 17 14
59 44 6
34 23 79
6 93 89
32 44 67
71 98 62
69 29 30
47 11 13
78 23 6
18 42 92
32 25 0
6 49 60
29 12 37
6 19 54
53 78 9
6 57 64
53 0 0
69 13 18
6 2 38
35 1 20
18 86 55
18 0 10
6 14 44
27 32 55
8 64 5
32 93 78
46 45 60
6 70 75
6 91 33
7 51 50
72 96 54
34 71 19
35 98 15
51 14 84
1 10 24
18 10 29
18 23 69
6 13 98
6 73 61
6 40 59
49 73 1
32 50 5
24 51 74
112 15 20
146 5 59
171 18 14
150 62 74
94 28 60
121 0 24
105 48 89
119 19 18
81 96 15
105 7 45
117 90 86
143 27 78
141 35 47
139 1 3
134 47 40
97 41 9
86 50 87
174 9 4
130 79 4
167 5 94
87 94 50
128 30 15
159 31 17
179 74 85
115 82 43
169 66 95
126 23 49
137 61 15
89 18 80
126 16 96
147 48 11
164 49 52
140 71 45
96 75 13
165 65 31
135 36 53
88 72 80
165 22 89
136 94 88
83 27 7
90 86 83
109 85 67
144 4 40
118 45 0
147 7 38
155 31 13
81 75 28
121 82 16
148 23 9
125 25 81
142 6 37
127 30 42
117 69 80
112 27 52
81 18 58
93 28 13
150 96 26
145 35 88
178 8 76
84 20 60
173 15 39
123 96 81
116 5 7
130 35 93
135 58 87
112 55 6
116 54 55
83 21 49
108 41 25
156 10 67
81 92 32
90 91 64
121 60 33
127 24 21
152 13 73
103 2 77
111 67 6
145 83 9
85 91 93
84 46 58
86 77 47
109 0 0
128 98 60
166 1 9
178 79 93
81 18 45
90 8 14
117 73 54
127 13 15
159 90 44
153 82 82
96 85 34
85 23 61
165 87 75
133 24 25
119 51 59
113 24 39
91 93 80
166 25 89
129 65 87
109 47 15
160 9 65
176 52 41
126 84 45
180 46 49
147 37 10
109 62 13
123 92 16
105 13 58
104 95 37
111 77 27
83 82 36
148 36 36
125 43 92
143 9 51
178 69 76
159 72 72
166 56 27
174 30 93
84 13 79
141 38 41
177 69 40
86 1 18
142 50 81
172 87 8
130 5 88
156 31 50
169 60 55
95 82 74
86 94 60
166 69 0
127 73 16
180 64 8
160 81 85
83 64 26
111 87 30
123 20 26
120 74 34
128 39 31
149 95 42
135 33 14
155 76 68
130 9 10
126 11 72
159 32 57
92 39 99
103 82 72
134 45 31
155 62 63
123 18 41
149 84 21
164 51 68
162 48 37
138 69 59
104 20 55
108 84 51
113 57 46
156 75 10
174 50 0
172 27 15
122 34 82
109 58 84
105 2 83
111 41 36
178 54 94
172 51 10
118 12 3
111 68 72
153 35 58
85 89 26
106 52 12
110 11 52
96 73 87
89 25 87
90 93 57
165 25 10
177 64 79
122 11 21
154 58 29
88 27 57
180 36 66
121 27 83
149 12 82
129 20 37
163 2 92
130 95 5
117 17 52
135 14 89
153 4 25
124 73 89
175 36 78
121 72 76
171 89 84
150 19 95
143 7 72
129 47 3
105 63 57
170 87 32
142 25 61
133 28 89
141 32 58
137 4 34
151 1 60
158 41 46
180 5 53
85 62 52
167 33 39
131 65 4
158 43 71
92 72 71
160 57 11
96 79 95
180 58 60
165 31 82
134 88 44
116 25 62
158 59 92
155 98 35
165 64 46
92 70 34
177 19 77
176 24 11
128 94 12
172 70 38
165 14 86
142 11 97
145 40 23
170 11 59
92 93 99
108 88 53
137 24 75
149 7 0
165 24 45
89 90 89
90 25 44
142 31 18
178 76 42
133 73 67
157 22 90
97 83 76
85 45 33
108 48 6
99 56 79
165 22 87
142 90 80
177 84 32
99 60 95
140 77 53
84 59 47
114 94 97
123 27 48
133 28 17
172 57 51
141 56 61
173 1 66
114 79 97
148 69 2
113 34 65
128 6 44
115 0 38
157 1 34
138 61 45
176 54 47
141 39 71
151 92 5
92 28 88
162 69 10
98 48 31
180 65 66
99 76 77
108 59 40
165 39 20
126 7 91
111 55 65
144 85 26
165 85 8
158 77 36
90 58 18
109 85 75
145 3 57
85 5 13
123 71 29
128 40 51
170 32 84
141 69 22
83 67 46
166 6 26
142 64 12
128 66 50
138 67 12
120 40 55
109 89 95
144 72 33
141 14 30
109 47 0
96 15 53
177 84 94
106 60 7
130 7 67
145 97 56
172 0 90
170 62 60
155 81 22
96 55 11
111 18 70
100 49 75
89 36 18
178 54 84
125 24 53
113 36 27
95 85 40
90 27 93
81 76 95
138 97 0
124 70 52
171 66 27
104 10 48
172 92 69
170 66 63
109 65 3
172 87 25
96 52 30
105 30 72
93 49 73
109 59 57
88 8 30
158 79 92
170 49 83
165 28 89
103 73 74
152 87 71
166 4 46
165 65 85
165 20 56
177 98 79
162 19 92
168 90 93
88 21 6
171 23 60
131 69 8
166 68 11
133 71 3
149 1 6
115 25 90
90 45 20
177 36 12
114 40 41
126 86 95
142 31 41
142 20 33
157 84 22
165 88 49
142 87 40
85 79 29
148 14 85
157 82 46
115 68 65
166 52 40
124 56 42
148 35 50
106 75 45
117 1 88
108 17 25
94 63 41
88 52 37
117 81 50
172 20 46
97 89 0
85 31 27
170 89 85
94 14 61
92 12 99
88 60 91
114 6 2
162 52 3
114 60 66
155 14 0
96 91 99
85 3 37
129 27 9
104 46 56
155 82 15
83 5 30
111 62 4
170 46 98
142 59 72
93 52 24
151 9 33
111 33 30
92 56 37
92 61 19
106 76 24
155 65 82
96 90 68
175 96 45
169 21 51
157 54 73
109 10 97
96 70 30
170 62 81
109 46 27
155 41 86
158 64 71
109 71 80
177 13 77
128 91 40
94 3 15
133 9 70
178 45 91
115 49 19
155 85 87
139 36 75
99 87 38
96 69 80
173 8 19
131 65 0
166 92 20
112 74 94
130 82 11
109 95 56
148 2 55
164 72 62
96 98 69
146 97 92
159 4 76
83 39 46
144 4 37
158 92 37
95 64 39
159 82 31
124 96 0
114 68 91
109 72 66
142 91 78
141 83 95
170 57 97
88 45 76
109 75 83
143 17 55
172 13 96
96 2 10
93 84 55
160 16 2
85 98 70
142 46 12
158 74 82
148 63 62
142 42 44
166 64 10
138 44 24
111 69 14
146 64 45
104 80 20
92 48 86
125 89 58
169 68 27
113 59 36
131 29 52
170 25 30
142 81 80
144 82 54
144 37 96
107 52 6
115 66 38
138 67 8
96 92 81
131 12 1
165 16 99
92 35 71
96 14 75
128 58 68
87 97 74
170 18 33
84 41 76
82 51 95
162 67 0
128 95 23
165 3 8
103 82 78
109 99 60
92 21 92
142 50 43
92 11 77
165 1 87
166 56 14
148 0 7
115 22 29
96 29 5
177 18 82
124 7 85
165 67 45
165 3 9
172 39 35
142 4 60
85 48 30
111 1 42
83 60 85
155 2 29
109 84 2
96 31 47
170 43 43
96 94 43
141 42 60
166 46 79
171 93 55
171 90 2
96 80 72
124 77 50
166 85 38
126 53 26
170 34 32
131 29 3
85 1 95
96 36 1
170 78 0
97 22 57
177 0 44
92 92 1
131 96 92
172 35 67
158 69 89
96 93 45
92 18 51
83 52 56
165 0 92
141 26 39
170 40 83
96 77 67
171 58 10
83 18 77
148 17 18
166 81 29
148 95 35
166 70 67
96 7 72
139 30 69
170 12 63
114 95 78
170 3 65
109 58 56
155 4 1
170 54 2
92 71 13
109 78 3
131 52 31
171 78 1
158 58 37
83 57 15
158 45 7
87 51 81
123 78 36
124 58 14
144 45 43
128 76 53
139 56 81
93 49 35
138 94 2
109 68 99
129 79 43
138 47 64
96 48 26
85 63 82
170 38 53
163 63 83
85 90 32
133 20 2
120 83 68
155 95 44
124 90 23
170 99 91
92 45 0
166 9 47
84 88 50
96 13 88
84 92 62
83 56 51
96 29 78
166 40 19
92 33 13
144 62 52
150 60 76
166 58 66
96 24 36
124 84 41
165 22 9
114 97 71
109 6 15
85 48 28
142 34 72
95 86 72
166 19 16
106 49 57
138 65 37
165 11 52
138 80 23
165 37 26
124 3 39
165 70 91
114 43 89
95 1 11
153 62 85
131 61 50
128 1 73
83 28 6
83 42 52
172 96 3
141 58 57
170 66 19
158 23 34
165 41 34
177 94 37
142 50 44
83 65 90
92 38 21
105 7 60
166 82 96
92 82 54
177 98 96
128 29 79
96 24 62
165 67 5
109 86 49
170 92 3
145 77 79
109 20 94
155 75 49
93 51 65
177 55 24
104 23 98
131 82 5
138 6 13
166 64 90
165 61 52
92 85 66
109 4 31
95 65 28
128 91 74
165 12 18
85 75 7
92 25 24
165 89 15
92 91 27
165 75 99
114 77 34
95 9 49
146 20 34
117 68 3
85 18 10
109 85 49
128 76 15
85 27 97
165 9 26
138 46 89
172 5 50
85 53 94
166 49 67
142 11 30
109 5 11
170 68 14
164 65 57
165 99 18
165 6 80
85 37 83
158 27 92
165 63 26
109 48 88
92 34 86
92 99 27
131 82 98
170 65 79
92 32 99
166 7 18
88 7 28
96 85 42
165 5 47
142 43 18
83 9 85
142 3 50
109 13 83
92 61 24
166 44 28
142 66 65
166 34 27
97 52 0
106 68 44
177 16 79
177 17 49
170 13 87
85 11 7
148 52 86
165 22 46
170 19 84
106 15 86
92 81 1
142 1 56
170 88 48
158 56 28
92 99 82
170 89 57
166 96 66
165 36 7
96 67 37
106 77 31
165 9 98
165 22 36
96 56 72
170 23 28
158 87 80
158 9 82
166 40 79
166 46 36
155 50 26
159 77 18
