1104
34 81 19
63 89 15
45 36 50
50 65 41
12 76 86
31 84 78
18 11 18
33 6 89
41 45 67
5 83 12
26 33 79
71 90 69
49 14 27
47 87 46
2 91 13
60 60 82
11 5 40
22 65 63
2 17 25
6 55 52
23 56 29
8 33 22
32 62 79
62 70 78
38 44 13
56 71 21
28 20 44
23 68 31
52 49 91
73 24 34
48 41 64
47 33 48
47 72 14
23 58 49
52 30 78
69 42 78
28 41 38
59 13 83
28 24 10
38 37 3
54 44 32
37 86 17
56 26 34
3 38 30
4 56 57
70 51 70
14 61 55
7 0 12
76 31 40
17 95 26
70 92 5
2 10 57
42 28 11
75 63 2
6 32 51
72 80 61
18 4 31
15 41 10
45 76 52
78 91 28
42 35 17
71 67 71
59 3 8
24 44 72
18 4 63
8 75 92
10 61 64
40 89 24
44 4 69
56 11 27
24 65 44
18 12 53
26 22 64
49 21 85
48 34 38
77 77 14
74 75 71
45 10 90
27 4 19
18 30 89
33 50 37
7 56 4
24 54 15
45 4 11
1 42 34
40 67 8
71 16 45
48 83 37
52 89 94
50 97 8
70 45 58
38 21 13
47 9 63
59 29 60
73 18 79
36 74 52
24 93 49
25 43 8
17 86 82
0 20 0
43 65 52
50 20 82
55 7 4
35 4 2
73 81 50
72 23 49
49 0 36
51 0 30
39 1 92
7 12 69
18 50 65
53 62 0
56 40 68
69 8 69
46 19 50
18 64 21
37 41 4
47 39 12
4 69 63
6 3 79
2 11 24
80 80 73
32 30 13
59 71 27
1 90 84
45 61 5
68 87 73
20 54 28
53 33 35
47 54 92
24 81 27
6 16 24
47 22 97
41 52 56
6 90 59
71 57 11
21 31 5
20 69 13
18 49 80
71 20 24
75 52 88
10 33 11
48 26 2
44 48 60
77 52 31
75 39 89
38 47 88
46 88 33
35 27 48
48 34 43
49 17 67
42 20 62
21 90 5
6 38 46
65 89 59
9 36 26
51 90 12
37 0 31
55 30 89
59 76 25
36 66 90
25 13 7
55 6 33
40 77 2
2 83 49
33 10 11
51 79 11
58 56 53
18 16 72
72 14 93
56 41 85
56 38 55
53 27 65
34 66 17
15 89 81
1 65 32
18 81 47
3 36 72
1 40 23
35 38 10
63 78 28
0 37 83
8 9 0
50 31 24
31 7 76
4 38 0
42 44 79
18 81 90
35 90 39
73 76 36
70 56 84
44 46 42
31 92 56
69 3 16
18 81 38
44 50 87
20 21 55
69 94 90
28 71 66
18 27 44
19 36 33
15 98 64
73 38 78
33 51 26
33 69 45
32 78 98
46 96 56
2 64 28
53 45 36
10 80 70
73 59 45
18 68 42
37 67 38
26 46 10
0 95 69
51 50 67
8 61 21
19 41 48
34 53 12
32 36 69
46 48 50
34 53 66
49 1 85
20 23 67
2 91 77
6 1 19
67 0 4
1 74 62
6 13 96
72 50 81
10 59 70
44 83 84
59 73 84
24 6 3
47 33 7
7 14 56
25 33 89
21 27 16
6 37 19
36 90 87
26 18 83
6 17 18
36 51 8
6 75 41
42 3 50
32 41 99
6 61 54
80 32 12
72 39 67
72 3 36
35 49 56
32 28 7
24 96 94
59 93 82
8 16 14
15 93 93
35 2 34
6 80 41
29 48 35
31 46 85
18 23 3
18 22 49
51 26 82
58 92 9
62 94 4
72 34 52
18 27 32
52 88 7
35 68 29
56 7 26
15 43 86
39 88 3
36 12 49
19 49 72
52 29 68
54 4 76
38 23 21
18 45 90
52 46 17
25 48 19
50 4 66
18 73 3
59 19 70
18 46 49
7 45 25
57 17 41
72 25 45
8 93 39
18 84 26
53 50 61
1 91 45
72 18 94
78 25 59
1 77 45
56 0 2
18 84 82
32 53 43
73 29 82
78 29 0
68 30 54
35 63 30
24 42 23
32 23 51
6 92 93
6 6 19
61 58 90
73 74 22
51 29 42
18 16 74
21 14 36
71 98 78
40 15 6
6 44 93
51 5 57
34 38 63
32 43 98
49 61 61
32 82 63
35 67 88
53 84 92
59 64 14
6 55 97
47 63 94
6 60 27
43 0 88
30 33 30
1 39 47
44 33 96
1 83 52
6 22 72
8 89 48
15 78 26
6 35 21
49 97 39
70 22 79
6 70 56
76 56 69
58 97 27
6 30 19
35 1 65
72 68 36
18 9 80
72 18 9
72 87 58
78 57 9
35 86 52
15 4 45
39 84 71
51 74 13
32 25 4
59 74 9
16 44 51
34 22 52
40 18 46
1 10 70
18 16 56
6 81 40
15 80 25
1 10 19
35 31 3
24 20 97
76 9 15
51 46 15
51 28 8
51 84 87
6 70 37
56 78 60
73 72 70
6 81 31
24 9 10
36 89 12
53 82 21
35 16 37
35 74 19
36 35 80
18 24 55
6 97 27
18 99 97
72 25 96
20 45 91
36 12 19
6 79 73
72 94 68
19 79 46
51 34 77
72 34 59
51 83 28
2 71 61
35 57 50
6 11 78
6 73 18
53 31 52
38 23 85
72 43 68
59 80 1
72 30 87
78 29 98
51 59 38
105 82 42
164 47 45
107 77 36
174 3 72
112 10 73
152 54 38
93 24 66
157 29 46
103 33 10
154 19 3
134 77 19
163 50 64
147 43 44
126 36 15
111 36 80
177 96 3
143 36 41
102 13 18
179 79 65
176 74 26
108 0 67
136 34 62
177 80 42
140 22 60
125 72 33
143 20 93
113 47 80
96 25 47
154 94 83
131 85 55
155 42 27
82 33 84
158 56 10
169 89 36
102 16 10
125 58 65
111 11 96
97 45 97
100 88 64
133 62 52
158 12 74
86 7 24
107 91 85
151 72 52
119 75 8
136 5 79
150 37 87
87 63 89
146 61 28
129 53 47
142 62 12
174 17 90
163 30 58
148 57 3
107 81 30
150 67 51
132 65 78
85 48 64
154 97 19
154 30 61
157 72 47
150 50 45
144 84 75
130 12 45
109 97 68
166 23 56
108 22 26
169 76 41
104 55 48
164 68 94
121 84 67
104 92 37
166 94 74
120 49 15
94 52 6
112 2 56
136 25 21
85 27 9
159 22 33
171 65 26
179 80 95
147 38 59
84 61 41
101 23 73
157 30 21
174 88 55
140 46 23
148 16 77
148 15 95
167 57 23
142 59 34
154 28 51
164 26 91
99 35 70
116 96 51
149 51 95
165 2 96
155 82 5
166 81 56
94 5 49
142 5 65
157 87 26
165 97 93
105 87 89
120 91 20
120 26 77
93 87 61
112 46 4
85 12 22
144 57 97
98 6 54
142 37 62
108 24 7
162 65 57
89 95 62
83 63 71
105 5 5
154 83 57
165 99 73
106 59 0
115 29 95
147 2 38
85 71 52
166 66 94
159 78 57
162 78 85
128 6 28
109 26 85
161 36 89
152 52 0
101 5 84
93 65 37
125 16 31
174 19 75
179 61 35
166 27 39
118 56 62
137 12 0
138 20 21
149 76 34
115 28 37
147 72 4
83 33 46
160 60 13
177 44 56
91 84 33
114 10 83
166 43 25
130 27 25
109 73 13
177 36 28
115 1 50
96 17 73
155 65 76
172 73 96
148 10 23
166 75 57
128 84 97
141 55 21
163 62 18
131 23 31
155 52 79
81 48 76
98 55 76
139 63 47
102 67 85
153 1 75
85 98 59
83 46 88
117 55 94
158 99 12
88 17 54
138 92 53
93 41 74
100 49 3
131 98 90
92 66 83
107 75 64
171 70 30
95 85 47
82 21 88
93 61 13
170 86 43
177 86 65
89 67 45
162 2 0
89 73 44
125 0 80
90 85 4
175 96 42
84 17 97
141 13 90
170 74 36
109 51 68
178 13 22
174 85 61
115 61 90
109 3 34
85 40 37
166 59 83
143 67 12
84 41 1
131 5 98
120 24 18
150 15 50
81 86 94
102 94 73
146 13 52
125 26 68
84 69 38
93 54 82
131 1 63
98 8 48
104 55 18
100 52 85
111 78 0
89 95 32
138 27 83
141 41 41
115 82 39
115 44 87
135 25 71
126 40 75
108 45 1
161 92 66
95 0 46
92 47 11
82 78 79
139 32 74
97 89 92
128 97 96
137 24 89
157 71 7
117 72 58
123 61 86
123 55 41
131 89 1
134 54 71
113 17 1
106 32 19
160 68 90
114 73 77
154 59 74
167 87 42
85 19 93
113 95 15
156 67 61
177 35 56
89 61 15
145 85 21
174 24 82
174 91 1
144 46 54
138 98 0
126 51 50
142 91 43
177 96 90
92 14 14
166 94 55
155 3 21
172 98 66
145 58 43
111 51 11
136 80 91
85 13 30
83 60 94
144 85 28
156 83 89
88 71 18
106 29 74
158 28 29
174 0 39
174 72 38
142 76 30
147 11 64
100 75 74
139 39 94
115 19 18
131 3 48
166 99 74
151 97 33
177 8 12
164 3 88
148 29 44
83 65 21
109 39 51
120 10 79
165 78 59
167 18 34
104 31 68
89 2 24
160 53 16
92 45 77
141 63 60
159 68 26
109 14 99
143 32 70
131 57 34
82 10 33
143 14 84
137 70 91
108 18 29
155 39 16
144 75 59
89 14 62
137 46 30
120 50 0
111 37 22
147 94 77
85 43 28
144 97 84
124 25 52
108 41 19
178 40 53
114 13 41
95 77 96
135 90 32
134 11 3
170 61 11
165 4 44
109 98 95
163 62 10
125 25 29
165 48 3
142 9 88
89 73 87
104 64 59
150 69 0
92 77 79
85 18 66
165 53 76
152 45 38
151 95 20
177 36 12
170 76 40
106 7 64
166 19 4
118 5 58
131 94 0
124 59 19
115 32 43
109 84 32
88 58 88
177 28 58
109 56 14
111 76 81
165 94 96
166 1 45
104 67 20
117 88 51
92 82 82
95 87 54
138 19 89
106 82 16
96 86 38
83 75 33
166 19 57
106 50 24
112 24 92
170 21 73
131 79 50
124 87 8
89 92 43
170 45 76
127 29 31
157 13 79
142 1 22
178 19 54
170 27 87
143 42 14
92 20 60
177 0 60
108 79 6
165 30 35
138 41 56
129 59 57
109 51 66
128 6 32
81 25 39
153 49 10
96 29 77
95 70 6
99 32 66
92 31 29
172 19 62
133 21 8
114 43 29
142 46 77
169 0 72
159 24 1
109 16 87
88 59 68
110 96 13
145 69 84
149 79 13
85 46 57
83 49 41
171 65 0
129 20 40
92 69 2
172 43 69
171 50 58
125 40 80
109 72 65
143 50 83
109 17 65
128 40 39
92 97 67
95 76 50
157 52 82
155 26 64
128 40 20
148 64 74
171 32 34
143 93 17
170 55 14
115 5 94
96 64 87
138 98 5
85 56 51
155 38 9
163 42 62
95 38 41
109 82 10
88 77 31
92 52 18
155 59 36
165 79 32
120 9 4
114 96 1
85 67 16
155 0 50
171 16 29
109 70 71
83 88 82
138 13 35
170 31 35
88 26 5
143 47 7
109 26 44
165 90 63
170 38 69
93 48 65
166 57 11
84 75 5
115 88 70
140 84 0
109 52 76
158 35 5
88 66 34
123 64 70
117 69 41
123 6 72
148 26 97
96 44 83
85 7 53
158 69 4
170 14 34
163 22 5
177 78 51
95 17 57
85 56 50
109 85 31
111 53 40
94 72 41
92 15 78
85 89 86
160 13 14
128 95 65
109 80 6
135 64 68
158 74 85
106 60 18
83 83 67
145 6 14
119 7 94
120 52 2
148 10 94
171 1 97
95 76 62
142 37 66
96 3 81
95 81 23
145 75 0
93 70 94
93 97 72
155 41 63
124 8 31
93 32 37
124 13 57
83 32 29
95 85 81
177 64 40
178 71 74
88 62 75
115 34 25
141 34 45
177 93 23
83 62 31
128 47 33
128 58 20
92 92 35
148 1 28
174 35 53
158 74 50
96 49 69
109 19 56
166 82 96
160 28 85
111 70 69
172 89 21
92 18 18
165 32 89
109 76 79
180 40 29
109 53 94
172 37 13
108 78 54
170 67 94
155 19 10
85 5 4
166 30 18
155 73 17
83 49 8
166 63 65
142 5 49
85 37 9
113 68 76
92 7 62
95 62 69
155 40 46
115 72 94
170 21 99
85 43 97
109 86 44
96 32 35
109 46 8
92 61 26
128 62 72
111 98 92
124 44 58
166 16 64
131 62 50
171 4 23
93 97 60
121 32 0
171 14 45
96 36 68
149 42 0
155 9 46
96 51 44
158 91 74
104 93 98
93 58 41
109 88 39
109 35 17
96 71 71
156 66 22
131 60 98
158 37 78
108 13 75
165 31 88
138 5 17
111 47 62
155 75 85
142 0 18
165 36 98
85 26 67
143 89 76
120 75 89
85 22 21
128 45 6
158 70 74
165 83 89
159 50 63
111 24 43
89 63 45
142 48 84
165 83 1
166 30 72
128 87 31
165 77 17
169 95 10
158 73 98
92 42 93
92 0 35
142 67 33
95 6 1
85 15 4
165 13 53
83 23 13
166 79 69
165 93 26
158 50 76
166 15 17
155 47 76
89 18 73
108 82 64
128 94 26
92 43 4
128 86 23
113 16 79
165 64 13
85 31 71
109 99 32
111 37 48
180 68 56
142 12 9
166 56 52
165 35 78
171 81 74
170 66 15
166 70 95
146 60 3
106 45 73
166 63 29
166 26 49
171 94 47
177 24 38
170 38 72
144 39 42
165 5 93
154 51 19
166 30 67
95 36 58
142 31 49
96 50 56
158 59 5
128 91 19
96 15 80
170 48 92
92 59 74
85 12 38
141 62 95
92 93 48
165 50 83
92 53 80
85 21 35
142 81 60
143 78 90
85 99 52
92 2 72
170 83 8
166 42 28
159 36 99
92 55 46
158 88 80
142 60 40
171 51 15
85 66 99
151 65 5
92 59 53
142 38 53
92 58 36
99 39 72
117 31 82
155 38 97
155 2 13
88 19 38
85 30 5
96 22 38
158 7 10
169 17 22
83 78 74
114 39 6
155 19 84
85 21 23
92 13 52
155 59 97
158 55 80
155 1 53
177 31 95
111 0 48
166 16 4
170 47 49
165 28 9
171 10 68
85 17 93
166 77 33
96 63 3
166 42 38
166 91 84
104 51 54
93 17 71
148 75 22
144 12 86
92 39 93
158 11 53
96 7 64
115 4 28
166 54 45
109 67 96
115 15 42
142 56 33
85 70 78
109 34 89
172 0 54
166 86 42
95 59 80
95 61 80
85 65 38
85 38 71
128 99 34
131 15 12
96 79 59
83 75 79
