1094
64 74 28
20 8 14
17 29 16
19 90 4
80 47 0
41 23 29
40 91 46
30 12 60
21 87 93
57 78 52
8 95 43
6 24 91
4 52 38
9 14 9
21 28 0
1 21 85
11 15 64
75 53 70
41 67 67
25 64 69
23 68 85
56 8 65
55 13 73
60 18 34
49 79 13
59 13 65
24 4 53
21 60 48
79 94 27
75 37 40
49 75 6
22 92 76
13 12 81
18 99 32
53 50 21
52 31 28
44 19 19
21 95 18
80 21 53
23 88 71
56 62 2
44 7 87
69 73 33
45 59 53
19 18 89
52 85 45
43 73 68
15 79 26
59 47 38
2 29 8
13 17 36
7 57 81
2 41 54
5 40 81
36 29 32
51 53 22
41 38 71
40 86 12
55 23 49
71 89 62
54 71 90
4 25 9
5 36 28
78 51 46
10 43 30
62 13 10
45 7 1
53 54 0
25 27 56
53 48 85
26 48 56
73 30 75
33 85 39
77 48 76
3 3 5
28 52 35
16 93 61
49 75 34
33 62 23
44 78 18
73 42 75
52 93 42
50 87 31
29 28 81
21 5 91
12 91 4
40 56 43
6 41 2
31 87 28
77 0 74
3 47 10
48 14 23
75 52 29
30 64 45
9 68 39
74 13 19
39 66 48
72 59 90
7 62 79
24 74 93
10 29 90
68 32 91
1 95 88
42 52 86
11 14 46
47 19 69
0 71 43
32 9 6
61 57 19
1 42 10
28 22 13
10 59 13
56 60 27
66 6 26
29 87 69
69 3 43
68 48 27
73 5 41
10 9 44
5 12 33
7 46 32
46 10 35
51 72 49
26 13 48
51 6 25
12 56 89
33 45 71
23 92 65
69 10 56
55 82 94
26 71 62
69 31 81
58 66 6
39 80 92
18 85 20
59 12 26
63 88 55
56 79 85
19 39 64
77 82 49
55 79 36
15 54 84
32 39 97
8 8 31
21 59 21
33 15 0
40 29 48
15 38 76
24 12 91
15 4 58
68 10 1
6 13 10
20 82 72
47 22 39
18 25 8
78 92 98
36 5 80
29 48 20
73 94 92
72 24 94
5 38 16
25 34 36
61 88 1
40 36 32
18 86 78
51 41 24
74 6 79
0 57 61
76 43 19
19 97 34
17 56 63
23 49 56
2 35 57
43 49 67
78 61 85
62 96 80
1 22 95
74 37 8
36 33 89
59 49 63
16 93 82
53 87 67
51 68 92
62 8 91
69 18 86
8 97 90
37 97 77
6 5 86
35 46 95
1 45 77
36 23 2
6 74 6
63 0 68
1 66 23
15 43 86
59 27 28
45 19 82
37 96 93
18 7 94
37 97 16
72 29 67
9 62 0
32 8 83
65 33 63
76 81 59
36 89 84
71 73 56
72 89 89
18 71 59
51 43 75
78 53 50
0 94 40
6 39 0
36 96 14
78 65 84
24 86 82
73 81 11
76 77 47
45 16 13
18 0 87
8 85 75
59 63 7
3 96 47
36 76 74
15 44 97
34 84 68
36 28 91
58 26 77
56 63 73
49 39 92
39 82 0
74 25 81
0 6 97
63 11 12
63 61 12
18 15 57
8 0 52
56 38 59
18 85 83
32 3 98
1 75 76
68 43 1
14 56 32
71 17 78
34 66 72
1 33 97
64 80 79
37 80 22
18 91 89
31 75 61
73 36 73
69 58 30
59 31 15
10 66 1
36 97 85
15 42 62
6 96 33
24 59 94
64 68 24
70 70 50
15 48 88
19 70 96
51 37 47
76 86 18
53 56 27
69 49 47
59 2 8
72 16 79
58 44 22
36 52 50
51 92 0
6 44 73
40 91 27
54 10 67
35 47 86
6 65 44
18 61 18
34 19 2
39 33 71
51 7 0
16 52 80
35 64 3
38 66 15
18 49 73
6 81 52
24 19 60
18 47 19
32 43 99
49 42 39
41 89 22
27 11 4
44 36 92
69 71 79
50 85 70
15 69 76
6 94 85
45 30 94
55 60 56
48 27 71
32 47 22
4 18 55
72 57 0
6 76 12
18 99 1
37 77 96
58 35 11
6 11 63
32 68 1
10 59 0
72 93 59
6 25 18
15 84 14
52 16 55
69 7 12
6 3 76
18 14 7
15 56 56
51 31 48
36 31 1
56 9 48
6 68 46
72 49 91
71 90 50
43 36 21
52 45 10
6 10 44
6 54 27
6 44 35
49 1 71
15 82 53
1 88 86
76 5 46
50 14 27
18 69 72
32 83 4
10 77 79
32 13 59
36 58 55
15 42 72
6 18 32
15 32 32
53 96 6
1 81 97
24 65 75
72 34 33
32 45 86
53 29 55
32 79 91
35 60 66
35 58 38
18 11 87
57 89 11
6 41 65
32 97 57
53 10 29
19 6 65
72 24 56
44 5 30
53 10 52
50 62 49
18 69 50
6 7 89
24 17 40
72 95 79
15 57 95
49 66 26
51 65 69
32 75 98
6 16 30
35 46 57
1 63 19
26 44 55
72 3 21
6 99 26
36 52 27
35 7 75
51 71 61
32 66 66
25 75 56
49 0 59
51 28 53
6 28 11
18 45 8
31 14 97
29 49 44
76 87 52
47 81 16
18 87 22
72 87 80
38 26 91
9 36 78
74 91 15
72 12 73
51 38 63
15 10 39
72 62 28
32 52 43
73 71 0
76 30 38
64 9 22
59 70 73
63 51 65
15 74 91
6 56 87
78 1 91
32 67 62
45 21 20
32 36 85
37 44 35
32 84 67
32 95 92
32 17 70
72 10 1
32 78 75
158 0 49
90 77 65
121 51 60
171 27 26
143 79 62
110 19 41
171 62 55
86 50 7
127 58 6
81 92 31
175 70 8
141 14 15
91 32 59
142 9 77
113 33 52
132 19 24
142 18 62
81 65 32
105 42 92
157 9 19
175 75 40
140 59 76
86 84 86
144 91 82
152 0 28
135 16 95
128 2 14
147 51 75
95 79 50
92 2 63
172 20 95
169 1 84
127 3 24
174 63 61
100 83 20
117 72 96
81 81 68
100 59 40
107 89 57
177 26 34
178 13 86
97 69 31
98 68 34
81 20 29
139 78 33
178 97 41
132 77 3
136 27 43
144 24 21
95 40 56
127 96 54
120 2 80
179 3 68
165 17 42
123 36 49
133 69 44
95 84 18
139 33 68
120 47 49
169 33 45
169 10 83
115 33 25
117 49 14
178 22 9
158 60 31
104 39 68
83 44 90
88 74 23
103 11 70
100 88 38
140 32 20
107 66 75
96 7 23
162 36 86
179 37 82
115 98 66
180 21 61
136 80 45
89 38 88
172 48 16
141 44 48
112 80 29
85 25 99
128 62 18
151 61 67
163 45 44
157 90 34
89 97 8
104 69 28
165 39 25
91 24 67
81 73 50
96 27 9
101 43 63
149 18 77
159 51 55
115 93 52
145 68 17
121 52 13
124 2 59
113 77 69
160 66 87
160 82 85
98 48 93
111 80 20
112 17 28
175 83 33
142 23 24
85 17 54
88 31 85
123 94 34
127 64 95
178 42 6
127 89 95
163 63 52
177 94 9
173 92 49
87 23 81
118 89 45
175 64 38
151 72 21
118 72 73
115 37 38
176 91 64
173 66 12
139 8 9
125 33 8
86 24 1
142 61 24
99 69 94
105 85 58
92 0 91
127 93 24
158 17 51
120 28 35
148 38 32
90 54 94
164 52 17
132 51 2
86 28 61
167 45 91
98 92 55
136 90 18
162 81 9
108 82 6
135 54 57
161 7 33
92 43 67
131 27 12
166 35 54
100 80 53
160 88 23
83 65 30
88 10 64
165 99 72
100 25 73
128 19 30
120 2 87
147 60 32
138 17 71
96 12 93
97 76 92
148 63 18
86 73 79
170 57 29
92 32 4
165 16 45
174 42 58
124 1 18
166 74 11
127 59 96
92 26 22
179 96 67
127 7 71
112 60 81
111 46 8
157 25 64
106 4 32
110 45 15
142 79 78
174 58 9
91 4 13
89 67 43
96 27 39
84 17 17
93 35 6
144 67 53
93 67 63
99 21 92
155 11 89
96 37 72
180 94 71
180 7 52
83 95 2
149 48 82
88 81 36
143 64 87
143 4 62
148 31 36
172 74 27
163 81 64
138 64 66
148 42 46
178 64 59
157 58 49
146 54 27
155 80 74
85 74 61
91 10 77
172 67 57
155 24 43
131 21 50
149 60 39
93 2 4
158 86 25
177 43 53
127 9 60
160 84 39
158 60 4
159 41 45
160 35 78
89 76 89
90 20 15
137 4 18
144 6 56
165 51 81
165 1 3
123 35 94
155 63 94
92 89 21
109 19 93
93 69 0
138 41 32
83 21 5
149 84 9
97 39 36
135 54 10
109 86 67
176 1 41
91 11 95
89 49 35
146 87 63
150 18 8
153 37 1
155 45 51
109 34 85
158 5 49
160 75 48
117 20 89
146 40 4
142 0 66
142 59 70
155 83 91
142 54 87
133 93 12
174 19 73
162 35 89
112 53 68
93 28 54
165 18 13
89 37 18
107 81 24
142 24 61
115 84 27
106 24 35
125 41 49
109 0 13
151 13 53
156 24 47
114 91 87
148 7 59
153 26 58
166 32 77
95 96 11
158 34 82
151 57 73
118 5 73
170 28 99
148 74 13
142 45 55
96 27 41
144 66 81
93 91 1
112 73 0
142 79 83
115 58 67
131 61 10
125 2 34
155 62 44
165 2 31
87 40 11
131 84 94
138 30 44
105 79 1
165 56 52
124 80 96
142 98 86
166 69 59
97 24 88
170 39 59
155 30 7
131 66 5
165 36 11
108 71 15
147 65 91
158 63 88
123 72 39
92 37 56
141 83 88
115 46 46
117 2 11
166 66 11
114 67 20
84 60 87
166 3 41
140 45 26
160 14 41
165 69 93
89 85 4
142 0 57
158 32 44
87 1 48
124 1 12
89 79 43
159 17 23
170 45 7
88 8 29
109 0 20
92 37 45
135 85 49
153 0 93
83 75 40
169 61 64
135 1 1
166 58 89
111 16 86
92 30 3
123 0 78
166 57 93
90 45 40
114 87 60
106 58 17
96 90 81
178 76 25
108 87 15
120 79 66
134 40 19
92 95 94
148 7 90
96 57 30
178 25 97
176 78 8
85 60 7
140 70 18
92 94 74
127 91 10
142 53 26
165 30 60
99 90 38
124 31 21
95 33 13
124 9 40
97 43 70
142 72 57
172 40 94
82 76 18
109 83 18
146 87 34
170 44 53
124 2 96
166 97 60
112 27 18
85 41 25
158 25 75
159 74 88
170 90 71
135 87 7
89 48 40
155 55 75
155 58 81
96 87 4
148 48 1
142 93 39
171 69 8
146 6 61
166 47 43
109 17 76
146 46 80
149 61 47
166 14 26
159 29 57
180 45 61
92 30 35
144 76 37
170 18 58
166 25 55
109 57 8
115 5 34
105 54 88
96 87 64
180 28 39
92 92 72
95 72 4
138 47 24
85 15 31
138 27 42
96 51 34
124 0 31
170 30 6
109 49 8
170 26 56
109 54 34
124 39 52
158 78 31
109 67 89
146 12 6
96 36 20
133 35 40
142 25 41
105 72 83
156 63 36
85 36 46
142 21 46
165 8 29
141 38 25
170 61 93
166 29 30
85 0 83
148 96 24
111 68 96
163 75 55
111 40 90
92 99 59
160 65 8
126 34 16
141 1 36
96 71 5
83 59 64
142 62 22
111 63 57
166 12 50
150 32 38
131 62 96
146 6 48
158 8 46
164 59 34
170 56 22
96 3 54
96 43 85
95 51 48
85 50 66
96 37 62
158 45 83
92 39 1
85 61 62
100 22 43
95 75 67
121 27 21
117 30 68
108 33 3
166 18 22
138 24 19
155 39 48
85 81 89
93 25 45
165 50 42
109 13 25
108 83 30
165 71 90
114 88 91
84 12 38
81 30 87
109 49 39
112 74 17
142 57 17
170 60 19
142 75 15
128 70 22
177 34 86
93 20 79
165 41 92
166 40 80
153 32 15
158 51 39
158 68 30
155 84 96
155 55 21
92 23 37
92 38 98
95 5 83
155 88 37
96 41 31
158 40 58
96 50 87
166 33 71
166 18 21
142 98 21
159 48 98
109 16 54
146 92 72
93 3 94
166 16 43
160 56 47
144 45 52
89 68 60
148 3 96
83 29 86
131 25 79
96 10 72
109 76 14
92 86 56
85 24 59
85 67 56
166 19 82
108 2 55
171 14 93
170 69 23
85 0 41
170 6 11
117 89 77
142 29 27
170 2 22
158 99 14
155 68 90
139 72 45
85 36 54
128 34 1
126 96 61
103 90 93
128 13 28
170 74 5
160 85 63
165 0 43
166 73 72
177 70 71
165 32 59
170 81 53
117 30 4
126 42 26
109 59 87
166 5 2
96 69 74
92 78 78
95 24 27
117 11 18
111 98 88
171 49 26
92 36 81
155 64 91
95 32 6
158 25 62
138 29 14
85 23 74
172 63 15
162 18 98
158 20 0
131 5 0
155 49 19
170 6 99
158 57 78
141 17 92
96 77 82
109 61 73
171 27 95
165 0 46
165 14 36
109 41 38
85 4 78
99 48 54
96 30 2
88 27 49
159 35 15
126 95 96
115 24 24
109 21 81
109 94 5
141 57 40
166 20 80
170 90 28
83 53 83
96 17 21
170 32 71
128 44 16
166 64 65
83 81 61
85 83 5
85 45 96
109 77 14
171 34 31
85 3 97
166 63 68
95 83 83
92 61 9
92 4 13
142 85 3
171 74 64
85 36 62
96 3 0
158 63 31
144 69 82
124 56 3
165 37 31
158 16 22
108 28 83
155 26 86
85 92 73
92 59 29
111 22 65
165 9 64
92 75 74
158 84 60
159 42 89
92 29 78
166 72 60
95 51 72
165 27 65
114 40 87
166 38 7
148 73 38
93 21 12
141 69 4
170 66 81
92 34 30
170 30 68
158 41 26
155 27 90
92 99 10
85 97 89
131 45 30
93 80 76
165 1 90
165 80 79
113 3 48
85 83 46
165 88 0
124 22 72
92 2 94
142 51 38
170 15 63
96 14 66
166 39 91
83 93 85
131 64 13
170 23 12
104 77 16
145 75 10
155 54 23
148 65 64
170 84 56
92 16 61
96 42 86
83 33 28
178 48 31
96 84 13
81 15 72
166 74 95
109 64 78
142 56 9
171 6 45
172 21 7
111 34 75
89 25 50
172 35 82
170 75 87
85 87 74
170 18 84
84 5 4
177 81 90
96 99 75
166 92 45
96 62 54
131 85 54
92 56 83
165 17 62
96 88 81
170 51 30
96 15 39
170 28 64
138 2 65
170 68 91
