1418
71 834 121
57 335 448
52 448 80
61 765 400
62 132 875
7 510 39
19 940 618
29 287 0
55 395 614
11 327 61
42 653 159
7 715 840
2 846 692
19 969 942
41 155 840
11 810 799
23 398 914
58 643 349
49 470 756
54 375 538
55 836 536
78 1 8
35 88 676
49 55 382
52 974 286
18 757 636
60 671 938
75 288 515
31 267 438
22 472 270
3 871 387
6 987 978
12 256 399
45 976 64
44 986 418
57 601 634
76 620 238
68 277 589
79 746 943
50 517 796
3 87 925
30 509 618
15 872 757
54 915 94
56 63 417
25 696 42
65 977 906
35 40 864
80 118 359
20 515 449
33 451 658
65 712 219
53 449 196
67 470 325
29 932 953
72 453 136
39 203 614
31 619 429
21 639 165
30 622 942
59 98 358
70 402 903
2 128 495
47 874 897
74 921 28
71 452 249
22 994 28
68 656 528
39 198 160
42 239 831
78 490 824
50 834 340
55 765 154
63 311 496
14 55 936
18 252 77
43 726 137
77 829 757
53 551 59
3 829 61
16 581 321
73 227 500
60 749 774
60 482 37
38 924 230
56 342 342
19 469 522
80 47 368
52 424 771
24 279 596
24 413 391
76 373 329
80 229 845
50 66 882
57 568 8
65 704 704
3 774 706
19 314 734
41 866 165
11 656 452
36 724 965
50 204 568
69 681 677
70 770 718
41 352 836
70 444 664
65 904 332
7 169 907
37 791 360
69 204 333
70 400 926
52 110 368
33 185 864
35 942 467
62 670 203
4 135 449
62 717 574
17 398 197
31 643 977
8 312 751
58 305 918
39 941 312
58 306 947
58 786 324
59 997 748
63 656 874
61 660 212
33 425 156
70 967 866
26 359 970
17 580 578
32 204 796
18 772 292
56 539 119
54 362 669
2 40 367
76 451 37
48 589 428
45 28 691
69 62 795
40 242 236
14 283 829
24 245 668
50 644 681
6 376 915
10 130 775
7 987 42
60 375 11
30 274 175
75 745 198
48 914 653
2 235 44
37 190 579
33 239 403
27 767 854
12 703 586
57 215 876
12 546 959
49 965 160
52 978 940
21 542 925
43 867 36
37 14 501
20 463 500
52 354 126
32 483 599
76 873 542
30 584 24
69 348 136
13 114 288
32 543 358
60 338 2
19 333 374
34 533 242
19 776 306
7 623 739
6 116 451
14 482 73
64 581 376
76 164 278
74 109 205
70 419 103
21 966 933
32 395 541
20 750 119
42 624 643
20 968 657
58 814 937
43 155 900
17 408 794
25 106 86
35 598 848
23 57 795
67 813 154
60 916 395
80 618 843
7 781 520
60 128 415
13 846 5
40 134 116
13 70 422
67 266 109
12 673 575
1 946 896
16 81 548
71 184 23
38 770 865
36 185 380
80 804 865
55 587 229
6 224 552
36 286 490
8 870 203
43 334 638
37 282 836
45 136 606
28 646 77
20 48 683
29 694 394
12 168 99
15 572 208
28 593 611
77 68 359
38 603 822
39 110 701
24 407 520
71 129 221
14 430 457
45 16 754
63 719 285
47 856 436
35 313 914
18 989 606
40 347 541
72 839 761
37 372 613
73 707 341
79 120 577
49 780 617
8 392 770
26 107 372
70 871 249
66 774 338
53 784 124
48 182 461
41 848 979
47 673 373
40 447 243
6 902 108
70 483 612
22 172 922
33 515 875
80 339 945
28 304 191
68 203 902
9 881 450
28 532 79
2 877 567
71 552 748
63 817 633
26 377 854
14 340 692
70 656 509
6 658 829
66 645 96
0 120 388
19 315 608
18 291 75
24 357 261
36 264 387
54 56 657
39 501 540
79 602 451
77 444 756
70 218 70
39 346 245
43 671 14
77 158 611
73 784 313
17 940 18
58 268 523
67 492 330
3 245 920
51 74 544
37 9 920
40 331 241
57 324 739
66 976 896
74 754 291
77 140 855
64 476 444
67 991 991
66 272 222
73 751 321
10 15 410
17 826 98
75 845 208
26 683 789
33 816 120
66 495 592
49 68 903
70 244 793
18 816 47
60 279 285
42 679 197
35 933 325
25 466 563
65 260 492
33 807 806
38 808 120
65 78 88
73 315 896
41 147 934
33 455 31
66 876 240
63 243 778
51 533 897
77 940 301
41 467 483
41 762 234
27 77 333
74 786 804
57 475 47
46 989 190
7 437 454
59 965 353
28 377 201
38 107 183
65 511 286
46 116 46
24 282 942
25 187 260
54 688 70
20 435 108
26 527 976
23 986 756
17 767 805
19 210 42
18 104 388
36 173 412
70 623 633
40 375 48
51 755 337
40 152 457
41 205 920
49 838 28
61 234 879
19 571 163
4 105 914
28 67 244
17 255 679
33 547 412
29 241 558
61 806 169
10 955 762
79 861 500
39 137 436
54 552 213
33 559 458
33 832 509
42 624 906
71 523 26
34 10 348
16 481 404
26 367 266
76 405 690
77 221 749
33 444 208
37 835 487
7 826 339
41 30 546
51 845 419
19 568 384
5 351 494
15 599 519
42 946 182
74 556 106
36 399 425
41 910 790
59 276 852
4 813 358
7 907 159
31 798 676
23 258 749
39 118 831
5 917 637
37 677 878
36 486 875
17 128 860
41 397 168
5 320 9
59 292 319
71 173 117
15 819 941
19 510 664
47 272 371
63 270 714
73 352 12
0 775 427
16 221 35
22 548 664
35 921 947
31 753 629
71 751 294
44 54 478
58 775 332
38 933 299
27 574 885
66 769 500
55 10 943
73 697 533
47 120 10
78 962 777
41 759 2
7 456 571
29 653 552
49 329 827
24 808 998
14 161 276
56 802 149
49 426 339
73 32 183
17 414 868
74 985 471
46 49 328
50 279 737
67 139 325
13 317 629
41 825 742
72 333 754
63 46 211
38 152 374
5 693 718
51 210 269
64 164 271
70 685 938
41 492 282
48 688 948
17 313 933
17 12 528
80 433 3
77 560 328
8 564 172
5 909 284
33 148 878
59 433 786
60 418 687
52 99 98
28 889 988
37 464 912
26 652 745
32 242 802
44 738 535
75 698 618
15 779 208
24 235 167
32 366 445
54 327 749
71 923 109
70 217 438
39 91 534
14 144 30
31 398 754
43 857 794
72 712 865
25 325 799
12 96 182
76 222 780
73 558 987
33 263 65
73 759 286
36 167 26
15 77 120
3 871 121
49 251 41
43 893 830
34 761 209
36 693 712
56 520 637
39 93 248
4 792 400
10 314 534
6 417 732
6 815 591
24 851 320
23 668 463
48 316 485
5 563 709
4 154 880
8 484 451
3 115 12
4 6 617
34 375 159
11 155 195
61 423 366
32 757 824
41 443 649
19 616 30
80 248 722
49 396 350
47 863 791
4 423 275
63 568 670
72 955 262
48 405 573
61 891 222
75 369 420
64 892 838
78 148 742
35 938 588
45 962 445
34 566 864
67 425 746
78 64 97
12 624 581
39 64 430
34 695 852
65 767 811
63 590 655
5 455 89
30 178 489
22 731 556
57 804 443
31 908 111
8 497 244
78 138 955
37 315 293
51 445 461
51 357 157
74 169 962
67 437 320
52 662 366
33 636 319
78 433 820
33 326 856
39 960 460
41 272 446
19 770 89
14 610 233
29 21 308
47 268 149
54 359 613
50 701 775
21 409 398
4 269 154
28 636 184
56 649 557
28 349 43
36 223 850
62 570 966
11 626 709
64 281 844
70 497 708
60 952 238
75 441 98
60 839 62
7 515 946
50 327 404
20 811 748
18 329 990
29 321 875
54 318 469
44 994 571
2 385 903
50 319 978
63 912 470
70 176 504
41 318 438
45 641 520
32 989 642
55 780 939
80 390 606
35 664 972
8 915 996
4 335 349
22 535 815
67 468 126
9 311 835
71 200 786
65 736 975
24 904 75
9 784 416
70 379 673
42 56 884
80 808 88
38 236 244
40 6 301
12 839 674
19 255 220
46 649 459
29 213 445
4 747 855
74 718 17
79 519 995
17 191 946
49 47 600
61 528 5
23 653 466
70 752 465
13 100 511
2 861 212
33 548 683
74 228 7
23 206 570
57 196 585
5 341 777
70 632 649
55 143 747
5 78 386
35 14 108
30 64 666
53 299 802
34 83 285
71 817 607
30 829 327
22 987 779
49 338 702
11 334 357
46 590 851
28 219 168
33 914 716
65 638 398
1 708 58
15 158 349
34 916 826
71 965 977
44 364 833
24 416 712
14 307 630
74 903 109
66 610 379
175 780 719
152 467 753
162 20 886
123 744 169
102 810 51
105 43 240
129 760 647
163 477 480
177 720 133
129 874 280
175 481 246
83 667 338
145 450 383
155 954 817
106 174 736
176 949 656
125 986 188
162 313 785
139 335 542
138 780 644
146 970 907
126 320 268
89 856 245
168 222 540
131 474 213
133 532 806
141 439 200
135 524 578
119 536 984
179 353 615
139 119 837
179 120 884
132 517 840
161 840 40
110 86 424
168 219 176
147 992 635
101 861 147
149 184 117
162 826 584
88 468 591
125 737 54
133 991 739
164 574 947
168 455 544
90 778 303
169 867 509
105 619 979
110 383 308
121 52 217
133 990 239
174 765 767
177 666 732
106 992 706
136 878 45
127 260 429
164 419 241
115 451 401
121 847 794
110 64 144
155 237 988
160 528 98
148 508 529
107 584 124
159 393 795
129 631 471
178 616 951
144 214 221
166 664 898
109 84 771
124 242 143
107 469 356
160 483 779
106 805 88
115 858 581
165 577 599
108 40 759
92 446 455
155 825 959
113 531 673
132 979 657
111 997 445
92 691 109
119 152 136
82 408 134
158 410 644
94 426 168
133 688 515
102 285 34
118 271 607
86 165 352
126 506 324
152 538 449
91 277 741
100 404 837
136 280 301
98 321 332
111 234 467
117 823 608
158 151 51
99 237 364
107 408 498
131 402 198
82 657 788
173 417 317
120 220 388
81 997 154
139 52 560
84 619 541
94 12 943
117 577 236
106 405 624
144 431 863
110 657 401
136 268 144
110 432 596
157 644 83
104 611 657
116 235 696
105 189 194
120 537 941
150 493 635
94 876 862
172 801 462
157 707 425
147 792 988
144 631 940
113 740 255
81 717 456
156 723 2
97 32 404
136 425 850
149 496 595
129 637 649
173 495 880
173 87 124
88 541 355
107 429 382
126 360 41
89 485 224
136 795 55
112 678 537
116 697 861
121 753 268
84 131 936
152 541 820
111 41 63
168 924 603
130 819 404
175 679 0
159 398 408
177 80 485
120 496 911
90 651 801
147 774 547
126 589 513
140 684 683
142 264 968
108 128 542
109 706 624
137 428 552
126 92 489
154 615 800
131 398 787
88 551 626
140 76 139
100 36 250
126 307 757
99 994 385
96 311 545
114 207 374
153 901 158
134 906 290
179 132 363
169 15 202
132 253 365
93 912 802
165 727 84
93 98 257
171 860 29
90 603 312
120 496 696
128 800 708
149 806 913
151 340 887
175 335 611
97 162 304
142 212 314
115 127 333
114 284 245
154 623 618
168 676 291
95 287 902
126 695 857
111 148 36
169 483 677
154 548 807
146 738 528
135 427 932
97 669 512
138 433 134
121 276 215
125 754 139
147 854 67
133 57 582
103 146 25
131 603 710
86 707 708
169 430 671
153 248 553
138 80 727
175 358 434
126 153 58
163 432 882
178 783 675
145 367 828
123 868 876
164 364 774
123 188 765
108 665 535
119 532 793
172 342 523
145 876 352
88 950 37
115 809 701
134 158 272
109 495 356
160 895 256
170 525 140
103 719 394
166 414 278
161 435 54
149 624 179
105 380 810
88 638 6
121 922 411
86 239 74
129 388 164
129 714 341
93 344 178
137 831 699
113 988 843
115 795 8
173 376 1
174 987 610
125 496 402
139 174 349
176 370 213
99 374 124
142 267 229
162 2 980
172 804 890
143 136 931
119 483 291
164 85 56
93 216 616
120 268 974
124 312 279
170 517 70
143 702 68
156 844 13
85 983 824
140 193 481
89 13 663
109 214 869
104 88 49
116 216 641
88 107 956
146 597 627
162 318 208
167 887 549
152 517 867
149 222 365
155 147 725
89 231 463
122 360 858
120 683 578
177 283 232
170 764 467
102 226 386
120 944 163
141 186 314
172 343 997
82 611 594
167 411 894
133 178 826
115 575 295
129 287 62
100 203 465
146 279 608
134 839 259
153 318 42
90 449 575
175 937 354
159 693 364
158 808 319
113 160 6
81 160 842
95 460 176
106 179 872
136 754 394
141 77 901
132 762 40
174 729 418
128 472 914
133 383 633
166 950 385
108 186 737
131 114 927
98 912 450
170 68 483
116 704 384
122 776 661
124 133 388
116 168 545
174 589 17
159 371 777
146 273 321
101 617 387
130 626 652
102 795 901
163 684 177
137 947 818
104 976 503
138 658 869
121 805 330
151 585 397
173 673 470
99 766 333
119 352 269
132 370 368
167 511 671
164 409 492
86 190 206
178 838 502
126 624 722
156 914 506
147 103 140
100 867 712
123 744 908
150 762 995
103 824 421
141 299 879
119 114 715
111 625 792
140 395 499
104 624 545
165 823 296
153 990 861
103 467 3
141 395 538
109 684 279
142 320 474
180 772 178
107 601 1
111 345 913
179 446 660
102 615 937
172 83 475
104 828 111
112 123 651
158 775 636
121 20 56
137 546 550
95 87 258
86 982 613
106 336 607
119 363 906
145 743 359
141 213 602
114 974 756
158 406 590
144 452 969
170 155 172
142 810 323
177 337 320
146 343 354
127 978 918
129 730 398
129 768 613
138 104 433
145 991 654
144 52 324
149 13 296
108 778 522
161 905 66
149 197 60
166 9 394
108 319 621
176 148 483
139 6 269
174 688 975
127 401 973
160 972 132
116 432 731
116 457 455
152 974 876
126 914 705
117 43 809
121 335 580
168 8 483
148 704 933
150 917 250
125 147 758
150 969 206
117 964 894
175 257 251
82 703 787
143 946 553
173 29 663
103 92 321
113 753 494
90 433 462
148 432 19
131 373 623
83 816 926
160 445 645
154 33 469
158 743 328
117 843 995
139 608 371
113 744 224
180 47 505
129 371 866
90 819 482
172 727 420
98 718 454
130 656 567
98 141 64
88 716 31
84 289 71
160 353 55
125 42 154
146 849 344
168 666 973
146 401 372
104 888 67
133 56 183
131 608 857
101 143 266
141 870 307
89 217 59
101 15 631
139 516 30
94 650 983
117 657 680
109 526 887
133 141 936
113 93 699
144 311 457
175 720 483
114 452 729
87 595 530
153 443 216
155 960 391
124 948 419
158 350 566
81 860 920
93 865 450
103 573 481
179 963 830
145 642 526
98 79 69
159 217 614
144 844 316
150 832 639
124 60 884
119 256 651
91 615 740
155 154 526
107 0 399
180 784 161
121 941 606
151 748 841
143 853 428
113 335 680
116 338 402
94 192 888
161 870 908
82 292 717
124 40 515
161 396 685
162 58 621
131 892 209
139 896 109
169 597 435
117 344 477
167 425 162
174 428 923
118 59 185
140 874 510
165 437 115
92 259 961
90 899 720
134 620 368
111 144 962
125 809 416
91 293 38
99 138 681
174 147 519
92 43 468
106 469 243
85 553 644
102 501 466
168 953 126
103 83 142
151 741 308
126 513 520
87 159 606
85 424 139
168 989 664
153 530 366
85 884 141
167 478 4
121 155 508
90 78 420
85 375 492
132 565 630
151 693 590
129 382 524
114 59 872
135 12 579
167 379 726
128 592 549
177 146 625
144 529 165
103 280 18
131 475 527
96 122 328
92 830 368
104 893 973
137 25 49
154 831 517
93 108 387
112 272 211
117 280 14
140 479 266
107 851 22
176 915 775
109 662 577
89 300 77
127 711 862
102 894 149
93 599 360
99 177 821
81 911 727
172 182 690
93 145 394
124 824 171
93 284 468
84 256 676
150 366 534
86 19 177
97 179 750
143 927 813
94 222 794
82 416 972
140 522 638
173 98 205
107 967 329
158 615 791
85 860 697
110 608 54
110 139 905
144 649 445
98 935 23
139 236 359
154 310 798
84 202 931
92 756 276
84 693 629
164 799 764
105 819 12
150 323 728
149 668 792
139 522 629
160 130 509
91 529 626
135 467 329
83 372 213
128 427 203
95 925 251
161 822 372
107 795 61
167 928 251
174 63 404
102 245 202
123 496 926
100 252 800
119 192 253
88 702 81
162 44 133
88 525 124
128 326 74
137 440 454
113 265 228
158 91 579
134 731 846
124 755 553
102 254 577
161 628 32
107 745 926
143 149 680
100 15 360
169 990 349
101 573 382
145 171 402
166 54 416
176 149 295
103 607 772
133 101 369
102 430 698
82 863 105
160 453 774
93 301 18
106 85 714
113 708 747
158 592 690
105 106 80
81 65 556
142 801 227
132 384 435
108 410 327
133 975 626
111 148 544
127 797 499
86 676 302
93 686 65
152 70 633
129 710 626
99 355 11
174 49 485
124 535 472
166 696 301
129 322 447
87 529 470
156 786 11
126 753 431
155 721 397
104 181 872
167 549 574
103 676 175
132 459 130
158 641 93
120 823 636
168 134 284
129 11 504
98 118 700
99 93 483
162 898 882
129 191 147
123 62 634
142 428 497
132 199 825
179 146 459
128 90 783
128 624 459
81 465 130
103 773 230
155 320 473
83 960 830
129 458 116
154 793 760
107 155 330
91 286 26
157 622 422
145 123 529
128 885 465
172 223 114
102 939 531
97 699 719
89 910 243
171 382 368
155 913 770
167 519 585
89 514 174
157 412 594
146 443 810
94 536 761
116 752 317
160 325 321
100 827 591
112 626 941
87 454 919
94 930 303
125 203 632
130 635 24
176 385 411
88 634 756
158 972 271
85 998 911
98 738 126
140 348 476
100 509 543
160 165 982
87 84 497
86 50 517
149 317 85
177 777 405
145 392 979
154 633 372
151 54 425
115 964 650
180 442 13
175 172 725
103 827 226
98 789 331
82 273 978
113 75 533
88 256 828
143 899 371
167 932 713
100 773 911
165 231 484
112 279 924
148 707 378
179 220 182
146 554 327
136 251 342
149 970 152
137 606 677
124 507 719
124 247 15
147 508 816
108 975 214
147 158 90
113 930 38
154 216 381
132 133 8
105 359 618
163 753 369
118 610 919
97 345 7
95 592 289
81 425 983
129 917 906
91 751 133
132 582 429
104 616 841
179 889 40
94 563 12
85 781 861
94 359 361
156 927 539
107 499 201
153 40 421
104 708 6
171 973 768
158 562 523
95 696 369
101 519 382
152 687 157
123 469 341
92 12 363
171 48 462
133 658 104
163 388 199
92 341 158
145 285 714
136 466 547
85 395 911
114 430 441
101 829 36
103 576 707
102 414 770
176 176 99
123 164 715
163 260 416
123 423 327
172 640 559
155 749 942
93 36 670
141 424 61
147 641 621
142 501 736
155 843 68
136 984 750
103 683 978
88 994 735
123 483 805
97 679 393
90 972 469
162 570 927
129 474 635
84 681 600
145 117 462
93 887 322
