452
61 24 0
64 13 0
72 86 24
21 55 4
53 91 2
80 69 79
36 20 66
30 13 64
46 18 33
23 43 85
70 47 44
49 65 93
74 84 73
44 89 63
26 47 78
41 13 29
32 16 95
64 22 33
70 33 33
76 26 40
0 5 2
19 45 15
42 36 92
23 95 37
76 23 31
47 82 28
43 20 89
80 1 88
16 66 13
23 9 60
43 45 11
48 54 22
49 30 5
68 81 32
51 22 67
52 59 81
34 12 22
55 28 85
20 61 69
71 24 25
46 23 79
66 3 40
27 71 71
72 17 18
55 52 66
54 93 96
12 8 82
27 80 83
57 53 57
14 61 47
13 2 25
21 57 39
65 81 51
39 32 25
50 27 17
7 44 69
50 12 76
78 81 71
6 76 77
72 66 1
32 9 75
23 41 57
59 86 32
16 74 9
15 34 44
59 48 9
75 19 72
79 9 4
78 92 60
58 36 23
10 90 17
49 95 30
7 13 46
48 93 31
42 87 32
27 37 43
54 34 89
63 78 17
37 25 52
12 32 59
50 20 94
58 79 20
25 59 5
72 10 88
68 10 92
53 86 90
49 67 88
49 64 55
69 81 85
8 91 34
16 26 2
74 1 10
47 93 28
52 75 4
56 42 28
34 55 31
44 0 36
15 95 45
48 2 19
59 81 16
28 31 14
58 44 40
53 50 49
24 32 96
23 3 70
21 27 70
41 94 19
79 82 17
18 92 54
75 11 72
80 77 4
62 0 41
48 70 77
32 7 13
45 71 14
18 34 5
63 47 54
13 95 67
74 51 85
17 42 43
50 14 8
51 88 97
50 44 56
51 14 12
31 75 81
48 63 57
17 62 26
67 26 45
60 91 50
44 50 53
4 39 33
58 67 17
50 73 47
34 39 58
48 55 50
16 94 63
57 32 70
10 60 10
75 72 15
72 52 43
55 51 72
47 81 56
56 40 92
71 45 61
1 57 47
44 22 41
53 4 34
76 59 73
36 72 38
51 86 77
60 77 13
14 32 37
39 37 3
49 48 72
77 17 67
66 49 33
32 15 63
33 39 14
31 52 97
71 9 9
5 57 65
1 70 43
56 9 19
59 45 60
43 32 64
69 43 25
58 63 69
75 52 42
1 10 35
29 19 83
59 29 55
74 44 47
56 15 80
18 54 37
52 39 66
34 50 45
16 4 94
18 89 33
31 88 83
20 82 93
42 57 0
53 69 9
1 37 75
66 26 23
74 11 39
72 68 54
37 33 86
21 63 1
4 55 19
63 7 55
78 93 81
6 5 98
36 38 82
26 92 64
144 28 12
124 14 96
165 22 62
103 22 11
137 62 87
112 50 12
96 35 68
141 66 43
158 56 11
179 39 86
140 3 51
97 91 41
136 58 18
127 50 56
159 9 69
141 19 43
166 42 67
126 70 21
149 27 8
124 0 96
91 46 18
167 38 78
109 25 51
131 9 16
105 61 94
109 75 76
148 58 97
108 64 74
102 40 53
107 29 82
165 34 97
158 36 37
139 50 4
88 78 62
95 49 43
138 72 28
158 23 22
116 81 37
126 38 95
133 71 90
152 47 66
83 20 2
111 63 18
150 35 65
170 72 76
167 95 90
173 5 22
103 73 94
154 30 41
166 96 6
144 93 76
155 43 90
85 1 81
92 59 40
119 91 44
97 37 7
135 40 71
93 75 62
176 73 58
83 64 95
119 64 25
85 78 91
96 30 2
161 29 65
156 86 47
172 96 77
139 23 62
144 47 60
127 60 2
84 11 81
124 97 28
126 59 37
110 83 65
156 86 11
106 18 8
139 88 78
138 78 55
165 71 51
127 45 25
154 32 18
127 82 62
145 30 98
173 80 79
179 16 51
92 11 77
89 47 35
178 97 45
131 38 56
144 56 82
81 6 5
175 46 86
145 50 81
123 9 64
83 48 41
130 0 58
174 84 45
119 58 23
166 76 61
131 20 25
159 47 30
94 81 6
178 84 85
158 80 42
133 53 8
106 64 80
109 66 83
153 5 13
141 46 95
140 78 57
170 71 29
173 88 51
87 87 15
178 66 60
94 44 91
165 50 75
143 4 88
177 89 90
95 96 2
94 18 56
111 54 82
178 70 55
178 78 26
162 72 68
126 64 15
153 9 26
158 7 47
144 47 4
173 67 97
104 90 90
145 49 19
137 55 56
89 21 49
101 65 48
153 17 87
162 14 58
155 12 53
81 81 1
146 85 29
128 94 13
127 71 33
171 75 84
87 16 4
125 62 39
155 78 38
92 5 38
142 33 13
111 5 30
95 24 21
85 13 30
110 68 74
117 26 37
163 10 19
155 3 55
115 56 0
144 0 33
179 84 24
156 4 44
97 95 55
179 43 6
84 7 50
179 89 22
180 80 47
170 0 88
150 50 25
83 72 43
173 23 69
131 11 47
177 36 52
94 1 1
90 89 12
104 49 40
95 65 63
114 90 86
119 9 70
157 60 55
110 17 11
87 7 15
171 92 8
96 66 24
163 9 14
91 1 67
123 36 30
118 70 63
122 0 13
103 6 88
155 82 92
136 57 58
176 26 5
158 25 41
88 13 89
116 42 18
133 87 1
150 57 90
165 40 22
113 97 85
83 87 83
85 62 22
177 43 62
138 97 80
104 51 51
111 68 95
84 4 61
147 13 13
126 19 38
178 83 89
109 52 10
120 36 16
150 7 31
115 0 6
142 18 23
130 85 92
126 60 51
169 37 40
144 3 56
170 99 66
109 32 74
117 60 42
135 30 80
93 41 92
170 10 87
99 20 53
83 47 38
83 44 15
100 38 28
104 24 87
106 57 14
131 32 51
145 2 76
108 63 7
85 29 93
155 25 23
153 88 58
165 98 48
108 25 66
142 84 79
97 69 41
172 14 53
170 46 31
88 13 79
121 4 63
116 58 28
115 79 51
127 16 40
180 76 65
89 22 58
142 74 15
114 12 36
163 88 9
155 66 37
149 90 73
144 86 40
85 8 39
162 71 96
112 52 14
128 31 56
163 88 74
155 76 31
131 31 78
