8000
14 46 50
19 24 17
22 74 21
38 73 52
33 78 50
34 6 96
30 10 5
11 53 30
34 23 60
46 61 2
37 36 68
50 0 18
95 59 63
0 46 40
15 44 30
54 50 64
8 59 1
17 88 49
38 81 87
71 7 37
62 70 85
78 81 13
57 40 58
32 33 21
49 92 43
42 5 31
21 21 1
22 90 30
59 68 27
73 39 25
39 39 10
2 9 62
4 57 29
79 70 57
7 40 79
38 60 7
81 52 90
78 30 29
86 44 55
61 92 52
50 17 81
89 57 92
74 98 94
94 12 55
35 92 1
9 46 24
89 33 82
26 27 62
3 94 77
32 2 55
75 22 10
35 39 79
18 65 51
25 82 11
62 59 75
62 66 85
91 0 22
95 0 48
82 3 68
26 3 1
2 62 46
95 18 42
33 79 42
91 14 1
42 36 89
36 27 12
6 15 88
43 3 40
45 36 40
18 19 26
32 13 12
39 85 45
23 17 94
14 46 150
19 24 117
22 74 121
38 73 152
33 78 150
34 6 196
30 10 105
11 53 130
34 23 160
46 61 102
37 36 168
50 0 118
95 59 163
0 46 140
15 44 130
54 50 164
8 59 101
17 88 149
38 81 187
71 7 137
62 70 185
78 81 113
57 40 158
32 33 121
49 92 143
42 5 131
21 21 101
22 90 130
59 68 127
73 39 125
39 39 110
2 9 162
4 57 129
79 70 157
7 40 179
38 60 107
81 52 190
78 30 129
86 44 155
61 92 152
50 17 181
89 57 192
74 98 194
94 12 155
35 92 101
9 46 124
89 33 182
26 27 162
3 94 177
32 2 155
75 22 110
35 39 179
18 65 151
25 82 111
62 59 175
62 66 185
91 0 122
95 0 148
82 3 168
26 3 101
2 62 146
95 18 142
33 79 142
91 14 101
42 36 189
36 27 112
6 15 188
43 3 140
45 36 140
18 19 126
32 13 112
39 85 145
23 17 194
14 46 250
19 24 217
22 74 221
38 73 252
33 78 250
34 6 296
30 10 205
11 53 230
34 23 260
46 61 202
37 36 268
50 0 218
95 59 263
0 46 240
15 44 230
54 50 264
8 59 201
17 88 249
38 81 287
71 7 237
62 70 285
78 81 213
57 40 258
32 33 221
49 92 243
42 5 231
21 21 201
22 90 230
59 68 227
73 39 225
39 39 210
2 9 262
4 57 229
79 70 257
7 40 279
38 60 207
81 52 290
78 30 229
86 44 255
61 92 252
50 17 281
89 57 292
74 98 294
94 12 255
35 92 201
9 46 224
89 33 282
26 27 262
3 94 277
32 2 255
75 22 210
35 39 279
18 65 251
25 82 211
62 59 275
62 66 285
91 0 222
95 0 248
82 3 268
26 3 201
2 62 246
95 18 242
33 79 242
91 14 201
42 36 289
36 27 212
6 15 288
43 3 240
45 36 240
18 19 226
32 13 212
39 85 245
23 17 294
14 46 350
19 24 317
22 74 321
38 73 352
33 78 350
34 6 396
30 10 305
11 53 330
34 23 360
46 61 302
37 36 368
50 0 318
95 59 363
0 46 340
15 44 330
54 50 364
8 59 301
17 88 349
38 81 387
71 7 337
62 70 385
78 81 313
57 40 358
32 33 321
49 92 343
42 5 331
21 21 301
22 90 330
59 68 327
73 39 325
39 39 310
2 9 362
4 57 329
79 70 357
7 40 379
38 60 307
81 52 390
78 30 329
86 44 355
61 92 352
50 17 381
89 57 392
74 98 394
94 12 355
35 92 301
9 46 324
89 33 382
26 27 362
3 94 377
32 2 355
75 22 310
35 39 379
18 65 351
25 82 311
62 59 375
62 66 385
91 0 322
95 0 348
82 3 368
26 3 301
2 62 346
95 18 342
33 79 342
91 14 301
42 36 389
36 27 312
6 15 388
43 3 340
45 36 340
18 19 326
32 13 312
39 85 345
23 17 394
14 46 450
19 24 417
22 74 421
38 73 452
33 78 450
34 6 496
30 10 405
11 53 430
34 23 460
46 61 402
37 36 468
50 0 418
95 59 463
0 46 440
15 44 430
54 50 464
8 59 401
17 88 449
38 81 487
71 7 437
62 70 485
78 81 413
57 40 458
32 33 421
49 92 443
42 5 431
21 21 401
22 90 430
59 68 427
73 39 425
39 39 410
2 9 462
4 57 429
79 70 457
7 40 479
38 60 407
81 52 490
78 30 429
86 44 455
61 92 452
50 17 481
89 57 492
74 98 494
94 12 455
35 92 401
9 46 424
89 33 482
26 27 462
3 94 477
32 2 455
75 22 410
35 39 479
18 65 451
25 82 411
62 59 475
62 66 485
91 0 422
95 0 448
82 3 468
26 3 401
2 62 446
95 18 442
33 79 442
91 14 401
42 36 489
36 27 412
6 15 488
43 3 440
45 36 440
18 19 426
32 13 412
39 85 445
23 17 494
14 46 550
19 24 517
22 74 521
38 73 552
33 78 550
34 6 596
30 10 505
11 53 530
34 23 560
46 61 502
37 36 568
50 0 518
95 59 563
0 46 540
15 44 530
54 50 564
8 59 501
17 88 549
38 81 587
71 7 537
62 70 585
78 81 513
57 40 558
32 33 521
49 92 543
42 5 531
21 21 501
22 90 530
59 68 527
73 39 525
39 39 510
2 9 562
4 57 529
79 70 557
7 40 579
38 60 507
81 52 590
78 30 529
86 44 555
61 92 552
50 17 581
89 57 592
74 98 594
94 12 555
35 92 501
9 46 524
89 33 582
26 27 562
3 94 577
32 2 555
75 22 510
35 39 579
18 65 551
25 82 511
62 59 575
62 66 585
91 0 522
95 0 548
82 3 568
26 3 501
2 62 546
95 18 542
33 79 542
91 14 501
42 36 589
36 27 512
6 15 588
43 3 540
45 36 540
18 19 526
32 13 512
39 85 545
23 17 594
14 46 650
19 24 617
22 74 621
38 73 652
33 78 650
34 6 696
30 10 605
11 53 630
34 23 660
46 61 602
37 36 668
50 0 618
95 59 663
0 46 640
15 44 630
54 50 664
8 59 601
17 88 649
38 81 687
71 7 637
62 70 685
78 81 613
57 40 658
32 33 621
49 92 643
42 5 631
21 21 601
22 90 630
59 68 627
73 39 625
39 39 610
2 9 662
4 57 629
79 70 657
7 40 679
38 60 607
81 52 690
78 30 629
86 44 655
61 92 652
50 17 681
89 57 692
74 98 694
94 12 655
35 92 601
9 46 624
89 33 682
26 27 662
3 94 677
32 2 655
75 22 610
35 39 679
18 65 651
25 82 611
62 59 675
62 66 685
91 0 622
95 0 648
82 3 668
26 3 601
2 62 646
95 18 642
33 79 642
91 14 601
42 36 689
36 27 612
6 15 688
43 3 640
45 36 640
18 19 626
32 13 612
39 85 645
23 17 694
14 46 750
19 24 717
22 74 721
38 73 752
33 78 750
34 6 796
30 10 705
11 53 730
34 23 760
46 61 702
37 36 768
50 0 718
95 59 763
0 46 740
15 44 730
54 50 764
8 59 701
17 88 749
38 81 787
71 7 737
62 70 785
78 81 713
57 40 758
32 33 721
49 92 743
42 5 731
21 21 701
22 90 730
59 68 727
73 39 725
39 39 710
2 9 762
4 57 729
79 70 757
7 40 779
38 60 707
81 52 790
78 30 729
86 44 755
61 92 752
50 17 781
89 57 792
74 98 794
94 12 755
35 92 701
9 46 724
89 33 782
26 27 762
3 94 777
32 2 755
75 22 710
35 39 779
18 65 751
25 82 711
62 59 775
62 66 785
91 0 722
95 0 748
82 3 768
26 3 701
2 62 746
95 18 742
33 79 742
91 14 701
42 36 789
36 27 712
6 15 788
43 3 740
45 36 740
18 19 726
32 13 712
39 85 745
23 17 794
14 46 850
19 24 817
22 74 821
38 73 852
33 78 850
34 6 896
30 10 805
11 53 830
34 23 860
46 61 802
37 36 868
50 0 818
95 59 863
0 46 840
15 44 830
54 50 864
8 59 801
17 88 849
38 81 887
71 7 837
62 70 885
78 81 813
57 40 858
32 33 821
49 92 843
42 5 831
21 21 801
22 90 830
59 68 827
73 39 825
39 39 810
2 9 862
4 57 829
79 70 857
7 40 879
38 60 807
81 52 890
78 30 829
86 44 855
61 92 852
50 17 881
89 57 892
74 98 894
94 12 855
35 92 801
9 46 824
89 33 882
26 27 862
3 94 877
32 2 855
75 22 810
35 39 879
18 65 851
25 82 811
62 59 875
62 66 885
91 0 822
95 0 848
82 3 868
26 3 801
2 62 846
95 18 842
33 79 842
91 14 801
42 36 889
36 27 812
6 15 888
43 3 840
45 36 840
18 19 826
32 13 812
39 85 845
23 17 894
14 46 950
19 24 917
22 74 921
38 73 952
33 78 950
34 6 996
30 10 905
11 53 930
34 23 960
46 61 902
37 36 968
50 0 918
95 59 963
0 46 940
15 44 930
54 50 964
8 59 901
17 88 949
38 81 987
71 7 937
62 70 985
78 81 913
57 40 958
32 33 921
49 92 943
42 5 931
21 21 901
22 90 930
59 68 927
73 39 925
39 39 910
2 9 962
4 57 929
79 70 957
7 40 979
38 60 907
81 52 990
78 30 929
86 44 955
61 92 952
50 17 981
89 57 992
74 98 994
94 12 955
35 92 901
9 46 924
89 33 982
26 27 962
3 94 977
32 2 955
75 22 910
35 39 979
18 65 951
25 82 911
62 59 975
62 66 985
91 0 922
95 0 948
82 3 968
26 3 901
2 62 946
95 18 942
33 79 942
91 14 901
42 36 989
36 27 912
6 15 988
43 3 940
45 36 940
18 19 926
32 13 912
39 85 945
23 17 994
14 146 50
19 124 17
22 174 21
38 173 52
33 178 50
34 106 96
30 110 5
11 153 30
34 123 60
46 161 2
37 136 68
50 100 18
95 159 63
0 146 40
15 144 30
54 150 64
8 159 1
17 188 49
38 181 87
71 107 37
62 170 85
78 181 13
57 140 58
32 133 21
49 192 43
42 105 31
21 121 1
22 190 30
59 168 27
73 139 25
39 139 10
2 109 62
4 157 29
79 170 57
7 140 79
38 160 7
81 152 90
78 130 29
86 144 55
61 192 52
50 117 81
89 157 92
74 198 94
94 112 55
35 192 1
9 146 24
89 133 82
26 127 62
3 194 77
32 102 55
75 122 10
35 139 79
18 165 51
25 182 11
62 159 75
62 166 85
91 100 22
95 100 48
82 103 68
26 103 1
2 162 46
95 118 42
33 179 42
91 114 1
42 136 89
36 127 12
6 115 88
43 103 40
45 136 40
18 119 26
32 113 12
39 185 45
23 117 94
14 146 150
19 124 117
22 174 121
38 173 152
33 178 150
34 106 196
30 110 105
11 153 130
34 123 160
46 161 102
37 136 168
50 100 118
95 159 163
0 146 140
15 144 130
54 150 164
8 159 101
17 188 149
38 181 187
71 107 137
62 170 185
78 181 113
57 140 158
32 133 121
49 192 143
42 105 131
21 121 101
22 190 130
59 168 127
73 139 125
39 139 110
2 109 162
4 157 129
79 170 157
7 140 179
38 160 107
81 152 190
78 130 129
86 144 155
61 192 152
50 117 181
89 157 192
74 198 194
94 112 155
35 192 101
9 146 124
89 133 182
26 127 162
3 194 177
32 102 155
75 122 110
35 139 179
18 165 151
25 182 111
62 159 175
62 166 185
91 100 122
95 100 148
82 103 168
26 103 101
2 162 146
95 118 142
33 179 142
91 114 101
42 136 189
36 127 112
6 115 188
43 103 140
45 136 140
18 119 126
32 113 112
39 185 145
23 117 194
14 146 250
19 124 217
22 174 221
38 173 252
33 178 250
34 106 296
30 110 205
11 153 230
34 123 260
46 161 202
37 136 268
50 100 218
95 159 263
0 146 240
15 144 230
54 150 264
8 159 201
17 188 249
38 181 287
71 107 237
62 170 285
78 181 213
57 140 258
32 133 221
49 192 243
42 105 231
21 121 201
22 190 230
59 168 227
73 139 225
39 139 210
2 109 262
4 157 229
79 170 257
7 140 279
38 160 207
81 152 290
78 130 229
86 144 255
61 192 252
50 117 281
89 157 292
74 198 294
94 112 255
35 192 201
9 146 224
89 133 282
26 127 262
3 194 277
32 102 255
75 122 210
35 139 279
18 165 251
25 182 211
62 159 275
62 166 285
91 100 222
95 100 248
82 103 268
26 103 201
2 162 246
95 118 242
33 179 242
91 114 201
42 136 289
36 127 212
6 115 288
43 103 240
45 136 240
18 119 226
32 113 212
39 185 245
23 117 294
14 146 350
19 124 317
22 174 321
38 173 352
33 178 350
34 106 396
30 110 305
11 153 330
34 123 360
46 161 302
37 136 368
50 100 318
95 159 363
0 146 340
15 144 330
54 150 364
8 159 301
17 188 349
38 181 387
71 107 337
62 170 385
78 181 313
57 140 358
32 133 321
49 192 343
42 105 331
21 121 301
22 190 330
59 168 327
73 139 325
39 139 310
2 109 362
4 157 329
79 170 357
7 140 379
38 160 307
81 152 390
78 130 329
86 144 355
61 192 352
50 117 381
89 157 392
74 198 394
94 112 355
35 192 301
9 146 324
89 133 382
26 127 362
3 194 377
32 102 355
75 122 310
35 139 379
18 165 351
25 182 311
62 159 375
62 166 385
91 100 322
95 100 348
82 103 368
26 103 301
2 162 346
95 118 342
33 179 342
91 114 301
42 136 389
36 127 312
6 115 388
43 103 340
45 136 340
18 119 326
32 113 312
39 185 345
23 117 394
14 146 450
19 124 417
22 174 421
38 173 452
33 178 450
34 106 496
30 110 405
11 153 430
34 123 460
46 161 402
37 136 468
50 100 418
95 159 463
0 146 440
15 144 430
54 150 464
8 159 401
17 188 449
38 181 487
71 107 437
62 170 485
78 181 413
57 140 458
32 133 421
49 192 443
42 105 431
21 121 401
22 190 430
59 168 427
73 139 425
39 139 410
2 109 462
4 157 429
79 170 457
7 140 479
38 160 407
81 152 490
78 130 429
86 144 455
61 192 452
50 117 481
89 157 492
74 198 494
94 112 455
35 192 401
9 146 424
89 133 482
26 127 462
3 194 477
32 102 455
75 122 410
35 139 479
18 165 451
25 182 411
62 159 475
62 166 485
91 100 422
95 100 448
82 103 468
26 103 401
2 162 446
95 118 442
33 179 442
91 114 401
42 136 489
36 127 412
6 115 488
43 103 440
45 136 440
18 119 426
32 113 412
39 185 445
23 117 494
14 146 550
19 124 517
22 174 521
38 173 552
33 178 550
34 106 596
30 110 505
11 153 530
34 123 560
46 161 502
37 136 568
50 100 518
95 159 563
0 146 540
15 144 530
54 150 564
8 159 501
17 188 549
38 181 587
71 107 537
62 170 585
78 181 513
57 140 558
32 133 521
49 192 543
42 105 531
21 121 501
22 190 530
59 168 527
73 139 525
39 139 510
2 109 562
4 157 529
79 170 557
7 140 579
38 160 507
81 152 590
78 130 529
86 144 555
61 192 552
50 117 581
89 157 592
74 198 594
94 112 555
35 192 501
9 146 524
89 133 582
26 127 562
3 194 577
32 102 555
75 122 510
35 139 579
18 165 551
25 182 511
62 159 575
62 166 585
91 100 522
95 100 548
82 103 568
26 103 501
2 162 546
95 118 542
33 179 542
91 114 501
42 136 589
36 127 512
6 115 588
43 103 540
45 136 540
18 119 526
32 113 512
39 185 545
23 117 594
14 146 650
19 124 617
22 174 621
38 173 652
33 178 650
34 106 696
30 110 605
11 153 630
34 123 660
46 161 602
37 136 668
50 100 618
95 159 663
0 146 640
15 144 630
54 150 664
8 159 601
17 188 649
38 181 687
71 107 637
62 170 685
78 181 613
57 140 658
32 133 621
49 192 643
42 105 631
21 121 601
22 190 630
59 168 627
73 139 625
39 139 610
2 109 662
4 157 629
79 170 657
7 140 679
38 160 607
81 152 690
78 130 629
86 144 655
61 192 652
50 117 681
89 157 692
74 198 694
94 112 655
35 192 601
9 146 624
89 133 682
26 127 662
3 194 677
32 102 655
75 122 610
35 139 679
18 165 651
25 182 611
62 159 675
62 166 685
91 100 622
95 100 648
82 103 668
26 103 601
2 162 646
95 118 642
33 179 642
91 114 601
42 136 689
36 127 612
6 115 688
43 103 640
45 136 640
18 119 626
32 113 612
39 185 645
23 117 694
14 146 750
19 124 717
22 174 721
38 173 752
33 178 750
34 106 796
30 110 705
11 153 730
34 123 760
46 161 702
37 136 768
50 100 718
95 159 763
0 146 740
15 144 730
54 150 764
8 159 701
17 188 749
38 181 787
71 107 737
62 170 785
78 181 713
57 140 758
32 133 721
49 192 743
42 105 731
21 121 701
22 190 730
59 168 727
73 139 725
39 139 710
2 109 762
4 157 729
79 170 757
7 140 779
38 160 707
81 152 790
78 130 729
86 144 755
61 192 752
50 117 781
89 157 792
74 198 794
94 112 755
35 192 701
9 146 724
89 133 782
26 127 762
3 194 777
32 102 755
75 122 710
35 139 779
18 165 751
25 182 711
62 159 775
62 166 785
91 100 722
95 100 748
82 103 768
26 103 701
2 162 746
95 118 742
33 179 742
91 114 701
42 136 789
36 127 712
6 115 788
43 103 740
45 136 740
18 119 726
32 113 712
39 185 745
23 117 794
14 146 850
19 124 817
22 174 821
38 173 852
33 178 850
34 106 896
30 110 805
11 153 830
34 123 860
46 161 802
37 136 868
50 100 818
95 159 863
0 146 840
15 144 830
54 150 864
8 159 801
17 188 849
38 181 887
71 107 837
62 170 885
78 181 813
57 140 858
32 133 821
49 192 843
42 105 831
21 121 801
22 190 830
59 168 827
73 139 825
39 139 810
2 109 862
4 157 829
79 170 857
7 140 879
38 160 807
81 152 890
78 130 829
86 144 855
61 192 852
50 117 881
89 157 892
74 198 894
94 112 855
35 192 801
9 146 824
89 133 882
26 127 862
3 194 877
32 102 855
75 122 810
35 139 879
18 165 851
25 182 811
62 159 875
62 166 885
91 100 822
95 100 848
82 103 868
26 103 801
2 162 846
95 118 842
33 179 842
91 114 801
42 136 889
36 127 812
6 115 888
43 103 840
45 136 840
18 119 826
32 113 812
39 185 845
23 117 894
14 146 950
19 124 917
22 174 921
38 173 952
33 178 950
34 106 996
30 110 905
11 153 930
34 123 960
46 161 902
37 136 968
50 100 918
95 159 963
0 146 940
15 144 930
54 150 964
8 159 901
17 188 949
38 181 987
71 107 937
62 170 985
78 181 913
57 140 958
32 133 921
49 192 943
42 105 931
21 121 901
22 190 930
59 168 927
73 139 925
39 139 910
2 109 962
4 157 929
79 170 957
7 140 979
38 160 907
81 152 990
78 130 929
86 144 955
61 192 952
50 117 981
89 157 992
74 198 994
94 112 955
35 192 901
9 146 924
89 133 982
26 127 962
3 194 977
32 102 955
75 122 910
35 139 979
18 165 951
25 182 911
62 159 975
62 166 985
91 100 922
95 100 948
82 103 968
26 103 901
2 162 946
95 118 942
33 179 942
91 114 901
42 136 989
36 127 912
6 115 988
43 103 940
45 136 940
18 119 926
32 113 912
39 185 945
23 117 994
14 246 50
19 224 17
22 274 21
38 273 52
33 278 50
34 206 96
30 210 5
11 253 30
34 223 60
46 261 2
37 236 68
50 200 18
95 259 63
0 246 40
15 244 30
54 250 64
8 259 1
17 288 49
38 281 87
71 207 37
62 270 85
78 281 13
57 240 58
32 233 21
49 292 43
42 205 31
21 221 1
22 290 30
59 268 27
73 239 25
39 239 10
2 209 62
4 257 29
79 270 57
7 240 79
38 260 7
81 252 90
78 230 29
86 244 55
61 292 52
50 217 81
89 257 92
74 298 94
94 212 55
35 292 1
9 246 24
89 233 82
26 227 62
3 294 77
32 202 55
75 222 10
35 239 79
18 265 51
25 282 11
62 259 75
62 266 85
91 200 22
95 200 48
82 203 68
26 203 1
2 262 46
95 218 42
33 279 42
91 214 1
42 236 89
36 227 12
6 215 88
43 203 40
45 236 40
18 219 26
32 213 12
39 285 45
23 217 94
14 246 150
19 224 117
22 274 121
38 273 152
33 278 150
34 206 196
30 210 105
11 253 130
34 223 160
46 261 102
37 236 168
50 200 118
95 259 163
0 246 140
15 244 130
54 250 164
8 259 101
17 288 149
38 281 187
71 207 137
62 270 185
78 281 113
57 240 158
32 233 121
49 292 143
42 205 131
21 221 101
22 290 130
59 268 127
73 239 125
39 239 110
2 209 162
4 257 129
79 270 157
7 240 179
38 260 107
81 252 190
78 230 129
86 244 155
61 292 152
50 217 181
89 257 192
74 298 194
94 212 155
35 292 101
9 246 124
89 233 182
26 227 162
3 294 177
32 202 155
75 222 110
35 239 179
18 265 151
25 282 111
62 259 175
62 266 185
91 200 122
95 200 148
82 203 168
26 203 101
2 262 146
95 218 142
33 279 142
91 214 101
42 236 189
36 227 112
6 215 188
43 203 140
45 236 140
18 219 126
32 213 112
39 285 145
23 217 194
14 246 250
19 224 217
22 274 221
38 273 252
33 278 250
34 206 296
30 210 205
11 253 230
34 223 260
46 261 202
37 236 268
50 200 218
95 259 263
0 246 240
15 244 230
54 250 264
8 259 201
17 288 249
38 281 287
71 207 237
62 270 285
78 281 213
57 240 258
32 233 221
49 292 243
42 205 231
21 221 201
22 290 230
59 268 227
73 239 225
39 239 210
2 209 262
4 257 229
79 270 257
7 240 279
38 260 207
81 252 290
78 230 229
86 244 255
61 292 252
50 217 281
89 257 292
74 298 294
94 212 255
35 292 201
9 246 224
89 233 282
26 227 262
3 294 277
32 202 255
75 222 210
35 239 279
18 265 251
25 282 211
62 259 275
62 266 285
91 200 222
95 200 248
82 203 268
26 203 201
2 262 246
95 218 242
33 279 242
91 214 201
42 236 289
36 227 212
6 215 288
43 203 240
45 236 240
18 219 226
32 213 212
39 285 245
23 217 294
14 246 350
19 224 317
22 274 321
38 273 352
33 278 350
34 206 396
30 210 305
11 253 330
34 223 360
46 261 302
37 236 368
50 200 318
95 259 363
0 246 340
15 244 330
54 250 364
8 259 301
17 288 349
38 281 387
71 207 337
62 270 385
78 281 313
57 240 358
32 233 321
49 292 343
42 205 331
21 221 301
22 290 330
59 268 327
73 239 325
39 239 310
2 209 362
4 257 329
79 270 357
7 240 379
38 260 307
81 252 390
78 230 329
86 244 355
61 292 352
50 217 381
89 257 392
74 298 394
94 212 355
35 292 301
9 246 324
89 233 382
26 227 362
3 294 377
32 202 355
75 222 310
35 239 379
18 265 351
25 282 311
62 259 375
62 266 385
91 200 322
95 200 348
82 203 368
26 203 301
2 262 346
95 218 342
33 279 342
91 214 301
42 236 389
36 227 312
6 215 388
43 203 340
45 236 340
18 219 326
32 213 312
39 285 345
23 217 394
14 246 450
19 224 417
22 274 421
38 273 452
33 278 450
34 206 496
30 210 405
11 253 430
34 223 460
46 261 402
37 236 468
50 200 418
95 259 463
0 246 440
15 244 430
54 250 464
8 259 401
17 288 449
38 281 487
71 207 437
62 270 485
78 281 413
57 240 458
32 233 421
49 292 443
42 205 431
21 221 401
22 290 430
59 268 427
73 239 425
39 239 410
2 209 462
4 257 429
79 270 457
7 240 479
38 260 407
81 252 490
78 230 429
86 244 455
61 292 452
50 217 481
89 257 492
74 298 494
94 212 455
35 292 401
9 246 424
89 233 482
26 227 462
3 294 477
32 202 455
75 222 410
35 239 479
18 265 451
25 282 411
62 259 475
62 266 485
91 200 422
95 200 448
82 203 468
26 203 401
2 262 446
95 218 442
33 279 442
91 214 401
42 236 489
36 227 412
6 215 488
43 203 440
45 236 440
18 219 426
32 213 412
39 285 445
23 217 494
14 246 550
19 224 517
22 274 521
38 273 552
33 278 550
34 206 596
30 210 505
11 253 530
34 223 560
46 261 502
37 236 568
50 200 518
95 259 563
0 246 540
15 244 530
54 250 564
8 259 501
17 288 549
38 281 587
71 207 537
62 270 585
78 281 513
57 240 558
32 233 521
49 292 543
42 205 531
21 221 501
22 290 530
59 268 527
73 239 525
39 239 510
2 209 562
4 257 529
79 270 557
7 240 579
38 260 507
81 252 590
78 230 529
86 244 555
61 292 552
50 217 581
89 257 592
74 298 594
94 212 555
35 292 501
9 246 524
89 233 582
26 227 562
3 294 577
32 202 555
75 222 510
35 239 579
18 265 551
25 282 511
62 259 575
62 266 585
91 200 522
95 200 548
82 203 568
26 203 501
2 262 546
95 218 542
33 279 542
91 214 501
42 236 589
36 227 512
6 215 588
43 203 540
45 236 540
18 219 526
32 213 512
39 285 545
23 217 594
14 246 650
19 224 617
22 274 621
38 273 652
33 278 650
34 206 696
30 210 605
11 253 630
34 223 660
46 261 602
37 236 668
50 200 618
95 259 663
0 246 640
15 244 630
54 250 664
8 259 601
17 288 649
38 281 687
71 207 637
62 270 685
78 281 613
57 240 658
32 233 621
49 292 643
42 205 631
21 221 601
22 290 630
59 268 627
73 239 625
39 239 610
2 209 662
4 257 629
79 270 657
7 240 679
38 260 607
81 252 690
78 230 629
86 244 655
61 292 652
50 217 681
89 257 692
74 298 694
94 212 655
35 292 601
9 246 624
89 233 682
26 227 662
3 294 677
32 202 655
75 222 610
35 239 679
18 265 651
25 282 611
62 259 675
62 266 685
91 200 622
95 200 648
82 203 668
26 203 601
2 262 646
95 218 642
33 279 642
91 214 601
42 236 689
36 227 612
6 215 688
43 203 640
45 236 640
18 219 626
32 213 612
39 285 645
23 217 694
14 246 750
19 224 717
22 274 721
38 273 752
33 278 750
34 206 796
30 210 705
11 253 730
34 223 760
46 261 702
37 236 768
50 200 718
95 259 763
0 246 740
15 244 730
54 250 764
8 259 701
17 288 749
38 281 787
71 207 737
62 270 785
78 281 713
57 240 758
32 233 721
49 292 743
42 205 731
21 221 701
22 290 730
59 268 727
73 239 725
39 239 710
2 209 762
4 257 729
79 270 757
7 240 779
38 260 707
81 252 790
78 230 729
86 244 755
61 292 752
50 217 781
89 257 792
74 298 794
94 212 755
35 292 701
9 246 724
89 233 782
26 227 762
3 294 777
32 202 755
75 222 710
35 239 779
18 265 751
25 282 711
62 259 775
62 266 785
91 200 722
95 200 748
82 203 768
26 203 701
2 262 746
95 218 742
33 279 742
91 214 701
42 236 789
36 227 712
6 215 788
43 203 740
45 236 740
18 219 726
32 213 712
39 285 745
23 217 794
14 246 850
19 224 817
22 274 821
38 273 852
33 278 850
34 206 896
30 210 805
11 253 830
34 223 860
46 261 802
37 236 868
50 200 818
95 259 863
0 246 840
15 244 830
54 250 864
8 259 801
17 288 849
38 281 887
71 207 837
62 270 885
78 281 813
57 240 858
32 233 821
49 292 843
42 205 831
21 221 801
22 290 830
59 268 827
73 239 825
39 239 810
2 209 862
4 257 829
79 270 857
7 240 879
38 260 807
81 252 890
78 230 829
86 244 855
61 292 852
50 217 881
89 257 892
74 298 894
94 212 855
35 292 801
9 246 824
89 233 882
26 227 862
3 294 877
32 202 855
75 222 810
35 239 879
18 265 851
25 282 811
62 259 875
62 266 885
91 200 822
95 200 848
82 203 868
26 203 801
2 262 846
95 218 842
33 279 842
91 214 801
42 236 889
36 227 812
6 215 888
43 203 840
45 236 840
18 219 826
32 213 812
39 285 845
23 217 894
14 246 950
19 224 917
22 274 921
38 273 952
33 278 950
34 206 996
30 210 905
11 253 930
34 223 960
46 261 902
37 236 968
50 200 918
95 259 963
0 246 940
15 244 930
54 250 964
8 259 901
17 288 949
38 281 987
71 207 937
62 270 985
78 281 913
57 240 958
32 233 921
49 292 943
42 205 931
21 221 901
22 290 930
59 268 927
73 239 925
39 239 910
2 209 962
4 257 929
79 270 957
7 240 979
38 260 907
81 252 990
78 230 929
86 244 955
61 292 952
50 217 981
89 257 992
74 298 994
94 212 955
35 292 901
9 246 924
89 233 982
26 227 962
3 294 977
32 202 955
75 222 910
35 239 979
18 265 951
25 282 911
62 259 975
62 266 985
91 200 922
95 200 948
82 203 968
26 203 901
2 262 946
95 218 942
33 279 942
91 214 901
42 236 989
36 227 912
6 215 988
43 203 940
45 236 940
18 219 926
32 213 912
39 285 945
23 217 994
14 346 50
19 324 17
22 374 21
38 373 52
33 378 50
34 306 96
30 310 5
11 353 30
34 323 60
46 361 2
37 336 68
50 300 18
95 359 63
0 346 40
15 344 30
54 350 64
8 359 1
17 388 49
38 381 87
71 307 37
62 370 85
78 381 13
57 340 58
32 333 21
49 392 43
42 305 31
21 321 1
22 390 30
59 368 27
73 339 25
39 339 10
2 309 62
4 357 29
79 370 57
7 340 79
38 360 7
81 352 90
78 330 29
86 344 55
61 392 52
50 317 81
89 357 92
74 398 94
94 312 55
35 392 1
9 346 24
89 333 82
26 327 62
3 394 77
32 302 55
75 322 10
35 339 79
18 365 51
25 382 11
62 359 75
62 366 85
91 300 22
95 300 48
82 303 68
26 303 1
2 362 46
95 318 42
33 379 42
91 314 1
42 336 89
36 327 12
6 315 88
43 303 40
45 336 40
18 319 26
32 313 12
39 385 45
23 317 94
14 346 150
19 324 117
22 374 121
38 373 152
33 378 150
34 306 196
30 310 105
11 353 130
34 323 160
46 361 102
37 336 168
50 300 118
95 359 163
0 346 140
15 344 130
54 350 164
8 359 101
17 388 149
38 381 187
71 307 137
62 370 185
78 381 113
57 340 158
32 333 121
49 392 143
42 305 131
21 321 101
22 390 130
59 368 127
73 339 125
39 339 110
2 309 162
4 357 129
79 370 157
7 340 179
38 360 107
81 352 190
78 330 129
86 344 155
61 392 152
50 317 181
89 357 192
74 398 194
94 312 155
35 392 101
9 346 124
89 333 182
26 327 162
3 394 177
32 302 155
75 322 110
35 339 179
18 365 151
25 382 111
62 359 175
62 366 185
91 300 122
95 300 148
82 303 168
26 303 101
2 362 146
95 318 142
33 379 142
91 314 101
42 336 189
36 327 112
6 315 188
43 303 140
45 336 140
18 319 126
32 313 112
39 385 145
23 317 194
14 346 250
19 324 217
22 374 221
38 373 252
33 378 250
34 306 296
30 310 205
11 353 230
34 323 260
46 361 202
37 336 268
50 300 218
95 359 263
0 346 240
15 344 230
54 350 264
8 359 201
17 388 249
38 381 287
71 307 237
62 370 285
78 381 213
57 340 258
32 333 221
49 392 243
42 305 231
21 321 201
22 390 230
59 368 227
73 339 225
39 339 210
2 309 262
4 357 229
79 370 257
7 340 279
38 360 207
81 352 290
78 330 229
86 344 255
61 392 252
50 317 281
89 357 292
74 398 294
94 312 255
35 392 201
9 346 224
89 333 282
26 327 262
3 394 277
32 302 255
75 322 210
35 339 279
18 365 251
25 382 211
62 359 275
62 366 285
91 300 222
95 300 248
82 303 268
26 303 201
2 362 246
95 318 242
33 379 242
91 314 201
42 336 289
36 327 212
6 315 288
43 303 240
45 336 240
18 319 226
32 313 212
39 385 245
23 317 294
14 346 350
19 324 317
22 374 321
38 373 352
33 378 350
34 306 396
30 310 305
11 353 330
34 323 360
46 361 302
37 336 368
50 300 318
95 359 363
0 346 340
15 344 330
54 350 364
8 359 301
17 388 349
38 381 387
71 307 337
62 370 385
78 381 313
57 340 358
32 333 321
49 392 343
42 305 331
21 321 301
22 390 330
59 368 327
73 339 325
39 339 310
2 309 362
4 357 329
79 370 357
7 340 379
38 360 307
81 352 390
78 330 329
86 344 355
61 392 352
50 317 381
89 357 392
74 398 394
94 312 355
35 392 301
9 346 324
89 333 382
26 327 362
3 394 377
32 302 355
75 322 310
35 339 379
18 365 351
25 382 311
62 359 375
62 366 385
91 300 322
95 300 348
82 303 368
26 303 301
2 362 346
95 318 342
33 379 342
91 314 301
42 336 389
36 327 312
6 315 388
43 303 340
45 336 340
18 319 326
32 313 312
39 385 345
23 317 394
14 346 450
19 324 417
22 374 421
38 373 452
33 378 450
34 306 496
30 310 405
11 353 430
34 323 460
46 361 402
37 336 468
50 300 418
95 359 463
0 346 440
15 344 430
54 350 464
8 359 401
17 388 449
38 381 487
71 307 437
62 370 485
78 381 413
57 340 458
32 333 421
49 392 443
42 305 431
21 321 401
22 390 430
59 368 427
73 339 425
39 339 410
2 309 462
4 357 429
79 370 457
7 340 479
38 360 407
81 352 490
78 330 429
86 344 455
61 392 452
50 317 481
89 357 492
74 398 494
94 312 455
35 392 401
9 346 424
89 333 482
26 327 462
3 394 477
32 302 455
75 322 410
35 339 479
18 365 451
25 382 411
62 359 475
62 366 485
91 300 422
95 300 448
82 303 468
26 303 401
2 362 446
95 318 442
33 379 442
91 314 401
42 336 489
36 327 412
6 315 488
43 303 440
45 336 440
18 319 426
32 313 412
39 385 445
23 317 494
14 346 550
19 324 517
22 374 521
38 373 552
33 378 550
34 306 596
30 310 505
11 353 530
34 323 560
46 361 502
37 336 568
50 300 518
95 359 563
0 346 540
15 344 530
54 350 564
8 359 501
17 388 549
38 381 587
71 307 537
62 370 585
78 381 513
57 340 558
32 333 521
49 392 543
42 305 531
21 321 501
22 390 530
59 368 527
73 339 525
39 339 510
2 309 562
4 357 529
79 370 557
7 340 579
38 360 507
81 352 590
78 330 529
86 344 555
61 392 552
50 317 581
89 357 592
74 398 594
94 312 555
35 392 501
9 346 524
89 333 582
26 327 562
3 394 577
32 302 555
75 322 510
35 339 579
18 365 551
25 382 511
62 359 575
62 366 585
91 300 522
95 300 548
82 303 568
26 303 501
2 362 546
95 318 542
33 379 542
91 314 501
42 336 589
36 327 512
6 315 588
43 303 540
45 336 540
18 319 526
32 313 512
39 385 545
23 317 594
14 346 650
19 324 617
22 374 621
38 373 652
33 378 650
34 306 696
30 310 605
11 353 630
34 323 660
46 361 602
37 336 668
50 300 618
95 359 663
0 346 640
15 344 630
54 350 664
8 359 601
17 388 649
38 381 687
71 307 637
62 370 685
78 381 613
57 340 658
32 333 621
49 392 643
42 305 631
21 321 601
22 390 630
59 368 627
73 339 625
39 339 610
2 309 662
4 357 629
79 370 657
7 340 679
38 360 607
81 352 690
78 330 629
86 344 655
61 392 652
50 317 681
89 357 692
74 398 694
94 312 655
35 392 601
9 346 624
89 333 682
26 327 662
3 394 677
32 302 655
75 322 610
35 339 679
18 365 651
25 382 611
62 359 675
62 366 685
91 300 622
95 300 648
82 303 668
26 303 601
2 362 646
95 318 642
33 379 642
91 314 601
42 336 689
36 327 612
6 315 688
43 303 640
45 336 640
18 319 626
32 313 612
39 385 645
23 317 694
14 346 750
19 324 717
22 374 721
38 373 752
33 378 750
34 306 796
30 310 705
11 353 730
34 323 760
46 361 702
37 336 768
50 300 718
95 359 763
0 346 740
15 344 730
54 350 764
8 359 701
17 388 749
38 381 787
71 307 737
62 370 785
78 381 713
57 340 758
32 333 721
49 392 743
42 305 731
21 321 701
22 390 730
59 368 727
73 339 725
39 339 710
2 309 762
4 357 729
79 370 757
7 340 779
38 360 707
81 352 790
78 330 729
86 344 755
61 392 752
50 317 781
89 357 792
74 398 794
94 312 755
35 392 701
9 346 724
89 333 782
26 327 762
3 394 777
32 302 755
75 322 710
35 339 779
18 365 751
25 382 711
62 359 775
62 366 785
91 300 722
95 300 748
82 303 768
26 303 701
2 362 746
95 318 742
33 379 742
91 314 701
42 336 789
36 327 712
6 315 788
43 303 740
45 336 740
18 319 726
32 313 712
39 385 745
23 317 794
14 346 850
19 324 817
22 374 821
38 373 852
33 378 850
34 306 896
30 310 805
11 353 830
34 323 860
46 361 802
37 336 868
50 300 818
95 359 863
0 346 840
15 344 830
54 350 864
8 359 801
17 388 849
38 381 887
71 307 837
62 370 885
78 381 813
57 340 858
32 333 821
49 392 843
42 305 831
21 321 801
22 390 830
59 368 827
73 339 825
39 339 810
2 309 862
4 357 829
79 370 857
7 340 879
38 360 807
81 352 890
78 330 829
86 344 855
61 392 852
50 317 881
89 357 892
74 398 894
94 312 855
35 392 801
9 346 824
89 333 882
26 327 862
3 394 877
32 302 855
75 322 810
35 339 879
18 365 851
25 382 811
62 359 875
62 366 885
91 300 822
95 300 848
82 303 868
26 303 801
2 362 846
95 318 842
33 379 842
91 314 801
42 336 889
36 327 812
6 315 888
43 303 840
45 336 840
18 319 826
32 313 812
39 385 845
23 317 894
14 346 950
19 324 917
22 374 921
38 373 952
33 378 950
34 306 996
30 310 905
11 353 930
34 323 960
46 361 902
37 336 968
50 300 918
95 359 963
0 346 940
15 344 930
54 350 964
8 359 901
17 388 949
38 381 987
71 307 937
62 370 985
78 381 913
57 340 958
32 333 921
49 392 943
42 305 931
21 321 901
22 390 930
59 368 927
73 339 925
39 339 910
2 309 962
4 357 929
79 370 957
7 340 979
38 360 907
81 352 990
78 330 929
86 344 955
61 392 952
50 317 981
89 357 992
74 398 994
94 312 955
35 392 901
9 346 924
89 333 982
26 327 962
3 394 977
32 302 955
75 322 910
35 339 979
18 365 951
25 382 911
62 359 975
62 366 985
91 300 922
95 300 948
82 303 968
26 303 901
2 362 946
95 318 942
33 379 942
91 314 901
42 336 989
36 327 912
6 315 988
43 303 940
45 336 940
18 319 926
32 313 912
39 385 945
23 317 994
14 446 50
19 424 17
22 474 21
38 473 52
33 478 50
34 406 96
30 410 5
11 453 30
34 423 60
46 461 2
37 436 68
50 400 18
95 459 63
0 446 40
15 444 30
54 450 64
8 459 1
17 488 49
38 481 87
71 407 37
62 470 85
78 481 13
57 440 58
32 433 21
49 492 43
42 405 31
21 421 1
22 490 30
59 468 27
73 439 25
39 439 10
2 409 62
4 457 29
79 470 57
7 440 79
38 460 7
81 452 90
78 430 29
86 444 55
61 492 52
50 417 81
89 457 92
74 498 94
94 412 55
35 492 1
9 446 24
89 433 82
26 427 62
3 494 77
32 402 55
75 422 10
35 439 79
18 465 51
25 482 11
62 459 75
62 466 85
91 400 22
95 400 48
82 403 68
26 403 1
2 462 46
95 418 42
33 479 42
91 414 1
42 436 89
36 427 12
6 415 88
43 403 40
45 436 40
18 419 26
32 413 12
39 485 45
23 417 94
14 446 150
19 424 117
22 474 121
38 473 152
33 478 150
34 406 196
30 410 105
11 453 130
34 423 160
46 461 102
37 436 168
50 400 118
95 459 163
0 446 140
15 444 130
54 450 164
8 459 101
17 488 149
38 481 187
71 407 137
62 470 185
78 481 113
57 440 158
32 433 121
49 492 143
42 405 131
21 421 101
22 490 130
59 468 127
73 439 125
39 439 110
2 409 162
4 457 129
79 470 157
7 440 179
38 460 107
81 452 190
78 430 129
86 444 155
61 492 152
50 417 181
89 457 192
74 498 194
94 412 155
35 492 101
9 446 124
89 433 182
26 427 162
3 494 177
32 402 155
75 422 110
35 439 179
18 465 151
25 482 111
62 459 175
62 466 185
91 400 122
95 400 148
82 403 168
26 403 101
2 462 146
95 418 142
33 479 142
91 414 101
42 436 189
36 427 112
6 415 188
43 403 140
45 436 140
18 419 126
32 413 112
39 485 145
23 417 194
14 446 250
19 424 217
22 474 221
38 473 252
33 478 250
34 406 296
30 410 205
11 453 230
34 423 260
46 461 202
37 436 268
50 400 218
95 459 263
0 446 240
15 444 230
54 450 264
8 459 201
17 488 249
38 481 287
71 407 237
62 470 285
78 481 213
57 440 258
32 433 221
49 492 243
42 405 231
21 421 201
22 490 230
59 468 227
73 439 225
39 439 210
2 409 262
4 457 229
79 470 257
7 440 279
38 460 207
81 452 290
78 430 229
86 444 255
61 492 252
50 417 281
89 457 292
74 498 294
94 412 255
35 492 201
9 446 224
89 433 282
26 427 262
3 494 277
32 402 255
75 422 210
35 439 279
18 465 251
25 482 211
62 459 275
62 466 285
91 400 222
95 400 248
82 403 268
26 403 201
2 462 246
95 418 242
33 479 242
91 414 201
42 436 289
36 427 212
6 415 288
43 403 240
45 436 240
18 419 226
32 413 212
39 485 245
23 417 294
14 446 350
19 424 317
22 474 321
38 473 352
33 478 350
34 406 396
30 410 305
11 453 330
34 423 360
46 461 302
37 436 368
50 400 318
95 459 363
0 446 340
15 444 330
54 450 364
8 459 301
17 488 349
38 481 387
71 407 337
62 470 385
78 481 313
57 440 358
32 433 321
49 492 343
42 405 331
21 421 301
22 490 330
59 468 327
73 439 325
39 439 310
2 409 362
4 457 329
79 470 357
7 440 379
38 460 307
81 452 390
78 430 329
86 444 355
61 492 352
50 417 381
89 457 392
74 498 394
94 412 355
35 492 301
9 446 324
89 433 382
26 427 362
3 494 377
32 402 355
75 422 310
35 439 379
18 465 351
25 482 311
62 459 375
62 466 385
91 400 322
95 400 348
82 403 368
26 403 301
2 462 346
95 418 342
33 479 342
91 414 301
42 436 389
36 427 312
6 415 388
43 403 340
45 436 340
18 419 326
32 413 312
39 485 345
23 417 394
14 446 450
19 424 417
22 474 421
38 473 452
33 478 450
34 406 496
30 410 405
11 453 430
34 423 460
46 461 402
37 436 468
50 400 418
95 459 463
0 446 440
15 444 430
54 450 464
8 459 401
17 488 449
38 481 487
71 407 437
62 470 485
78 481 413
57 440 458
32 433 421
49 492 443
42 405 431
21 421 401
22 490 430
59 468 427
73 439 425
39 439 410
2 409 462
4 457 429
79 470 457
7 440 479
38 460 407
81 452 490
78 430 429
86 444 455
61 492 452
50 417 481
89 457 492
74 498 494
94 412 455
35 492 401
9 446 424
89 433 482
26 427 462
3 494 477
32 402 455
75 422 410
35 439 479
18 465 451
25 482 411
62 459 475
62 466 485
91 400 422
95 400 448
82 403 468
26 403 401
2 462 446
95 418 442
33 479 442
91 414 401
42 436 489
36 427 412
6 415 488
43 403 440
45 436 440
18 419 426
32 413 412
39 485 445
23 417 494
14 446 550
19 424 517
22 474 521
38 473 552
33 478 550
34 406 596
30 410 505
11 453 530
34 423 560
46 461 502
37 436 568
50 400 518
95 459 563
0 446 540
15 444 530
54 450 564
8 459 501
17 488 549
38 481 587
71 407 537
62 470 585
78 481 513
57 440 558
32 433 521
49 492 543
42 405 531
21 421 501
22 490 530
59 468 527
73 439 525
39 439 510
2 409 562
4 457 529
79 470 557
7 440 579
38 460 507
81 452 590
78 430 529
86 444 555
61 492 552
50 417 581
89 457 592
74 498 594
94 412 555
35 492 501
9 446 524
89 433 582
26 427 562
3 494 577
32 402 555
75 422 510
35 439 579
18 465 551
25 482 511
62 459 575
62 466 585
91 400 522
95 400 548
82 403 568
26 403 501
2 462 546
95 418 542
33 479 542
91 414 501
42 436 589
36 427 512
6 415 588
43 403 540
45 436 540
18 419 526
32 413 512
39 485 545
23 417 594
14 446 650
19 424 617
22 474 621
38 473 652
33 478 650
34 406 696
30 410 605
11 453 630
34 423 660
46 461 602
37 436 668
50 400 618
95 459 663
0 446 640
15 444 630
54 450 664
8 459 601
17 488 649
38 481 687
71 407 637
62 470 685
78 481 613
57 440 658
32 433 621
49 492 643
42 405 631
21 421 601
22 490 630
59 468 627
73 439 625
39 439 610
2 409 662
4 457 629
79 470 657
7 440 679
38 460 607
81 452 690
78 430 629
86 444 655
61 492 652
50 417 681
89 457 692
74 498 694
94 412 655
35 492 601
9 446 624
89 433 682
26 427 662
3 494 677
32 402 655
75 422 610
35 439 679
18 465 651
25 482 611
62 459 675
62 466 685
91 400 622
95 400 648
82 403 668
26 403 601
2 462 646
95 418 642
33 479 642
91 414 601
42 436 689
36 427 612
6 415 688
43 403 640
45 436 640
18 419 626
32 413 612
39 485 645
23 417 694
14 446 750
19 424 717
22 474 721
38 473 752
33 478 750
34 406 796
30 410 705
11 453 730
34 423 760
46 461 702
37 436 768
50 400 718
95 459 763
0 446 740
15 444 730
54 450 764
8 459 701
17 488 749
38 481 787
71 407 737
62 470 785
78 481 713
57 440 758
32 433 721
49 492 743
42 405 731
21 421 701
22 490 730
59 468 727
73 439 725
39 439 710
2 409 762
4 457 729
79 470 757
7 440 779
38 460 707
81 452 790
78 430 729
86 444 755
61 492 752
50 417 781
89 457 792
74 498 794
94 412 755
35 492 701
9 446 724
89 433 782
26 427 762
3 494 777
32 402 755
75 422 710
35 439 779
18 465 751
25 482 711
62 459 775
62 466 785
91 400 722
95 400 748
82 403 768
26 403 701
2 462 746
95 418 742
33 479 742
91 414 701
42 436 789
36 427 712
6 415 788
43 403 740
45 436 740
18 419 726
32 413 712
39 485 745
23 417 794
14 446 850
19 424 817
22 474 821
38 473 852
33 478 850
34 406 896
30 410 805
11 453 830
34 423 860
46 461 802
37 436 868
50 400 818
95 459 863
0 446 840
15 444 830
54 450 864
8 459 801
17 488 849
38 481 887
71 407 837
62 470 885
78 481 813
57 440 858
32 433 821
49 492 843
42 405 831
21 421 801
22 490 830
59 468 827
73 439 825
39 439 810
2 409 862
4 457 829
79 470 857
7 440 879
38 460 807
81 452 890
78 430 829
86 444 855
61 492 852
50 417 881
89 457 892
74 498 894
94 412 855
35 492 801
9 446 824
89 433 882
26 427 862
3 494 877
32 402 855
75 422 810
35 439 879
18 465 851
25 482 811
62 459 875
62 466 885
91 400 822
95 400 848
82 403 868
26 403 801
2 462 846
95 418 842
33 479 842
91 414 801
42 436 889
36 427 812
6 415 888
43 403 840
45 436 840
18 419 826
32 413 812
39 485 845
23 417 894
14 446 950
19 424 917
22 474 921
38 473 952
33 478 950
34 406 996
30 410 905
11 453 930
34 423 960
46 461 902
37 436 968
50 400 918
95 459 963
0 446 940
15 444 930
54 450 964
8 459 901
17 488 949
38 481 987
71 407 937
62 470 985
78 481 913
57 440 958
32 433 921
49 492 943
42 405 931
21 421 901
22 490 930
59 468 927
73 439 925
39 439 910
2 409 962
4 457 929
79 470 957
7 440 979
38 460 907
81 452 990
78 430 929
86 444 955
61 492 952
50 417 981
89 457 992
74 498 994
94 412 955
35 492 901
9 446 924
89 433 982
26 427 962
3 494 977
32 402 955
75 422 910
35 439 979
18 465 951
25 482 911
62 459 975
62 466 985
91 400 922
95 400 948
82 403 968
26 403 901
2 462 946
95 418 942
33 479 942
91 414 901
42 436 989
36 427 912
6 415 988
43 403 940
45 436 940
18 419 926
32 413 912
39 485 945
23 417 994
14 546 50
19 524 17
22 574 21
38 573 52
33 578 50
34 506 96
30 510 5
11 553 30
34 523 60
46 561 2
37 536 68
50 500 18
95 559 63
0 546 40
15 544 30
54 550 64
8 559 1
17 588 49
38 581 87
71 507 37
62 570 85
78 581 13
57 540 58
32 533 21
49 592 43
42 505 31
21 521 1
22 590 30
59 568 27
73 539 25
39 539 10
2 509 62
4 557 29
79 570 57
7 540 79
38 560 7
81 552 90
78 530 29
86 544 55
61 592 52
50 517 81
89 557 92
74 598 94
94 512 55
35 592 1
9 546 24
89 533 82
26 527 62
3 594 77
32 502 55
75 522 10
35 539 79
18 565 51
25 582 11
62 559 75
62 566 85
91 500 22
95 500 48
82 503 68
26 503 1
2 562 46
95 518 42
33 579 42
91 514 1
42 536 89
36 527 12
6 515 88
43 503 40
45 536 40
18 519 26
32 513 12
39 585 45
23 517 94
14 546 150
19 524 117
22 574 121
38 573 152
33 578 150
34 506 196
30 510 105
11 553 130
34 523 160
46 561 102
37 536 168
50 500 118
95 559 163
0 546 140
15 544 130
54 550 164
8 559 101
17 588 149
38 581 187
71 507 137
62 570 185
78 581 113
57 540 158
32 533 121
49 592 143
42 505 131
21 521 101
22 590 130
59 568 127
73 539 125
39 539 110
2 509 162
4 557 129
79 570 157
7 540 179
38 560 107
81 552 190
78 530 129
86 544 155
61 592 152
50 517 181
89 557 192
74 598 194
94 512 155
35 592 101
9 546 124
89 533 182
26 527 162
3 594 177
32 502 155
75 522 110
35 539 179
18 565 151
25 582 111
62 559 175
62 566 185
91 500 122
95 500 148
82 503 168
26 503 101
2 562 146
95 518 142
33 579 142
91 514 101
42 536 189
36 527 112
6 515 188
43 503 140
45 536 140
18 519 126
32 513 112
39 585 145
23 517 194
14 546 250
19 524 217
22 574 221
38 573 252
33 578 250
34 506 296
30 510 205
11 553 230
34 523 260
46 561 202
37 536 268
50 500 218
95 559 263
0 546 240
15 544 230
54 550 264
8 559 201
17 588 249
38 581 287
71 507 237
62 570 285
78 581 213
57 540 258
32 533 221
49 592 243
42 505 231
21 521 201
22 590 230
59 568 227
73 539 225
39 539 210
2 509 262
4 557 229
79 570 257
7 540 279
38 560 207
81 552 290
78 530 229
86 544 255
61 592 252
50 517 281
89 557 292
74 598 294
94 512 255
35 592 201
9 546 224
89 533 282
26 527 262
3 594 277
32 502 255
75 522 210
35 539 279
18 565 251
25 582 211
62 559 275
62 566 285
91 500 222
95 500 248
82 503 268
26 503 201
2 562 246
95 518 242
33 579 242
91 514 201
42 536 289
36 527 212
6 515 288
43 503 240
45 536 240
18 519 226
32 513 212
39 585 245
23 517 294
14 546 350
19 524 317
22 574 321
38 573 352
33 578 350
34 506 396
30 510 305
11 553 330
34 523 360
46 561 302
37 536 368
50 500 318
95 559 363
0 546 340
15 544 330
54 550 364
8 559 301
17 588 349
38 581 387
71 507 337
62 570 385
78 581 313
57 540 358
32 533 321
49 592 343
42 505 331
21 521 301
22 590 330
59 568 327
73 539 325
39 539 310
2 509 362
4 557 329
79 570 357
7 540 379
38 560 307
81 552 390
78 530 329
86 544 355
61 592 352
50 517 381
89 557 392
74 598 394
94 512 355
35 592 301
9 546 324
89 533 382
26 527 362
3 594 377
32 502 355
75 522 310
35 539 379
18 565 351
25 582 311
62 559 375
62 566 385
91 500 322
95 500 348
82 503 368
26 503 301
2 562 346
95 518 342
33 579 342
91 514 301
42 536 389
36 527 312
6 515 388
43 503 340
45 536 340
18 519 326
32 513 312
39 585 345
23 517 394
14 546 450
19 524 417
22 574 421
38 573 452
33 578 450
34 506 496
30 510 405
11 553 430
34 523 460
46 561 402
37 536 468
50 500 418
95 559 463
0 546 440
15 544 430
54 550 464
8 559 401
17 588 449
38 581 487
71 507 437
62 570 485
78 581 413
57 540 458
32 533 421
49 592 443
42 505 431
21 521 401
22 590 430
59 568 427
73 539 425
39 539 410
2 509 462
4 557 429
79 570 457
7 540 479
38 560 407
81 552 490
78 530 429
86 544 455
61 592 452
50 517 481
89 557 492
74 598 494
94 512 455
35 592 401
9 546 424
89 533 482
26 527 462
3 594 477
32 502 455
75 522 410
35 539 479
18 565 451
25 582 411
62 559 475
62 566 485
91 500 422
95 500 448
82 503 468
26 503 401
2 562 446
95 518 442
33 579 442
91 514 401
42 536 489
36 527 412
6 515 488
43 503 440
45 536 440
18 519 426
32 513 412
39 585 445
23 517 494
14 546 550
19 524 517
22 574 521
38 573 552
33 578 550
34 506 596
30 510 505
11 553 530
34 523 560
46 561 502
37 536 568
50 500 518
95 559 563
0 546 540
15 544 530
54 550 564
8 559 501
17 588 549
38 581 587
71 507 537
62 570 585
78 581 513
57 540 558
32 533 521
49 592 543
42 505 531
21 521 501
22 590 530
59 568 527
73 539 525
39 539 510
2 509 562
4 557 529
79 570 557
7 540 579
38 560 507
81 552 590
78 530 529
86 544 555
61 592 552
50 517 581
89 557 592
74 598 594
94 512 555
35 592 501
9 546 524
89 533 582
26 527 562
3 594 577
32 502 555
75 522 510
35 539 579
18 565 551
25 582 511
62 559 575
62 566 585
91 500 522
95 500 548
82 503 568
26 503 501
2 562 546
95 518 542
33 579 542
91 514 501
42 536 589
36 527 512
6 515 588
43 503 540
45 536 540
18 519 526
32 513 512
39 585 545
23 517 594
14 546 650
19 524 617
22 574 621
38 573 652
33 578 650
34 506 696
30 510 605
11 553 630
34 523 660
46 561 602
37 536 668
50 500 618
95 559 663
0 546 640
15 544 630
54 550 664
8 559 601
17 588 649
38 581 687
71 507 637
62 570 685
78 581 613
57 540 658
32 533 621
49 592 643
42 505 631
21 521 601
22 590 630
59 568 627
73 539 625
39 539 610
2 509 662
4 557 629
79 570 657
7 540 679
38 560 607
81 552 690
78 530 629
86 544 655
61 592 652
50 517 681
89 557 692
74 598 694
94 512 655
35 592 601
9 546 624
89 533 682
26 527 662
3 594 677
32 502 655
75 522 610
35 539 679
18 565 651
25 582 611
62 559 675
62 566 685
91 500 622
95 500 648
82 503 668
26 503 601
2 562 646
95 518 642
33 579 642
91 514 601
42 536 689
36 527 612
6 515 688
43 503 640
45 536 640
18 519 626
32 513 612
39 585 645
23 517 694
14 546 750
19 524 717
22 574 721
38 573 752
33 578 750
34 506 796
30 510 705
11 553 730
34 523 760
46 561 702
37 536 768
50 500 718
95 559 763
0 546 740
15 544 730
54 550 764
8 559 701
17 588 749
38 581 787
71 507 737
62 570 785
78 581 713
57 540 758
32 533 721
49 592 743
42 505 731
21 521 701
22 590 730
59 568 727
73 539 725
39 539 710
2 509 762
4 557 729
79 570 757
7 540 779
38 560 707
81 552 790
78 530 729
86 544 755
61 592 752
50 517 781
89 557 792
74 598 794
94 512 755
35 592 701
9 546 724
89 533 782
26 527 762
3 594 777
32 502 755
75 522 710
35 539 779
18 565 751
25 582 711
62 559 775
62 566 785
91 500 722
95 500 748
82 503 768
26 503 701
2 562 746
95 518 742
33 579 742
91 514 701
42 536 789
36 527 712
6 515 788
43 503 740
45 536 740
18 519 726
32 513 712
39 585 745
23 517 794
14 546 850
19 524 817
22 574 821
38 573 852
33 578 850
34 506 896
30 510 805
11 553 830
34 523 860
46 561 802
37 536 868
50 500 818
95 559 863
0 546 840
15 544 830
54 550 864
8 559 801
17 588 849
38 581 887
71 507 837
62 570 885
78 581 813
57 540 858
32 533 821
49 592 843
42 505 831
21 521 801
22 590 830
59 568 827
73 539 825
39 539 810
2 509 862
4 557 829
79 570 857
7 540 879
38 560 807
81 552 890
78 530 829
86 544 855
61 592 852
50 517 881
89 557 892
74 598 894
94 512 855
35 592 801
9 546 824
89 533 882
26 527 862
3 594 877
32 502 855
75 522 810
35 539 879
18 565 851
25 582 811
62 559 875
62 566 885
91 500 822
95 500 848
82 503 868
26 503 801
2 562 846
95 518 842
33 579 842
91 514 801
42 536 889
36 527 812
6 515 888
43 503 840
45 536 840
18 519 826
32 513 812
39 585 845
23 517 894
14 546 950
19 524 917
22 574 921
38 573 952
33 578 950
34 506 996
30 510 905
11 553 930
34 523 960
46 561 902
37 536 968
50 500 918
95 559 963
0 546 940
15 544 930
54 550 964
8 559 901
17 588 949
38 581 987
71 507 937
62 570 985
78 581 913
57 540 958
32 533 921
49 592 943
42 505 931
21 521 901
22 590 930
59 568 927
73 539 925
39 539 910
2 509 962
4 557 929
79 570 957
7 540 979
38 560 907
81 552 990
78 530 929
86 544 955
61 592 952
50 517 981
89 557 992
74 598 994
94 512 955
35 592 901
9 546 924
89 533 982
26 527 962
3 594 977
32 502 955
75 522 910
35 539 979
18 565 951
25 582 911
62 559 975
62 566 985
91 500 922
95 500 948
82 503 968
26 503 901
2 562 946
95 518 942
33 579 942
91 514 901
42 536 989
36 527 912
6 515 988
43 503 940
45 536 940
18 519 926
32 513 912
39 585 945
23 517 994
14 646 50
19 624 17
22 674 21
38 673 52
33 678 50
34 606 96
30 610 5
11 653 30
34 623 60
46 661 2
37 636 68
50 600 18
95 659 63
0 646 40
15 644 30
54 650 64
8 659 1
17 688 49
38 681 87
71 607 37
62 670 85
78 681 13
57 640 58
32 633 21
49 692 43
42 605 31
21 621 1
22 690 30
59 668 27
73 639 25
39 639 10
2 609 62
4 657 29
79 670 57
7 640 79
38 660 7
81 652 90
78 630 29
86 644 55
61 692 52
50 617 81
89 657 92
74 698 94
94 612 55
35 692 1
9 646 24
89 633 82
26 627 62
3 694 77
32 602 55
75 622 10
35 639 79
18 665 51
25 682 11
62 659 75
62 666 85
91 600 22
95 600 48
82 603 68
26 603 1
2 662 46
95 618 42
33 679 42
91 614 1
42 636 89
36 627 12
6 615 88
43 603 40
45 636 40
18 619 26
32 613 12
39 685 45
23 617 94
14 646 150
19 624 117
22 674 121
38 673 152
33 678 150
34 606 196
30 610 105
11 653 130
34 623 160
46 661 102
37 636 168
50 600 118
95 659 163
0 646 140
15 644 130
54 650 164
8 659 101
17 688 149
38 681 187
71 607 137
62 670 185
78 681 113
57 640 158
32 633 121
49 692 143
42 605 131
21 621 101
22 690 130
59 668 127
73 639 125
39 639 110
2 609 162
4 657 129
79 670 157
7 640 179
38 660 107
81 652 190
78 630 129
86 644 155
61 692 152
50 617 181
89 657 192
74 698 194
94 612 155
35 692 101
9 646 124
89 633 182
26 627 162
3 694 177
32 602 155
75 622 110
35 639 179
18 665 151
25 682 111
62 659 175
62 666 185
91 600 122
95 600 148
82 603 168
26 603 101
2 662 146
95 618 142
33 679 142
91 614 101
42 636 189
36 627 112
6 615 188
43 603 140
45 636 140
18 619 126
32 613 112
39 685 145
23 617 194
14 646 250
19 624 217
22 674 221
38 673 252
33 678 250
34 606 296
30 610 205
11 653 230
34 623 260
46 661 202
37 636 268
50 600 218
95 659 263
0 646 240
15 644 230
54 650 264
8 659 201
17 688 249
38 681 287
71 607 237
62 670 285
78 681 213
57 640 258
32 633 221
49 692 243
42 605 231
21 621 201
22 690 230
59 668 227
73 639 225
39 639 210
2 609 262
4 657 229
79 670 257
7 640 279
38 660 207
81 652 290
78 630 229
86 644 255
61 692 252
50 617 281
89 657 292
74 698 294
94 612 255
35 692 201
9 646 224
89 633 282
26 627 262
3 694 277
32 602 255
75 622 210
35 639 279
18 665 251
25 682 211
62 659 275
62 666 285
91 600 222
95 600 248
82 603 268
26 603 201
2 662 246
95 618 242
33 679 242
91 614 201
42 636 289
36 627 212
6 615 288
43 603 240
45 636 240
18 619 226
32 613 212
39 685 245
23 617 294
14 646 350
19 624 317
22 674 321
38 673 352
33 678 350
34 606 396
30 610 305
11 653 330
34 623 360
46 661 302
37 636 368
50 600 318
95 659 363
0 646 340
15 644 330
54 650 364
8 659 301
17 688 349
38 681 387
71 607 337
62 670 385
78 681 313
57 640 358
32 633 321
49 692 343
42 605 331
21 621 301
22 690 330
59 668 327
73 639 325
39 639 310
2 609 362
4 657 329
79 670 357
7 640 379
38 660 307
81 652 390
78 630 329
86 644 355
61 692 352
50 617 381
89 657 392
74 698 394
94 612 355
35 692 301
9 646 324
89 633 382
26 627 362
3 694 377
32 602 355
75 622 310
35 639 379
18 665 351
25 682 311
62 659 375
62 666 385
91 600 322
95 600 348
82 603 368
26 603 301
2 662 346
95 618 342
33 679 342
91 614 301
42 636 389
36 627 312
6 615 388
43 603 340
45 636 340
18 619 326
32 613 312
39 685 345
23 617 394
14 646 450
19 624 417
22 674 421
38 673 452
33 678 450
34 606 496
30 610 405
11 653 430
34 623 460
46 661 402
37 636 468
50 600 418
95 659 463
0 646 440
15 644 430
54 650 464
8 659 401
17 688 449
38 681 487
71 607 437
62 670 485
78 681 413
57 640 458
32 633 421
49 692 443
42 605 431
21 621 401
22 690 430
59 668 427
73 639 425
39 639 410
2 609 462
4 657 429
79 670 457
7 640 479
38 660 407
81 652 490
78 630 429
86 644 455
61 692 452
50 617 481
89 657 492
74 698 494
94 612 455
35 692 401
9 646 424
89 633 482
26 627 462
3 694 477
32 602 455
75 622 410
35 639 479
18 665 451
25 682 411
62 659 475
62 666 485
91 600 422
95 600 448
82 603 468
26 603 401
2 662 446
95 618 442
33 679 442
91 614 401
42 636 489
36 627 412
6 615 488
43 603 440
45 636 440
18 619 426
32 613 412
39 685 445
23 617 494
14 646 550
19 624 517
22 674 521
38 673 552
33 678 550
34 606 596
30 610 505
11 653 530
34 623 560
46 661 502
37 636 568
50 600 518
95 659 563
0 646 540
15 644 530
54 650 564
8 659 501
17 688 549
38 681 587
71 607 537
62 670 585
78 681 513
57 640 558
32 633 521
49 692 543
42 605 531
21 621 501
22 690 530
59 668 527
73 639 525
39 639 510
2 609 562
4 657 529
79 670 557
7 640 579
38 660 507
81 652 590
78 630 529
86 644 555
61 692 552
50 617 581
89 657 592
74 698 594
94 612 555
35 692 501
9 646 524
89 633 582
26 627 562
3 694 577
32 602 555
75 622 510
35 639 579
18 665 551
25 682 511
62 659 575
62 666 585
91 600 522
95 600 548
82 603 568
26 603 501
2 662 546
95 618 542
33 679 542
91 614 501
42 636 589
36 627 512
6 615 588
43 603 540
45 636 540
18 619 526
32 613 512
39 685 545
23 617 594
14 646 650
19 624 617
22 674 621
38 673 652
33 678 650
34 606 696
30 610 605
11 653 630
34 623 660
46 661 602
37 636 668
50 600 618
95 659 663
0 646 640
15 644 630
54 650 664
8 659 601
17 688 649
38 681 687
71 607 637
62 670 685
78 681 613
57 640 658
32 633 621
49 692 643
42 605 631
21 621 601
22 690 630
59 668 627
73 639 625
39 639 610
2 609 662
4 657 629
79 670 657
7 640 679
38 660 607
81 652 690
78 630 629
86 644 655
61 692 652
50 617 681
89 657 692
74 698 694
94 612 655
35 692 601
9 646 624
89 633 682
26 627 662
3 694 677
32 602 655
75 622 610
35 639 679
18 665 651
25 682 611
62 659 675
62 666 685
91 600 622
95 600 648
82 603 668
26 603 601
2 662 646
95 618 642
33 679 642
91 614 601
42 636 689
36 627 612
6 615 688
43 603 640
45 636 640
18 619 626
32 613 612
39 685 645
23 617 694
14 646 750
19 624 717
22 674 721
38 673 752
33 678 750
34 606 796
30 610 705
11 653 730
34 623 760
46 661 702
37 636 768
50 600 718
95 659 763
0 646 740
15 644 730
54 650 764
8 659 701
17 688 749
38 681 787
71 607 737
62 670 785
78 681 713
57 640 758
32 633 721
49 692 743
42 605 731
21 621 701
22 690 730
59 668 727
73 639 725
39 639 710
2 609 762
4 657 729
79 670 757
7 640 779
38 660 707
81 652 790
78 630 729
86 644 755
61 692 752
50 617 781
89 657 792
74 698 794
94 612 755
35 692 701
9 646 724
89 633 782
26 627 762
3 694 777
32 602 755
75 622 710
35 639 779
18 665 751
25 682 711
62 659 775
62 666 785
91 600 722
95 600 748
82 603 768
26 603 701
2 662 746
95 618 742
33 679 742
91 614 701
42 636 789
36 627 712
6 615 788
43 603 740
45 636 740
18 619 726
32 613 712
39 685 745
23 617 794
14 646 850
19 624 817
22 674 821
38 673 852
33 678 850
34 606 896
30 610 805
11 653 830
34 623 860
46 661 802
37 636 868
50 600 818
95 659 863
0 646 840
15 644 830
54 650 864
8 659 801
17 688 849
38 681 887
71 607 837
62 670 885
78 681 813
57 640 858
32 633 821
49 692 843
42 605 831
21 621 801
22 690 830
59 668 827
73 639 825
39 639 810
2 609 862
4 657 829
79 670 857
7 640 879
38 660 807
81 652 890
78 630 829
86 644 855
61 692 852
50 617 881
89 657 892
74 698 894
94 612 855
35 692 801
9 646 824
89 633 882
26 627 862
3 694 877
32 602 855
75 622 810
35 639 879
18 665 851
25 682 811
62 659 875
62 666 885
91 600 822
95 600 848
82 603 868
26 603 801
2 662 846
95 618 842
33 679 842
91 614 801
42 636 889
36 627 812
6 615 888
43 603 840
45 636 840
18 619 826
32 613 812
39 685 845
23 617 894
14 646 950
19 624 917
22 674 921
38 673 952
33 678 950
34 606 996
30 610 905
11 653 930
34 623 960
46 661 902
37 636 968
50 600 918
95 659 963
0 646 940
15 644 930
54 650 964
8 659 901
17 688 949
38 681 987
71 607 937
62 670 985
78 681 913
57 640 958
32 633 921
49 692 943
42 605 931
21 621 901
22 690 930
59 668 927
73 639 925
39 639 910
2 609 962
4 657 929
79 670 957
7 640 979
38 660 907
81 652 990
78 630 929
86 644 955
61 692 952
50 617 981
89 657 992
74 698 994
94 612 955
35 692 901
9 646 924
89 633 982
26 627 962
3 694 977
32 602 955
75 622 910
35 639 979
18 665 951
25 682 911
62 659 975
62 666 985
91 600 922
95 600 948
82 603 968
26 603 901
2 662 946
95 618 942
33 679 942
91 614 901
42 636 989
36 627 912
6 615 988
43 603 940
45 636 940
18 619 926
32 613 912
39 685 945
23 617 994
14 746 50
19 724 17
22 774 21
38 773 52
33 778 50
34 706 96
30 710 5
11 753 30
34 723 60
46 761 2
37 736 68
50 700 18
95 759 63
0 746 40
15 744 30
54 750 64
8 759 1
17 788 49
38 781 87
71 707 37
62 770 85
78 781 13
57 740 58
32 733 21
49 792 43
42 705 31
21 721 1
22 790 30
59 768 27
73 739 25
39 739 10
2 709 62
4 757 29
79 770 57
7 740 79
38 760 7
81 752 90
78 730 29
86 744 55
61 792 52
50 717 81
89 757 92
74 798 94
94 712 55
35 792 1
9 746 24
89 733 82
26 727 62
3 794 77
32 702 55
75 722 10
35 739 79
18 765 51
25 782 11
62 759 75
62 766 85
91 700 22
95 700 48
82 703 68
26 703 1
2 762 46
95 718 42
33 779 42
91 714 1
42 736 89
36 727 12
6 715 88
43 703 40
45 736 40
18 719 26
32 713 12
39 785 45
23 717 94
14 746 150
19 724 117
22 774 121
38 773 152
33 778 150
34 706 196
30 710 105
11 753 130
34 723 160
46 761 102
37 736 168
50 700 118
95 759 163
0 746 140
15 744 130
54 750 164
8 759 101
17 788 149
38 781 187
71 707 137
62 770 185
78 781 113
57 740 158
32 733 121
49 792 143
42 705 131
21 721 101
22 790 130
59 768 127
73 739 125
39 739 110
2 709 162
4 757 129
79 770 157
7 740 179
38 760 107
81 752 190
78 730 129
86 744 155
61 792 152
50 717 181
89 757 192
74 798 194
94 712 155
35 792 101
9 746 124
89 733 182
26 727 162
3 794 177
32 702 155
75 722 110
35 739 179
18 765 151
25 782 111
62 759 175
62 766 185
91 700 122
95 700 148
82 703 168
26 703 101
2 762 146
95 718 142
33 779 142
91 714 101
42 736 189
36 727 112
6 715 188
43 703 140
45 736 140
18 719 126
32 713 112
39 785 145
23 717 194
14 746 250
19 724 217
22 774 221
38 773 252
33 778 250
34 706 296
30 710 205
11 753 230
34 723 260
46 761 202
37 736 268
50 700 218
95 759 263
0 746 240
15 744 230
54 750 264
8 759 201
17 788 249
38 781 287
71 707 237
62 770 285
78 781 213
57 740 258
32 733 221
49 792 243
42 705 231
21 721 201
22 790 230
59 768 227
73 739 225
39 739 210
2 709 262
4 757 229
79 770 257
7 740 279
38 760 207
81 752 290
78 730 229
86 744 255
61 792 252
50 717 281
89 757 292
74 798 294
94 712 255
35 792 201
9 746 224
89 733 282
26 727 262
3 794 277
32 702 255
75 722 210
35 739 279
18 765 251
25 782 211
62 759 275
62 766 285
91 700 222
95 700 248
82 703 268
26 703 201
2 762 246
95 718 242
33 779 242
91 714 201
42 736 289
36 727 212
6 715 288
43 703 240
45 736 240
18 719 226
32 713 212
39 785 245
23 717 294
14 746 350
19 724 317
22 774 321
38 773 352
33 778 350
34 706 396
30 710 305
11 753 330
34 723 360
46 761 302
37 736 368
50 700 318
95 759 363
0 746 340
15 744 330
54 750 364
8 759 301
17 788 349
38 781 387
71 707 337
62 770 385
78 781 313
57 740 358
32 733 321
49 792 343
42 705 331
21 721 301
22 790 330
59 768 327
73 739 325
39 739 310
2 709 362
4 757 329
79 770 357
7 740 379
38 760 307
81 752 390
78 730 329
86 744 355
61 792 352
50 717 381
89 757 392
74 798 394
94 712 355
35 792 301
9 746 324
89 733 382
26 727 362
3 794 377
32 702 355
75 722 310
35 739 379
18 765 351
25 782 311
62 759 375
62 766 385
91 700 322
95 700 348
82 703 368
26 703 301
2 762 346
95 718 342
33 779 342
91 714 301
42 736 389
36 727 312
6 715 388
43 703 340
45 736 340
18 719 326
32 713 312
39 785 345
23 717 394
14 746 450
19 724 417
22 774 421
38 773 452
33 778 450
34 706 496
30 710 405
11 753 430
34 723 460
46 761 402
37 736 468
50 700 418
95 759 463
0 746 440
15 744 430
54 750 464
8 759 401
17 788 449
38 781 487
71 707 437
62 770 485
78 781 413
57 740 458
32 733 421
49 792 443
42 705 431
21 721 401
22 790 430
59 768 427
73 739 425
39 739 410
2 709 462
4 757 429
79 770 457
7 740 479
38 760 407
81 752 490
78 730 429
86 744 455
61 792 452
50 717 481
89 757 492
74 798 494
94 712 455
35 792 401
9 746 424
89 733 482
26 727 462
3 794 477
32 702 455
75 722 410
35 739 479
18 765 451
25 782 411
62 759 475
62 766 485
91 700 422
95 700 448
82 703 468
26 703 401
2 762 446
95 718 442
33 779 442
91 714 401
42 736 489
36 727 412
6 715 488
43 703 440
45 736 440
18 719 426
32 713 412
39 785 445
23 717 494
14 746 550
19 724 517
22 774 521
38 773 552
33 778 550
34 706 596
30 710 505
11 753 530
34 723 560
46 761 502
37 736 568
50 700 518
95 759 563
0 746 540
15 744 530
54 750 564
8 759 501
17 788 549
38 781 587
71 707 537
62 770 585
78 781 513
57 740 558
32 733 521
49 792 543
42 705 531
21 721 501
22 790 530
59 768 527
73 739 525
39 739 510
2 709 562
4 757 529
79 770 557
7 740 579
38 760 507
81 752 590
78 730 529
86 744 555
61 792 552
50 717 581
89 757 592
74 798 594
94 712 555
35 792 501
9 746 524
89 733 582
26 727 562
3 794 577
32 702 555
75 722 510
35 739 579
18 765 551
25 782 511
62 759 575
62 766 585
91 700 522
95 700 548
82 703 568
26 703 501
2 762 546
95 718 542
33 779 542
91 714 501
42 736 589
36 727 512
6 715 588
43 703 540
45 736 540
18 719 526
32 713 512
39 785 545
23 717 594
14 746 650
19 724 617
22 774 621
38 773 652
33 778 650
34 706 696
30 710 605
11 753 630
34 723 660
46 761 602
37 736 668
50 700 618
95 759 663
0 746 640
15 744 630
54 750 664
8 759 601
17 788 649
38 781 687
71 707 637
62 770 685
78 781 613
57 740 658
32 733 621
49 792 643
42 705 631
21 721 601
22 790 630
59 768 627
73 739 625
39 739 610
2 709 662
4 757 629
79 770 657
7 740 679
38 760 607
81 752 690
78 730 629
86 744 655
61 792 652
50 717 681
89 757 692
74 798 694
94 712 655
35 792 601
9 746 624
89 733 682
26 727 662
3 794 677
32 702 655
75 722 610
35 739 679
18 765 651
25 782 611
62 759 675
62 766 685
91 700 622
95 700 648
82 703 668
26 703 601
2 762 646
95 718 642
33 779 642
91 714 601
42 736 689
36 727 612
6 715 688
43 703 640
45 736 640
18 719 626
32 713 612
39 785 645
23 717 694
14 746 750
19 724 717
22 774 721
38 773 752
33 778 750
34 706 796
30 710 705
11 753 730
34 723 760
46 761 702
37 736 768
50 700 718
95 759 763
0 746 740
15 744 730
54 750 764
8 759 701
17 788 749
38 781 787
71 707 737
62 770 785
78 781 713
57 740 758
32 733 721
49 792 743
42 705 731
21 721 701
22 790 730
59 768 727
73 739 725
39 739 710
2 709 762
4 757 729
79 770 757
7 740 779
38 760 707
81 752 790
78 730 729
86 744 755
61 792 752
50 717 781
89 757 792
74 798 794
94 712 755
35 792 701
9 746 724
89 733 782
26 727 762
3 794 777
32 702 755
75 722 710
35 739 779
18 765 751
25 782 711
62 759 775
62 766 785
91 700 722
95 700 748
82 703 768
26 703 701
2 762 746
95 718 742
33 779 742
91 714 701
42 736 789
36 727 712
6 715 788
43 703 740
45 736 740
18 719 726
32 713 712
39 785 745
23 717 794
14 746 850
19 724 817
22 774 821
38 773 852
33 778 850
34 706 896
30 710 805
11 753 830
34 723 860
46 761 802
37 736 868
50 700 818
95 759 863
0 746 840
15 744 830
54 750 864
8 759 801
17 788 849
38 781 887
71 707 837
62 770 885
78 781 813
57 740 858
32 733 821
49 792 843
42 705 831
21 721 801
22 790 830
59 768 827
73 739 825
39 739 810
2 709 862
4 757 829
79 770 857
7 740 879
38 760 807
81 752 890
78 730 829
86 744 855
61 792 852
50 717 881
89 757 892
74 798 894
94 712 855
35 792 801
9 746 824
89 733 882
26 727 862
3 794 877
32 702 855
75 722 810
35 739 879
18 765 851
25 782 811
62 759 875
62 766 885
91 700 822
95 700 848
82 703 868
26 703 801
2 762 846
95 718 842
33 779 842
91 714 801
42 736 889
36 727 812
6 715 888
43 703 840
45 736 840
18 719 826
32 713 812
39 785 845
23 717 894
14 746 950
19 724 917
22 774 921
38 773 952
33 778 950
34 706 996
30 710 905
11 753 930
34 723 960
46 761 902
37 736 968
50 700 918
95 759 963
0 746 940
15 744 930
54 750 964
8 759 901
17 788 949
38 781 987
71 707 937
62 770 985
78 781 913
57 740 958
32 733 921
49 792 943
42 705 931
21 721 901
22 790 930
59 768 927
73 739 925
39 739 910
2 709 962
4 757 929
79 770 957
7 740 979
38 760 907
81 752 990
78 730 929
86 744 955
61 792 952
50 717 981
89 757 992
74 798 994
94 712 955
35 792 901
9 746 924
89 733 982
26 727 962
3 794 977
32 702 955
75 722 910
35 739 979
18 765 951
25 782 911
62 759 975
62 766 985
91 700 922
95 700 948
82 703 968
26 703 901
2 762 946
95 718 942
33 779 942
91 714 901
42 736 989
36 727 912
6 715 988
43 703 940
45 736 940
18 719 926
32 713 912
39 785 945
23 717 994
14 846 50
19 824 17
22 874 21
38 873 52
33 878 50
34 806 96
30 810 5
11 853 30
34 823 60
46 861 2
37 836 68
50 800 18
95 859 63
0 846 40
15 844 30
54 850 64
8 859 1
17 888 49
38 881 87
71 807 37
62 870 85
78 881 13
57 840 58
32 833 21
49 892 43
42 805 31
21 821 1
22 890 30
59 868 27
73 839 25
39 839 10
2 809 62
4 857 29
79 870 57
7 840 79
38 860 7
81 852 90
78 830 29
86 844 55
61 892 52
50 817 81
89 857 92
74 898 94
94 812 55
35 892 1
9 846 24
89 833 82
26 827 62
3 894 77
32 802 55
75 822 10
35 839 79
18 865 51
25 882 11
62 859 75
62 866 85
91 800 22
95 800 48
82 803 68
26 803 1
2 862 46
95 818 42
33 879 42
91 814 1
42 836 89
36 827 12
6 815 88
43 803 40
45 836 40
18 819 26
32 813 12
39 885 45
23 817 94
14 846 150
19 824 117
22 874 121
38 873 152
33 878 150
34 806 196
30 810 105
11 853 130
34 823 160
46 861 102
37 836 168
50 800 118
95 859 163
0 846 140
15 844 130
54 850 164
8 859 101
17 888 149
38 881 187
71 807 137
62 870 185
78 881 113
57 840 158
32 833 121
49 892 143
42 805 131
21 821 101
22 890 130
59 868 127
73 839 125
39 839 110
2 809 162
4 857 129
79 870 157
7 840 179
38 860 107
81 852 190
78 830 129
86 844 155
61 892 152
50 817 181
89 857 192
74 898 194
94 812 155
35 892 101
9 846 124
89 833 182
26 827 162
3 894 177
32 802 155
75 822 110
35 839 179
18 865 151
25 882 111
62 859 175
62 866 185
91 800 122
95 800 148
82 803 168
26 803 101
2 862 146
95 818 142
33 879 142
91 814 101
42 836 189
36 827 112
6 815 188
43 803 140
45 836 140
18 819 126
32 813 112
39 885 145
23 817 194
14 846 250
19 824 217
22 874 221
38 873 252
33 878 250
34 806 296
30 810 205
11 853 230
34 823 260
46 861 202
37 836 268
50 800 218
95 859 263
0 846 240
15 844 230
54 850 264
8 859 201
17 888 249
38 881 287
71 807 237
62 870 285
78 881 213
57 840 258
32 833 221
49 892 243
42 805 231
21 821 201
22 890 230
59 868 227
73 839 225
39 839 210
2 809 262
4 857 229
79 870 257
7 840 279
38 860 207
81 852 290
78 830 229
86 844 255
61 892 252
50 817 281
89 857 292
74 898 294
94 812 255
35 892 201
9 846 224
89 833 282
26 827 262
3 894 277
32 802 255
75 822 210
35 839 279
18 865 251
25 882 211
62 859 275
62 866 285
91 800 222
95 800 248
82 803 268
26 803 201
2 862 246
95 818 242
33 879 242
91 814 201
42 836 289
36 827 212
6 815 288
43 803 240
45 836 240
18 819 226
32 813 212
39 885 245
23 817 294
14 846 350
19 824 317
22 874 321
38 873 352
33 878 350
34 806 396
30 810 305
11 853 330
34 823 360
46 861 302
37 836 368
50 800 318
95 859 363
0 846 340
15 844 330
54 850 364
8 859 301
17 888 349
38 881 387
71 807 337
62 870 385
78 881 313
57 840 358
32 833 321
49 892 343
42 805 331
21 821 301
22 890 330
59 868 327
73 839 325
39 839 310
2 809 362
4 857 329
79 870 357
7 840 379
38 860 307
81 852 390
78 830 329
86 844 355
61 892 352
50 817 381
89 857 392
74 898 394
94 812 355
35 892 301
9 846 324
89 833 382
26 827 362
3 894 377
32 802 355
75 822 310
35 839 379
18 865 351
25 882 311
62 859 375
62 866 385
91 800 322
95 800 348
82 803 368
26 803 301
2 862 346
95 818 342
33 879 342
91 814 301
42 836 389
36 827 312
6 815 388
43 803 340
45 836 340
18 819 326
32 813 312
39 885 345
23 817 394
14 846 450
19 824 417
22 874 421
38 873 452
33 878 450
34 806 496
30 810 405
11 853 430
34 823 460
46 861 402
37 836 468
50 800 418
95 859 463
0 846 440
15 844 430
54 850 464
8 859 401
17 888 449
38 881 487
71 807 437
62 870 485
78 881 413
57 840 458
32 833 421
49 892 443
42 805 431
21 821 401
22 890 430
59 868 427
73 839 425
39 839 410
2 809 462
4 857 429
79 870 457
7 840 479
38 860 407
81 852 490
78 830 429
86 844 455
61 892 452
50 817 481
89 857 492
74 898 494
94 812 455
35 892 401
9 846 424
89 833 482
26 827 462
3 894 477
32 802 455
75 822 410
35 839 479
18 865 451
25 882 411
62 859 475
62 866 485
91 800 422
95 800 448
82 803 468
26 803 401
2 862 446
95 818 442
33 879 442
91 814 401
42 836 489
36 827 412
6 815 488
43 803 440
45 836 440
18 819 426
32 813 412
39 885 445
23 817 494
14 846 550
19 824 517
22 874 521
38 873 552
33 878 550
34 806 596
30 810 505
11 853 530
34 823 560
46 861 502
37 836 568
50 800 518
95 859 563
0 846 540
15 844 530
54 850 564
8 859 501
17 888 549
38 881 587
71 807 537
62 870 585
78 881 513
57 840 558
32 833 521
49 892 543
42 805 531
21 821 501
22 890 530
59 868 527
73 839 525
39 839 510
2 809 562
4 857 529
79 870 557
7 840 579
38 860 507
81 852 590
78 830 529
86 844 555
61 892 552
50 817 581
89 857 592
74 898 594
94 812 555
35 892 501
9 846 524
89 833 582
26 827 562
3 894 577
32 802 555
75 822 510
35 839 579
18 865 551
25 882 511
62 859 575
62 866 585
91 800 522
95 800 548
82 803 568
26 803 501
2 862 546
95 818 542
33 879 542
91 814 501
42 836 589
36 827 512
6 815 588
43 803 540
45 836 540
18 819 526
32 813 512
39 885 545
23 817 594
14 846 650
19 824 617
22 874 621
38 873 652
33 878 650
34 806 696
30 810 605
11 853 630
34 823 660
46 861 602
37 836 668
50 800 618
95 859 663
0 846 640
15 844 630
54 850 664
8 859 601
17 888 649
38 881 687
71 807 637
62 870 685
78 881 613
57 840 658
32 833 621
49 892 643
42 805 631
21 821 601
22 890 630
59 868 627
73 839 625
39 839 610
2 809 662
4 857 629
79 870 657
7 840 679
38 860 607
81 852 690
78 830 629
86 844 655
61 892 652
50 817 681
89 857 692
74 898 694
94 812 655
35 892 601
9 846 624
89 833 682
26 827 662
3 894 677
32 802 655
75 822 610
35 839 679
18 865 651
25 882 611
62 859 675
62 866 685
91 800 622
95 800 648
82 803 668
26 803 601
2 862 646
95 818 642
33 879 642
91 814 601
42 836 689
36 827 612
6 815 688
43 803 640
45 836 640
18 819 626
32 813 612
39 885 645
23 817 694
14 846 750
19 824 717
22 874 721
38 873 752
33 878 750
34 806 796
30 810 705
11 853 730
34 823 760
46 861 702
37 836 768
50 800 718
95 859 763
0 846 740
15 844 730
54 850 764
8 859 701
17 888 749
38 881 787
71 807 737
62 870 785
78 881 713
57 840 758
32 833 721
49 892 743
42 805 731
21 821 701
22 890 730
59 868 727
73 839 725
39 839 710
2 809 762
4 857 729
79 870 757
7 840 779
38 860 707
81 852 790
78 830 729
86 844 755
61 892 752
50 817 781
89 857 792
74 898 794
94 812 755
35 892 701
9 846 724
89 833 782
26 827 762
3 894 777
32 802 755
75 822 710
35 839 779
18 865 751
25 882 711
62 859 775
62 866 785
91 800 722
95 800 748
82 803 768
26 803 701
2 862 746
95 818 742
33 879 742
91 814 701
42 836 789
36 827 712
6 815 788
43 803 740
45 836 740
18 819 726
32 813 712
39 885 745
23 817 794
14 846 850
19 824 817
22 874 821
38 873 852
33 878 850
34 806 896
30 810 805
11 853 830
34 823 860
46 861 802
37 836 868
50 800 818
95 859 863
0 846 840
15 844 830
54 850 864
8 859 801
17 888 849
38 881 887
71 807 837
62 870 885
78 881 813
57 840 858
32 833 821
49 892 843
42 805 831
21 821 801
22 890 830
59 868 827
73 839 825
39 839 810
2 809 862
4 857 829
79 870 857
7 840 879
38 860 807
81 852 890
78 830 829
86 844 855
61 892 852
50 817 881
89 857 892
74 898 894
94 812 855
35 892 801
9 846 824
89 833 882
26 827 862
3 894 877
32 802 855
75 822 810
35 839 879
18 865 851
25 882 811
62 859 875
62 866 885
91 800 822
95 800 848
82 803 868
26 803 801
2 862 846
95 818 842
33 879 842
91 814 801
42 836 889
36 827 812
6 815 888
43 803 840
45 836 840
18 819 826
32 813 812
39 885 845
23 817 894
14 846 950
19 824 917
22 874 921
38 873 952
33 878 950
34 806 996
30 810 905
11 853 930
34 823 960
46 861 902
37 836 968
50 800 918
95 859 963
0 846 940
15 844 930
54 850 964
8 859 901
17 888 949
38 881 987
71 807 937
62 870 985
78 881 913
57 840 958
32 833 921
49 892 943
42 805 931
21 821 901
22 890 930
59 868 927
73 839 925
39 839 910
2 809 962
4 857 929
79 870 957
7 840 979
38 860 907
81 852 990
78 830 929
86 844 955
61 892 952
50 817 981
89 857 992
74 898 994
94 812 955
35 892 901
9 846 924
89 833 982
26 827 962
3 894 977
32 802 955
75 822 910
35 839 979
18 865 951
25 882 911
62 859 975
62 866 985
91 800 922
95 800 948
82 803 968
26 803 901
2 862 946
95 818 942
33 879 942
91 814 901
42 836 989
36 827 912
6 815 988
43 803 940
45 836 940
18 819 926
32 813 912
39 885 945
23 817 994
14 946 50
19 924 17
22 974 21
38 973 52
33 978 50
34 906 96
30 910 5
11 953 30
34 923 60
46 961 2
37 936 68
50 900 18
95 959 63
0 946 40
15 944 30
54 950 64
8 959 1
17 988 49
38 981 87
71 907 37
62 970 85
78 981 13
57 940 58
32 933 21
49 992 43
42 905 31
21 921 1
22 990 30
59 968 27
73 939 25
39 939 10
2 909 62
4 957 29
79 970 57
7 940 79
38 960 7
81 952 90
78 930 29
86 944 55
61 992 52
50 917 81
89 957 92
74 998 94
94 912 55
35 992 1
9 946 24
89 933 82
26 927 62
3 994 77
32 902 55
75 922 10
35 939 79
18 965 51
25 982 11
62 959 75
62 966 85
91 900 22
95 900 48
82 903 68
26 903 1
2 962 46
95 918 42
33 979 42
91 914 1
42 936 89
36 927 12
6 915 88
43 903 40
45 936 40
18 919 26
32 913 12
39 985 45
23 917 94
14 946 150
19 924 117
22 974 121
38 973 152
33 978 150
34 906 196
30 910 105
11 953 130
34 923 160
46 961 102
37 936 168
50 900 118
95 959 163
0 946 140
15 944 130
54 950 164
8 959 101
17 988 149
38 981 187
71 907 137
62 970 185
78 981 113
57 940 158
32 933 121
49 992 143
42 905 131
21 921 101
22 990 130
59 968 127
73 939 125
39 939 110
2 909 162
4 957 129
79 970 157
7 940 179
38 960 107
81 952 190
78 930 129
86 944 155
61 992 152
50 917 181
89 957 192
74 998 194
94 912 155
35 992 101
9 946 124
89 933 182
26 927 162
3 994 177
32 902 155
75 922 110
35 939 179
18 965 151
25 982 111
62 959 175
62 966 185
91 900 122
95 900 148
82 903 168
26 903 101
2 962 146
95 918 142
33 979 142
91 914 101
42 936 189
36 927 112
6 915 188
43 903 140
45 936 140
18 919 126
32 913 112
39 985 145
23 917 194
14 946 250
19 924 217
22 974 221
38 973 252
33 978 250
34 906 296
30 910 205
11 953 230
34 923 260
46 961 202
37 936 268
50 900 218
95 959 263
0 946 240
15 944 230
54 950 264
8 959 201
17 988 249
38 981 287
71 907 237
62 970 285
78 981 213
57 940 258
32 933 221
49 992 243
42 905 231
21 921 201
22 990 230
59 968 227
73 939 225
39 939 210
2 909 262
4 957 229
79 970 257
7 940 279
38 960 207
81 952 290
78 930 229
86 944 255
61 992 252
50 917 281
89 957 292
74 998 294
94 912 255
35 992 201
9 946 224
89 933 282
26 927 262
3 994 277
32 902 255
75 922 210
35 939 279
18 965 251
25 982 211
62 959 275
62 966 285
91 900 222
95 900 248
82 903 268
26 903 201
2 962 246
95 918 242
33 979 242
91 914 201
42 936 289
36 927 212
6 915 288
43 903 240
45 936 240
18 919 226
32 913 212
39 985 245
23 917 294
14 946 350
19 924 317
22 974 321
38 973 352
33 978 350
34 906 396
30 910 305
11 953 330
34 923 360
46 961 302
37 936 368
50 900 318
95 959 363
0 946 340
15 944 330
54 950 364
8 959 301
17 988 349
38 981 387
71 907 337
62 970 385
78 981 313
57 940 358
32 933 321
49 992 343
42 905 331
21 921 301
22 990 330
59 968 327
73 939 325
39 939 310
2 909 362
4 957 329
79 970 357
7 940 379
38 960 307
81 952 390
78 930 329
86 944 355
61 992 352
50 917 381
89 957 392
74 998 394
94 912 355
35 992 301
9 946 324
89 933 382
26 927 362
3 994 377
32 902 355
75 922 310
35 939 379
18 965 351
25 982 311
62 959 375
62 966 385
91 900 322
95 900 348
82 903 368
26 903 301
2 962 346
95 918 342
33 979 342
91 914 301
42 936 389
36 927 312
6 915 388
43 903 340
45 936 340
18 919 326
32 913 312
39 985 345
23 917 394
14 946 450
19 924 417
22 974 421
38 973 452
33 978 450
34 906 496
30 910 405
11 953 430
34 923 460
46 961 402
37 936 468
50 900 418
95 959 463
0 946 440
15 944 430
54 950 464
8 959 401
17 988 449
38 981 487
71 907 437
62 970 485
78 981 413
57 940 458
32 933 421
49 992 443
42 905 431
21 921 401
22 990 430
59 968 427
73 939 425
39 939 410
2 909 462
4 957 429
79 970 457
7 940 479
38 960 407
81 952 490
78 930 429
86 944 455
61 992 452
50 917 481
89 957 492
74 998 494
94 912 455
35 992 401
9 946 424
89 933 482
26 927 462
3 994 477
32 902 455
75 922 410
35 939 479
18 965 451
25 982 411
62 959 475
62 966 485
91 900 422
95 900 448
82 903 468
26 903 401
2 962 446
95 918 442
33 979 442
91 914 401
42 936 489
36 927 412
6 915 488
43 903 440
45 936 440
18 919 426
32 913 412
39 985 445
23 917 494
14 946 550
19 924 517
22 974 521
38 973 552
33 978 550
34 906 596
30 910 505
11 953 530
34 923 560
46 961 502
37 936 568
50 900 518
95 959 563
0 946 540
15 944 530
54 950 564
8 959 501
17 988 549
38 981 587
71 907 537
62 970 585
78 981 513
57 940 558
32 933 521
49 992 543
42 905 531
21 921 501
22 990 530
59 968 527
73 939 525
39 939 510
2 909 562
4 957 529
79 970 557
7 940 579
38 960 507
81 952 590
78 930 529
86 944 555
61 992 552
50 917 581
89 957 592
74 998 594
94 912 555
35 992 501
9 946 524
89 933 582
26 927 562
3 994 577
32 902 555
75 922 510
35 939 579
18 965 551
25 982 511
62 959 575
62 966 585
91 900 522
95 900 548
82 903 568
26 903 501
2 962 546
95 918 542
33 979 542
91 914 501
42 936 589
36 927 512
6 915 588
43 903 540
45 936 540
18 919 526
32 913 512
39 985 545
23 917 594
14 946 650
19 924 617
22 974 621
38 973 652
33 978 650
34 906 696
30 910 605
11 953 630
34 923 660
46 961 602
37 936 668
50 900 618
95 959 663
0 946 640
15 944 630
54 950 664
8 959 601
17 988 649
38 981 687
71 907 637
62 970 685
78 981 613
57 940 658
32 933 621
49 992 643
42 905 631
21 921 601
22 990 630
59 968 627
73 939 625
39 939 610
2 909 662
4 957 629
79 970 657
7 940 679
38 960 607
81 952 690
78 930 629
86 944 655
61 992 652
50 917 681
89 957 692
74 998 694
94 912 655
35 992 601
9 946 624
89 933 682
26 927 662
3 994 677
32 902 655
75 922 610
35 939 679
18 965 651
25 982 611
62 959 675
62 966 685
91 900 622
95 900 648
82 903 668
26 903 601
2 962 646
95 918 642
33 979 642
91 914 601
42 936 689
36 927 612
6 915 688
43 903 640
45 936 640
18 919 626
32 913 612
39 985 645
23 917 694
14 946 750
19 924 717
22 974 721
38 973 752
33 978 750
34 906 796
30 910 705
11 953 730
34 923 760
46 961 702
37 936 768
50 900 718
95 959 763
0 946 740
15 944 730
54 950 764
8 959 701
17 988 749
38 981 787
71 907 737
62 970 785
78 981 713
57 940 758
32 933 721
49 992 743
42 905 731
21 921 701
22 990 730
59 968 727
73 939 725
39 939 710
2 909 762
4 957 729
79 970 757
7 940 779
38 960 707
81 952 790
78 930 729
86 944 755
61 992 752
50 917 781
89 957 792
74 998 794
94 912 755
35 992 701
9 946 724
89 933 782
26 927 762
3 994 777
32 902 755
75 922 710
35 939 779
18 965 751
25 982 711
62 959 775
62 966 785
91 900 722
95 900 748
82 903 768
26 903 701
2 962 746
95 918 742
33 979 742
91 914 701
42 936 789
36 927 712
6 915 788
43 903 740
45 936 740
18 919 726
32 913 712
39 985 745
23 917 794
14 946 850
19 924 817
22 974 821
38 973 852
33 978 850
34 906 896
30 910 805
11 953 830
34 923 860
46 961 802
37 936 868
50 900 818
95 959 863
0 946 840
15 944 830
54 950 864
8 959 801
17 988 849
38 981 887
71 907 837
62 970 885
78 981 813
57 940 858
32 933 821
49 992 843
42 905 831
21 921 801
22 990 830
59 968 827
73 939 825
39 939 810
2 909 862
4 957 829
79 970 857
7 940 879
38 960 807
81 952 890
78 930 829
86 944 855
61 992 852
50 917 881
89 957 892
74 998 894
94 912 855
35 992 801
9 946 824
89 933 882
26 927 862
3 994 877
32 902 855
75 922 810
35 939 879
18 965 851
25 982 811
62 959 875
62 966 885
91 900 822
95 900 848
82 903 868
26 903 801
2 962 846
95 918 842
33 979 842
91 914 801
42 936 889
36 927 812
6 915 888
43 903 840
45 936 840
18 919 826
32 913 812
39 985 845
23 917 894
14 946 950
19 924 917
22 974 921
38 973 952
33 978 950
34 906 996
30 910 905
11 953 930
34 923 960
46 961 902
37 936 968
50 900 918
95 959 963
0 946 940
15 944 930
54 950 964
8 959 901
17 988 949
38 981 987
71 907 937
62 970 985
78 981 913
57 940 958
32 933 921
49 992 943
42 905 931
21 921 901
22 990 930
59 968 927
73 939 925
39 939 910
2 909 962
4 957 929
79 970 957
7 940 979
38 960 907
81 952 990
78 930 929
86 944 955
61 992 952
50 917 981
89 957 992
74 998 994
94 912 955
35 992 901
9 946 924
89 933 982
26 927 962
3 994 977
32 902 955
75 922 910
35 939 979
18 965 951
25 982 911
62 959 975
62 966 985
91 900 922
95 900 948
82 903 968
26 903 901
2 962 946
95 918 942
33 979 942
91 914 901
42 936 989
36 927 912
6 915 988
43 903 940
45 936 940
18 919 926
32 913 912
39 985 945
23 917 994
138 48 45
195 54 48
165 9 58
131 22 6
196 66 27
142 71 24
191 15 81
138 48 145
195 54 148
165 9 158
131 22 106
196 66 127
142 71 124
191 15 181
138 48 245
195 54 248
165 9 258
131 22 206
196 66 227
142 71 224
191 15 281
138 48 345
195 54 348
165 9 358
131 22 306
196 66 327
142 71 324
191 15 381
138 48 445
195 54 448
165 9 458
131 22 406
196 66 427
142 71 424
191 15 481
138 48 545
195 54 548
165 9 558
131 22 506
196 66 527
142 71 524
191 15 581
138 48 645
195 54 648
165 9 658
131 22 606
196 66 627
142 71 624
191 15 681
138 48 745
195 54 748
165 9 758
131 22 706
196 66 727
142 71 724
191 15 781
138 48 845
195 54 848
165 9 858
131 22 806
196 66 827
142 71 824
191 15 881
138 48 945
195 54 948
165 9 958
131 22 906
196 66 927
142 71 924
191 15 981
138 148 45
195 154 48
165 109 58
131 122 6
196 166 27
142 171 24
191 115 81
138 148 145
195 154 148
165 109 158
131 122 106
196 166 127
142 171 124
191 115 181
138 148 245
195 154 248
165 109 258
131 122 206
196 166 227
142 171 224
191 115 281
138 148 345
195 154 348
165 109 358
131 122 306
196 166 327
142 171 324
191 115 381
138 148 445
195 154 448
165 109 458
131 122 406
196 166 427
142 171 424
191 115 481
138 148 545
195 154 548
165 109 558
131 122 506
196 166 527
142 171 524
191 115 581
138 148 645
195 154 648
165 109 658
131 122 606
196 166 627
142 171 624
191 115 681
138 148 745
195 154 748
165 109 758
131 122 706
196 166 727
142 171 724
191 115 781
138 148 845
195 154 848
165 109 858
131 122 806
196 166 827
142 171 824
191 115 881
138 148 945
195 154 948
165 109 958
131 122 906
196 166 927
142 171 924
191 115 981
138 248 45
195 254 48
165 209 58
131 222 6
196 266 27
142 271 24
191 215 81
138 248 145
195 254 148
165 209 158
131 222 106
196 266 127
142 271 124
191 215 181
138 248 245
195 254 248
165 209 258
131 222 206
196 266 227
142 271 224
191 215 281
138 248 345
195 254 348
165 209 358
131 222 306
196 266 327
142 271 324
191 215 381
138 248 445
195 254 448
165 209 458
131 222 406
196 266 427
142 271 424
191 215 481
138 248 545
195 254 548
165 209 558
131 222 506
196 266 527
142 271 524
191 215 581
138 248 645
195 254 648
165 209 658
131 222 606
196 266 627
142 271 624
191 215 681
138 248 745
195 254 748
165 209 758
131 222 706
196 266 727
142 271 724
191 215 781
138 248 845
195 254 848
165 209 858
131 222 806
196 266 827
142 271 824
191 215 881
138 248 945
195 254 948
165 209 958
131 222 906
196 266 927
142 271 924
191 215 981
138 348 45
195 354 48
165 309 58
131 322 6
196 366 27
142 371 24
191 315 81
138 348 145
195 354 148
165 309 158
131 322 106
196 366 127
142 371 124
191 315 181
138 348 245
195 354 248
165 309 258
131 322 206
196 366 227
142 371 224
191 315 281
138 348 345
195 354 348
165 309 358
131 322 306
196 366 327
142 371 324
191 315 381
138 348 445
195 354 448
165 309 458
131 322 406
196 366 427
142 371 424
191 315 481
138 348 545
195 354 548
165 309 558
131 322 506
196 366 527
142 371 524
191 315 581
138 348 645
195 354 648
165 309 658
131 322 606
196 366 627
142 371 624
191 315 681
138 348 745
195 354 748
165 309 758
131 322 706
196 366 727
142 371 724
191 315 781
138 348 845
195 354 848
165 309 858
131 322 806
196 366 827
142 371 824
191 315 881
138 348 945
195 354 948
165 309 958
131 322 906
196 366 927
142 371 924
191 315 981
138 448 45
195 454 48
165 409 58
131 422 6
196 466 27
142 471 24
191 415 81
138 448 145
195 454 148
165 409 158
131 422 106
196 466 127
142 471 124
191 415 181
138 448 245
195 454 248
165 409 258
131 422 206
196 466 227
142 471 224
191 415 281
138 448 345
195 454 348
165 409 358
131 422 306
196 466 327
142 471 324
191 415 381
138 448 445
195 454 448
165 409 458
131 422 406
196 466 427
142 471 424
191 415 481
138 448 545
195 454 548
165 409 558
131 422 506
196 466 527
142 471 524
191 415 581
138 448 645
195 454 648
165 409 658
131 422 606
196 466 627
142 471 624
191 415 681
138 448 745
195 454 748
165 409 758
131 422 706
196 466 727
142 471 724
191 415 781
138 448 845
195 454 848
165 409 858
131 422 806
196 466 827
142 471 824
191 415 881
138 448 945
195 454 948
165 409 958
131 422 906
196 466 927
142 471 924
191 415 981
138 548 45
195 554 48
165 509 58
131 522 6
196 566 27
142 571 24
191 515 81
138 548 145
195 554 148
165 509 158
131 522 106
196 566 127
142 571 124
191 515 181
138 548 245
195 554 248
165 509 258
131 522 206
196 566 227
142 571 224
191 515 281
138 548 345
195 554 348
165 509 358
131 522 306
196 566 327
142 571 324
191 515 381
138 548 445
195 554 448
165 509 458
131 522 406
196 566 427
142 571 424
191 515 481
138 548 545
195 554 548
165 509 558
131 522 506
196 566 527
142 571 524
191 515 581
138 548 645
195 554 648
165 509 658
131 522 606
196 566 627
142 571 624
191 515 681
138 548 745
195 554 748
165 509 758
131 522 706
196 566 727
142 571 724
191 515 781
138 548 845
195 554 848
165 509 858
131 522 806
196 566 827
142 571 824
191 515 881
138 548 945
195 554 948
165 509 958
131 522 906
196 566 927
142 571 924
191 515 981
138 648 45
195 654 48
165 609 58
131 622 6
196 666 27
142 671 24
191 615 81
138 648 145
195 654 148
165 609 158
131 622 106
196 666 127
142 671 124
191 615 181
138 648 245
195 654 248
165 609 258
131 622 206
196 666 227
142 671 224
191 615 281
138 648 345
195 654 348
165 609 358
131 622 306
196 666 327
142 671 324
191 615 381
138 648 445
195 654 448
165 609 458
131 622 406
196 666 427
142 671 424
191 615 481
138 648 545
195 654 548
165 609 558
131 622 506
196 666 527
142 671 524
191 615 581
138 648 645
195 654 648
165 609 658
131 622 606
196 666 627
142 671 624
191 615 681
138 648 745
195 654 748
165 609 758
131 622 706
196 666 727
142 671 724
191 615 781
138 648 845
195 654 848
165 609 858
131 622 806
196 666 827
142 671 824
191 615 881
138 648 945
195 654 948
165 609 958
131 622 906
196 666 927
142 671 924
191 615 981
138 748 45
195 754 48
165 709 58
131 722 6
196 766 27
142 771 24
191 715 81
138 748 145
195 754 148
165 709 158
131 722 106
196 766 127
142 771 124
191 715 181
138 748 245
195 754 248
165 709 258
131 722 206
196 766 227
142 771 224
191 715 281
138 748 345
195 754 348
165 709 358
131 722 306
196 766 327
142 771 324
191 715 381
138 748 445
195 754 448
165 709 458
131 722 406
196 766 427
142 771 424
191 715 481
138 748 545
195 754 548
165 709 558
131 722 506
196 766 527
142 771 524
191 715 581
138 748 645
195 754 648
165 709 658
131 722 606
196 766 627
142 771 624
191 715 681
138 748 745
195 754 748
165 709 758
131 722 706
196 766 727
142 771 724
191 715 781
138 748 845
195 754 848
165 709 858
131 722 806
196 766 827
142 771 824
191 715 881
138 748 945
195 754 948
165 709 958
131 722 906
196 766 927
142 771 924
191 715 981
138 848 45
195 854 48
165 809 58
131 822 6
196 866 27
142 871 24
191 815 81
138 848 145
195 854 148
165 809 158
131 822 106
196 866 127
142 871 124
191 815 181
138 848 245
195 854 248
165 809 258
131 822 206
196 866 227
142 871 224
191 815 281
138 848 345
195 854 348
165 809 358
131 822 306
196 866 327
142 871 324
191 815 381
138 848 445
195 854 448
165 809 458
131 822 406
196 866 427
142 871 424
191 815 481
138 848 545
195 854 548
165 809 558
131 822 506
196 866 527
142 871 524
191 815 581
138 848 645
195 854 648
165 809 658
131 822 606
196 866 627
142 871 624
191 815 681
138 848 745
195 854 748
165 809 758
131 822 706
196 866 727
142 871 724
191 815 781
138 848 845
195 854 848
165 809 858
131 822 806
196 866 827
142 871 824
191 815 881
138 848 945
195 854 948
165 809 958
131 822 906
196 866 927
142 871 924
191 815 981
138 948 45
195 954 48
165 909 58
131 922 6
196 966 27
142 971 24
191 915 81
138 948 145
195 954 148
165 909 158
131 922 106
196 966 127
142 971 124
191 915 181
138 948 245
195 954 248
165 909 258
131 922 206
196 966 227
142 971 224
191 915 281
138 948 345
195 954 348
165 909 358
131 922 306
196 966 327
142 971 324
191 915 381
138 948 445
195 954 448
165 909 458
131 922 406
196 966 427
142 971 424
191 915 481
138 948 545
195 954 548
165 909 558
131 922 506
196 966 527
142 971 524
191 915 581
138 948 645
195 954 648
165 909 658
131 922 606
196 966 627
142 971 624
191 915 681
138 948 745
195 954 748
165 909 758
131 922 706
196 966 727
142 971 724
191 915 781
138 948 845
195 954 848
165 909 858
131 922 806
196 966 827
142 971 824
191 915 881
138 948 945
195 954 948
165 909 958
131 922 906
196 966 927
142 971 924
191 915 981
