1118
46 12 80
22 28 43
39 18 91
14 60 88
35 29 34
6 49 72
64 24 93
70 69 86
78 53 50
12 86 45
68 55 15
15 45 10
33 73 6
14 81 58
17 46 88
20 7 59
13 29 13
73 77 76
33 79 23
38 89 77
25 68 62
30 62 3
22 61 9
8 96 84
70 39 61
41 2 52
36 69 77
56 42 12
49 96 21
35 4 33
78 35 32
51 22 64
33 65 84
42 77 32
0 26 65
3 9 47
28 22 60
28 18 39
27 57 51
6 74 40
3 38 67
56 10 4
70 44 42
58 80 29
28 59 66
38 53 93
27 44 5
63 58 10
74 62 60
74 68 7
30 88 50
76 7 96
43 81 6
53 54 70
10 46 69
54 90 58
39 16 17
16 46 33
57 48 60
62 83 66
24 52 79
66 53 81
15 40 43
77 20 64
78 33 12
69 42 69
0 68 70
15 13 94
41 58 26
21 49 12
58 31 21
78 19 29
35 74 51
61 84 46
16 2 70
14 42 60
14 87 8
36 65 76
56 97 26
76 95 66
54 16 3
47 12 43
60 70 85
24 22 0
29 49 26
15 49 49
45 8 72
46 49 31
70 45 49
55 34 37
36 20 19
25 68 93
37 10 67
30 72 74
59 92 89
18 88 28
6 6 26
7 23 95
6 89 60
70 64 47
68 70 58
35 34 73
32 65 19
23 81 41
52 1 46
67 84 3
16 90 3
73 35 2
23 53 2
7 70 37
73 8 52
20 97 0
64 92 96
49 71 94
71 14 65
14 19 69
47 62 35
77 67 80
16 21 2
33 76 93
36 11 38
0 84 86
27 33 82
15 19 54
39 84 76
76 63 16
80 59 78
55 22 72
29 58 5
7 7 12
32 2 77
8 93 30
62 77 55
24 28 28
15 98 66
30 71 44
1 6 35
45 53 40
72 47 15
62 92 43
50 78 90
22 81 34
24 70 22
63 10 93
66 33 15
31 31 79
10 94 40
25 10 75
32 79 29
6 92 14
52 71 54
57 56 20
6 81 15
9 26 6
55 88 65
15 22 6
53 90 71
35 73 69
35 80 82
5 18 10
6 45 12
77 53 35
32 63 89
23 41 75
76 10 85
62 82 79
6 99 54
26 30 5
42 10 28
7 24 90
51 94 35
47 40 5
56 83 14
26 87 21
44 67 74
44 39 29
70 94 26
51 12 32
27 46 21
77 31 95
63 45 55
41 71 3
37 43 30
5 79 3
18 25 24
63 12 22
26 38 42
65 22 79
21 77 65
75 61 40
59 28 86
12 39 94
44 1 85
2 0 79
1 4 96
34 34 34
53 85 15
36 41 65
1 71 64
16 90 35
72 22 49
49 19 66
18 12 72
25 48 52
66 26 97
9 84 92
15 32 5
67 2 15
30 8 88
48 6 27
17 51 59
1 80 86
8 40 32
47 46 40
73 26 54
32 32 45
26 52 65
56 79 5
49 98 30
6 12 22
7 24 9
33 43 86
36 17 61
45 36 87
37 45 79
51 49 46
76 59 69
38 36 53
59 34 64
39 5 2
56 73 77
18 54 31
6 87 96
49 13 5
59 34 0
59 25 48
0 45 37
32 65 35
76 52 72
76 88 6
19 10 11
76 36 37
74 3 7
63 9 80
6 40 50
68 85 41
59 47 8
32 2 90
10 75 0
6 33 88
68 16 13
23 58 38
6 90 95
41 30 62
1 65 97
6 79 70
32 9 93
72 13 30
48 55 0
16 1 67
6 62 25
69 43 37
49 38 73
42 59 72
15 83 31
31 1 42
60 13 79
60 46 18
59 31 68
6 13 73
76 66 64
77 0 30
35 25 70
69 77 40
34 30 24
6 55 45
54 85 72
21 49 35
32 1 97
57 17 58
18 3 50
36 25 89
2 70 47
50 71 33
72 83 52
6 87 11
72 80 14
24 75 92
32 43 48
72 47 31
24 42 81
26 94 71
35 90 38
45 21 35
38 74 87
1 41 78
38 18 33
32 56 15
18 47 76
51 16 45
53 73 17
18 1 27
15 9 78
35 30 17
72 17 9
72 16 57
51 68 43
69 63 69
50 55 43
71 17 69
77 36 95
6 24 6
36 59 96
71 76 58
18 54 12
36 45 66
6 78 88
6 66 42
16 8 40
1 21 95
77 55 34
25 66 66
6 39 2
34 62 86
73 1 90
78 11 58
63 23 68
34 18 73
18 50 60
32 33 32
36 5 86
32 15 7
32 71 36
35 62 17
25 89 54
59 42 16
6 60 97
72 85 62
32 79 2
24 55 78
59 63 27
6 20 99
51 1 9
18 98 12
15 82 87
49 98 50
45 78 60
36 45 71
15 66 13
6 12 38
6 91 3
6 13 14
18 91 97
47 1 57
44 1 94
6 25 23
51 33 7
73 76 52
32 16 77
25 9 95
59 0 87
59 54 33
74 50 87
6 87 91
32 51 12
51 59 37
18 19 64
72 67 47
6 79 27
32 16 81
6 42 41
35 39 41
10 58 20
36 0 76
59 28 77
6 65 96
6 93 70
6 64 90
49 93 10
15 40 40
59 42 2
18 67 2
32 88 99
35 8 18
32 61 86
6 7 66
147 91 73
120 36 50
153 28 18
171 67 30
91 29 38
165 66 75
82 6 74
106 56 61
94 86 55
145 66 24
166 84 37
152 93 19
159 57 19
156 15 53
111 86 52
130 26 15
166 19 21
99 1 12
115 57 70
85 64 13
113 30 71
177 89 92
159 55 76
119 66 3
136 85 29
113 2 25
87 95 8
110 81 92
130 68 39
128 10 19
165 89 22
169 47 66
145 5 69
90 62 56
142 21 86
91 95 3
97 35 18
98 2 60
115 6 19
127 62 75
99 36 58
121 71 22
111 92 66
128 38 48
98 68 0
85 69 23
117 80 63
171 21 78
101 64 30
126 27 55
180 17 1
145 29 3
169 52 37
160 87 59
125 75 69
120 0 5
88 93 7
146 28 90
151 15 39
94 76 85
119 1 21
158 23 13
103 18 76
167 94 57
92 11 92
143 93 1
101 10 15
164 95 87
178 23 86
156 9 24
165 64 15
153 56 46
155 82 55
83 57 32
99 11 60
179 1 36
89 58 45
87 36 76
143 15 32
90 17 94
104 94 79
138 6 32
118 15 69
155 19 79
130 65 26
114 94 38
134 11 8
110 88 83
103 73 37
131 26 27
85 75 55
106 38 90
86 75 4
128 98 43
102 39 23
153 43 53
138 13 12
81 90 8
111 85 98
111 77 50
165 51 28
180 72 31
126 6 90
94 33 59
118 91 24
157 31 28
84 64 10
145 28 84
97 35 25
177 7 7
113 98 59
119 20 44
140 21 54
147 52 44
101 19 23
166 17 24
107 49 73
114 9 56
140 93 50
137 20 15
126 14 86
158 60 49
104 50 54
92 61 53
160 40 85
131 67 52
117 6 79
112 76 14
147 85 34
152 62 0
155 63 80
100 32 52
136 17 46
149 27 9
115 48 9
142 52 78
154 52 6
120 3 91
163 44 83
92 94 5
101 75 27
162 84 64
167 32 46
111 16 11
82 81 70
142 35 87
148 75 64
89 4 30
127 88 89
120 53 90
85 49 66
155 49 95
148 40 19
170 53 18
113 56 89
98 92 83
89 36 0
132 90 12
83 50 64
176 42 52
107 3 77
104 39 38
88 8 8
95 27 42
95 43 7
88 43 97
100 6 83
106 1 14
95 39 78
93 64 44
174 74 41
144 68 57
111 3 87
109 13 53
134 57 84
104 24 44
93 71 77
133 32 69
88 68 47
117 78 51
124 82 50
109 66 23
114 49 90
87 57 91
127 75 45
85 91 32
148 42 10
120 14 26
106 27 60
131 9 66
85 88 76
109 7 22
99 48 86
141 1 63
165 46 98
142 51 34
178 26 72
89 96 63
95 43 65
112 13 35
165 25 8
147 33 42
117 70 17
148 62 20
128 20 85
160 63 38
170 63 81
82 47 95
92 24 35
118 15 90
87 30 47
177 71 68
130 59 33
99 79 11
146 73 96
165 51 72
123 43 16
151 71 12
106 66 55
124 17 37
167 91 93
93 64 68
120 42 84
84 45 63
179 88 16
95 34 88
149 45 1
113 19 81
109 47 74
116 6 42
158 0 59
128 22 18
162 3 10
128 51 80
162 82 56
107 31 36
85 61 30
143 78 17
143 73 11
170 83 95
91 16 82
160 30 52
149 81 89
174 3 46
128 0 36
92 19 7
110 53 85
143 62 95
108 26 23
168 44 25
128 59 91
145 39 81
129 38 8
125 58 55
92 82 26
155 65 21
147 34 8
157 25 31
96 55 61
120 23 26
119 12 61
162 14 51
159 30 27
85 97 30
178 50 95
174 20 87
138 75 80
157 30 75
117 55 57
176 74 57
153 96 68
92 45 24
113 54 54
134 78 46
165 36 0
109 69 22
159 91 55
138 26 22
96 7 67
142 21 34
162 54 74
116 96 94
178 54 65
153 72 88
93 57 9
143 39 51
164 56 39
110 38 12
149 47 0
177 81 84
142 83 85
83 89 37
95 62 49
147 82 17
89 19 7
155 31 94
131 41 93
94 87 95
119 12 74
125 11 0
165 65 90
166 63 84
84 43 1
107 95 46
142 76 25
125 80 44
166 90 81
87 25 35
106 69 91
170 99 62
155 75 85
128 44 24
81 60 61
149 46 24
109 84 29
159 80 40
87 8 32
104 48 3
104 13 47
114 93 68
165 91 78
142 36 94
97 54 25
108 89 62
143 76 19
92 63 48
155 35 73
155 85 40
112 11 53
165 88 53
130 68 17
92 14 90
162 42 73
126 20 49
109 64 64
165 18 55
128 5 39
109 90 66
85 43 67
170 32 92
111 1 74
150 2 0
82 27 47
128 81 16
129 68 12
95 96 14
83 94 90
123 97 74
172 4 89
170 3 80
115 27 30
84 93 64
130 55 11
131 28 69
172 10 44
177 84 10
92 3 49
135 34 19
121 52 19
81 23 39
160 41 45
117 59 94
149 75 12
131 49 84
128 0 56
93 81 20
152 48 43
109 57 56
145 22 22
138 68 60
170 38 12
158 51 98
170 41 9
142 96 37
155 62 23
83 15 97
170 4 25
155 49 7
170 36 7
133 34 27
158 10 33
153 35 64
169 41 20
155 35 76
142 36 91
158 78 16
160 70 29
85 46 61
96 24 59
156 51 14
124 89 71
170 27 26
117 86 80
96 58 32
172 48 92
138 13 41
158 37 23
96 79 79
136 48 56
158 44 58
148 81 22
92 98 19
170 8 12
142 97 73
155 17 21
126 25 74
170 24 84
95 68 37
151 85 21
109 56 34
170 39 61
128 83 0
143 62 31
96 63 74
84 8 38
155 57 67
96 20 91
88 72 50
158 61 21
170 21 94
155 92 9
138 80 97
109 11 83
158 0 34
105 89 28
96 28 39
96 38 67
113 6 48
158 0 70
165 69 10
166 87 54
92 21 91
155 32 8
88 31 82
166 23 20
128 85 36
170 93 28
170 2 45
84 65 94
142 44 35
166 95 91
109 68 45
97 41 49
160 56 95
93 80 81
115 73 28
123 76 81
85 78 3
96 13 89
148 76 23
165 17 29
85 19 97
109 83 63
92 8 65
142 36 31
157 33 91
85 6 38
88 98 5
84 46 12
155 13 57
160 31 84
143 17 25
114 71 26
155 94 18
128 84 96
158 27 82
109 60 58
158 96 45
96 44 91
96 5 57
85 77 52
109 79 9
96 69 51
109 66 68
158 61 98
166 18 88
178 36 3
163 24 3
131 0 72
142 0 26
165 43 94
155 95 81
128 16 60
165 70 24
165 51 21
84 29 30
85 90 42
95 84 58
85 58 13
128 79 21
109 77 63
155 31 2
124 91 80
142 21 53
158 18 56
166 45 33
113 93 22
170 47 30
138 61 73
93 51 0
146 29 57
114 97 39
85 27 75
157 4 65
166 61 49
109 97 1
137 62 92
146 15 36
146 65 36
177 75 66
83 97 34
88 70 97
166 38 79
155 37 99
83 38 61
178 32 85
148 9 71
165 44 69
158 41 71
125 63 52
165 64 98
96 97 10
158 78 71
109 5 94
93 48 69
96 42 51
93 34 50
166 48 12
133 36 69
154 28 78
109 94 80
104 50 29
166 33 11
170 3 29
165 97 7
170 37 98
172 78 82
170 93 50
172 33 77
166 85 12
92 98 42
155 39 3
170 43 29
109 9 21
165 74 21
174 81 75
85 70 21
163 54 28
170 49 82
83 35 22
142 19 62
114 19 0
93 5 0
96 55 72
158 80 34
88 57 97
177 80 20
96 50 47
115 18 42
96 57 54
128 97 56
92 78 7
85 74 65
128 0 81
166 88 58
142 93 78
106 85 82
83 25 5
89 15 24
159 28 12
110 0 51
155 64 56
81 23 31
165 27 38
124 79 36
96 41 15
131 0 1
120 42 40
166 24 54
165 5 46
165 27 89
128 39 34
131 13 39
170 87 17
85 65 18
111 26 20
177 32 90
165 83 98
142 59 25
85 38 65
91 60 44
166 55 63
146 30 89
166 9 91
128 0 20
83 70 66
165 66 47
165 52 36
111 60 1
85 58 33
158 46 75
111 38 56
158 76 94
92 76 78
126 68 25
125 48 77
146 7 70
166 71 32
88 65 51
93 68 98
170 64 21
166 96 62
142 4 28
96 48 42
96 82 65
165 65 46
115 75 49
151 66 58
92 53 91
96 95 8
120 16 65
170 74 31
160 79 42
177 84 8
166 11 66
138 85 13
109 79 99
106 5 23
92 1 14
84 32 50
124 99 20
166 43 9
172 5 58
85 33 95
166 64 73
93 1 88
92 51 79
165 23 9
146 59 13
111 51 57
173 88 42
92 64 85
85 15 4
96 52 77
109 16 87
85 10 30
92 60 16
170 53 48
88 80 54
92 56 31
165 15 1
155 89 34
88 7 22
166 56 80
109 5 27
109 62 16
166 69 53
92 25 0
87 27 34
158 9 98
128 39 87
84 37 30
115 98 56
158 21 81
96 27 54
142 16 98
109 29 63
85 93 59
83 98 7
165 67 44
145 91 87
85 95 33
165 88 33
172 30 60
144 4 83
166 71 35
170 61 58
177 43 4
92 25 78
166 8 1
92 3 28
96 91 61
85 77 32
128 99 90
95 25 51
178 59 7
142 39 21
96 15 12
177 45 7
92 34 37
109 35 97
109 40 9
177 31 35
83 34 67
96 8 4
131 23 51
109 81 91
128 65 6
85 66 4
165 35 6
92 12 6
92 45 29
85 49 8
109 26 70
87 5 12
165 83 13
92 95 82
85 9 7
170 62 35
165 14 96
109 34 96
92 29 93
83 24 46
95 14 84
109 62 83
92 2 78
92 92 31
96 47 63
165 79 75
113 67 8
115 50 69
142 84 56
115 31 18
124 42 29
166 0 93
114 92 61
158 50 23
142 51 42
166 32 54
92 76 11
125 83 25
165 60 31
