84
68 42 5
79 76 28
76 60 89
0 31 25
3 28 37
49 1 56
52 95 92
16 14 57
18 77 1
3 43 30
67 68 8
26 49 43
38 53 5
72 19 22
48 23 4
5 69 69
71 56 28
36 61 26
78 26 50
7 40 50
52 13 19
30 54 17
52 2 85
39 43 68
60 24 10
67 57 11
77 39 20
40 74 88
39 73 60
65 94 2
62 2 20
30 50 24
71 59 5
0 89 39
13 82 32
26 11 77
54 49 54
63 11 14
170 25 82
173 93 97
92 34 96
109 91 35
151 60 75
96 14 64
115 48 67
131 52 62
110 68 2
131 6 72
175 51 50
108 55 71
90 88 57
118 21 68
82 60 19
165 69 49
155 91 23
165 24 76
99 67 14
143 81 67
149 34 14
165 2 20
160 18 88
171 9 3
99 22 48
158 55 70
165 74 34
95 95 60
126 60 54
145 14 50
89 87 97
88 67 41
115 80 25
146 23 85
98 12 31
172 80 84
119 48 91
130 10 20
110 93 74
151 46 87
138 22 60
119 69 61
115 97 76
140 81 61
178 37 72
123 69 34
