9300
66 47 50
55 19 88
58 90 10
70 58 67
74 56 41
57 5 93
38 73 79
55 81 83
7 87 57
76 60 10
1 4 81
69 0 77
59 45 83
33 16 42
35 2 8
69 59 2
15 29 0
22 43 38
47 72 52
38 64 25
69 89 53
15 95 49
66 18 11
13 68 66
67 87 24
24 4 73
80 51 74
2 70 89
62 81 25
1 87 35
1 66 80
24 31 56
56 53 57
10 9 0
25 66 57
57 53 18
68 67 30
19 63 73
38 93 53
66 11 51
60 84 30
1 11 6
22 51 40
5 71 61
46 45 26
11 58 82
79 31 81
49 62 4
3 85 82
68 14 2
21 47 68
27 89 70
2 40 72
67 35 36
39 39 58
58 96 22
43 4 28
67 85 62
62 41 66
23 56 50
5 30 25
6 45 50
22 62 36
33 5 18
77 45 60
60 57 33
59 94 30
58 75 13
50 72 16
7 7 40
52 4 46
34 84 0
60 21 96
66 10 35
67 86 74
39 45 8
9 49 4
14 54 10
72 29 75
43 6 11
24 38 70
61 45 68
36 85 12
11 1 62
54 75 19
66 47 150
55 19 188
58 90 110
70 58 167
74 56 141
57 5 193
38 73 179
55 81 183
7 87 157
76 60 110
1 4 181
69 0 177
59 45 183
33 16 142
35 2 108
69 59 102
15 29 100
22 43 138
47 72 152
38 64 125
69 89 153
15 95 149
66 18 111
13 68 166
67 87 124
24 4 173
80 51 174
2 70 189
62 81 125
1 87 135
1 66 180
24 31 156
56 53 157
10 9 100
25 66 157
57 53 118
68 67 130
19 63 173
38 93 153
66 11 151
60 84 130
1 11 106
22 51 140
5 71 161
46 45 126
11 58 182
79 31 181
49 62 104
3 85 182
68 14 102
21 47 168
27 89 170
2 40 172
67 35 136
39 39 158
58 96 122
43 4 128
67 85 162
62 41 166
23 56 150
5 30 125
6 45 150
22 62 136
33 5 118
77 45 160
60 57 133
59 94 130
58 75 113
50 72 116
7 7 140
52 4 146
34 84 100
60 21 196
66 10 135
67 86 174
39 45 108
9 49 104
14 54 110
72 29 175
43 6 111
24 38 170
61 45 168
36 85 112
11 1 162
54 75 119
66 47 250
55 19 288
58 90 210
70 58 267
74 56 241
57 5 293
38 73 279
55 81 283
7 87 257
76 60 210
1 4 281
69 0 277
59 45 283
33 16 242
35 2 208
69 59 202
15 29 200
22 43 238
47 72 252
38 64 225
69 89 253
15 95 249
66 18 211
13 68 266
67 87 224
24 4 273
80 51 274
2 70 289
62 81 225
1 87 235
1 66 280
24 31 256
56 53 257
10 9 200
25 66 257
57 53 218
68 67 230
19 63 273
38 93 253
66 11 251
60 84 230
1 11 206
22 51 240
5 71 261
46 45 226
11 58 282
79 31 281
49 62 204
3 85 282
68 14 202
21 47 268
27 89 270
2 40 272
67 35 236
39 39 258
58 96 222
43 4 228
67 85 262
62 41 266
23 56 250
5 30 225
6 45 250
22 62 236
33 5 218
77 45 260
60 57 233
59 94 230
58 75 213
50 72 216
7 7 240
52 4 246
34 84 200
60 21 296
66 10 235
67 86 274
39 45 208
9 49 204
14 54 210
72 29 275
43 6 211
24 38 270
61 45 268
36 85 212
11 1 262
54 75 219
66 47 350
55 19 388
58 90 310
70 58 367
74 56 341
57 5 393
38 73 379
55 81 383
7 87 357
76 60 310
1 4 381
69 0 377
59 45 383
33 16 342
35 2 308
69 59 302
15 29 300
22 43 338
47 72 352
38 64 325
69 89 353
15 95 349
66 18 311
13 68 366
67 87 324
24 4 373
80 51 374
2 70 389
62 81 325
1 87 335
1 66 380
24 31 356
56 53 357
10 9 300
25 66 357
57 53 318
68 67 330
19 63 373
38 93 353
66 11 351
60 84 330
1 11 306
22 51 340
5 71 361
46 45 326
11 58 382
79 31 381
49 62 304
3 85 382
68 14 302
21 47 368
27 89 370
2 40 372
67 35 336
39 39 358
58 96 322
43 4 328
67 85 362
62 41 366
23 56 350
5 30 325
6 45 350
22 62 336
33 5 318
77 45 360
60 57 333
59 94 330
58 75 313
50 72 316
7 7 340
52 4 346
34 84 300
60 21 396
66 10 335
67 86 374
39 45 308
9 49 304
14 54 310
72 29 375
43 6 311
24 38 370
61 45 368
36 85 312
11 1 362
54 75 319
66 47 450
55 19 488
58 90 410
70 58 467
74 56 441
57 5 493
38 73 479
55 81 483
7 87 457
76 60 410
1 4 481
69 0 477
59 45 483
33 16 442
35 2 408
69 59 402
15 29 400
22 43 438
47 72 452
38 64 425
69 89 453
15 95 449
66 18 411
13 68 466
67 87 424
24 4 473
80 51 474
2 70 489
62 81 425
1 87 435
1 66 480
24 31 456
56 53 457
10 9 400
25 66 457
57 53 418
68 67 430
19 63 473
38 93 453
66 11 451
60 84 430
1 11 406
22 51 440
5 71 461
46 45 426
11 58 482
79 31 481
49 62 404
3 85 482
68 14 402
21 47 468
27 89 470
2 40 472
67 35 436
39 39 458
58 96 422
43 4 428
67 85 462
62 41 466
23 56 450
5 30 425
6 45 450
22 62 436
33 5 418
77 45 460
60 57 433
59 94 430
58 75 413
50 72 416
7 7 440
52 4 446
34 84 400
60 21 496
66 10 435
67 86 474
39 45 408
9 49 404
14 54 410
72 29 475
43 6 411
24 38 470
61 45 468
36 85 412
11 1 462
54 75 419
66 47 550
55 19 588
58 90 510
70 58 567
74 56 541
57 5 593
38 73 579
55 81 583
7 87 557
76 60 510
1 4 581
69 0 577
59 45 583
33 16 542
35 2 508
69 59 502
15 29 500
22 43 538
47 72 552
38 64 525
69 89 553
15 95 549
66 18 511
13 68 566
67 87 524
24 4 573
80 51 574
2 70 589
62 81 525
1 87 535
1 66 580
24 31 556
56 53 557
10 9 500
25 66 557
57 53 518
68 67 530
19 63 573
38 93 553
66 11 551
60 84 530
1 11 506
22 51 540
5 71 561
46 45 526
11 58 582
79 31 581
49 62 504
3 85 582
68 14 502
21 47 568
27 89 570
2 40 572
67 35 536
39 39 558
58 96 522
43 4 528
67 85 562
62 41 566
23 56 550
5 30 525
6 45 550
22 62 536
33 5 518
77 45 560
60 57 533
59 94 530
58 75 513
50 72 516
7 7 540
52 4 546
34 84 500
60 21 596
66 10 535
67 86 574
39 45 508
9 49 504
14 54 510
72 29 575
43 6 511
24 38 570
61 45 568
36 85 512
11 1 562
54 75 519
66 47 650
55 19 688
58 90 610
70 58 667
74 56 641
57 5 693
38 73 679
55 81 683
7 87 657
76 60 610
1 4 681
69 0 677
59 45 683
33 16 642
35 2 608
69 59 602
15 29 600
22 43 638
47 72 652
38 64 625
69 89 653
15 95 649
66 18 611
13 68 666
67 87 624
24 4 673
80 51 674
2 70 689
62 81 625
1 87 635
1 66 680
24 31 656
56 53 657
10 9 600
25 66 657
57 53 618
68 67 630
19 63 673
38 93 653
66 11 651
60 84 630
1 11 606
22 51 640
5 71 661
46 45 626
11 58 682
79 31 681
49 62 604
3 85 682
68 14 602
21 47 668
27 89 670
2 40 672
67 35 636
39 39 658
58 96 622
43 4 628
67 85 662
62 41 666
23 56 650
5 30 625
6 45 650
22 62 636
33 5 618
77 45 660
60 57 633
59 94 630
58 75 613
50 72 616
7 7 640
52 4 646
34 84 600
60 21 696
66 10 635
67 86 674
39 45 608
9 49 604
14 54 610
72 29 675
43 6 611
24 38 670
61 45 668
36 85 612
11 1 662
54 75 619
66 47 750
55 19 788
58 90 710
70 58 767
74 56 741
57 5 793
38 73 779
55 81 783
7 87 757
76 60 710
1 4 781
69 0 777
59 45 783
33 16 742
35 2 708
69 59 702
15 29 700
22 43 738
47 72 752
38 64 725
69 89 753
15 95 749
66 18 711
13 68 766
67 87 724
24 4 773
80 51 774
2 70 789
62 81 725
1 87 735
1 66 780
24 31 756
56 53 757
10 9 700
25 66 757
57 53 718
68 67 730
19 63 773
38 93 753
66 11 751
60 84 730
1 11 706
22 51 740
5 71 761
46 45 726
11 58 782
79 31 781
49 62 704
3 85 782
68 14 702
21 47 768
27 89 770
2 40 772
67 35 736
39 39 758
58 96 722
43 4 728
67 85 762
62 41 766
23 56 750
5 30 725
6 45 750
22 62 736
33 5 718
77 45 760
60 57 733
59 94 730
58 75 713
50 72 716
7 7 740
52 4 746
34 84 700
60 21 796
66 10 735
67 86 774
39 45 708
9 49 704
14 54 710
72 29 775
43 6 711
24 38 770
61 45 768
36 85 712
11 1 762
54 75 719
66 47 850
55 19 888
58 90 810
70 58 867
74 56 841
57 5 893
38 73 879
55 81 883
7 87 857
76 60 810
1 4 881
69 0 877
59 45 883
33 16 842
35 2 808
69 59 802
15 29 800
22 43 838
47 72 852
38 64 825
69 89 853
15 95 849
66 18 811
13 68 866
67 87 824
24 4 873
80 51 874
2 70 889
62 81 825
1 87 835
1 66 880
24 31 856
56 53 857
10 9 800
25 66 857
57 53 818
68 67 830
19 63 873
38 93 853
66 11 851
60 84 830
1 11 806
22 51 840
5 71 861
46 45 826
11 58 882
79 31 881
49 62 804
3 85 882
68 14 802
21 47 868
27 89 870
2 40 872
67 35 836
39 39 858
58 96 822
43 4 828
67 85 862
62 41 866
23 56 850
5 30 825
6 45 850
22 62 836
33 5 818
77 45 860
60 57 833
59 94 830
58 75 813
50 72 816
7 7 840
52 4 846
34 84 800
60 21 896
66 10 835
67 86 874
39 45 808
9 49 804
14 54 810
72 29 875
43 6 811
24 38 870
61 45 868
36 85 812
11 1 862
54 75 819
66 47 950
55 19 988
58 90 910
70 58 967
74 56 941
57 5 993
38 73 979
55 81 983
7 87 957
76 60 910
1 4 981
69 0 977
59 45 983
33 16 942
35 2 908
69 59 902
15 29 900
22 43 938
47 72 952
38 64 925
69 89 953
15 95 949
66 18 911
13 68 966
67 87 924
24 4 973
80 51 974
2 70 989
62 81 925
1 87 935
1 66 980
24 31 956
56 53 957
10 9 900
25 66 957
57 53 918
68 67 930
19 63 973
38 93 953
66 11 951
60 84 930
1 11 906
22 51 940
5 71 961
46 45 926
11 58 982
79 31 981
49 62 904
3 85 982
68 14 902
21 47 968
27 89 970
2 40 972
67 35 936
39 39 958
58 96 922
43 4 928
67 85 962
62 41 966
23 56 950
5 30 925
6 45 950
22 62 936
33 5 918
77 45 960
60 57 933
59 94 930
58 75 913
50 72 916
7 7 940
52 4 946
34 84 900
60 21 996
66 10 935
67 86 974
39 45 908
9 49 904
14 54 910
72 29 975
43 6 911
24 38 970
61 45 968
36 85 912
11 1 962
54 75 919
66 147 50
55 119 88
58 190 10
70 158 67
74 156 41
57 105 93
38 173 79
55 181 83
7 187 57
76 160 10
1 104 81
69 100 77
59 145 83
33 116 42
35 102 8
69 159 2
15 129 0
22 143 38
47 172 52
38 164 25
69 189 53
15 195 49
66 118 11
13 168 66
67 187 24
24 104 73
80 151 74
2 170 89
62 181 25
1 187 35
1 166 80
24 131 56
56 153 57
10 109 0
25 166 57
57 153 18
68 167 30
19 163 73
38 193 53
66 111 51
60 184 30
1 111 6
22 151 40
5 171 61
46 145 26
11 158 82
79 131 81
49 162 4
3 185 82
68 114 2
21 147 68
27 189 70
2 140 72
67 135 36
39 139 58
58 196 22
43 104 28
67 185 62
62 141 66
23 156 50
5 130 25
6 145 50
22 162 36
33 105 18
77 145 60
60 157 33
59 194 30
58 175 13
50 172 16
7 107 40
52 104 46
34 184 0
60 121 96
66 110 35
67 186 74
39 145 8
9 149 4
14 154 10
72 129 75
43 106 11
24 138 70
61 145 68
36 185 12
11 101 62
54 175 19
66 147 150
55 119 188
58 190 110
70 158 167
74 156 141
57 105 193
38 173 179
55 181 183
7 187 157
76 160 110
1 104 181
69 100 177
59 145 183
33 116 142
35 102 108
69 159 102
15 129 100
22 143 138
47 172 152
38 164 125
69 189 153
15 195 149
66 118 111
13 168 166
67 187 124
24 104 173
80 151 174
2 170 189
62 181 125
1 187 135
1 166 180
24 131 156
56 153 157
10 109 100
25 166 157
57 153 118
68 167 130
19 163 173
38 193 153
66 111 151
60 184 130
1 111 106
22 151 140
5 171 161
46 145 126
11 158 182
79 131 181
49 162 104
3 185 182
68 114 102
21 147 168
27 189 170
2 140 172
67 135 136
39 139 158
58 196 122
43 104 128
67 185 162
62 141 166
23 156 150
5 130 125
6 145 150
22 162 136
33 105 118
77 145 160
60 157 133
59 194 130
58 175 113
50 172 116
7 107 140
52 104 146
34 184 100
60 121 196
66 110 135
67 186 174
39 145 108
9 149 104
14 154 110
72 129 175
43 106 111
24 138 170
61 145 168
36 185 112
11 101 162
54 175 119
66 147 250
55 119 288
58 190 210
70 158 267
74 156 241
57 105 293
38 173 279
55 181 283
7 187 257
76 160 210
1 104 281
69 100 277
59 145 283
33 116 242
35 102 208
69 159 202
15 129 200
22 143 238
47 172 252
38 164 225
69 189 253
15 195 249
66 118 211
13 168 266
67 187 224
24 104 273
80 151 274
2 170 289
62 181 225
1 187 235
1 166 280
24 131 256
56 153 257
10 109 200
25 166 257
57 153 218
68 167 230
19 163 273
38 193 253
66 111 251
60 184 230
1 111 206
22 151 240
5 171 261
46 145 226
11 158 282
79 131 281
49 162 204
3 185 282
68 114 202
21 147 268
27 189 270
2 140 272
67 135 236
39 139 258
58 196 222
43 104 228
67 185 262
62 141 266
23 156 250
5 130 225
6 145 250
22 162 236
33 105 218
77 145 260
60 157 233
59 194 230
58 175 213
50 172 216
7 107 240
52 104 246
34 184 200
60 121 296
66 110 235
67 186 274
39 145 208
9 149 204
14 154 210
72 129 275
43 106 211
24 138 270
61 145 268
36 185 212
11 101 262
54 175 219
66 147 350
55 119 388
58 190 310
70 158 367
74 156 341
57 105 393
38 173 379
55 181 383
7 187 357
76 160 310
1 104 381
69 100 377
59 145 383
33 116 342
35 102 308
69 159 302
15 129 300
22 143 338
47 172 352
38 164 325
69 189 353
15 195 349
66 118 311
13 168 366
67 187 324
24 104 373
80 151 374
2 170 389
62 181 325
1 187 335
1 166 380
24 131 356
56 153 357
10 109 300
25 166 357
57 153 318
68 167 330
19 163 373
38 193 353
66 111 351
60 184 330
1 111 306
22 151 340
5 171 361
46 145 326
11 158 382
79 131 381
49 162 304
3 185 382
68 114 302
21 147 368
27 189 370
2 140 372
67 135 336
39 139 358
58 196 322
43 104 328
67 185 362
62 141 366
23 156 350
5 130 325
6 145 350
22 162 336
33 105 318
77 145 360
60 157 333
59 194 330
58 175 313
50 172 316
7 107 340
52 104 346
34 184 300
60 121 396
66 110 335
67 186 374
39 145 308
9 149 304
14 154 310
72 129 375
43 106 311
24 138 370
61 145 368
36 185 312
11 101 362
54 175 319
66 147 450
55 119 488
58 190 410
70 158 467
74 156 441
57 105 493
38 173 479
55 181 483
7 187 457
76 160 410
1 104 481
69 100 477
59 145 483
33 116 442
35 102 408
69 159 402
15 129 400
22 143 438
47 172 452
38 164 425
69 189 453
15 195 449
66 118 411
13 168 466
67 187 424
24 104 473
80 151 474
2 170 489
62 181 425
1 187 435
1 166 480
24 131 456
56 153 457
10 109 400
25 166 457
57 153 418
68 167 430
19 163 473
38 193 453
66 111 451
60 184 430
1 111 406
22 151 440
5 171 461
46 145 426
11 158 482
79 131 481
49 162 404
3 185 482
68 114 402
21 147 468
27 189 470
2 140 472
67 135 436
39 139 458
58 196 422
43 104 428
67 185 462
62 141 466
23 156 450
5 130 425
6 145 450
22 162 436
33 105 418
77 145 460
60 157 433
59 194 430
58 175 413
50 172 416
7 107 440
52 104 446
34 184 400
60 121 496
66 110 435
67 186 474
39 145 408
9 149 404
14 154 410
72 129 475
43 106 411
24 138 470
61 145 468
36 185 412
11 101 462
54 175 419
66 147 550
55 119 588
58 190 510
70 158 567
74 156 541
57 105 593
38 173 579
55 181 583
7 187 557
76 160 510
1 104 581
69 100 577
59 145 583
33 116 542
35 102 508
69 159 502
15 129 500
22 143 538
47 172 552
38 164 525
69 189 553
15 195 549
66 118 511
13 168 566
67 187 524
24 104 573
80 151 574
2 170 589
62 181 525
1 187 535
1 166 580
24 131 556
56 153 557
10 109 500
25 166 557
57 153 518
68 167 530
19 163 573
38 193 553
66 111 551
60 184 530
1 111 506
22 151 540
5 171 561
46 145 526
11 158 582
79 131 581
49 162 504
3 185 582
68 114 502
21 147 568
27 189 570
2 140 572
67 135 536
39 139 558
58 196 522
43 104 528
67 185 562
62 141 566
23 156 550
5 130 525
6 145 550
22 162 536
33 105 518
77 145 560
60 157 533
59 194 530
58 175 513
50 172 516
7 107 540
52 104 546
34 184 500
60 121 596
66 110 535
67 186 574
39 145 508
9 149 504
14 154 510
72 129 575
43 106 511
24 138 570
61 145 568
36 185 512
11 101 562
54 175 519
66 147 650
55 119 688
58 190 610
70 158 667
74 156 641
57 105 693
38 173 679
55 181 683
7 187 657
76 160 610
1 104 681
69 100 677
59 145 683
33 116 642
35 102 608
69 159 602
15 129 600
22 143 638
47 172 652
38 164 625
69 189 653
15 195 649
66 118 611
13 168 666
67 187 624
24 104 673
80 151 674
2 170 689
62 181 625
1 187 635
1 166 680
24 131 656
56 153 657
10 109 600
25 166 657
57 153 618
68 167 630
19 163 673
38 193 653
66 111 651
60 184 630
1 111 606
22 151 640
5 171 661
46 145 626
11 158 682
79 131 681
49 162 604
3 185 682
68 114 602
21 147 668
27 189 670
2 140 672
67 135 636
39 139 658
58 196 622
43 104 628
67 185 662
62 141 666
23 156 650
5 130 625
6 145 650
22 162 636
33 105 618
77 145 660
60 157 633
59 194 630
58 175 613
50 172 616
7 107 640
52 104 646
34 184 600
60 121 696
66 110 635
67 186 674
39 145 608
9 149 604
14 154 610
72 129 675
43 106 611
24 138 670
61 145 668
36 185 612
11 101 662
54 175 619
66 147 750
55 119 788
58 190 710
70 158 767
74 156 741
57 105 793
38 173 779
55 181 783
7 187 757
76 160 710
1 104 781
69 100 777
59 145 783
33 116 742
35 102 708
69 159 702
15 129 700
22 143 738
47 172 752
38 164 725
69 189 753
15 195 749
66 118 711
13 168 766
67 187 724
24 104 773
80 151 774
2 170 789
62 181 725
1 187 735
1 166 780
24 131 756
56 153 757
10 109 700
25 166 757
57 153 718
68 167 730
19 163 773
38 193 753
66 111 751
60 184 730
1 111 706
22 151 740
5 171 761
46 145 726
11 158 782
79 131 781
49 162 704
3 185 782
68 114 702
21 147 768
27 189 770
2 140 772
67 135 736
39 139 758
58 196 722
43 104 728
67 185 762
62 141 766
23 156 750
5 130 725
6 145 750
22 162 736
33 105 718
77 145 760
60 157 733
59 194 730
58 175 713
50 172 716
7 107 740
52 104 746
34 184 700
60 121 796
66 110 735
67 186 774
39 145 708
9 149 704
14 154 710
72 129 775
43 106 711
24 138 770
61 145 768
36 185 712
11 101 762
54 175 719
66 147 850
55 119 888
58 190 810
70 158 867
74 156 841
57 105 893
38 173 879
55 181 883
7 187 857
76 160 810
1 104 881
69 100 877
59 145 883
33 116 842
35 102 808
69 159 802
15 129 800
22 143 838
47 172 852
38 164 825
69 189 853
15 195 849
66 118 811
13 168 866
67 187 824
24 104 873
80 151 874
2 170 889
62 181 825
1 187 835
1 166 880
24 131 856
56 153 857
10 109 800
25 166 857
57 153 818
68 167 830
19 163 873
38 193 853
66 111 851
60 184 830
1 111 806
22 151 840
5 171 861
46 145 826
11 158 882
79 131 881
49 162 804
3 185 882
68 114 802
21 147 868
27 189 870
2 140 872
67 135 836
39 139 858
58 196 822
43 104 828
67 185 862
62 141 866
23 156 850
5 130 825
6 145 850
22 162 836
33 105 818
77 145 860
60 157 833
59 194 830
58 175 813
50 172 816
7 107 840
52 104 846
34 184 800
60 121 896
66 110 835
67 186 874
39 145 808
9 149 804
14 154 810
72 129 875
43 106 811
24 138 870
61 145 868
36 185 812
11 101 862
54 175 819
66 147 950
55 119 988
58 190 910
70 158 967
74 156 941
57 105 993
38 173 979
55 181 983
7 187 957
76 160 910
1 104 981
69 100 977
59 145 983
33 116 942
35 102 908
69 159 902
15 129 900
22 143 938
47 172 952
38 164 925
69 189 953
15 195 949
66 118 911
13 168 966
67 187 924
24 104 973
80 151 974
2 170 989
62 181 925
1 187 935
1 166 980
24 131 956
56 153 957
10 109 900
25 166 957
57 153 918
68 167 930
19 163 973
38 193 953
66 111 951
60 184 930
1 111 906
22 151 940
5 171 961
46 145 926
11 158 982
79 131 981
49 162 904
3 185 982
68 114 902
21 147 968
27 189 970
2 140 972
67 135 936
39 139 958
58 196 922
43 104 928
67 185 962
62 141 966
23 156 950
5 130 925
6 145 950
22 162 936
33 105 918
77 145 960
60 157 933
59 194 930
58 175 913
50 172 916
7 107 940
52 104 946
34 184 900
60 121 996
66 110 935
67 186 974
39 145 908
9 149 904
14 154 910
72 129 975
43 106 911
24 138 970
61 145 968
36 185 912
11 101 962
54 175 919
66 247 50
55 219 88
58 290 10
70 258 67
74 256 41
57 205 93
38 273 79
55 281 83
7 287 57
76 260 10
1 204 81
69 200 77
59 245 83
33 216 42
35 202 8
69 259 2
15 229 0
22 243 38
47 272 52
38 264 25
69 289 53
15 295 49
66 218 11
13 268 66
67 287 24
24 204 73
80 251 74
2 270 89
62 281 25
1 287 35
1 266 80
24 231 56
56 253 57
10 209 0
25 266 57
57 253 18
68 267 30
19 263 73
38 293 53
66 211 51
60 284 30
1 211 6
22 251 40
5 271 61
46 245 26
11 258 82
79 231 81
49 262 4
3 285 82
68 214 2
21 247 68
27 289 70
2 240 72
67 235 36
39 239 58
58 296 22
43 204 28
67 285 62
62 241 66
23 256 50
5 230 25
6 245 50
22 262 36
33 205 18
77 245 60
60 257 33
59 294 30
58 275 13
50 272 16
7 207 40
52 204 46
34 284 0
60 221 96
66 210 35
67 286 74
39 245 8
9 249 4
14 254 10
72 229 75
43 206 11
24 238 70
61 245 68
36 285 12
11 201 62
54 275 19
66 247 150
55 219 188
58 290 110
70 258 167
74 256 141
57 205 193
38 273 179
55 281 183
7 287 157
76 260 110
1 204 181
69 200 177
59 245 183
33 216 142
35 202 108
69 259 102
15 229 100
22 243 138
47 272 152
38 264 125
69 289 153
15 295 149
66 218 111
13 268 166
67 287 124
24 204 173
80 251 174
2 270 189
62 281 125
1 287 135
1 266 180
24 231 156
56 253 157
10 209 100
25 266 157
57 253 118
68 267 130
19 263 173
38 293 153
66 211 151
60 284 130
1 211 106
22 251 140
5 271 161
46 245 126
11 258 182
79 231 181
49 262 104
3 285 182
68 214 102
21 247 168
27 289 170
2 240 172
67 235 136
39 239 158
58 296 122
43 204 128
67 285 162
62 241 166
23 256 150
5 230 125
6 245 150
22 262 136
33 205 118
77 245 160
60 257 133
59 294 130
58 275 113
50 272 116
7 207 140
52 204 146
34 284 100
60 221 196
66 210 135
67 286 174
39 245 108
9 249 104
14 254 110
72 229 175
43 206 111
24 238 170
61 245 168
36 285 112
11 201 162
54 275 119
66 247 250
55 219 288
58 290 210
70 258 267
74 256 241
57 205 293
38 273 279
55 281 283
7 287 257
76 260 210
1 204 281
69 200 277
59 245 283
33 216 242
35 202 208
69 259 202
15 229 200
22 243 238
47 272 252
38 264 225
69 289 253
15 295 249
66 218 211
13 268 266
67 287 224
24 204 273
80 251 274
2 270 289
62 281 225
1 287 235
1 266 280
24 231 256
56 253 257
10 209 200
25 266 257
57 253 218
68 267 230
19 263 273
38 293 253
66 211 251
60 284 230
1 211 206
22 251 240
5 271 261
46 245 226
11 258 282
79 231 281
49 262 204
3 285 282
68 214 202
21 247 268
27 289 270
2 240 272
67 235 236
39 239 258
58 296 222
43 204 228
67 285 262
62 241 266
23 256 250
5 230 225
6 245 250
22 262 236
33 205 218
77 245 260
60 257 233
59 294 230
58 275 213
50 272 216
7 207 240
52 204 246
34 284 200
60 221 296
66 210 235
67 286 274
39 245 208
9 249 204
14 254 210
72 229 275
43 206 211
24 238 270
61 245 268
36 285 212
11 201 262
54 275 219
66 247 350
55 219 388
58 290 310
70 258 367
74 256 341
57 205 393
38 273 379
55 281 383
7 287 357
76 260 310
1 204 381
69 200 377
59 245 383
33 216 342
35 202 308
69 259 302
15 229 300
22 243 338
47 272 352
38 264 325
69 289 353
15 295 349
66 218 311
13 268 366
67 287 324
24 204 373
80 251 374
2 270 389
62 281 325
1 287 335
1 266 380
24 231 356
56 253 357
10 209 300
25 266 357
57 253 318
68 267 330
19 263 373
38 293 353
66 211 351
60 284 330
1 211 306
22 251 340
5 271 361
46 245 326
11 258 382
79 231 381
49 262 304
3 285 382
68 214 302
21 247 368
27 289 370
2 240 372
67 235 336
39 239 358
58 296 322
43 204 328
67 285 362
62 241 366
23 256 350
5 230 325
6 245 350
22 262 336
33 205 318
77 245 360
60 257 333
59 294 330
58 275 313
50 272 316
7 207 340
52 204 346
34 284 300
60 221 396
66 210 335
67 286 374
39 245 308
9 249 304
14 254 310
72 229 375
43 206 311
24 238 370
61 245 368
36 285 312
11 201 362
54 275 319
66 247 450
55 219 488
58 290 410
70 258 467
74 256 441
57 205 493
38 273 479
55 281 483
7 287 457
76 260 410
1 204 481
69 200 477
59 245 483
33 216 442
35 202 408
69 259 402
15 229 400
22 243 438
47 272 452
38 264 425
69 289 453
15 295 449
66 218 411
13 268 466
67 287 424
24 204 473
80 251 474
2 270 489
62 281 425
1 287 435
1 266 480
24 231 456
56 253 457
10 209 400
25 266 457
57 253 418
68 267 430
19 263 473
38 293 453
66 211 451
60 284 430
1 211 406
22 251 440
5 271 461
46 245 426
11 258 482
79 231 481
49 262 404
3 285 482
68 214 402
21 247 468
27 289 470
2 240 472
67 235 436
39 239 458
58 296 422
43 204 428
67 285 462
62 241 466
23 256 450
5 230 425
6 245 450
22 262 436
33 205 418
77 245 460
60 257 433
59 294 430
58 275 413
50 272 416
7 207 440
52 204 446
34 284 400
60 221 496
66 210 435
67 286 474
39 245 408
9 249 404
14 254 410
72 229 475
43 206 411
24 238 470
61 245 468
36 285 412
11 201 462
54 275 419
66 247 550
55 219 588
58 290 510
70 258 567
74 256 541
57 205 593
38 273 579
55 281 583
7 287 557
76 260 510
1 204 581
69 200 577
59 245 583
33 216 542
35 202 508
69 259 502
15 229 500
22 243 538
47 272 552
38 264 525
69 289 553
15 295 549
66 218 511
13 268 566
67 287 524
24 204 573
80 251 574
2 270 589
62 281 525
1 287 535
1 266 580
24 231 556
56 253 557
10 209 500
25 266 557
57 253 518
68 267 530
19 263 573
38 293 553
66 211 551
60 284 530
1 211 506
22 251 540
5 271 561
46 245 526
11 258 582
79 231 581
49 262 504
3 285 582
68 214 502
21 247 568
27 289 570
2 240 572
67 235 536
39 239 558
58 296 522
43 204 528
67 285 562
62 241 566
23 256 550
5 230 525
6 245 550
22 262 536
33 205 518
77 245 560
60 257 533
59 294 530
58 275 513
50 272 516
7 207 540
52 204 546
34 284 500
60 221 596
66 210 535
67 286 574
39 245 508
9 249 504
14 254 510
72 229 575
43 206 511
24 238 570
61 245 568
36 285 512
11 201 562
54 275 519
66 247 650
55 219 688
58 290 610
70 258 667
74 256 641
57 205 693
38 273 679
55 281 683
7 287 657
76 260 610
1 204 681
69 200 677
59 245 683
33 216 642
35 202 608
69 259 602
15 229 600
22 243 638
47 272 652
38 264 625
69 289 653
15 295 649
66 218 611
13 268 666
67 287 624
24 204 673
80 251 674
2 270 689
62 281 625
1 287 635
1 266 680
24 231 656
56 253 657
10 209 600
25 266 657
57 253 618
68 267 630
19 263 673
38 293 653
66 211 651
60 284 630
1 211 606
22 251 640
5 271 661
46 245 626
11 258 682
79 231 681
49 262 604
3 285 682
68 214 602
21 247 668
27 289 670
2 240 672
67 235 636
39 239 658
58 296 622
43 204 628
67 285 662
62 241 666
23 256 650
5 230 625
6 245 650
22 262 636
33 205 618
77 245 660
60 257 633
59 294 630
58 275 613
50 272 616
7 207 640
52 204 646
34 284 600
60 221 696
66 210 635
67 286 674
39 245 608
9 249 604
14 254 610
72 229 675
43 206 611
24 238 670
61 245 668
36 285 612
11 201 662
54 275 619
66 247 750
55 219 788
58 290 710
70 258 767
74 256 741
57 205 793
38 273 779
55 281 783
7 287 757
76 260 710
1 204 781
69 200 777
59 245 783
33 216 742
35 202 708
69 259 702
15 229 700
22 243 738
47 272 752
38 264 725
69 289 753
15 295 749
66 218 711
13 268 766
67 287 724
24 204 773
80 251 774
2 270 789
62 281 725
1 287 735
1 266 780
24 231 756
56 253 757
10 209 700
25 266 757
57 253 718
68 267 730
19 263 773
38 293 753
66 211 751
60 284 730
1 211 706
22 251 740
5 271 761
46 245 726
11 258 782
79 231 781
49 262 704
3 285 782
68 214 702
21 247 768
27 289 770
2 240 772
67 235 736
39 239 758
58 296 722
43 204 728
67 285 762
62 241 766
23 256 750
5 230 725
6 245 750
22 262 736
33 205 718
77 245 760
60 257 733
59 294 730
58 275 713
50 272 716
7 207 740
52 204 746
34 284 700
60 221 796
66 210 735
67 286 774
39 245 708
9 249 704
14 254 710
72 229 775
43 206 711
24 238 770
61 245 768
36 285 712
11 201 762
54 275 719
66 247 850
55 219 888
58 290 810
70 258 867
74 256 841
57 205 893
38 273 879
55 281 883
7 287 857
76 260 810
1 204 881
69 200 877
59 245 883
33 216 842
35 202 808
69 259 802
15 229 800
22 243 838
47 272 852
38 264 825
69 289 853
15 295 849
66 218 811
13 268 866
67 287 824
24 204 873
80 251 874
2 270 889
62 281 825
1 287 835
1 266 880
24 231 856
56 253 857
10 209 800
25 266 857
57 253 818
68 267 830
19 263 873
38 293 853
66 211 851
60 284 830
1 211 806
22 251 840
5 271 861
46 245 826
11 258 882
79 231 881
49 262 804
3 285 882
68 214 802
21 247 868
27 289 870
2 240 872
67 235 836
39 239 858
58 296 822
43 204 828
67 285 862
62 241 866
23 256 850
5 230 825
6 245 850
22 262 836
33 205 818
77 245 860
60 257 833
59 294 830
58 275 813
50 272 816
7 207 840
52 204 846
34 284 800
60 221 896
66 210 835
67 286 874
39 245 808
9 249 804
14 254 810
72 229 875
43 206 811
24 238 870
61 245 868
36 285 812
11 201 862
54 275 819
66 247 950
55 219 988
58 290 910
70 258 967
74 256 941
57 205 993
38 273 979
55 281 983
7 287 957
76 260 910
1 204 981
69 200 977
59 245 983
33 216 942
35 202 908
69 259 902
15 229 900
22 243 938
47 272 952
38 264 925
69 289 953
15 295 949
66 218 911
13 268 966
67 287 924
24 204 973
80 251 974
2 270 989
62 281 925
1 287 935
1 266 980
24 231 956
56 253 957
10 209 900
25 266 957
57 253 918
68 267 930
19 263 973
38 293 953
66 211 951
60 284 930
1 211 906
22 251 940
5 271 961
46 245 926
11 258 982
79 231 981
49 262 904
3 285 982
68 214 902
21 247 968
27 289 970
2 240 972
67 235 936
39 239 958
58 296 922
43 204 928
67 285 962
62 241 966
23 256 950
5 230 925
6 245 950
22 262 936
33 205 918
77 245 960
60 257 933
59 294 930
58 275 913
50 272 916
7 207 940
52 204 946
34 284 900
60 221 996
66 210 935
67 286 974
39 245 908
9 249 904
14 254 910
72 229 975
43 206 911
24 238 970
61 245 968
36 285 912
11 201 962
54 275 919
66 347 50
55 319 88
58 390 10
70 358 67
74 356 41
57 305 93
38 373 79
55 381 83
7 387 57
76 360 10
1 304 81
69 300 77
59 345 83
33 316 42
35 302 8
69 359 2
15 329 0
22 343 38
47 372 52
38 364 25
69 389 53
15 395 49
66 318 11
13 368 66
67 387 24
24 304 73
80 351 74
2 370 89
62 381 25
1 387 35
1 366 80
24 331 56
56 353 57
10 309 0
25 366 57
57 353 18
68 367 30
19 363 73
38 393 53
66 311 51
60 384 30
1 311 6
22 351 40
5 371 61
46 345 26
11 358 82
79 331 81
49 362 4
3 385 82
68 314 2
21 347 68
27 389 70
2 340 72
67 335 36
39 339 58
58 396 22
43 304 28
67 385 62
62 341 66
23 356 50
5 330 25
6 345 50
22 362 36
33 305 18
77 345 60
60 357 33
59 394 30
58 375 13
50 372 16
7 307 40
52 304 46
34 384 0
60 321 96
66 310 35
67 386 74
39 345 8
9 349 4
14 354 10
72 329 75
43 306 11
24 338 70
61 345 68
36 385 12
11 301 62
54 375 19
66 347 150
55 319 188
58 390 110
70 358 167
74 356 141
57 305 193
38 373 179
55 381 183
7 387 157
76 360 110
1 304 181
69 300 177
59 345 183
33 316 142
35 302 108
69 359 102
15 329 100
22 343 138
47 372 152
38 364 125
69 389 153
15 395 149
66 318 111
13 368 166
67 387 124
24 304 173
80 351 174
2 370 189
62 381 125
1 387 135
1 366 180
24 331 156
56 353 157
10 309 100
25 366 157
57 353 118
68 367 130
19 363 173
38 393 153
66 311 151
60 384 130
1 311 106
22 351 140
5 371 161
46 345 126
11 358 182
79 331 181
49 362 104
3 385 182
68 314 102
21 347 168
27 389 170
2 340 172
67 335 136
39 339 158
58 396 122
43 304 128
67 385 162
62 341 166
23 356 150
5 330 125
6 345 150
22 362 136
33 305 118
77 345 160
60 357 133
59 394 130
58 375 113
50 372 116
7 307 140
52 304 146
34 384 100
60 321 196
66 310 135
67 386 174
39 345 108
9 349 104
14 354 110
72 329 175
43 306 111
24 338 170
61 345 168
36 385 112
11 301 162
54 375 119
66 347 250
55 319 288
58 390 210
70 358 267
74 356 241
57 305 293
38 373 279
55 381 283
7 387 257
76 360 210
1 304 281
69 300 277
59 345 283
33 316 242
35 302 208
69 359 202
15 329 200
22 343 238
47 372 252
38 364 225
69 389 253
15 395 249
66 318 211
13 368 266
67 387 224
24 304 273
80 351 274
2 370 289
62 381 225
1 387 235
1 366 280
24 331 256
56 353 257
10 309 200
25 366 257
57 353 218
68 367 230
19 363 273
38 393 253
66 311 251
60 384 230
1 311 206
22 351 240
5 371 261
46 345 226
11 358 282
79 331 281
49 362 204
3 385 282
68 314 202
21 347 268
27 389 270
2 340 272
67 335 236
39 339 258
58 396 222
43 304 228
67 385 262
62 341 266
23 356 250
5 330 225
6 345 250
22 362 236
33 305 218
77 345 260
60 357 233
59 394 230
58 375 213
50 372 216
7 307 240
52 304 246
34 384 200
60 321 296
66 310 235
67 386 274
39 345 208
9 349 204
14 354 210
72 329 275
43 306 211
24 338 270
61 345 268
36 385 212
11 301 262
54 375 219
66 347 350
55 319 388
58 390 310
70 358 367
74 356 341
57 305 393
38 373 379
55 381 383
7 387 357
76 360 310
1 304 381
69 300 377
59 345 383
33 316 342
35 302 308
69 359 302
15 329 300
22 343 338
47 372 352
38 364 325
69 389 353
15 395 349
66 318 311
13 368 366
67 387 324
24 304 373
80 351 374
2 370 389
62 381 325
1 387 335
1 366 380
24 331 356
56 353 357
10 309 300
25 366 357
57 353 318
68 367 330
19 363 373
38 393 353
66 311 351
60 384 330
1 311 306
22 351 340
5 371 361
46 345 326
11 358 382
79 331 381
49 362 304
3 385 382
68 314 302
21 347 368
27 389 370
2 340 372
67 335 336
39 339 358
58 396 322
43 304 328
67 385 362
62 341 366
23 356 350
5 330 325
6 345 350
22 362 336
33 305 318
77 345 360
60 357 333
59 394 330
58 375 313
50 372 316
7 307 340
52 304 346
34 384 300
60 321 396
66 310 335
67 386 374
39 345 308
9 349 304
14 354 310
72 329 375
43 306 311
24 338 370
61 345 368
36 385 312
11 301 362
54 375 319
66 347 450
55 319 488
58 390 410
70 358 467
74 356 441
57 305 493
38 373 479
55 381 483
7 387 457
76 360 410
1 304 481
69 300 477
59 345 483
33 316 442
35 302 408
69 359 402
15 329 400
22 343 438
47 372 452
38 364 425
69 389 453
15 395 449
66 318 411
13 368 466
67 387 424
24 304 473
80 351 474
2 370 489
62 381 425
1 387 435
1 366 480
24 331 456
56 353 457
10 309 400
25 366 457
57 353 418
68 367 430
19 363 473
38 393 453
66 311 451
60 384 430
1 311 406
22 351 440
5 371 461
46 345 426
11 358 482
79 331 481
49 362 404
3 385 482
68 314 402
21 347 468
27 389 470
2 340 472
67 335 436
39 339 458
58 396 422
43 304 428
67 385 462
62 341 466
23 356 450
5 330 425
6 345 450
22 362 436
33 305 418
77 345 460
60 357 433
59 394 430
58 375 413
50 372 416
7 307 440
52 304 446
34 384 400
60 321 496
66 310 435
67 386 474
39 345 408
9 349 404
14 354 410
72 329 475
43 306 411
24 338 470
61 345 468
36 385 412
11 301 462
54 375 419
66 347 550
55 319 588
58 390 510
70 358 567
74 356 541
57 305 593
38 373 579
55 381 583
7 387 557
76 360 510
1 304 581
69 300 577
59 345 583
33 316 542
35 302 508
69 359 502
15 329 500
22 343 538
47 372 552
38 364 525
69 389 553
15 395 549
66 318 511
13 368 566
67 387 524
24 304 573
80 351 574
2 370 589
62 381 525
1 387 535
1 366 580
24 331 556
56 353 557
10 309 500
25 366 557
57 353 518
68 367 530
19 363 573
38 393 553
66 311 551
60 384 530
1 311 506
22 351 540
5 371 561
46 345 526
11 358 582
79 331 581
49 362 504
3 385 582
68 314 502
21 347 568
27 389 570
2 340 572
67 335 536
39 339 558
58 396 522
43 304 528
67 385 562
62 341 566
23 356 550
5 330 525
6 345 550
22 362 536
33 305 518
77 345 560
60 357 533
59 394 530
58 375 513
50 372 516
7 307 540
52 304 546
34 384 500
60 321 596
66 310 535
67 386 574
39 345 508
9 349 504
14 354 510
72 329 575
43 306 511
24 338 570
61 345 568
36 385 512
11 301 562
54 375 519
66 347 650
55 319 688
58 390 610
70 358 667
74 356 641
57 305 693
38 373 679
55 381 683
7 387 657
76 360 610
1 304 681
69 300 677
59 345 683
33 316 642
35 302 608
69 359 602
15 329 600
22 343 638
47 372 652
38 364 625
69 389 653
15 395 649
66 318 611
13 368 666
67 387 624
24 304 673
80 351 674
2 370 689
62 381 625
1 387 635
1 366 680
24 331 656
56 353 657
10 309 600
25 366 657
57 353 618
68 367 630
19 363 673
38 393 653
66 311 651
60 384 630
1 311 606
22 351 640
5 371 661
46 345 626
11 358 682
79 331 681
49 362 604
3 385 682
68 314 602
21 347 668
27 389 670
2 340 672
67 335 636
39 339 658
58 396 622
43 304 628
67 385 662
62 341 666
23 356 650
5 330 625
6 345 650
22 362 636
33 305 618
77 345 660
60 357 633
59 394 630
58 375 613
50 372 616
7 307 640
52 304 646
34 384 600
60 321 696
66 310 635
67 386 674
39 345 608
9 349 604
14 354 610
72 329 675
43 306 611
24 338 670
61 345 668
36 385 612
11 301 662
54 375 619
66 347 750
55 319 788
58 390 710
70 358 767
74 356 741
57 305 793
38 373 779
55 381 783
7 387 757
76 360 710
1 304 781
69 300 777
59 345 783
33 316 742
35 302 708
69 359 702
15 329 700
22 343 738
47 372 752
38 364 725
69 389 753
15 395 749
66 318 711
13 368 766
67 387 724
24 304 773
80 351 774
2 370 789
62 381 725
1 387 735
1 366 780
24 331 756
56 353 757
10 309 700
25 366 757
57 353 718
68 367 730
19 363 773
38 393 753
66 311 751
60 384 730
1 311 706
22 351 740
5 371 761
46 345 726
11 358 782
79 331 781
49 362 704
3 385 782
68 314 702
21 347 768
27 389 770
2 340 772
67 335 736
39 339 758
58 396 722
43 304 728
67 385 762
62 341 766
23 356 750
5 330 725
6 345 750
22 362 736
33 305 718
77 345 760
60 357 733
59 394 730
58 375 713
50 372 716
7 307 740
52 304 746
34 384 700
60 321 796
66 310 735
67 386 774
39 345 708
9 349 704
14 354 710
72 329 775
43 306 711
24 338 770
61 345 768
36 385 712
11 301 762
54 375 719
66 347 850
55 319 888
58 390 810
70 358 867
74 356 841
57 305 893
38 373 879
55 381 883
7 387 857
76 360 810
1 304 881
69 300 877
59 345 883
33 316 842
35 302 808
69 359 802
15 329 800
22 343 838
47 372 852
38 364 825
69 389 853
15 395 849
66 318 811
13 368 866
67 387 824
24 304 873
80 351 874
2 370 889
62 381 825
1 387 835
1 366 880
24 331 856
56 353 857
10 309 800
25 366 857
57 353 818
68 367 830
19 363 873
38 393 853
66 311 851
60 384 830
1 311 806
22 351 840
5 371 861
46 345 826
11 358 882
79 331 881
49 362 804
3 385 882
68 314 802
21 347 868
27 389 870
2 340 872
67 335 836
39 339 858
58 396 822
43 304 828
67 385 862
62 341 866
23 356 850
5 330 825
6 345 850
22 362 836
33 305 818
77 345 860
60 357 833
59 394 830
58 375 813
50 372 816
7 307 840
52 304 846
34 384 800
60 321 896
66 310 835
67 386 874
39 345 808
9 349 804
14 354 810
72 329 875
43 306 811
24 338 870
61 345 868
36 385 812
11 301 862
54 375 819
66 347 950
55 319 988
58 390 910
70 358 967
74 356 941
57 305 993
38 373 979
55 381 983
7 387 957
76 360 910
1 304 981
69 300 977
59 345 983
33 316 942
35 302 908
69 359 902
15 329 900
22 343 938
47 372 952
38 364 925
69 389 953
15 395 949
66 318 911
13 368 966
67 387 924
24 304 973
80 351 974
2 370 989
62 381 925
1 387 935
1 366 980
24 331 956
56 353 957
10 309 900
25 366 957
57 353 918
68 367 930
19 363 973
38 393 953
66 311 951
60 384 930
1 311 906
22 351 940
5 371 961
46 345 926
11 358 982
79 331 981
49 362 904
3 385 982
68 314 902
21 347 968
27 389 970
2 340 972
67 335 936
39 339 958
58 396 922
43 304 928
67 385 962
62 341 966
23 356 950
5 330 925
6 345 950
22 362 936
33 305 918
77 345 960
60 357 933
59 394 930
58 375 913
50 372 916
7 307 940
52 304 946
34 384 900
60 321 996
66 310 935
67 386 974
39 345 908
9 349 904
14 354 910
72 329 975
43 306 911
24 338 970
61 345 968
36 385 912
11 301 962
54 375 919
66 447 50
55 419 88
58 490 10
70 458 67
74 456 41
57 405 93
38 473 79
55 481 83
7 487 57
76 460 10
1 404 81
69 400 77
59 445 83
33 416 42
35 402 8
69 459 2
15 429 0
22 443 38
47 472 52
38 464 25
69 489 53
15 495 49
66 418 11
13 468 66
67 487 24
24 404 73
80 451 74
2 470 89
62 481 25
1 487 35
1 466 80
24 431 56
56 453 57
10 409 0
25 466 57
57 453 18
68 467 30
19 463 73
38 493 53
66 411 51
60 484 30
1 411 6
22 451 40
5 471 61
46 445 26
11 458 82
79 431 81
49 462 4
3 485 82
68 414 2
21 447 68
27 489 70
2 440 72
67 435 36
39 439 58
58 496 22
43 404 28
67 485 62
62 441 66
23 456 50
5 430 25
6 445 50
22 462 36
33 405 18
77 445 60
60 457 33
59 494 30
58 475 13
50 472 16
7 407 40
52 404 46
34 484 0
60 421 96
66 410 35
67 486 74
39 445 8
9 449 4
14 454 10
72 429 75
43 406 11
24 438 70
61 445 68
36 485 12
11 401 62
54 475 19
66 447 150
55 419 188
58 490 110
70 458 167
74 456 141
57 405 193
38 473 179
55 481 183
7 487 157
76 460 110
1 404 181
69 400 177
59 445 183
33 416 142
35 402 108
69 459 102
15 429 100
22 443 138
47 472 152
38 464 125
69 489 153
15 495 149
66 418 111
13 468 166
67 487 124
24 404 173
80 451 174
2 470 189
62 481 125
1 487 135
1 466 180
24 431 156
56 453 157
10 409 100
25 466 157
57 453 118
68 467 130
19 463 173
38 493 153
66 411 151
60 484 130
1 411 106
22 451 140
5 471 161
46 445 126
11 458 182
79 431 181
49 462 104
3 485 182
68 414 102
21 447 168
27 489 170
2 440 172
67 435 136
39 439 158
58 496 122
43 404 128
67 485 162
62 441 166
23 456 150
5 430 125
6 445 150
22 462 136
33 405 118
77 445 160
60 457 133
59 494 130
58 475 113
50 472 116
7 407 140
52 404 146
34 484 100
60 421 196
66 410 135
67 486 174
39 445 108
9 449 104
14 454 110
72 429 175
43 406 111
24 438 170
61 445 168
36 485 112
11 401 162
54 475 119
66 447 250
55 419 288
58 490 210
70 458 267
74 456 241
57 405 293
38 473 279
55 481 283
7 487 257
76 460 210
1 404 281
69 400 277
59 445 283
33 416 242
35 402 208
69 459 202
15 429 200
22 443 238
47 472 252
38 464 225
69 489 253
15 495 249
66 418 211
13 468 266
67 487 224
24 404 273
80 451 274
2 470 289
62 481 225
1 487 235
1 466 280
24 431 256
56 453 257
10 409 200
25 466 257
57 453 218
68 467 230
19 463 273
38 493 253
66 411 251
60 484 230
1 411 206
22 451 240
5 471 261
46 445 226
11 458 282
79 431 281
49 462 204
3 485 282
68 414 202
21 447 268
27 489 270
2 440 272
67 435 236
39 439 258
58 496 222
43 404 228
67 485 262
62 441 266
23 456 250
5 430 225
6 445 250
22 462 236
33 405 218
77 445 260
60 457 233
59 494 230
58 475 213
50 472 216
7 407 240
52 404 246
34 484 200
60 421 296
66 410 235
67 486 274
39 445 208
9 449 204
14 454 210
72 429 275
43 406 211
24 438 270
61 445 268
36 485 212
11 401 262
54 475 219
66 447 350
55 419 388
58 490 310
70 458 367
74 456 341
57 405 393
38 473 379
55 481 383
7 487 357
76 460 310
1 404 381
69 400 377
59 445 383
33 416 342
35 402 308
69 459 302
15 429 300
22 443 338
47 472 352
38 464 325
69 489 353
15 495 349
66 418 311
13 468 366
67 487 324
24 404 373
80 451 374
2 470 389
62 481 325
1 487 335
1 466 380
24 431 356
56 453 357
10 409 300
25 466 357
57 453 318
68 467 330
19 463 373
38 493 353
66 411 351
60 484 330
1 411 306
22 451 340
5 471 361
46 445 326
11 458 382
79 431 381
49 462 304
3 485 382
68 414 302
21 447 368
27 489 370
2 440 372
67 435 336
39 439 358
58 496 322
43 404 328
67 485 362
62 441 366
23 456 350
5 430 325
6 445 350
22 462 336
33 405 318
77 445 360
60 457 333
59 494 330
58 475 313
50 472 316
7 407 340
52 404 346
34 484 300
60 421 396
66 410 335
67 486 374
39 445 308
9 449 304
14 454 310
72 429 375
43 406 311
24 438 370
61 445 368
36 485 312
11 401 362
54 475 319
66 447 450
55 419 488
58 490 410
70 458 467
74 456 441
57 405 493
38 473 479
55 481 483
7 487 457
76 460 410
1 404 481
69 400 477
59 445 483
33 416 442
35 402 408
69 459 402
15 429 400
22 443 438
47 472 452
38 464 425
69 489 453
15 495 449
66 418 411
13 468 466
67 487 424
24 404 473
80 451 474
2 470 489
62 481 425
1 487 435
1 466 480
24 431 456
56 453 457
10 409 400
25 466 457
57 453 418
68 467 430
19 463 473
38 493 453
66 411 451
60 484 430
1 411 406
22 451 440
5 471 461
46 445 426
11 458 482
79 431 481
49 462 404
3 485 482
68 414 402
21 447 468
27 489 470
2 440 472
67 435 436
39 439 458
58 496 422
43 404 428
67 485 462
62 441 466
23 456 450
5 430 425
6 445 450
22 462 436
33 405 418
77 445 460
60 457 433
59 494 430
58 475 413
50 472 416
7 407 440
52 404 446
34 484 400
60 421 496
66 410 435
67 486 474
39 445 408
9 449 404
14 454 410
72 429 475
43 406 411
24 438 470
61 445 468
36 485 412
11 401 462
54 475 419
66 447 550
55 419 588
58 490 510
70 458 567
74 456 541
57 405 593
38 473 579
55 481 583
7 487 557
76 460 510
1 404 581
69 400 577
59 445 583
33 416 542
35 402 508
69 459 502
15 429 500
22 443 538
47 472 552
38 464 525
69 489 553
15 495 549
66 418 511
13 468 566
67 487 524
24 404 573
80 451 574
2 470 589
62 481 525
1 487 535
1 466 580
24 431 556
56 453 557
10 409 500
25 466 557
57 453 518
68 467 530
19 463 573
38 493 553
66 411 551
60 484 530
1 411 506
22 451 540
5 471 561
46 445 526
11 458 582
79 431 581
49 462 504
3 485 582
68 414 502
21 447 568
27 489 570
2 440 572
67 435 536
39 439 558
58 496 522
43 404 528
67 485 562
62 441 566
23 456 550
5 430 525
6 445 550
22 462 536
33 405 518
77 445 560
60 457 533
59 494 530
58 475 513
50 472 516
7 407 540
52 404 546
34 484 500
60 421 596
66 410 535
67 486 574
39 445 508
9 449 504
14 454 510
72 429 575
43 406 511
24 438 570
61 445 568
36 485 512
11 401 562
54 475 519
66 447 650
55 419 688
58 490 610
70 458 667
74 456 641
57 405 693
38 473 679
55 481 683
7 487 657
76 460 610
1 404 681
69 400 677
59 445 683
33 416 642
35 402 608
69 459 602
15 429 600
22 443 638
47 472 652
38 464 625
69 489 653
15 495 649
66 418 611
13 468 666
67 487 624
24 404 673
80 451 674
2 470 689
62 481 625
1 487 635
1 466 680
24 431 656
56 453 657
10 409 600
25 466 657
57 453 618
68 467 630
19 463 673
38 493 653
66 411 651
60 484 630
1 411 606
22 451 640
5 471 661
46 445 626
11 458 682
79 431 681
49 462 604
3 485 682
68 414 602
21 447 668
27 489 670
2 440 672
67 435 636
39 439 658
58 496 622
43 404 628
67 485 662
62 441 666
23 456 650
5 430 625
6 445 650
22 462 636
33 405 618
77 445 660
60 457 633
59 494 630
58 475 613
50 472 616
7 407 640
52 404 646
34 484 600
60 421 696
66 410 635
67 486 674
39 445 608
9 449 604
14 454 610
72 429 675
43 406 611
24 438 670
61 445 668
36 485 612
11 401 662
54 475 619
66 447 750
55 419 788
58 490 710
70 458 767
74 456 741
57 405 793
38 473 779
55 481 783
7 487 757
76 460 710
1 404 781
69 400 777
59 445 783
33 416 742
35 402 708
69 459 702
15 429 700
22 443 738
47 472 752
38 464 725
69 489 753
15 495 749
66 418 711
13 468 766
67 487 724
24 404 773
80 451 774
2 470 789
62 481 725
1 487 735
1 466 780
24 431 756
56 453 757
10 409 700
25 466 757
57 453 718
68 467 730
19 463 773
38 493 753
66 411 751
60 484 730
1 411 706
22 451 740
5 471 761
46 445 726
11 458 782
79 431 781
49 462 704
3 485 782
68 414 702
21 447 768
27 489 770
2 440 772
67 435 736
39 439 758
58 496 722
43 404 728
67 485 762
62 441 766
23 456 750
5 430 725
6 445 750
22 462 736
33 405 718
77 445 760
60 457 733
59 494 730
58 475 713
50 472 716
7 407 740
52 404 746
34 484 700
60 421 796
66 410 735
67 486 774
39 445 708
9 449 704
14 454 710
72 429 775
43 406 711
24 438 770
61 445 768
36 485 712
11 401 762
54 475 719
66 447 850
55 419 888
58 490 810
70 458 867
74 456 841
57 405 893
38 473 879
55 481 883
7 487 857
76 460 810
1 404 881
69 400 877
59 445 883
33 416 842
35 402 808
69 459 802
15 429 800
22 443 838
47 472 852
38 464 825
69 489 853
15 495 849
66 418 811
13 468 866
67 487 824
24 404 873
80 451 874
2 470 889
62 481 825
1 487 835
1 466 880
24 431 856
56 453 857
10 409 800
25 466 857
57 453 818
68 467 830
19 463 873
38 493 853
66 411 851
60 484 830
1 411 806
22 451 840
5 471 861
46 445 826
11 458 882
79 431 881
49 462 804
3 485 882
68 414 802
21 447 868
27 489 870
2 440 872
67 435 836
39 439 858
58 496 822
43 404 828
67 485 862
62 441 866
23 456 850
5 430 825
6 445 850
22 462 836
33 405 818
77 445 860
60 457 833
59 494 830
58 475 813
50 472 816
7 407 840
52 404 846
34 484 800
60 421 896
66 410 835
67 486 874
39 445 808
9 449 804
14 454 810
72 429 875
43 406 811
24 438 870
61 445 868
36 485 812
11 401 862
54 475 819
66 447 950
55 419 988
58 490 910
70 458 967
74 456 941
57 405 993
38 473 979
55 481 983
7 487 957
76 460 910
1 404 981
69 400 977
59 445 983
33 416 942
35 402 908
69 459 902
15 429 900
22 443 938
47 472 952
38 464 925
69 489 953
15 495 949
66 418 911
13 468 966
67 487 924
24 404 973
80 451 974
2 470 989
62 481 925
1 487 935
1 466 980
24 431 956
56 453 957
10 409 900
25 466 957
57 453 918
68 467 930
19 463 973
38 493 953
66 411 951
60 484 930
1 411 906
22 451 940
5 471 961
46 445 926
11 458 982
79 431 981
49 462 904
3 485 982
68 414 902
21 447 968
27 489 970
2 440 972
67 435 936
39 439 958
58 496 922
43 404 928
67 485 962
62 441 966
23 456 950
5 430 925
6 445 950
22 462 936
33 405 918
77 445 960
60 457 933
59 494 930
58 475 913
50 472 916
7 407 940
52 404 946
34 484 900
60 421 996
66 410 935
67 486 974
39 445 908
9 449 904
14 454 910
72 429 975
43 406 911
24 438 970
61 445 968
36 485 912
11 401 962
54 475 919
66 547 50
55 519 88
58 590 10
70 558 67
74 556 41
57 505 93
38 573 79
55 581 83
7 587 57
76 560 10
1 504 81
69 500 77
59 545 83
33 516 42
35 502 8
69 559 2
15 529 0
22 543 38
47 572 52
38 564 25
69 589 53
15 595 49
66 518 11
13 568 66
67 587 24
24 504 73
80 551 74
2 570 89
62 581 25
1 587 35
1 566 80
24 531 56
56 553 57
10 509 0
25 566 57
57 553 18
68 567 30
19 563 73
38 593 53
66 511 51
60 584 30
1 511 6
22 551 40
5 571 61
46 545 26
11 558 82
79 531 81
49 562 4
3 585 82
68 514 2
21 547 68
27 589 70
2 540 72
67 535 36
39 539 58
58 596 22
43 504 28
67 585 62
62 541 66
23 556 50
5 530 25
6 545 50
22 562 36
33 505 18
77 545 60
60 557 33
59 594 30
58 575 13
50 572 16
7 507 40
52 504 46
34 584 0
60 521 96
66 510 35
67 586 74
39 545 8
9 549 4
14 554 10
72 529 75
43 506 11
24 538 70
61 545 68
36 585 12
11 501 62
54 575 19
66 547 150
55 519 188
58 590 110
70 558 167
74 556 141
57 505 193
38 573 179
55 581 183
7 587 157
76 560 110
1 504 181
69 500 177
59 545 183
33 516 142
35 502 108
69 559 102
15 529 100
22 543 138
47 572 152
38 564 125
69 589 153
15 595 149
66 518 111
13 568 166
67 587 124
24 504 173
80 551 174
2 570 189
62 581 125
1 587 135
1 566 180
24 531 156
56 553 157
10 509 100
25 566 157
57 553 118
68 567 130
19 563 173
38 593 153
66 511 151
60 584 130
1 511 106
22 551 140
5 571 161
46 545 126
11 558 182
79 531 181
49 562 104
3 585 182
68 514 102
21 547 168
27 589 170
2 540 172
67 535 136
39 539 158
58 596 122
43 504 128
67 585 162
62 541 166
23 556 150
5 530 125
6 545 150
22 562 136
33 505 118
77 545 160
60 557 133
59 594 130
58 575 113
50 572 116
7 507 140
52 504 146
34 584 100
60 521 196
66 510 135
67 586 174
39 545 108
9 549 104
14 554 110
72 529 175
43 506 111
24 538 170
61 545 168
36 585 112
11 501 162
54 575 119
66 547 250
55 519 288
58 590 210
70 558 267
74 556 241
57 505 293
38 573 279
55 581 283
7 587 257
76 560 210
1 504 281
69 500 277
59 545 283
33 516 242
35 502 208
69 559 202
15 529 200
22 543 238
47 572 252
38 564 225
69 589 253
15 595 249
66 518 211
13 568 266
67 587 224
24 504 273
80 551 274
2 570 289
62 581 225
1 587 235
1 566 280
24 531 256
56 553 257
10 509 200
25 566 257
57 553 218
68 567 230
19 563 273
38 593 253
66 511 251
60 584 230
1 511 206
22 551 240
5 571 261
46 545 226
11 558 282
79 531 281
49 562 204
3 585 282
68 514 202
21 547 268
27 589 270
2 540 272
67 535 236
39 539 258
58 596 222
43 504 228
67 585 262
62 541 266
23 556 250
5 530 225
6 545 250
22 562 236
33 505 218
77 545 260
60 557 233
59 594 230
58 575 213
50 572 216
7 507 240
52 504 246
34 584 200
60 521 296
66 510 235
67 586 274
39 545 208
9 549 204
14 554 210
72 529 275
43 506 211
24 538 270
61 545 268
36 585 212
11 501 262
54 575 219
66 547 350
55 519 388
58 590 310
70 558 367
74 556 341
57 505 393
38 573 379
55 581 383
7 587 357
76 560 310
1 504 381
69 500 377
59 545 383
33 516 342
35 502 308
69 559 302
15 529 300
22 543 338
47 572 352
38 564 325
69 589 353
15 595 349
66 518 311
13 568 366
67 587 324
24 504 373
80 551 374
2 570 389
62 581 325
1 587 335
1 566 380
24 531 356
56 553 357
10 509 300
25 566 357
57 553 318
68 567 330
19 563 373
38 593 353
66 511 351
60 584 330
1 511 306
22 551 340
5 571 361
46 545 326
11 558 382
79 531 381
49 562 304
3 585 382
68 514 302
21 547 368
27 589 370
2 540 372
67 535 336
39 539 358
58 596 322
43 504 328
67 585 362
62 541 366
23 556 350
5 530 325
6 545 350
22 562 336
33 505 318
77 545 360
60 557 333
59 594 330
58 575 313
50 572 316
7 507 340
52 504 346
34 584 300
60 521 396
66 510 335
67 586 374
39 545 308
9 549 304
14 554 310
72 529 375
43 506 311
24 538 370
61 545 368
36 585 312
11 501 362
54 575 319
66 547 450
55 519 488
58 590 410
70 558 467
74 556 441
57 505 493
38 573 479
55 581 483
7 587 457
76 560 410
1 504 481
69 500 477
59 545 483
33 516 442
35 502 408
69 559 402
15 529 400
22 543 438
47 572 452
38 564 425
69 589 453
15 595 449
66 518 411
13 568 466
67 587 424
24 504 473
80 551 474
2 570 489
62 581 425
1 587 435
1 566 480
24 531 456
56 553 457
10 509 400
25 566 457
57 553 418
68 567 430
19 563 473
38 593 453
66 511 451
60 584 430
1 511 406
22 551 440
5 571 461
46 545 426
11 558 482
79 531 481
49 562 404
3 585 482
68 514 402
21 547 468
27 589 470
2 540 472
67 535 436
39 539 458
58 596 422
43 504 428
67 585 462
62 541 466
23 556 450
5 530 425
6 545 450
22 562 436
33 505 418
77 545 460
60 557 433
59 594 430
58 575 413
50 572 416
7 507 440
52 504 446
34 584 400
60 521 496
66 510 435
67 586 474
39 545 408
9 549 404
14 554 410
72 529 475
43 506 411
24 538 470
61 545 468
36 585 412
11 501 462
54 575 419
66 547 550
55 519 588
58 590 510
70 558 567
74 556 541
57 505 593
38 573 579
55 581 583
7 587 557
76 560 510
1 504 581
69 500 577
59 545 583
33 516 542
35 502 508
69 559 502
15 529 500
22 543 538
47 572 552
38 564 525
69 589 553
15 595 549
66 518 511
13 568 566
67 587 524
24 504 573
80 551 574
2 570 589
62 581 525
1 587 535
1 566 580
24 531 556
56 553 557
10 509 500
25 566 557
57 553 518
68 567 530
19 563 573
38 593 553
66 511 551
60 584 530
1 511 506
22 551 540
5 571 561
46 545 526
11 558 582
79 531 581
49 562 504
3 585 582
68 514 502
21 547 568
27 589 570
2 540 572
67 535 536
39 539 558
58 596 522
43 504 528
67 585 562
62 541 566
23 556 550
5 530 525
6 545 550
22 562 536
33 505 518
77 545 560
60 557 533
59 594 530
58 575 513
50 572 516
7 507 540
52 504 546
34 584 500
60 521 596
66 510 535
67 586 574
39 545 508
9 549 504
14 554 510
72 529 575
43 506 511
24 538 570
61 545 568
36 585 512
11 501 562
54 575 519
66 547 650
55 519 688
58 590 610
70 558 667
74 556 641
57 505 693
38 573 679
55 581 683
7 587 657
76 560 610
1 504 681
69 500 677
59 545 683
33 516 642
35 502 608
69 559 602
15 529 600
22 543 638
47 572 652
38 564 625
69 589 653
15 595 649
66 518 611
13 568 666
67 587 624
24 504 673
80 551 674
2 570 689
62 581 625
1 587 635
1 566 680
24 531 656
56 553 657
10 509 600
25 566 657
57 553 618
68 567 630
19 563 673
38 593 653
66 511 651
60 584 630
1 511 606
22 551 640
5 571 661
46 545 626
11 558 682
79 531 681
49 562 604
3 585 682
68 514 602
21 547 668
27 589 670
2 540 672
67 535 636
39 539 658
58 596 622
43 504 628
67 585 662
62 541 666
23 556 650
5 530 625
6 545 650
22 562 636
33 505 618
77 545 660
60 557 633
59 594 630
58 575 613
50 572 616
7 507 640
52 504 646
34 584 600
60 521 696
66 510 635
67 586 674
39 545 608
9 549 604
14 554 610
72 529 675
43 506 611
24 538 670
61 545 668
36 585 612
11 501 662
54 575 619
66 547 750
55 519 788
58 590 710
70 558 767
74 556 741
57 505 793
38 573 779
55 581 783
7 587 757
76 560 710
1 504 781
69 500 777
59 545 783
33 516 742
35 502 708
69 559 702
15 529 700
22 543 738
47 572 752
38 564 725
69 589 753
15 595 749
66 518 711
13 568 766
67 587 724
24 504 773
80 551 774
2 570 789
62 581 725
1 587 735
1 566 780
24 531 756
56 553 757
10 509 700
25 566 757
57 553 718
68 567 730
19 563 773
38 593 753
66 511 751
60 584 730
1 511 706
22 551 740
5 571 761
46 545 726
11 558 782
79 531 781
49 562 704
3 585 782
68 514 702
21 547 768
27 589 770
2 540 772
67 535 736
39 539 758
58 596 722
43 504 728
67 585 762
62 541 766
23 556 750
5 530 725
6 545 750
22 562 736
33 505 718
77 545 760
60 557 733
59 594 730
58 575 713
50 572 716
7 507 740
52 504 746
34 584 700
60 521 796
66 510 735
67 586 774
39 545 708
9 549 704
14 554 710
72 529 775
43 506 711
24 538 770
61 545 768
36 585 712
11 501 762
54 575 719
66 547 850
55 519 888
58 590 810
70 558 867
74 556 841
57 505 893
38 573 879
55 581 883
7 587 857
76 560 810
1 504 881
69 500 877
59 545 883
33 516 842
35 502 808
69 559 802
15 529 800
22 543 838
47 572 852
38 564 825
69 589 853
15 595 849
66 518 811
13 568 866
67 587 824
24 504 873
80 551 874
2 570 889
62 581 825
1 587 835
1 566 880
24 531 856
56 553 857
10 509 800
25 566 857
57 553 818
68 567 830
19 563 873
38 593 853
66 511 851
60 584 830
1 511 806
22 551 840
5 571 861
46 545 826
11 558 882
79 531 881
49 562 804
3 585 882
68 514 802
21 547 868
27 589 870
2 540 872
67 535 836
39 539 858
58 596 822
43 504 828
67 585 862
62 541 866
23 556 850
5 530 825
6 545 850
22 562 836
33 505 818
77 545 860
60 557 833
59 594 830
58 575 813
50 572 816
7 507 840
52 504 846
34 584 800
60 521 896
66 510 835
67 586 874
39 545 808
9 549 804
14 554 810
72 529 875
43 506 811
24 538 870
61 545 868
36 585 812
11 501 862
54 575 819
66 547 950
55 519 988
58 590 910
70 558 967
74 556 941
57 505 993
38 573 979
55 581 983
7 587 957
76 560 910
1 504 981
69 500 977
59 545 983
33 516 942
35 502 908
69 559 902
15 529 900
22 543 938
47 572 952
38 564 925
69 589 953
15 595 949
66 518 911
13 568 966
67 587 924
24 504 973
80 551 974
2 570 989
62 581 925
1 587 935
1 566 980
24 531 956
56 553 957
10 509 900
25 566 957
57 553 918
68 567 930
19 563 973
38 593 953
66 511 951
60 584 930
1 511 906
22 551 940
5 571 961
46 545 926
11 558 982
79 531 981
49 562 904
3 585 982
68 514 902
21 547 968
27 589 970
2 540 972
67 535 936
39 539 958
58 596 922
43 504 928
67 585 962
62 541 966
23 556 950
5 530 925
6 545 950
22 562 936
33 505 918
77 545 960
60 557 933
59 594 930
58 575 913
50 572 916
7 507 940
52 504 946
34 584 900
60 521 996
66 510 935
67 586 974
39 545 908
9 549 904
14 554 910
72 529 975
43 506 911
24 538 970
61 545 968
36 585 912
11 501 962
54 575 919
66 647 50
55 619 88
58 690 10
70 658 67
74 656 41
57 605 93
38 673 79
55 681 83
7 687 57
76 660 10
1 604 81
69 600 77
59 645 83
33 616 42
35 602 8
69 659 2
15 629 0
22 643 38
47 672 52
38 664 25
69 689 53
15 695 49
66 618 11
13 668 66
67 687 24
24 604 73
80 651 74
2 670 89
62 681 25
1 687 35
1 666 80
24 631 56
56 653 57
10 609 0
25 666 57
57 653 18
68 667 30
19 663 73
38 693 53
66 611 51
60 684 30
1 611 6
22 651 40
5 671 61
46 645 26
11 658 82
79 631 81
49 662 4
3 685 82
68 614 2
21 647 68
27 689 70
2 640 72
67 635 36
39 639 58
58 696 22
43 604 28
67 685 62
62 641 66
23 656 50
5 630 25
6 645 50
22 662 36
33 605 18
77 645 60
60 657 33
59 694 30
58 675 13
50 672 16
7 607 40
52 604 46
34 684 0
60 621 96
66 610 35
67 686 74
39 645 8
9 649 4
14 654 10
72 629 75
43 606 11
24 638 70
61 645 68
36 685 12
11 601 62
54 675 19
66 647 150
55 619 188
58 690 110
70 658 167
74 656 141
57 605 193
38 673 179
55 681 183
7 687 157
76 660 110
1 604 181
69 600 177
59 645 183
33 616 142
35 602 108
69 659 102
15 629 100
22 643 138
47 672 152
38 664 125
69 689 153
15 695 149
66 618 111
13 668 166
67 687 124
24 604 173
80 651 174
2 670 189
62 681 125
1 687 135
1 666 180
24 631 156
56 653 157
10 609 100
25 666 157
57 653 118
68 667 130
19 663 173
38 693 153
66 611 151
60 684 130
1 611 106
22 651 140
5 671 161
46 645 126
11 658 182
79 631 181
49 662 104
3 685 182
68 614 102
21 647 168
27 689 170
2 640 172
67 635 136
39 639 158
58 696 122
43 604 128
67 685 162
62 641 166
23 656 150
5 630 125
6 645 150
22 662 136
33 605 118
77 645 160
60 657 133
59 694 130
58 675 113
50 672 116
7 607 140
52 604 146
34 684 100
60 621 196
66 610 135
67 686 174
39 645 108
9 649 104
14 654 110
72 629 175
43 606 111
24 638 170
61 645 168
36 685 112
11 601 162
54 675 119
66 647 250
55 619 288
58 690 210
70 658 267
74 656 241
57 605 293
38 673 279
55 681 283
7 687 257
76 660 210
1 604 281
69 600 277
59 645 283
33 616 242
35 602 208
69 659 202
15 629 200
22 643 238
47 672 252
38 664 225
69 689 253
15 695 249
66 618 211
13 668 266
67 687 224
24 604 273
80 651 274
2 670 289
62 681 225
1 687 235
1 666 280
24 631 256
56 653 257
10 609 200
25 666 257
57 653 218
68 667 230
19 663 273
38 693 253
66 611 251
60 684 230
1 611 206
22 651 240
5 671 261
46 645 226
11 658 282
79 631 281
49 662 204
3 685 282
68 614 202
21 647 268
27 689 270
2 640 272
67 635 236
39 639 258
58 696 222
43 604 228
67 685 262
62 641 266
23 656 250
5 630 225
6 645 250
22 662 236
33 605 218
77 645 260
60 657 233
59 694 230
58 675 213
50 672 216
7 607 240
52 604 246
34 684 200
60 621 296
66 610 235
67 686 274
39 645 208
9 649 204
14 654 210
72 629 275
43 606 211
24 638 270
61 645 268
36 685 212
11 601 262
54 675 219
66 647 350
55 619 388
58 690 310
70 658 367
74 656 341
57 605 393
38 673 379
55 681 383
7 687 357
76 660 310
1 604 381
69 600 377
59 645 383
33 616 342
35 602 308
69 659 302
15 629 300
22 643 338
47 672 352
38 664 325
69 689 353
15 695 349
66 618 311
13 668 366
67 687 324
24 604 373
80 651 374
2 670 389
62 681 325
1 687 335
1 666 380
24 631 356
56 653 357
10 609 300
25 666 357
57 653 318
68 667 330
19 663 373
38 693 353
66 611 351
60 684 330
1 611 306
22 651 340
5 671 361
46 645 326
11 658 382
79 631 381
49 662 304
3 685 382
68 614 302
21 647 368
27 689 370
2 640 372
67 635 336
39 639 358
58 696 322
43 604 328
67 685 362
62 641 366
23 656 350
5 630 325
6 645 350
22 662 336
33 605 318
77 645 360
60 657 333
59 694 330
58 675 313
50 672 316
7 607 340
52 604 346
34 684 300
60 621 396
66 610 335
67 686 374
39 645 308
9 649 304
14 654 310
72 629 375
43 606 311
24 638 370
61 645 368
36 685 312
11 601 362
54 675 319
66 647 450
55 619 488
58 690 410
70 658 467
74 656 441
57 605 493
38 673 479
55 681 483
7 687 457
76 660 410
1 604 481
69 600 477
59 645 483
33 616 442
35 602 408
69 659 402
15 629 400
22 643 438
47 672 452
38 664 425
69 689 453
15 695 449
66 618 411
13 668 466
67 687 424
24 604 473
80 651 474
2 670 489
62 681 425
1 687 435
1 666 480
24 631 456
56 653 457
10 609 400
25 666 457
57 653 418
68 667 430
19 663 473
38 693 453
66 611 451
60 684 430
1 611 406
22 651 440
5 671 461
46 645 426
11 658 482
79 631 481
49 662 404
3 685 482
68 614 402
21 647 468
27 689 470
2 640 472
67 635 436
39 639 458
58 696 422
43 604 428
67 685 462
62 641 466
23 656 450
5 630 425
6 645 450
22 662 436
33 605 418
77 645 460
60 657 433
59 694 430
58 675 413
50 672 416
7 607 440
52 604 446
34 684 400
60 621 496
66 610 435
67 686 474
39 645 408
9 649 404
14 654 410
72 629 475
43 606 411
24 638 470
61 645 468
36 685 412
11 601 462
54 675 419
66 647 550
55 619 588
58 690 510
70 658 567
74 656 541
57 605 593
38 673 579
55 681 583
7 687 557
76 660 510
1 604 581
69 600 577
59 645 583
33 616 542
35 602 508
69 659 502
15 629 500
22 643 538
47 672 552
38 664 525
69 689 553
15 695 549
66 618 511
13 668 566
67 687 524
24 604 573
80 651 574
2 670 589
62 681 525
1 687 535
1 666 580
24 631 556
56 653 557
10 609 500
25 666 557
57 653 518
68 667 530
19 663 573
38 693 553
66 611 551
60 684 530
1 611 506
22 651 540
5 671 561
46 645 526
11 658 582
79 631 581
49 662 504
3 685 582
68 614 502
21 647 568
27 689 570
2 640 572
67 635 536
39 639 558
58 696 522
43 604 528
67 685 562
62 641 566
23 656 550
5 630 525
6 645 550
22 662 536
33 605 518
77 645 560
60 657 533
59 694 530
58 675 513
50 672 516
7 607 540
52 604 546
34 684 500
60 621 596
66 610 535
67 686 574
39 645 508
9 649 504
14 654 510
72 629 575
43 606 511
24 638 570
61 645 568
36 685 512
11 601 562
54 675 519
66 647 650
55 619 688
58 690 610
70 658 667
74 656 641
57 605 693
38 673 679
55 681 683
7 687 657
76 660 610
1 604 681
69 600 677
59 645 683
33 616 642
35 602 608
69 659 602
15 629 600
22 643 638
47 672 652
38 664 625
69 689 653
15 695 649
66 618 611
13 668 666
67 687 624
24 604 673
80 651 674
2 670 689
62 681 625
1 687 635
1 666 680
24 631 656
56 653 657
10 609 600
25 666 657
57 653 618
68 667 630
19 663 673
38 693 653
66 611 651
60 684 630
1 611 606
22 651 640
5 671 661
46 645 626
11 658 682
79 631 681
49 662 604
3 685 682
68 614 602
21 647 668
27 689 670
2 640 672
67 635 636
39 639 658
58 696 622
43 604 628
67 685 662
62 641 666
23 656 650
5 630 625
6 645 650
22 662 636
33 605 618
77 645 660
60 657 633
59 694 630
58 675 613
50 672 616
7 607 640
52 604 646
34 684 600
60 621 696
66 610 635
67 686 674
39 645 608
9 649 604
14 654 610
72 629 675
43 606 611
24 638 670
61 645 668
36 685 612
11 601 662
54 675 619
66 647 750
55 619 788
58 690 710
70 658 767
74 656 741
57 605 793
38 673 779
55 681 783
7 687 757
76 660 710
1 604 781
69 600 777
59 645 783
33 616 742
35 602 708
69 659 702
15 629 700
22 643 738
47 672 752
38 664 725
69 689 753
15 695 749
66 618 711
13 668 766
67 687 724
24 604 773
80 651 774
2 670 789
62 681 725
1 687 735
1 666 780
24 631 756
56 653 757
10 609 700
25 666 757
57 653 718
68 667 730
19 663 773
38 693 753
66 611 751
60 684 730
1 611 706
22 651 740
5 671 761
46 645 726
11 658 782
79 631 781
49 662 704
3 685 782
68 614 702
21 647 768
27 689 770
2 640 772
67 635 736
39 639 758
58 696 722
43 604 728
67 685 762
62 641 766
23 656 750
5 630 725
6 645 750
22 662 736
33 605 718
77 645 760
60 657 733
59 694 730
58 675 713
50 672 716
7 607 740
52 604 746
34 684 700
60 621 796
66 610 735
67 686 774
39 645 708
9 649 704
14 654 710
72 629 775
43 606 711
24 638 770
61 645 768
36 685 712
11 601 762
54 675 719
66 647 850
55 619 888
58 690 810
70 658 867
74 656 841
57 605 893
38 673 879
55 681 883
7 687 857
76 660 810
1 604 881
69 600 877
59 645 883
33 616 842
35 602 808
69 659 802
15 629 800
22 643 838
47 672 852
38 664 825
69 689 853
15 695 849
66 618 811
13 668 866
67 687 824
24 604 873
80 651 874
2 670 889
62 681 825
1 687 835
1 666 880
24 631 856
56 653 857
10 609 800
25 666 857
57 653 818
68 667 830
19 663 873
38 693 853
66 611 851
60 684 830
1 611 806
22 651 840
5 671 861
46 645 826
11 658 882
79 631 881
49 662 804
3 685 882
68 614 802
21 647 868
27 689 870
2 640 872
67 635 836
39 639 858
58 696 822
43 604 828
67 685 862
62 641 866
23 656 850
5 630 825
6 645 850
22 662 836
33 605 818
77 645 860
60 657 833
59 694 830
58 675 813
50 672 816
7 607 840
52 604 846
34 684 800
60 621 896
66 610 835
67 686 874
39 645 808
9 649 804
14 654 810
72 629 875
43 606 811
24 638 870
61 645 868
36 685 812
11 601 862
54 675 819
66 647 950
55 619 988
58 690 910
70 658 967
74 656 941
57 605 993
38 673 979
55 681 983
7 687 957
76 660 910
1 604 981
69 600 977
59 645 983
33 616 942
35 602 908
69 659 902
15 629 900
22 643 938
47 672 952
38 664 925
69 689 953
15 695 949
66 618 911
13 668 966
67 687 924
24 604 973
80 651 974
2 670 989
62 681 925
1 687 935
1 666 980
24 631 956
56 653 957
10 609 900
25 666 957
57 653 918
68 667 930
19 663 973
38 693 953
66 611 951
60 684 930
1 611 906
22 651 940
5 671 961
46 645 926
11 658 982
79 631 981
49 662 904
3 685 982
68 614 902
21 647 968
27 689 970
2 640 972
67 635 936
39 639 958
58 696 922
43 604 928
67 685 962
62 641 966
23 656 950
5 630 925
6 645 950
22 662 936
33 605 918
77 645 960
60 657 933
59 694 930
58 675 913
50 672 916
7 607 940
52 604 946
34 684 900
60 621 996
66 610 935
67 686 974
39 645 908
9 649 904
14 654 910
72 629 975
43 606 911
24 638 970
61 645 968
36 685 912
11 601 962
54 675 919
66 747 50
55 719 88
58 790 10
70 758 67
74 756 41
57 705 93
38 773 79
55 781 83
7 787 57
76 760 10
1 704 81
69 700 77
59 745 83
33 716 42
35 702 8
69 759 2
15 729 0
22 743 38
47 772 52
38 764 25
69 789 53
15 795 49
66 718 11
13 768 66
67 787 24
24 704 73
80 751 74
2 770 89
62 781 25
1 787 35
1 766 80
24 731 56
56 753 57
10 709 0
25 766 57
57 753 18
68 767 30
19 763 73
38 793 53
66 711 51
60 784 30
1 711 6
22 751 40
5 771 61
46 745 26
11 758 82
79 731 81
49 762 4
3 785 82
68 714 2
21 747 68
27 789 70
2 740 72
67 735 36
39 739 58
58 796 22
43 704 28
67 785 62
62 741 66
23 756 50
5 730 25
6 745 50
22 762 36
33 705 18
77 745 60
60 757 33
59 794 30
58 775 13
50 772 16
7 707 40
52 704 46
34 784 0
60 721 96
66 710 35
67 786 74
39 745 8
9 749 4
14 754 10
72 729 75
43 706 11
24 738 70
61 745 68
36 785 12
11 701 62
54 775 19
66 747 150
55 719 188
58 790 110
70 758 167
74 756 141
57 705 193
38 773 179
55 781 183
7 787 157
76 760 110
1 704 181
69 700 177
59 745 183
33 716 142
35 702 108
69 759 102
15 729 100
22 743 138
47 772 152
38 764 125
69 789 153
15 795 149
66 718 111
13 768 166
67 787 124
24 704 173
80 751 174
2 770 189
62 781 125
1 787 135
1 766 180
24 731 156
56 753 157
10 709 100
25 766 157
57 753 118
68 767 130
19 763 173
38 793 153
66 711 151
60 784 130
1 711 106
22 751 140
5 771 161
46 745 126
11 758 182
79 731 181
49 762 104
3 785 182
68 714 102
21 747 168
27 789 170
2 740 172
67 735 136
39 739 158
58 796 122
43 704 128
67 785 162
62 741 166
23 756 150
5 730 125
6 745 150
22 762 136
33 705 118
77 745 160
60 757 133
59 794 130
58 775 113
50 772 116
7 707 140
52 704 146
34 784 100
60 721 196
66 710 135
67 786 174
39 745 108
9 749 104
14 754 110
72 729 175
43 706 111
24 738 170
61 745 168
36 785 112
11 701 162
54 775 119
66 747 250
55 719 288
58 790 210
70 758 267
74 756 241
57 705 293
38 773 279
55 781 283
7 787 257
76 760 210
1 704 281
69 700 277
59 745 283
33 716 242
35 702 208
69 759 202
15 729 200
22 743 238
47 772 252
38 764 225
69 789 253
15 795 249
66 718 211
13 768 266
67 787 224
24 704 273
80 751 274
2 770 289
62 781 225
1 787 235
1 766 280
24 731 256
56 753 257
10 709 200
25 766 257
57 753 218
68 767 230
19 763 273
38 793 253
66 711 251
60 784 230
1 711 206
22 751 240
5 771 261
46 745 226
11 758 282
79 731 281
49 762 204
3 785 282
68 714 202
21 747 268
27 789 270
2 740 272
67 735 236
39 739 258
58 796 222
43 704 228
67 785 262
62 741 266
23 756 250
5 730 225
6 745 250
22 762 236
33 705 218
77 745 260
60 757 233
59 794 230
58 775 213
50 772 216
7 707 240
52 704 246
34 784 200
60 721 296
66 710 235
67 786 274
39 745 208
9 749 204
14 754 210
72 729 275
43 706 211
24 738 270
61 745 268
36 785 212
11 701 262
54 775 219
66 747 350
55 719 388
58 790 310
70 758 367
74 756 341
57 705 393
38 773 379
55 781 383
7 787 357
76 760 310
1 704 381
69 700 377
59 745 383
33 716 342
35 702 308
69 759 302
15 729 300
22 743 338
47 772 352
38 764 325
69 789 353
15 795 349
66 718 311
13 768 366
67 787 324
24 704 373
80 751 374
2 770 389
62 781 325
1 787 335
1 766 380
24 731 356
56 753 357
10 709 300
25 766 357
57 753 318
68 767 330
19 763 373
38 793 353
66 711 351
60 784 330
1 711 306
22 751 340
5 771 361
46 745 326
11 758 382
79 731 381
49 762 304
3 785 382
68 714 302
21 747 368
27 789 370
2 740 372
67 735 336
39 739 358
58 796 322
43 704 328
67 785 362
62 741 366
23 756 350
5 730 325
6 745 350
22 762 336
33 705 318
77 745 360
60 757 333
59 794 330
58 775 313
50 772 316
7 707 340
52 704 346
34 784 300
60 721 396
66 710 335
67 786 374
39 745 308
9 749 304
14 754 310
72 729 375
43 706 311
24 738 370
61 745 368
36 785 312
11 701 362
54 775 319
66 747 450
55 719 488
58 790 410
70 758 467
74 756 441
57 705 493
38 773 479
55 781 483
7 787 457
76 760 410
1 704 481
69 700 477
59 745 483
33 716 442
35 702 408
69 759 402
15 729 400
22 743 438
47 772 452
38 764 425
69 789 453
15 795 449
66 718 411
13 768 466
67 787 424
24 704 473
80 751 474
2 770 489
62 781 425
1 787 435
1 766 480
24 731 456
56 753 457
10 709 400
25 766 457
57 753 418
68 767 430
19 763 473
38 793 453
66 711 451
60 784 430
1 711 406
22 751 440
5 771 461
46 745 426
11 758 482
79 731 481
49 762 404
3 785 482
68 714 402
21 747 468
27 789 470
2 740 472
67 735 436
39 739 458
58 796 422
43 704 428
67 785 462
62 741 466
23 756 450
5 730 425
6 745 450
22 762 436
33 705 418
77 745 460
60 757 433
59 794 430
58 775 413
50 772 416
7 707 440
52 704 446
34 784 400
60 721 496
66 710 435
67 786 474
39 745 408
9 749 404
14 754 410
72 729 475
43 706 411
24 738 470
61 745 468
36 785 412
11 701 462
54 775 419
66 747 550
55 719 588
58 790 510
70 758 567
74 756 541
57 705 593
38 773 579
55 781 583
7 787 557
76 760 510
1 704 581
69 700 577
59 745 583
33 716 542
35 702 508
69 759 502
15 729 500
22 743 538
47 772 552
38 764 525
69 789 553
15 795 549
66 718 511
13 768 566
67 787 524
24 704 573
80 751 574
2 770 589
62 781 525
1 787 535
1 766 580
24 731 556
56 753 557
10 709 500
25 766 557
57 753 518
68 767 530
19 763 573
38 793 553
66 711 551
60 784 530
1 711 506
22 751 540
5 771 561
46 745 526
11 758 582
79 731 581
49 762 504
3 785 582
68 714 502
21 747 568
27 789 570
2 740 572
67 735 536
39 739 558
58 796 522
43 704 528
67 785 562
62 741 566
23 756 550
5 730 525
6 745 550
22 762 536
33 705 518
77 745 560
60 757 533
59 794 530
58 775 513
50 772 516
7 707 540
52 704 546
34 784 500
60 721 596
66 710 535
67 786 574
39 745 508
9 749 504
14 754 510
72 729 575
43 706 511
24 738 570
61 745 568
36 785 512
11 701 562
54 775 519
66 747 650
55 719 688
58 790 610
70 758 667
74 756 641
57 705 693
38 773 679
55 781 683
7 787 657
76 760 610
1 704 681
69 700 677
59 745 683
33 716 642
35 702 608
69 759 602
15 729 600
22 743 638
47 772 652
38 764 625
69 789 653
15 795 649
66 718 611
13 768 666
67 787 624
24 704 673
80 751 674
2 770 689
62 781 625
1 787 635
1 766 680
24 731 656
56 753 657
10 709 600
25 766 657
57 753 618
68 767 630
19 763 673
38 793 653
66 711 651
60 784 630
1 711 606
22 751 640
5 771 661
46 745 626
11 758 682
79 731 681
49 762 604
3 785 682
68 714 602
21 747 668
27 789 670
2 740 672
67 735 636
39 739 658
58 796 622
43 704 628
67 785 662
62 741 666
23 756 650
5 730 625
6 745 650
22 762 636
33 705 618
77 745 660
60 757 633
59 794 630
58 775 613
50 772 616
7 707 640
52 704 646
34 784 600
60 721 696
66 710 635
67 786 674
39 745 608
9 749 604
14 754 610
72 729 675
43 706 611
24 738 670
61 745 668
36 785 612
11 701 662
54 775 619
66 747 750
55 719 788
58 790 710
70 758 767
74 756 741
57 705 793
38 773 779
55 781 783
7 787 757
76 760 710
1 704 781
69 700 777
59 745 783
33 716 742
35 702 708
69 759 702
15 729 700
22 743 738
47 772 752
38 764 725
69 789 753
15 795 749
66 718 711
13 768 766
67 787 724
24 704 773
80 751 774
2 770 789
62 781 725
1 787 735
1 766 780
24 731 756
56 753 757
10 709 700
25 766 757
57 753 718
68 767 730
19 763 773
38 793 753
66 711 751
60 784 730
1 711 706
22 751 740
5 771 761
46 745 726
11 758 782
79 731 781
49 762 704
3 785 782
68 714 702
21 747 768
27 789 770
2 740 772
67 735 736
39 739 758
58 796 722
43 704 728
67 785 762
62 741 766
23 756 750
5 730 725
6 745 750
22 762 736
33 705 718
77 745 760
60 757 733
59 794 730
58 775 713
50 772 716
7 707 740
52 704 746
34 784 700
60 721 796
66 710 735
67 786 774
39 745 708
9 749 704
14 754 710
72 729 775
43 706 711
24 738 770
61 745 768
36 785 712
11 701 762
54 775 719
66 747 850
55 719 888
58 790 810
70 758 867
74 756 841
57 705 893
38 773 879
55 781 883
7 787 857
76 760 810
1 704 881
69 700 877
59 745 883
33 716 842
35 702 808
69 759 802
15 729 800
22 743 838
47 772 852
38 764 825
69 789 853
15 795 849
66 718 811
13 768 866
67 787 824
24 704 873
80 751 874
2 770 889
62 781 825
1 787 835
1 766 880
24 731 856
56 753 857
10 709 800
25 766 857
57 753 818
68 767 830
19 763 873
38 793 853
66 711 851
60 784 830
1 711 806
22 751 840
5 771 861
46 745 826
11 758 882
79 731 881
49 762 804
3 785 882
68 714 802
21 747 868
27 789 870
2 740 872
67 735 836
39 739 858
58 796 822
43 704 828
67 785 862
62 741 866
23 756 850
5 730 825
6 745 850
22 762 836
33 705 818
77 745 860
60 757 833
59 794 830
58 775 813
50 772 816
7 707 840
52 704 846
34 784 800
60 721 896
66 710 835
67 786 874
39 745 808
9 749 804
14 754 810
72 729 875
43 706 811
24 738 870
61 745 868
36 785 812
11 701 862
54 775 819
66 747 950
55 719 988
58 790 910
70 758 967
74 756 941
57 705 993
38 773 979
55 781 983
7 787 957
76 760 910
1 704 981
69 700 977
59 745 983
33 716 942
35 702 908
69 759 902
15 729 900
22 743 938
47 772 952
38 764 925
69 789 953
15 795 949
66 718 911
13 768 966
67 787 924
24 704 973
80 751 974
2 770 989
62 781 925
1 787 935
1 766 980
24 731 956
56 753 957
10 709 900
25 766 957
57 753 918
68 767 930
19 763 973
38 793 953
66 711 951
60 784 930
1 711 906
22 751 940
5 771 961
46 745 926
11 758 982
79 731 981
49 762 904
3 785 982
68 714 902
21 747 968
27 789 970
2 740 972
67 735 936
39 739 958
58 796 922
43 704 928
67 785 962
62 741 966
23 756 950
5 730 925
6 745 950
22 762 936
33 705 918
77 745 960
60 757 933
59 794 930
58 775 913
50 772 916
7 707 940
52 704 946
34 784 900
60 721 996
66 710 935
67 786 974
39 745 908
9 749 904
14 754 910
72 729 975
43 706 911
24 738 970
61 745 968
36 785 912
11 701 962
54 775 919
66 847 50
55 819 88
58 890 10
70 858 67
74 856 41
57 805 93
38 873 79
55 881 83
7 887 57
76 860 10
1 804 81
69 800 77
59 845 83
33 816 42
35 802 8
69 859 2
15 829 0
22 843 38
47 872 52
38 864 25
69 889 53
15 895 49
66 818 11
13 868 66
67 887 24
24 804 73
80 851 74
2 870 89
62 881 25
1 887 35
1 866 80
24 831 56
56 853 57
10 809 0
25 866 57
57 853 18
68 867 30
19 863 73
38 893 53
66 811 51
60 884 30
1 811 6
22 851 40
5 871 61
46 845 26
11 858 82
79 831 81
49 862 4
3 885 82
68 814 2
21 847 68
27 889 70
2 840 72
67 835 36
39 839 58
58 896 22
43 804 28
67 885 62
62 841 66
23 856 50
5 830 25
6 845 50
22 862 36
33 805 18
77 845 60
60 857 33
59 894 30
58 875 13
50 872 16
7 807 40
52 804 46
34 884 0
60 821 96
66 810 35
67 886 74
39 845 8
9 849 4
14 854 10
72 829 75
43 806 11
24 838 70
61 845 68
36 885 12
11 801 62
54 875 19
66 847 150
55 819 188
58 890 110
70 858 167
74 856 141
57 805 193
38 873 179
55 881 183
7 887 157
76 860 110
1 804 181
69 800 177
59 845 183
33 816 142
35 802 108
69 859 102
15 829 100
22 843 138
47 872 152
38 864 125
69 889 153
15 895 149
66 818 111
13 868 166
67 887 124
24 804 173
80 851 174
2 870 189
62 881 125
1 887 135
1 866 180
24 831 156
56 853 157
10 809 100
25 866 157
57 853 118
68 867 130
19 863 173
38 893 153
66 811 151
60 884 130
1 811 106
22 851 140
5 871 161
46 845 126
11 858 182
79 831 181
49 862 104
3 885 182
68 814 102
21 847 168
27 889 170
2 840 172
67 835 136
39 839 158
58 896 122
43 804 128
67 885 162
62 841 166
23 856 150
5 830 125
6 845 150
22 862 136
33 805 118
77 845 160
60 857 133
59 894 130
58 875 113
50 872 116
7 807 140
52 804 146
34 884 100
60 821 196
66 810 135
67 886 174
39 845 108
9 849 104
14 854 110
72 829 175
43 806 111
24 838 170
61 845 168
36 885 112
11 801 162
54 875 119
66 847 250
55 819 288
58 890 210
70 858 267
74 856 241
57 805 293
38 873 279
55 881 283
7 887 257
76 860 210
1 804 281
69 800 277
59 845 283
33 816 242
35 802 208
69 859 202
15 829 200
22 843 238
47 872 252
38 864 225
69 889 253
15 895 249
66 818 211
13 868 266
67 887 224
24 804 273
80 851 274
2 870 289
62 881 225
1 887 235
1 866 280
24 831 256
56 853 257
10 809 200
25 866 257
57 853 218
68 867 230
19 863 273
38 893 253
66 811 251
60 884 230
1 811 206
22 851 240
5 871 261
46 845 226
11 858 282
79 831 281
49 862 204
3 885 282
68 814 202
21 847 268
27 889 270
2 840 272
67 835 236
39 839 258
58 896 222
43 804 228
67 885 262
62 841 266
23 856 250
5 830 225
6 845 250
22 862 236
33 805 218
77 845 260
60 857 233
59 894 230
58 875 213
50 872 216
7 807 240
52 804 246
34 884 200
60 821 296
66 810 235
67 886 274
39 845 208
9 849 204
14 854 210
72 829 275
43 806 211
24 838 270
61 845 268
36 885 212
11 801 262
54 875 219
66 847 350
55 819 388
58 890 310
70 858 367
74 856 341
57 805 393
38 873 379
55 881 383
7 887 357
76 860 310
1 804 381
69 800 377
59 845 383
33 816 342
35 802 308
69 859 302
15 829 300
22 843 338
47 872 352
38 864 325
69 889 353
15 895 349
66 818 311
13 868 366
67 887 324
24 804 373
80 851 374
2 870 389
62 881 325
1 887 335
1 866 380
24 831 356
56 853 357
10 809 300
25 866 357
57 853 318
68 867 330
19 863 373
38 893 353
66 811 351
60 884 330
1 811 306
22 851 340
5 871 361
46 845 326
11 858 382
79 831 381
49 862 304
3 885 382
68 814 302
21 847 368
27 889 370
2 840 372
67 835 336
39 839 358
58 896 322
43 804 328
67 885 362
62 841 366
23 856 350
5 830 325
6 845 350
22 862 336
33 805 318
77 845 360
60 857 333
59 894 330
58 875 313
50 872 316
7 807 340
52 804 346
34 884 300
60 821 396
66 810 335
67 886 374
39 845 308
9 849 304
14 854 310
72 829 375
43 806 311
24 838 370
61 845 368
36 885 312
11 801 362
54 875 319
66 847 450
55 819 488
58 890 410
70 858 467
74 856 441
57 805 493
38 873 479
55 881 483
7 887 457
76 860 410
1 804 481
69 800 477
59 845 483
33 816 442
35 802 408
69 859 402
15 829 400
22 843 438
47 872 452
38 864 425
69 889 453
15 895 449
66 818 411
13 868 466
67 887 424
24 804 473
80 851 474
2 870 489
62 881 425
1 887 435
1 866 480
24 831 456
56 853 457
10 809 400
25 866 457
57 853 418
68 867 430
19 863 473
38 893 453
66 811 451
60 884 430
1 811 406
22 851 440
5 871 461
46 845 426
11 858 482
79 831 481
49 862 404
3 885 482
68 814 402
21 847 468
27 889 470
2 840 472
67 835 436
39 839 458
58 896 422
43 804 428
67 885 462
62 841 466
23 856 450
5 830 425
6 845 450
22 862 436
33 805 418
77 845 460
60 857 433
59 894 430
58 875 413
50 872 416
7 807 440
52 804 446
34 884 400
60 821 496
66 810 435
67 886 474
39 845 408
9 849 404
14 854 410
72 829 475
43 806 411
24 838 470
61 845 468
36 885 412
11 801 462
54 875 419
66 847 550
55 819 588
58 890 510
70 858 567
74 856 541
57 805 593
38 873 579
55 881 583
7 887 557
76 860 510
1 804 581
69 800 577
59 845 583
33 816 542
35 802 508
69 859 502
15 829 500
22 843 538
47 872 552
38 864 525
69 889 553
15 895 549
66 818 511
13 868 566
67 887 524
24 804 573
80 851 574
2 870 589
62 881 525
1 887 535
1 866 580
24 831 556
56 853 557
10 809 500
25 866 557
57 853 518
68 867 530
19 863 573
38 893 553
66 811 551
60 884 530
1 811 506
22 851 540
5 871 561
46 845 526
11 858 582
79 831 581
49 862 504
3 885 582
68 814 502
21 847 568
27 889 570
2 840 572
67 835 536
39 839 558
58 896 522
43 804 528
67 885 562
62 841 566
23 856 550
5 830 525
6 845 550
22 862 536
33 805 518
77 845 560
60 857 533
59 894 530
58 875 513
50 872 516
7 807 540
52 804 546
34 884 500
60 821 596
66 810 535
67 886 574
39 845 508
9 849 504
14 854 510
72 829 575
43 806 511
24 838 570
61 845 568
36 885 512
11 801 562
54 875 519
66 847 650
55 819 688
58 890 610
70 858 667
74 856 641
57 805 693
38 873 679
55 881 683
7 887 657
76 860 610
1 804 681
69 800 677
59 845 683
33 816 642
35 802 608
69 859 602
15 829 600
22 843 638
47 872 652
38 864 625
69 889 653
15 895 649
66 818 611
13 868 666
67 887 624
24 804 673
80 851 674
2 870 689
62 881 625
1 887 635
1 866 680
24 831 656
56 853 657
10 809 600
25 866 657
57 853 618
68 867 630
19 863 673
38 893 653
66 811 651
60 884 630
1 811 606
22 851 640
5 871 661
46 845 626
11 858 682
79 831 681
49 862 604
3 885 682
68 814 602
21 847 668
27 889 670
2 840 672
67 835 636
39 839 658
58 896 622
43 804 628
67 885 662
62 841 666
23 856 650
5 830 625
6 845 650
22 862 636
33 805 618
77 845 660
60 857 633
59 894 630
58 875 613
50 872 616
7 807 640
52 804 646
34 884 600
60 821 696
66 810 635
67 886 674
39 845 608
9 849 604
14 854 610
72 829 675
43 806 611
24 838 670
61 845 668
36 885 612
11 801 662
54 875 619
66 847 750
55 819 788
58 890 710
70 858 767
74 856 741
57 805 793
38 873 779
55 881 783
7 887 757
76 860 710
1 804 781
69 800 777
59 845 783
33 816 742
35 802 708
69 859 702
15 829 700
22 843 738
47 872 752
38 864 725
69 889 753
15 895 749
66 818 711
13 868 766
67 887 724
24 804 773
80 851 774
2 870 789
62 881 725
1 887 735
1 866 780
24 831 756
56 853 757
10 809 700
25 866 757
57 853 718
68 867 730
19 863 773
38 893 753
66 811 751
60 884 730
1 811 706
22 851 740
5 871 761
46 845 726
11 858 782
79 831 781
49 862 704
3 885 782
68 814 702
21 847 768
27 889 770
2 840 772
67 835 736
39 839 758
58 896 722
43 804 728
67 885 762
62 841 766
23 856 750
5 830 725
6 845 750
22 862 736
33 805 718
77 845 760
60 857 733
59 894 730
58 875 713
50 872 716
7 807 740
52 804 746
34 884 700
60 821 796
66 810 735
67 886 774
39 845 708
9 849 704
14 854 710
72 829 775
43 806 711
24 838 770
61 845 768
36 885 712
11 801 762
54 875 719
66 847 850
55 819 888
58 890 810
70 858 867
74 856 841
57 805 893
38 873 879
55 881 883
7 887 857
76 860 810
1 804 881
69 800 877
59 845 883
33 816 842
35 802 808
69 859 802
15 829 800
22 843 838
47 872 852
38 864 825
69 889 853
15 895 849
66 818 811
13 868 866
67 887 824
24 804 873
80 851 874
2 870 889
62 881 825
1 887 835
1 866 880
24 831 856
56 853 857
10 809 800
25 866 857
57 853 818
68 867 830
19 863 873
38 893 853
66 811 851
60 884 830
1 811 806
22 851 840
5 871 861
46 845 826
11 858 882
79 831 881
49 862 804
3 885 882
68 814 802
21 847 868
27 889 870
2 840 872
67 835 836
39 839 858
58 896 822
43 804 828
67 885 862
62 841 866
23 856 850
5 830 825
6 845 850
22 862 836
33 805 818
77 845 860
60 857 833
59 894 830
58 875 813
50 872 816
7 807 840
52 804 846
34 884 800
60 821 896
66 810 835
67 886 874
39 845 808
9 849 804
14 854 810
72 829 875
43 806 811
24 838 870
61 845 868
36 885 812
11 801 862
54 875 819
66 847 950
55 819 988
58 890 910
70 858 967
74 856 941
57 805 993
38 873 979
55 881 983
7 887 957
76 860 910
1 804 981
69 800 977
59 845 983
33 816 942
35 802 908
69 859 902
15 829 900
22 843 938
47 872 952
38 864 925
69 889 953
15 895 949
66 818 911
13 868 966
67 887 924
24 804 973
80 851 974
2 870 989
62 881 925
1 887 935
1 866 980
24 831 956
56 853 957
10 809 900
25 866 957
57 853 918
68 867 930
19 863 973
38 893 953
66 811 951
60 884 930
1 811 906
22 851 940
5 871 961
46 845 926
11 858 982
79 831 981
49 862 904
3 885 982
68 814 902
21 847 968
27 889 970
2 840 972
67 835 936
39 839 958
58 896 922
43 804 928
67 885 962
62 841 966
23 856 950
5 830 925
6 845 950
22 862 936
33 805 918
77 845 960
60 857 933
59 894 930
58 875 913
50 872 916
7 807 940
52 804 946
34 884 900
60 821 996
66 810 935
67 886 974
39 845 908
9 849 904
14 854 910
72 829 975
43 806 911
24 838 970
61 845 968
36 885 912
11 801 962
54 875 919
66 947 50
55 919 88
58 990 10
70 958 67
74 956 41
57 905 93
38 973 79
55 981 83
7 987 57
76 960 10
1 904 81
69 900 77
59 945 83
33 916 42
35 902 8
69 959 2
15 929 0
22 943 38
47 972 52
38 964 25
69 989 53
15 995 49
66 918 11
13 968 66
67 987 24
24 904 73
80 951 74
2 970 89
62 981 25
1 987 35
1 966 80
24 931 56
56 953 57
10 909 0
25 966 57
57 953 18
68 967 30
19 963 73
38 993 53
66 911 51
60 984 30
1 911 6
22 951 40
5 971 61
46 945 26
11 958 82
79 931 81
49 962 4
3 985 82
68 914 2
21 947 68
27 989 70
2 940 72
67 935 36
39 939 58
58 996 22
43 904 28
67 985 62
62 941 66
23 956 50
5 930 25
6 945 50
22 962 36
33 905 18
77 945 60
60 957 33
59 994 30
58 975 13
50 972 16
7 907 40
52 904 46
34 984 0
60 921 96
66 910 35
67 986 74
39 945 8
9 949 4
14 954 10
72 929 75
43 906 11
24 938 70
61 945 68
36 985 12
11 901 62
54 975 19
66 947 150
55 919 188
58 990 110
70 958 167
74 956 141
57 905 193
38 973 179
55 981 183
7 987 157
76 960 110
1 904 181
69 900 177
59 945 183
33 916 142
35 902 108
69 959 102
15 929 100
22 943 138
47 972 152
38 964 125
69 989 153
15 995 149
66 918 111
13 968 166
67 987 124
24 904 173
80 951 174
2 970 189
62 981 125
1 987 135
1 966 180
24 931 156
56 953 157
10 909 100
25 966 157
57 953 118
68 967 130
19 963 173
38 993 153
66 911 151
60 984 130
1 911 106
22 951 140
5 971 161
46 945 126
11 958 182
79 931 181
49 962 104
3 985 182
68 914 102
21 947 168
27 989 170
2 940 172
67 935 136
39 939 158
58 996 122
43 904 128
67 985 162
62 941 166
23 956 150
5 930 125
6 945 150
22 962 136
33 905 118
77 945 160
60 957 133
59 994 130
58 975 113
50 972 116
7 907 140
52 904 146
34 984 100
60 921 196
66 910 135
67 986 174
39 945 108
9 949 104
14 954 110
72 929 175
43 906 111
24 938 170
61 945 168
36 985 112
11 901 162
54 975 119
66 947 250
55 919 288
58 990 210
70 958 267
74 956 241
57 905 293
38 973 279
55 981 283
7 987 257
76 960 210
1 904 281
69 900 277
59 945 283
33 916 242
35 902 208
69 959 202
15 929 200
22 943 238
47 972 252
38 964 225
69 989 253
15 995 249
66 918 211
13 968 266
67 987 224
24 904 273
80 951 274
2 970 289
62 981 225
1 987 235
1 966 280
24 931 256
56 953 257
10 909 200
25 966 257
57 953 218
68 967 230
19 963 273
38 993 253
66 911 251
60 984 230
1 911 206
22 951 240
5 971 261
46 945 226
11 958 282
79 931 281
49 962 204
3 985 282
68 914 202
21 947 268
27 989 270
2 940 272
67 935 236
39 939 258
58 996 222
43 904 228
67 985 262
62 941 266
23 956 250
5 930 225
6 945 250
22 962 236
33 905 218
77 945 260
60 957 233
59 994 230
58 975 213
50 972 216
7 907 240
52 904 246
34 984 200
60 921 296
66 910 235
67 986 274
39 945 208
9 949 204
14 954 210
72 929 275
43 906 211
24 938 270
61 945 268
36 985 212
11 901 262
54 975 219
66 947 350
55 919 388
58 990 310
70 958 367
74 956 341
57 905 393
38 973 379
55 981 383
7 987 357
76 960 310
1 904 381
69 900 377
59 945 383
33 916 342
35 902 308
69 959 302
15 929 300
22 943 338
47 972 352
38 964 325
69 989 353
15 995 349
66 918 311
13 968 366
67 987 324
24 904 373
80 951 374
2 970 389
62 981 325
1 987 335
1 966 380
24 931 356
56 953 357
10 909 300
25 966 357
57 953 318
68 967 330
19 963 373
38 993 353
66 911 351
60 984 330
1 911 306
22 951 340
5 971 361
46 945 326
11 958 382
79 931 381
49 962 304
3 985 382
68 914 302
21 947 368
27 989 370
2 940 372
67 935 336
39 939 358
58 996 322
43 904 328
67 985 362
62 941 366
23 956 350
5 930 325
6 945 350
22 962 336
33 905 318
77 945 360
60 957 333
59 994 330
58 975 313
50 972 316
7 907 340
52 904 346
34 984 300
60 921 396
66 910 335
67 986 374
39 945 308
9 949 304
14 954 310
72 929 375
43 906 311
24 938 370
61 945 368
36 985 312
11 901 362
54 975 319
66 947 450
55 919 488
58 990 410
70 958 467
74 956 441
57 905 493
38 973 479
55 981 483
7 987 457
76 960 410
1 904 481
69 900 477
59 945 483
33 916 442
35 902 408
69 959 402
15 929 400
22 943 438
47 972 452
38 964 425
69 989 453
15 995 449
66 918 411
13 968 466
67 987 424
24 904 473
80 951 474
2 970 489
62 981 425
1 987 435
1 966 480
24 931 456
56 953 457
10 909 400
25 966 457
57 953 418
68 967 430
19 963 473
38 993 453
66 911 451
60 984 430
1 911 406
22 951 440
5 971 461
46 945 426
11 958 482
79 931 481
49 962 404
3 985 482
68 914 402
21 947 468
27 989 470
2 940 472
67 935 436
39 939 458
58 996 422
43 904 428
67 985 462
62 941 466
23 956 450
5 930 425
6 945 450
22 962 436
33 905 418
77 945 460
60 957 433
59 994 430
58 975 413
50 972 416
7 907 440
52 904 446
34 984 400
60 921 496
66 910 435
67 986 474
39 945 408
9 949 404
14 954 410
72 929 475
43 906 411
24 938 470
61 945 468
36 985 412
11 901 462
54 975 419
66 947 550
55 919 588
58 990 510
70 958 567
74 956 541
57 905 593
38 973 579
55 981 583
7 987 557
76 960 510
1 904 581
69 900 577
59 945 583
33 916 542
35 902 508
69 959 502
15 929 500
22 943 538
47 972 552
38 964 525
69 989 553
15 995 549
66 918 511
13 968 566
67 987 524
24 904 573
80 951 574
2 970 589
62 981 525
1 987 535
1 966 580
24 931 556
56 953 557
10 909 500
25 966 557
57 953 518
68 967 530
19 963 573
38 993 553
66 911 551
60 984 530
1 911 506
22 951 540
5 971 561
46 945 526
11 958 582
79 931 581
49 962 504
3 985 582
68 914 502
21 947 568
27 989 570
2 940 572
67 935 536
39 939 558
58 996 522
43 904 528
67 985 562
62 941 566
23 956 550
5 930 525
6 945 550
22 962 536
33 905 518
77 945 560
60 957 533
59 994 530
58 975 513
50 972 516
7 907 540
52 904 546
34 984 500
60 921 596
66 910 535
67 986 574
39 945 508
9 949 504
14 954 510
72 929 575
43 906 511
24 938 570
61 945 568
36 985 512
11 901 562
54 975 519
66 947 650
55 919 688
58 990 610
70 958 667
74 956 641
57 905 693
38 973 679
55 981 683
7 987 657
76 960 610
1 904 681
69 900 677
59 945 683
33 916 642
35 902 608
69 959 602
15 929 600
22 943 638
47 972 652
38 964 625
69 989 653
15 995 649
66 918 611
13 968 666
67 987 624
24 904 673
80 951 674
2 970 689
62 981 625
1 987 635
1 966 680
24 931 656
56 953 657
10 909 600
25 966 657
57 953 618
68 967 630
19 963 673
38 993 653
66 911 651
60 984 630
1 911 606
22 951 640
5 971 661
46 945 626
11 958 682
79 931 681
49 962 604
3 985 682
68 914 602
21 947 668
27 989 670
2 940 672
67 935 636
39 939 658
58 996 622
43 904 628
67 985 662
62 941 666
23 956 650
5 930 625
6 945 650
22 962 636
33 905 618
77 945 660
60 957 633
59 994 630
58 975 613
50 972 616
7 907 640
52 904 646
34 984 600
60 921 696
66 910 635
67 986 674
39 945 608
9 949 604
14 954 610
72 929 675
43 906 611
24 938 670
61 945 668
36 985 612
11 901 662
54 975 619
66 947 750
55 919 788
58 990 710
70 958 767
74 956 741
57 905 793
38 973 779
55 981 783
7 987 757
76 960 710
1 904 781
69 900 777
59 945 783
33 916 742
35 902 708
69 959 702
15 929 700
22 943 738
47 972 752
38 964 725
69 989 753
15 995 749
66 918 711
13 968 766
67 987 724
24 904 773
80 951 774
2 970 789
62 981 725
1 987 735
1 966 780
24 931 756
56 953 757
10 909 700
25 966 757
57 953 718
68 967 730
19 963 773
38 993 753
66 911 751
60 984 730
1 911 706
22 951 740
5 971 761
46 945 726
11 958 782
79 931 781
49 962 704
3 985 782
68 914 702
21 947 768
27 989 770
2 940 772
67 935 736
39 939 758
58 996 722
43 904 728
67 985 762
62 941 766
23 956 750
5 930 725
6 945 750
22 962 736
33 905 718
77 945 760
60 957 733
59 994 730
58 975 713
50 972 716
7 907 740
52 904 746
34 984 700
60 921 796
66 910 735
67 986 774
39 945 708
9 949 704
14 954 710
72 929 775
43 906 711
24 938 770
61 945 768
36 985 712
11 901 762
54 975 719
66 947 850
55 919 888
58 990 810
70 958 867
74 956 841
57 905 893
38 973 879
55 981 883
7 987 857
76 960 810
1 904 881
69 900 877
59 945 883
33 916 842
35 902 808
69 959 802
15 929 800
22 943 838
47 972 852
38 964 825
69 989 853
15 995 849
66 918 811
13 968 866
67 987 824
24 904 873
80 951 874
2 970 889
62 981 825
1 987 835
1 966 880
24 931 856
56 953 857
10 909 800
25 966 857
57 953 818
68 967 830
19 963 873
38 993 853
66 911 851
60 984 830
1 911 806
22 951 840
5 971 861
46 945 826
11 958 882
79 931 881
49 962 804
3 985 882
68 914 802
21 947 868
27 989 870
2 940 872
67 935 836
39 939 858
58 996 822
43 904 828
67 985 862
62 941 866
23 956 850
5 930 825
6 945 850
22 962 836
33 905 818
77 945 860
60 957 833
59 994 830
58 975 813
50 972 816
7 907 840
52 904 846
34 984 800
60 921 896
66 910 835
67 986 874
39 945 808
9 949 804
14 954 810
72 929 875
43 906 811
24 938 870
61 945 868
36 985 812
11 901 862
54 975 819
66 947 950
55 919 988
58 990 910
70 958 967
74 956 941
57 905 993
38 973 979
55 981 983
7 987 957
76 960 910
1 904 981
69 900 977
59 945 983
33 916 942
35 902 908
69 959 902
15 929 900
22 943 938
47 972 952
38 964 925
69 989 953
15 995 949
66 918 911
13 968 966
67 987 924
24 904 973
80 951 974
2 970 989
62 981 925
1 987 935
1 966 980
24 931 956
56 953 957
10 909 900
25 966 957
57 953 918
68 967 930
19 963 973
38 993 953
66 911 951
60 984 930
1 911 906
22 951 940
5 971 961
46 945 926
11 958 982
79 931 981
49 962 904
3 985 982
68 914 902
21 947 968
27 989 970
2 940 972
67 935 936
39 939 958
58 996 922
43 904 928
67 985 962
62 941 966
23 956 950
5 930 925
6 945 950
22 962 936
33 905 918
77 945 960
60 957 933
59 994 930
58 975 913
50 972 916
7 907 940
52 904 946
34 984 900
60 921 996
66 910 935
67 986 974
39 945 908
9 949 904
14 954 910
72 929 975
43 906 911
24 938 970
61 945 968
36 985 912
11 901 962
54 975 919
119 48 45
178 64 60
110 60 41
128 49 72
141 2 73
170 49 68
155 83 31
155 9 53
119 48 145
178 64 160
110 60 141
128 49 172
141 2 173
170 49 168
155 83 131
155 9 153
119 48 245
178 64 260
110 60 241
128 49 272
141 2 273
170 49 268
155 83 231
155 9 253
119 48 345
178 64 360
110 60 341
128 49 372
141 2 373
170 49 368
155 83 331
155 9 353
119 48 445
178 64 460
110 60 441
128 49 472
141 2 473
170 49 468
155 83 431
155 9 453
119 48 545
178 64 560
110 60 541
128 49 572
141 2 573
170 49 568
155 83 531
155 9 553
119 48 645
178 64 660
110 60 641
128 49 672
141 2 673
170 49 668
155 83 631
155 9 653
119 48 745
178 64 760
110 60 741
128 49 772
141 2 773
170 49 768
155 83 731
155 9 753
119 48 845
178 64 860
110 60 841
128 49 872
141 2 873
170 49 868
155 83 831
155 9 853
119 48 945
178 64 960
110 60 941
128 49 972
141 2 973
170 49 968
155 83 931
155 9 953
119 148 45
178 164 60
110 160 41
128 149 72
141 102 73
170 149 68
155 183 31
155 109 53
119 148 145
178 164 160
110 160 141
128 149 172
141 102 173
170 149 168
155 183 131
155 109 153
119 148 245
178 164 260
110 160 241
128 149 272
141 102 273
170 149 268
155 183 231
155 109 253
119 148 345
178 164 360
110 160 341
128 149 372
141 102 373
170 149 368
155 183 331
155 109 353
119 148 445
178 164 460
110 160 441
128 149 472
141 102 473
170 149 468
155 183 431
155 109 453
119 148 545
178 164 560
110 160 541
128 149 572
141 102 573
170 149 568
155 183 531
155 109 553
119 148 645
178 164 660
110 160 641
128 149 672
141 102 673
170 149 668
155 183 631
155 109 653
119 148 745
178 164 760
110 160 741
128 149 772
141 102 773
170 149 768
155 183 731
155 109 753
119 148 845
178 164 860
110 160 841
128 149 872
141 102 873
170 149 868
155 183 831
155 109 853
119 148 945
178 164 960
110 160 941
128 149 972
141 102 973
170 149 968
155 183 931
155 109 953
119 248 45
178 264 60
110 260 41
128 249 72
141 202 73
170 249 68
155 283 31
155 209 53
119 248 145
178 264 160
110 260 141
128 249 172
141 202 173
170 249 168
155 283 131
155 209 153
119 248 245
178 264 260
110 260 241
128 249 272
141 202 273
170 249 268
155 283 231
155 209 253
119 248 345
178 264 360
110 260 341
128 249 372
141 202 373
170 249 368
155 283 331
155 209 353
119 248 445
178 264 460
110 260 441
128 249 472
141 202 473
170 249 468
155 283 431
155 209 453
119 248 545
178 264 560
110 260 541
128 249 572
141 202 573
170 249 568
155 283 531
155 209 553
119 248 645
178 264 660
110 260 641
128 249 672
141 202 673
170 249 668
155 283 631
155 209 653
119 248 745
178 264 760
110 260 741
128 249 772
141 202 773
170 249 768
155 283 731
155 209 753
119 248 845
178 264 860
110 260 841
128 249 872
141 202 873
170 249 868
155 283 831
155 209 853
119 248 945
178 264 960
110 260 941
128 249 972
141 202 973
170 249 968
155 283 931
155 209 953
119 348 45
178 364 60
110 360 41
128 349 72
141 302 73
170 349 68
155 383 31
155 309 53
119 348 145
178 364 160
110 360 141
128 349 172
141 302 173
170 349 168
155 383 131
155 309 153
119 348 245
178 364 260
110 360 241
128 349 272
141 302 273
170 349 268
155 383 231
155 309 253
119 348 345
178 364 360
110 360 341
128 349 372
141 302 373
170 349 368
155 383 331
155 309 353
119 348 445
178 364 460
110 360 441
128 349 472
141 302 473
170 349 468
155 383 431
155 309 453
119 348 545
178 364 560
110 360 541
128 349 572
141 302 573
170 349 568
155 383 531
155 309 553
119 348 645
178 364 660
110 360 641
128 349 672
141 302 673
170 349 668
155 383 631
155 309 653
119 348 745
178 364 760
110 360 741
128 349 772
141 302 773
170 349 768
155 383 731
155 309 753
119 348 845
178 364 860
110 360 841
128 349 872
141 302 873
170 349 868
155 383 831
155 309 853
119 348 945
178 364 960
110 360 941
128 349 972
141 302 973
170 349 968
155 383 931
155 309 953
119 448 45
178 464 60
110 460 41
128 449 72
141 402 73
170 449 68
155 483 31
155 409 53
119 448 145
178 464 160
110 460 141
128 449 172
141 402 173
170 449 168
155 483 131
155 409 153
119 448 245
178 464 260
110 460 241
128 449 272
141 402 273
170 449 268
155 483 231
155 409 253
119 448 345
178 464 360
110 460 341
128 449 372
141 402 373
170 449 368
155 483 331
155 409 353
119 448 445
178 464 460
110 460 441
128 449 472
141 402 473
170 449 468
155 483 431
155 409 453
119 448 545
178 464 560
110 460 541
128 449 572
141 402 573
170 449 568
155 483 531
155 409 553
119 448 645
178 464 660
110 460 641
128 449 672
141 402 673
170 449 668
155 483 631
155 409 653
119 448 745
178 464 760
110 460 741
128 449 772
141 402 773
170 449 768
155 483 731
155 409 753
119 448 845
178 464 860
110 460 841
128 449 872
141 402 873
170 449 868
155 483 831
155 409 853
119 448 945
178 464 960
110 460 941
128 449 972
141 402 973
170 449 968
155 483 931
155 409 953
119 548 45
178 564 60
110 560 41
128 549 72
141 502 73
170 549 68
155 583 31
155 509 53
119 548 145
178 564 160
110 560 141
128 549 172
141 502 173
170 549 168
155 583 131
155 509 153
119 548 245
178 564 260
110 560 241
128 549 272
141 502 273
170 549 268
155 583 231
155 509 253
119 548 345
178 564 360
110 560 341
128 549 372
141 502 373
170 549 368
155 583 331
155 509 353
119 548 445
178 564 460
110 560 441
128 549 472
141 502 473
170 549 468
155 583 431
155 509 453
119 548 545
178 564 560
110 560 541
128 549 572
141 502 573
170 549 568
155 583 531
155 509 553
119 548 645
178 564 660
110 560 641
128 549 672
141 502 673
170 549 668
155 583 631
155 509 653
119 548 745
178 564 760
110 560 741
128 549 772
141 502 773
170 549 768
155 583 731
155 509 753
119 548 845
178 564 860
110 560 841
128 549 872
141 502 873
170 549 868
155 583 831
155 509 853
119 548 945
178 564 960
110 560 941
128 549 972
141 502 973
170 549 968
155 583 931
155 509 953
119 648 45
178 664 60
110 660 41
128 649 72
141 602 73
170 649 68
155 683 31
155 609 53
119 648 145
178 664 160
110 660 141
128 649 172
141 602 173
170 649 168
155 683 131
155 609 153
119 648 245
178 664 260
110 660 241
128 649 272
141 602 273
170 649 268
155 683 231
155 609 253
119 648 345
178 664 360
110 660 341
128 649 372
141 602 373
170 649 368
155 683 331
155 609 353
119 648 445
178 664 460
110 660 441
128 649 472
141 602 473
170 649 468
155 683 431
155 609 453
119 648 545
178 664 560
110 660 541
128 649 572
141 602 573
170 649 568
155 683 531
155 609 553
119 648 645
178 664 660
110 660 641
128 649 672
141 602 673
170 649 668
155 683 631
155 609 653
119 648 745
178 664 760
110 660 741
128 649 772
141 602 773
170 649 768
155 683 731
155 609 753
119 648 845
178 664 860
110 660 841
128 649 872
141 602 873
170 649 868
155 683 831
155 609 853
119 648 945
178 664 960
110 660 941
128 649 972
141 602 973
170 649 968
155 683 931
155 609 953
119 748 45
178 764 60
110 760 41
128 749 72
141 702 73
170 749 68
155 783 31
155 709 53
119 748 145
178 764 160
110 760 141
128 749 172
141 702 173
170 749 168
155 783 131
155 709 153
119 748 245
178 764 260
110 760 241
128 749 272
141 702 273
170 749 268
155 783 231
155 709 253
119 748 345
178 764 360
110 760 341
128 749 372
141 702 373
170 749 368
155 783 331
155 709 353
119 748 445
178 764 460
110 760 441
128 749 472
141 702 473
170 749 468
155 783 431
155 709 453
119 748 545
178 764 560
110 760 541
128 749 572
141 702 573
170 749 568
155 783 531
155 709 553
119 748 645
178 764 660
110 760 641
128 749 672
141 702 673
170 749 668
155 783 631
155 709 653
119 748 745
178 764 760
110 760 741
128 749 772
141 702 773
170 749 768
155 783 731
155 709 753
119 748 845
178 764 860
110 760 841
128 749 872
141 702 873
170 749 868
155 783 831
155 709 853
119 748 945
178 764 960
110 760 941
128 749 972
141 702 973
170 749 968
155 783 931
155 709 953
119 848 45
178 864 60
110 860 41
128 849 72
141 802 73
170 849 68
155 883 31
155 809 53
119 848 145
178 864 160
110 860 141
128 849 172
141 802 173
170 849 168
155 883 131
155 809 153
119 848 245
178 864 260
110 860 241
128 849 272
141 802 273
170 849 268
155 883 231
155 809 253
119 848 345
178 864 360
110 860 341
128 849 372
141 802 373
170 849 368
155 883 331
155 809 353
119 848 445
178 864 460
110 860 441
128 849 472
141 802 473
170 849 468
155 883 431
155 809 453
119 848 545
178 864 560
110 860 541
128 849 572
141 802 573
170 849 568
155 883 531
155 809 553
119 848 645
178 864 660
110 860 641
128 849 672
141 802 673
170 849 668
155 883 631
155 809 653
119 848 745
178 864 760
110 860 741
128 849 772
141 802 773
170 849 768
155 883 731
155 809 753
119 848 845
178 864 860
110 860 841
128 849 872
141 802 873
170 849 868
155 883 831
155 809 853
119 848 945
178 864 960
110 860 941
128 849 972
141 802 973
170 849 968
155 883 931
155 809 953
119 948 45
178 964 60
110 960 41
128 949 72
141 902 73
170 949 68
155 983 31
155 909 53
119 948 145
178 964 160
110 960 141
128 949 172
141 902 173
170 949 168
155 983 131
155 909 153
119 948 245
178 964 260
110 960 241
128 949 272
141 902 273
170 949 268
155 983 231
155 909 253
119 948 345
178 964 360
110 960 341
128 949 372
141 902 373
170 949 368
155 983 331
155 909 353
119 948 445
178 964 460
110 960 441
128 949 472
141 902 473
170 949 468
155 983 431
155 909 453
119 948 545
178 964 560
110 960 541
128 949 572
141 902 573
170 949 568
155 983 531
155 909 553
119 948 645
178 964 660
110 960 641
128 949 672
141 902 673
170 949 668
155 983 631
155 909 653
119 948 745
178 964 760
110 960 741
128 949 772
141 902 773
170 949 768
155 983 731
155 909 753
119 948 845
178 964 860
110 960 841
128 949 872
141 902 873
170 949 868
155 983 831
155 909 853
119 948 945
178 964 960
110 960 941
128 949 972
141 902 973
170 949 968
155 983 931
155 909 953
