7500
34 50 50
56 56 64
27 87 65
61 63 77
33 19 72
54 11 48
8 95 31
67 68 2
83 15 69
15 6 76
41 65 69
33 43 68
24 74 11
14 49 13
87 11 5
83 1 99
53 9 72
18 81 80
89 67 80
66 77 54
17 51 56
60 95 34
15 16 60
70 90 12
57 41 0
46 55 49
11 77 47
21 8 26
68 8 42
84 53 26
99 35 63
38 22 13
65 60 0
54 16 13
7 43 73
73 42 26
25 60 39
70 25 57
0 74 49
18 51 1
49 16 50
53 24 30
6 2 43
73 81 57
51 60 63
10 61 57
6 19 18
9 17 58
36 4 16
62 31 10
18 14 52
84 93 95
41 1 72
54 0 27
12 90 26
80 51 81
60 33 55
87 2 37
19 34 39
23 48 89
80 47 78
23 40 35
50 78 65
0 42 32
96 59 93
30 31 92
1 13 0
29 89 70
68 28 66
82 59 85
34 50 150
56 56 164
27 87 165
61 63 177
33 19 172
54 11 148
8 95 131
67 68 102
83 15 169
15 6 176
41 65 169
33 43 168
24 74 111
14 49 113
87 11 105
83 1 199
53 9 172
18 81 180
89 67 180
66 77 154
17 51 156
60 95 134
15 16 160
70 90 112
57 41 100
46 55 149
11 77 147
21 8 126
68 8 142
84 53 126
99 35 163
38 22 113
65 60 100
54 16 113
7 43 173
73 42 126
25 60 139
70 25 157
0 74 149
18 51 101
49 16 150
53 24 130
6 2 143
73 81 157
51 60 163
10 61 157
6 19 118
9 17 158
36 4 116
62 31 110
18 14 152
84 93 195
41 1 172
54 0 127
12 90 126
80 51 181
60 33 155
87 2 137
19 34 139
23 48 189
80 47 178
23 40 135
50 78 165
0 42 132
96 59 193
30 31 192
1 13 100
29 89 170
68 28 166
82 59 185
34 50 250
56 56 264
27 87 265
61 63 277
33 19 272
54 11 248
8 95 231
67 68 202
83 15 269
15 6 276
41 65 269
33 43 268
24 74 211
14 49 213
87 11 205
83 1 299
53 9 272
18 81 280
89 67 280
66 77 254
17 51 256
60 95 234
15 16 260
70 90 212
57 41 200
46 55 249
11 77 247
21 8 226
68 8 242
84 53 226
99 35 263
38 22 213
65 60 200
54 16 213
7 43 273
73 42 226
25 60 239
70 25 257
0 74 249
18 51 201
49 16 250
53 24 230
6 2 243
73 81 257
51 60 263
10 61 257
6 19 218
9 17 258
36 4 216
62 31 210
18 14 252
84 93 295
41 1 272
54 0 227
12 90 226
80 51 281
60 33 255
87 2 237
19 34 239
23 48 289
80 47 278
23 40 235
50 78 265
0 42 232
96 59 293
30 31 292
1 13 200
29 89 270
68 28 266
82 59 285
34 50 350
56 56 364
27 87 365
61 63 377
33 19 372
54 11 348
8 95 331
67 68 302
83 15 369
15 6 376
41 65 369
33 43 368
24 74 311
14 49 313
87 11 305
83 1 399
53 9 372
18 81 380
89 67 380
66 77 354
17 51 356
60 95 334
15 16 360
70 90 312
57 41 300
46 55 349
11 77 347
21 8 326
68 8 342
84 53 326
99 35 363
38 22 313
65 60 300
54 16 313
7 43 373
73 42 326
25 60 339
70 25 357
0 74 349
18 51 301
49 16 350
53 24 330
6 2 343
73 81 357
51 60 363
10 61 357
6 19 318
9 17 358
36 4 316
62 31 310
18 14 352
84 93 395
41 1 372
54 0 327
12 90 326
80 51 381
60 33 355
87 2 337
19 34 339
23 48 389
80 47 378
23 40 335
50 78 365
0 42 332
96 59 393
30 31 392
1 13 300
29 89 370
68 28 366
82 59 385
34 50 450
56 56 464
27 87 465
61 63 477
33 19 472
54 11 448
8 95 431
67 68 402
83 15 469
15 6 476
41 65 469
33 43 468
24 74 411
14 49 413
87 11 405
83 1 499
53 9 472
18 81 480
89 67 480
66 77 454
17 51 456
60 95 434
15 16 460
70 90 412
57 41 400
46 55 449
11 77 447
21 8 426
68 8 442
84 53 426
99 35 463
38 22 413
65 60 400
54 16 413
7 43 473
73 42 426
25 60 439
70 25 457
0 74 449
18 51 401
49 16 450
53 24 430
6 2 443
73 81 457
51 60 463
10 61 457
6 19 418
9 17 458
36 4 416
62 31 410
18 14 452
84 93 495
41 1 472
54 0 427
12 90 426
80 51 481
60 33 455
87 2 437
19 34 439
23 48 489
80 47 478
23 40 435
50 78 465
0 42 432
96 59 493
30 31 492
1 13 400
29 89 470
68 28 466
82 59 485
34 50 550
56 56 564
27 87 565
61 63 577
33 19 572
54 11 548
8 95 531
67 68 502
83 15 569
15 6 576
41 65 569
33 43 568
24 74 511
14 49 513
87 11 505
83 1 599
53 9 572
18 81 580
89 67 580
66 77 554
17 51 556
60 95 534
15 16 560
70 90 512
57 41 500
46 55 549
11 77 547
21 8 526
68 8 542
84 53 526
99 35 563
38 22 513
65 60 500
54 16 513
7 43 573
73 42 526
25 60 539
70 25 557
0 74 549
18 51 501
49 16 550
53 24 530
6 2 543
73 81 557
51 60 563
10 61 557
6 19 518
9 17 558
36 4 516
62 31 510
18 14 552
84 93 595
41 1 572
54 0 527
12 90 526
80 51 581
60 33 555
87 2 537
19 34 539
23 48 589
80 47 578
23 40 535
50 78 565
0 42 532
96 59 593
30 31 592
1 13 500
29 89 570
68 28 566
82 59 585
34 50 650
56 56 664
27 87 665
61 63 677
33 19 672
54 11 648
8 95 631
67 68 602
83 15 669
15 6 676
41 65 669
33 43 668
24 74 611
14 49 613
87 11 605
83 1 699
53 9 672
18 81 680
89 67 680
66 77 654
17 51 656
60 95 634
15 16 660
70 90 612
57 41 600
46 55 649
11 77 647
21 8 626
68 8 642
84 53 626
99 35 663
38 22 613
65 60 600
54 16 613
7 43 673
73 42 626
25 60 639
70 25 657
0 74 649
18 51 601
49 16 650
53 24 630
6 2 643
73 81 657
51 60 663
10 61 657
6 19 618
9 17 658
36 4 616
62 31 610
18 14 652
84 93 695
41 1 672
54 0 627
12 90 626
80 51 681
60 33 655
87 2 637
19 34 639
23 48 689
80 47 678
23 40 635
50 78 665
0 42 632
96 59 693
30 31 692
1 13 600
29 89 670
68 28 666
82 59 685
34 50 750
56 56 764
27 87 765
61 63 777
33 19 772
54 11 748
8 95 731
67 68 702
83 15 769
15 6 776
41 65 769
33 43 768
24 74 711
14 49 713
87 11 705
83 1 799
53 9 772
18 81 780
89 67 780
66 77 754
17 51 756
60 95 734
15 16 760
70 90 712
57 41 700
46 55 749
11 77 747
21 8 726
68 8 742
84 53 726
99 35 763
38 22 713
65 60 700
54 16 713
7 43 773
73 42 726
25 60 739
70 25 757
0 74 749
18 51 701
49 16 750
53 24 730
6 2 743
73 81 757
51 60 763
10 61 757
6 19 718
9 17 758
36 4 716
62 31 710
18 14 752
84 93 795
41 1 772
54 0 727
12 90 726
80 51 781
60 33 755
87 2 737
19 34 739
23 48 789
80 47 778
23 40 735
50 78 765
0 42 732
96 59 793
30 31 792
1 13 700
29 89 770
68 28 766
82 59 785
34 50 850
56 56 864
27 87 865
61 63 877
33 19 872
54 11 848
8 95 831
67 68 802
83 15 869
15 6 876
41 65 869
33 43 868
24 74 811
14 49 813
87 11 805
83 1 899
53 9 872
18 81 880
89 67 880
66 77 854
17 51 856
60 95 834
15 16 860
70 90 812
57 41 800
46 55 849
11 77 847
21 8 826
68 8 842
84 53 826
99 35 863
38 22 813
65 60 800
54 16 813
7 43 873
73 42 826
25 60 839
70 25 857
0 74 849
18 51 801
49 16 850
53 24 830
6 2 843
73 81 857
51 60 863
10 61 857
6 19 818
9 17 858
36 4 816
62 31 810
18 14 852
84 93 895
41 1 872
54 0 827
12 90 826
80 51 881
60 33 855
87 2 837
19 34 839
23 48 889
80 47 878
23 40 835
50 78 865
0 42 832
96 59 893
30 31 892
1 13 800
29 89 870
68 28 866
82 59 885
34 50 950
56 56 964
27 87 965
61 63 977
33 19 972
54 11 948
8 95 931
67 68 902
83 15 969
15 6 976
41 65 969
33 43 968
24 74 911
14 49 913
87 11 905
83 1 999
53 9 972
18 81 980
89 67 980
66 77 954
17 51 956
60 95 934
15 16 960
70 90 912
57 41 900
46 55 949
11 77 947
21 8 926
68 8 942
84 53 926
99 35 963
38 22 913
65 60 900
54 16 913
7 43 973
73 42 926
25 60 939
70 25 957
0 74 949
18 51 901
49 16 950
53 24 930
6 2 943
73 81 957
51 60 963
10 61 957
6 19 918
9 17 958
36 4 916
62 31 910
18 14 952
84 93 995
41 1 972
54 0 927
12 90 926
80 51 981
60 33 955
87 2 937
19 34 939
23 48 989
80 47 978
23 40 935
50 78 965
0 42 932
96 59 993
30 31 992
1 13 900
29 89 970
68 28 966
82 59 985
34 150 50
56 156 64
27 187 65
61 163 77
33 119 72
54 111 48
8 195 31
67 168 2
83 115 69
15 106 76
41 165 69
33 143 68
24 174 11
14 149 13
87 111 5
83 101 99
53 109 72
18 181 80
89 167 80
66 177 54
17 151 56
60 195 34
15 116 60
70 190 12
57 141 0
46 155 49
11 177 47
21 108 26
68 108 42
84 153 26
99 135 63
38 122 13
65 160 0
54 116 13
7 143 73
73 142 26
25 160 39
70 125 57
0 174 49
18 151 1
49 116 50
53 124 30
6 102 43
73 181 57
51 160 63
10 161 57
6 119 18
9 117 58
36 104 16
62 131 10
18 114 52
84 193 95
41 101 72
54 100 27
12 190 26
80 151 81
60 133 55
87 102 37
19 134 39
23 148 89
80 147 78
23 140 35
50 178 65
0 142 32
96 159 93
30 131 92
1 113 0
29 189 70
68 128 66
82 159 85
34 150 150
56 156 164
27 187 165
61 163 177
33 119 172
54 111 148
8 195 131
67 168 102
83 115 169
15 106 176
41 165 169
33 143 168
24 174 111
14 149 113
87 111 105
83 101 199
53 109 172
18 181 180
89 167 180
66 177 154
17 151 156
60 195 134
15 116 160
70 190 112
57 141 100
46 155 149
11 177 147
21 108 126
68 108 142
84 153 126
99 135 163
38 122 113
65 160 100
54 116 113
7 143 173
73 142 126
25 160 139
70 125 157
0 174 149
18 151 101
49 116 150
53 124 130
6 102 143
73 181 157
51 160 163
10 161 157
6 119 118
9 117 158
36 104 116
62 131 110
18 114 152
84 193 195
41 101 172
54 100 127
12 190 126
80 151 181
60 133 155
87 102 137
19 134 139
23 148 189
80 147 178
23 140 135
50 178 165
0 142 132
96 159 193
30 131 192
1 113 100
29 189 170
68 128 166
82 159 185
34 150 250
56 156 264
27 187 265
61 163 277
33 119 272
54 111 248
8 195 231
67 168 202
83 115 269
15 106 276
41 165 269
33 143 268
24 174 211
14 149 213
87 111 205
83 101 299
53 109 272
18 181 280
89 167 280
66 177 254
17 151 256
60 195 234
15 116 260
70 190 212
57 141 200
46 155 249
11 177 247
21 108 226
68 108 242
84 153 226
99 135 263
38 122 213
65 160 200
54 116 213
7 143 273
73 142 226
25 160 239
70 125 257
0 174 249
18 151 201
49 116 250
53 124 230
6 102 243
73 181 257
51 160 263
10 161 257
6 119 218
9 117 258
36 104 216
62 131 210
18 114 252
84 193 295
41 101 272
54 100 227
12 190 226
80 151 281
60 133 255
87 102 237
19 134 239
23 148 289
80 147 278
23 140 235
50 178 265
0 142 232
96 159 293
30 131 292
1 113 200
29 189 270
68 128 266
82 159 285
34 150 350
56 156 364
27 187 365
61 163 377
33 119 372
54 111 348
8 195 331
67 168 302
83 115 369
15 106 376
41 165 369
33 143 368
24 174 311
14 149 313
87 111 305
83 101 399
53 109 372
18 181 380
89 167 380
66 177 354
17 151 356
60 195 334
15 116 360
70 190 312
57 141 300
46 155 349
11 177 347
21 108 326
68 108 342
84 153 326
99 135 363
38 122 313
65 160 300
54 116 313
7 143 373
73 142 326
25 160 339
70 125 357
0 174 349
18 151 301
49 116 350
53 124 330
6 102 343
73 181 357
51 160 363
10 161 357
6 119 318
9 117 358
36 104 316
62 131 310
18 114 352
84 193 395
41 101 372
54 100 327
12 190 326
80 151 381
60 133 355
87 102 337
19 134 339
23 148 389
80 147 378
23 140 335
50 178 365
0 142 332
96 159 393
30 131 392
1 113 300
29 189 370
68 128 366
82 159 385
34 150 450
56 156 464
27 187 465
61 163 477
33 119 472
54 111 448
8 195 431
67 168 402
83 115 469
15 106 476
41 165 469
33 143 468
24 174 411
14 149 413
87 111 405
83 101 499
53 109 472
18 181 480
89 167 480
66 177 454
17 151 456
60 195 434
15 116 460
70 190 412
57 141 400
46 155 449
11 177 447
21 108 426
68 108 442
84 153 426
99 135 463
38 122 413
65 160 400
54 116 413
7 143 473
73 142 426
25 160 439
70 125 457
0 174 449
18 151 401
49 116 450
53 124 430
6 102 443
73 181 457
51 160 463
10 161 457
6 119 418
9 117 458
36 104 416
62 131 410
18 114 452
84 193 495
41 101 472
54 100 427
12 190 426
80 151 481
60 133 455
87 102 437
19 134 439
23 148 489
80 147 478
23 140 435
50 178 465
0 142 432
96 159 493
30 131 492
1 113 400
29 189 470
68 128 466
82 159 485
34 150 550
56 156 564
27 187 565
61 163 577
33 119 572
54 111 548
8 195 531
67 168 502
83 115 569
15 106 576
41 165 569
33 143 568
24 174 511
14 149 513
87 111 505
83 101 599
53 109 572
18 181 580
89 167 580
66 177 554
17 151 556
60 195 534
15 116 560
70 190 512
57 141 500
46 155 549
11 177 547
21 108 526
68 108 542
84 153 526
99 135 563
38 122 513
65 160 500
54 116 513
7 143 573
73 142 526
25 160 539
70 125 557
0 174 549
18 151 501
49 116 550
53 124 530
6 102 543
73 181 557
51 160 563
10 161 557
6 119 518
9 117 558
36 104 516
62 131 510
18 114 552
84 193 595
41 101 572
54 100 527
12 190 526
80 151 581
60 133 555
87 102 537
19 134 539
23 148 589
80 147 578
23 140 535
50 178 565
0 142 532
96 159 593
30 131 592
1 113 500
29 189 570
68 128 566
82 159 585
34 150 650
56 156 664
27 187 665
61 163 677
33 119 672
54 111 648
8 195 631
67 168 602
83 115 669
15 106 676
41 165 669
33 143 668
24 174 611
14 149 613
87 111 605
83 101 699
53 109 672
18 181 680
89 167 680
66 177 654
17 151 656
60 195 634
15 116 660
70 190 612
57 141 600
46 155 649
11 177 647
21 108 626
68 108 642
84 153 626
99 135 663
38 122 613
65 160 600
54 116 613
7 143 673
73 142 626
25 160 639
70 125 657
0 174 649
18 151 601
49 116 650
53 124 630
6 102 643
73 181 657
51 160 663
10 161 657
6 119 618
9 117 658
36 104 616
62 131 610
18 114 652
84 193 695
41 101 672
54 100 627
12 190 626
80 151 681
60 133 655
87 102 637
19 134 639
23 148 689
80 147 678
23 140 635
50 178 665
0 142 632
96 159 693
30 131 692
1 113 600
29 189 670
68 128 666
82 159 685
34 150 750
56 156 764
27 187 765
61 163 777
33 119 772
54 111 748
8 195 731
67 168 702
83 115 769
15 106 776
41 165 769
33 143 768
24 174 711
14 149 713
87 111 705
83 101 799
53 109 772
18 181 780
89 167 780
66 177 754
17 151 756
60 195 734
15 116 760
70 190 712
57 141 700
46 155 749
11 177 747
21 108 726
68 108 742
84 153 726
99 135 763
38 122 713
65 160 700
54 116 713
7 143 773
73 142 726
25 160 739
70 125 757
0 174 749
18 151 701
49 116 750
53 124 730
6 102 743
73 181 757
51 160 763
10 161 757
6 119 718
9 117 758
36 104 716
62 131 710
18 114 752
84 193 795
41 101 772
54 100 727
12 190 726
80 151 781
60 133 755
87 102 737
19 134 739
23 148 789
80 147 778
23 140 735
50 178 765
0 142 732
96 159 793
30 131 792
1 113 700
29 189 770
68 128 766
82 159 785
34 150 850
56 156 864
27 187 865
61 163 877
33 119 872
54 111 848
8 195 831
67 168 802
83 115 869
15 106 876
41 165 869
33 143 868
24 174 811
14 149 813
87 111 805
83 101 899
53 109 872
18 181 880
89 167 880
66 177 854
17 151 856
60 195 834
15 116 860
70 190 812
57 141 800
46 155 849
11 177 847
21 108 826
68 108 842
84 153 826
99 135 863
38 122 813
65 160 800
54 116 813
7 143 873
73 142 826
25 160 839
70 125 857
0 174 849
18 151 801
49 116 850
53 124 830
6 102 843
73 181 857
51 160 863
10 161 857
6 119 818
9 117 858
36 104 816
62 131 810
18 114 852
84 193 895
41 101 872
54 100 827
12 190 826
80 151 881
60 133 855
87 102 837
19 134 839
23 148 889
80 147 878
23 140 835
50 178 865
0 142 832
96 159 893
30 131 892
1 113 800
29 189 870
68 128 866
82 159 885
34 150 950
56 156 964
27 187 965
61 163 977
33 119 972
54 111 948
8 195 931
67 168 902
83 115 969
15 106 976
41 165 969
33 143 968
24 174 911
14 149 913
87 111 905
83 101 999
53 109 972
18 181 980
89 167 980
66 177 954
17 151 956
60 195 934
15 116 960
70 190 912
57 141 900
46 155 949
11 177 947
21 108 926
68 108 942
84 153 926
99 135 963
38 122 913
65 160 900
54 116 913
7 143 973
73 142 926
25 160 939
70 125 957
0 174 949
18 151 901
49 116 950
53 124 930
6 102 943
73 181 957
51 160 963
10 161 957
6 119 918
9 117 958
36 104 916
62 131 910
18 114 952
84 193 995
41 101 972
54 100 927
12 190 926
80 151 981
60 133 955
87 102 937
19 134 939
23 148 989
80 147 978
23 140 935
50 178 965
0 142 932
96 159 993
30 131 992
1 113 900
29 189 970
68 128 966
82 159 985
34 250 50
56 256 64
27 287 65
61 263 77
33 219 72
54 211 48
8 295 31
67 268 2
83 215 69
15 206 76
41 265 69
33 243 68
24 274 11
14 249 13
87 211 5
83 201 99
53 209 72
18 281 80
89 267 80
66 277 54
17 251 56
60 295 34
15 216 60
70 290 12
57 241 0
46 255 49
11 277 47
21 208 26
68 208 42
84 253 26
99 235 63
38 222 13
65 260 0
54 216 13
7 243 73
73 242 26
25 260 39
70 225 57
0 274 49
18 251 1
49 216 50
53 224 30
6 202 43
73 281 57
51 260 63
10 261 57
6 219 18
9 217 58
36 204 16
62 231 10
18 214 52
84 293 95
41 201 72
54 200 27
12 290 26
80 251 81
60 233 55
87 202 37
19 234 39
23 248 89
80 247 78
23 240 35
50 278 65
0 242 32
96 259 93
30 231 92
1 213 0
29 289 70
68 228 66
82 259 85
34 250 150
56 256 164
27 287 165
61 263 177
33 219 172
54 211 148
8 295 131
67 268 102
83 215 169
15 206 176
41 265 169
33 243 168
24 274 111
14 249 113
87 211 105
83 201 199
53 209 172
18 281 180
89 267 180
66 277 154
17 251 156
60 295 134
15 216 160
70 290 112
57 241 100
46 255 149
11 277 147
21 208 126
68 208 142
84 253 126
99 235 163
38 222 113
65 260 100
54 216 113
7 243 173
73 242 126
25 260 139
70 225 157
0 274 149
18 251 101
49 216 150
53 224 130
6 202 143
73 281 157
51 260 163
10 261 157
6 219 118
9 217 158
36 204 116
62 231 110
18 214 152
84 293 195
41 201 172
54 200 127
12 290 126
80 251 181
60 233 155
87 202 137
19 234 139
23 248 189
80 247 178
23 240 135
50 278 165
0 242 132
96 259 193
30 231 192
1 213 100
29 289 170
68 228 166
82 259 185
34 250 250
56 256 264
27 287 265
61 263 277
33 219 272
54 211 248
8 295 231
67 268 202
83 215 269
15 206 276
41 265 269
33 243 268
24 274 211
14 249 213
87 211 205
83 201 299
53 209 272
18 281 280
89 267 280
66 277 254
17 251 256
60 295 234
15 216 260
70 290 212
57 241 200
46 255 249
11 277 247
21 208 226
68 208 242
84 253 226
99 235 263
38 222 213
65 260 200
54 216 213
7 243 273
73 242 226
25 260 239
70 225 257
0 274 249
18 251 201
49 216 250
53 224 230
6 202 243
73 281 257
51 260 263
10 261 257
6 219 218
9 217 258
36 204 216
62 231 210
18 214 252
84 293 295
41 201 272
54 200 227
12 290 226
80 251 281
60 233 255
87 202 237
19 234 239
23 248 289
80 247 278
23 240 235
50 278 265
0 242 232
96 259 293
30 231 292
1 213 200
29 289 270
68 228 266
82 259 285
34 250 350
56 256 364
27 287 365
61 263 377
33 219 372
54 211 348
8 295 331
67 268 302
83 215 369
15 206 376
41 265 369
33 243 368
24 274 311
14 249 313
87 211 305
83 201 399
53 209 372
18 281 380
89 267 380
66 277 354
17 251 356
60 295 334
15 216 360
70 290 312
57 241 300
46 255 349
11 277 347
21 208 326
68 208 342
84 253 326
99 235 363
38 222 313
65 260 300
54 216 313
7 243 373
73 242 326
25 260 339
70 225 357
0 274 349
18 251 301
49 216 350
53 224 330
6 202 343
73 281 357
51 260 363
10 261 357
6 219 318
9 217 358
36 204 316
62 231 310
18 214 352
84 293 395
41 201 372
54 200 327
12 290 326
80 251 381
60 233 355
87 202 337
19 234 339
23 248 389
80 247 378
23 240 335
50 278 365
0 242 332
96 259 393
30 231 392
1 213 300
29 289 370
68 228 366
82 259 385
34 250 450
56 256 464
27 287 465
61 263 477
33 219 472
54 211 448
8 295 431
67 268 402
83 215 469
15 206 476
41 265 469
33 243 468
24 274 411
14 249 413
87 211 405
83 201 499
53 209 472
18 281 480
89 267 480
66 277 454
17 251 456
60 295 434
15 216 460
70 290 412
57 241 400
46 255 449
11 277 447
21 208 426
68 208 442
84 253 426
99 235 463
38 222 413
65 260 400
54 216 413
7 243 473
73 242 426
25 260 439
70 225 457
0 274 449
18 251 401
49 216 450
53 224 430
6 202 443
73 281 457
51 260 463
10 261 457
6 219 418
9 217 458
36 204 416
62 231 410
18 214 452
84 293 495
41 201 472
54 200 427
12 290 426
80 251 481
60 233 455
87 202 437
19 234 439
23 248 489
80 247 478
23 240 435
50 278 465
0 242 432
96 259 493
30 231 492
1 213 400
29 289 470
68 228 466
82 259 485
34 250 550
56 256 564
27 287 565
61 263 577
33 219 572
54 211 548
8 295 531
67 268 502
83 215 569
15 206 576
41 265 569
33 243 568
24 274 511
14 249 513
87 211 505
83 201 599
53 209 572
18 281 580
89 267 580
66 277 554
17 251 556
60 295 534
15 216 560
70 290 512
57 241 500
46 255 549
11 277 547
21 208 526
68 208 542
84 253 526
99 235 563
38 222 513
65 260 500
54 216 513
7 243 573
73 242 526
25 260 539
70 225 557
0 274 549
18 251 501
49 216 550
53 224 530
6 202 543
73 281 557
51 260 563
10 261 557
6 219 518
9 217 558
36 204 516
62 231 510
18 214 552
84 293 595
41 201 572
54 200 527
12 290 526
80 251 581
60 233 555
87 202 537
19 234 539
23 248 589
80 247 578
23 240 535
50 278 565
0 242 532
96 259 593
30 231 592
1 213 500
29 289 570
68 228 566
82 259 585
34 250 650
56 256 664
27 287 665
61 263 677
33 219 672
54 211 648
8 295 631
67 268 602
83 215 669
15 206 676
41 265 669
33 243 668
24 274 611
14 249 613
87 211 605
83 201 699
53 209 672
18 281 680
89 267 680
66 277 654
17 251 656
60 295 634
15 216 660
70 290 612
57 241 600
46 255 649
11 277 647
21 208 626
68 208 642
84 253 626
99 235 663
38 222 613
65 260 600
54 216 613
7 243 673
73 242 626
25 260 639
70 225 657
0 274 649
18 251 601
49 216 650
53 224 630
6 202 643
73 281 657
51 260 663
10 261 657
6 219 618
9 217 658
36 204 616
62 231 610
18 214 652
84 293 695
41 201 672
54 200 627
12 290 626
80 251 681
60 233 655
87 202 637
19 234 639
23 248 689
80 247 678
23 240 635
50 278 665
0 242 632
96 259 693
30 231 692
1 213 600
29 289 670
68 228 666
82 259 685
34 250 750
56 256 764
27 287 765
61 263 777
33 219 772
54 211 748
8 295 731
67 268 702
83 215 769
15 206 776
41 265 769
33 243 768
24 274 711
14 249 713
87 211 705
83 201 799
53 209 772
18 281 780
89 267 780
66 277 754
17 251 756
60 295 734
15 216 760
70 290 712
57 241 700
46 255 749
11 277 747
21 208 726
68 208 742
84 253 726
99 235 763
38 222 713
65 260 700
54 216 713
7 243 773
73 242 726
25 260 739
70 225 757
0 274 749
18 251 701
49 216 750
53 224 730
6 202 743
73 281 757
51 260 763
10 261 757
6 219 718
9 217 758
36 204 716
62 231 710
18 214 752
84 293 795
41 201 772
54 200 727
12 290 726
80 251 781
60 233 755
87 202 737
19 234 739
23 248 789
80 247 778
23 240 735
50 278 765
0 242 732
96 259 793
30 231 792
1 213 700
29 289 770
68 228 766
82 259 785
34 250 850
56 256 864
27 287 865
61 263 877
33 219 872
54 211 848
8 295 831
67 268 802
83 215 869
15 206 876
41 265 869
33 243 868
24 274 811
14 249 813
87 211 805
83 201 899
53 209 872
18 281 880
89 267 880
66 277 854
17 251 856
60 295 834
15 216 860
70 290 812
57 241 800
46 255 849
11 277 847
21 208 826
68 208 842
84 253 826
99 235 863
38 222 813
65 260 800
54 216 813
7 243 873
73 242 826
25 260 839
70 225 857
0 274 849
18 251 801
49 216 850
53 224 830
6 202 843
73 281 857
51 260 863
10 261 857
6 219 818
9 217 858
36 204 816
62 231 810
18 214 852
84 293 895
41 201 872
54 200 827
12 290 826
80 251 881
60 233 855
87 202 837
19 234 839
23 248 889
80 247 878
23 240 835
50 278 865
0 242 832
96 259 893
30 231 892
1 213 800
29 289 870
68 228 866
82 259 885
34 250 950
56 256 964
27 287 965
61 263 977
33 219 972
54 211 948
8 295 931
67 268 902
83 215 969
15 206 976
41 265 969
33 243 968
24 274 911
14 249 913
87 211 905
83 201 999
53 209 972
18 281 980
89 267 980
66 277 954
17 251 956
60 295 934
15 216 960
70 290 912
57 241 900
46 255 949
11 277 947
21 208 926
68 208 942
84 253 926
99 235 963
38 222 913
65 260 900
54 216 913
7 243 973
73 242 926
25 260 939
70 225 957
0 274 949
18 251 901
49 216 950
53 224 930
6 202 943
73 281 957
51 260 963
10 261 957
6 219 918
9 217 958
36 204 916
62 231 910
18 214 952
84 293 995
41 201 972
54 200 927
12 290 926
80 251 981
60 233 955
87 202 937
19 234 939
23 248 989
80 247 978
23 240 935
50 278 965
0 242 932
96 259 993
30 231 992
1 213 900
29 289 970
68 228 966
82 259 985
34 350 50
56 356 64
27 387 65
61 363 77
33 319 72
54 311 48
8 395 31
67 368 2
83 315 69
15 306 76
41 365 69
33 343 68
24 374 11
14 349 13
87 311 5
83 301 99
53 309 72
18 381 80
89 367 80
66 377 54
17 351 56
60 395 34
15 316 60
70 390 12
57 341 0
46 355 49
11 377 47
21 308 26
68 308 42
84 353 26
99 335 63
38 322 13
65 360 0
54 316 13
7 343 73
73 342 26
25 360 39
70 325 57
0 374 49
18 351 1
49 316 50
53 324 30
6 302 43
73 381 57
51 360 63
10 361 57
6 319 18
9 317 58
36 304 16
62 331 10
18 314 52
84 393 95
41 301 72
54 300 27
12 390 26
80 351 81
60 333 55
87 302 37
19 334 39
23 348 89
80 347 78
23 340 35
50 378 65
0 342 32
96 359 93
30 331 92
1 313 0
29 389 70
68 328 66
82 359 85
34 350 150
56 356 164
27 387 165
61 363 177
33 319 172
54 311 148
8 395 131
67 368 102
83 315 169
15 306 176
41 365 169
33 343 168
24 374 111
14 349 113
87 311 105
83 301 199
53 309 172
18 381 180
89 367 180
66 377 154
17 351 156
60 395 134
15 316 160
70 390 112
57 341 100
46 355 149
11 377 147
21 308 126
68 308 142
84 353 126
99 335 163
38 322 113
65 360 100
54 316 113
7 343 173
73 342 126
25 360 139
70 325 157
0 374 149
18 351 101
49 316 150
53 324 130
6 302 143
73 381 157
51 360 163
10 361 157
6 319 118
9 317 158
36 304 116
62 331 110
18 314 152
84 393 195
41 301 172
54 300 127
12 390 126
80 351 181
60 333 155
87 302 137
19 334 139
23 348 189
80 347 178
23 340 135
50 378 165
0 342 132
96 359 193
30 331 192
1 313 100
29 389 170
68 328 166
82 359 185
34 350 250
56 356 264
27 387 265
61 363 277
33 319 272
54 311 248
8 395 231
67 368 202
83 315 269
15 306 276
41 365 269
33 343 268
24 374 211
14 349 213
87 311 205
83 301 299
53 309 272
18 381 280
89 367 280
66 377 254
17 351 256
60 395 234
15 316 260
70 390 212
57 341 200
46 355 249
11 377 247
21 308 226
68 308 242
84 353 226
99 335 263
38 322 213
65 360 200
54 316 213
7 343 273
73 342 226
25 360 239
70 325 257
0 374 249
18 351 201
49 316 250
53 324 230
6 302 243
73 381 257
51 360 263
10 361 257
6 319 218
9 317 258
36 304 216
62 331 210
18 314 252
84 393 295
41 301 272
54 300 227
12 390 226
80 351 281
60 333 255
87 302 237
19 334 239
23 348 289
80 347 278
23 340 235
50 378 265
0 342 232
96 359 293
30 331 292
1 313 200
29 389 270
68 328 266
82 359 285
34 350 350
56 356 364
27 387 365
61 363 377
33 319 372
54 311 348
8 395 331
67 368 302
83 315 369
15 306 376
41 365 369
33 343 368
24 374 311
14 349 313
87 311 305
83 301 399
53 309 372
18 381 380
89 367 380
66 377 354
17 351 356
60 395 334
15 316 360
70 390 312
57 341 300
46 355 349
11 377 347
21 308 326
68 308 342
84 353 326
99 335 363
38 322 313
65 360 300
54 316 313
7 343 373
73 342 326
25 360 339
70 325 357
0 374 349
18 351 301
49 316 350
53 324 330
6 302 343
73 381 357
51 360 363
10 361 357
6 319 318
9 317 358
36 304 316
62 331 310
18 314 352
84 393 395
41 301 372
54 300 327
12 390 326
80 351 381
60 333 355
87 302 337
19 334 339
23 348 389
80 347 378
23 340 335
50 378 365
0 342 332
96 359 393
30 331 392
1 313 300
29 389 370
68 328 366
82 359 385
34 350 450
56 356 464
27 387 465
61 363 477
33 319 472
54 311 448
8 395 431
67 368 402
83 315 469
15 306 476
41 365 469
33 343 468
24 374 411
14 349 413
87 311 405
83 301 499
53 309 472
18 381 480
89 367 480
66 377 454
17 351 456
60 395 434
15 316 460
70 390 412
57 341 400
46 355 449
11 377 447
21 308 426
68 308 442
84 353 426
99 335 463
38 322 413
65 360 400
54 316 413
7 343 473
73 342 426
25 360 439
70 325 457
0 374 449
18 351 401
49 316 450
53 324 430
6 302 443
73 381 457
51 360 463
10 361 457
6 319 418
9 317 458
36 304 416
62 331 410
18 314 452
84 393 495
41 301 472
54 300 427
12 390 426
80 351 481
60 333 455
87 302 437
19 334 439
23 348 489
80 347 478
23 340 435
50 378 465
0 342 432
96 359 493
30 331 492
1 313 400
29 389 470
68 328 466
82 359 485
34 350 550
56 356 564
27 387 565
61 363 577
33 319 572
54 311 548
8 395 531
67 368 502
83 315 569
15 306 576
41 365 569
33 343 568
24 374 511
14 349 513
87 311 505
83 301 599
53 309 572
18 381 580
89 367 580
66 377 554
17 351 556
60 395 534
15 316 560
70 390 512
57 341 500
46 355 549
11 377 547
21 308 526
68 308 542
84 353 526
99 335 563
38 322 513
65 360 500
54 316 513
7 343 573
73 342 526
25 360 539
70 325 557
0 374 549
18 351 501
49 316 550
53 324 530
6 302 543
73 381 557
51 360 563
10 361 557
6 319 518
9 317 558
36 304 516
62 331 510
18 314 552
84 393 595
41 301 572
54 300 527
12 390 526
80 351 581
60 333 555
87 302 537
19 334 539
23 348 589
80 347 578
23 340 535
50 378 565
0 342 532
96 359 593
30 331 592
1 313 500
29 389 570
68 328 566
82 359 585
34 350 650
56 356 664
27 387 665
61 363 677
33 319 672
54 311 648
8 395 631
67 368 602
83 315 669
15 306 676
41 365 669
33 343 668
24 374 611
14 349 613
87 311 605
83 301 699
53 309 672
18 381 680
89 367 680
66 377 654
17 351 656
60 395 634
15 316 660
70 390 612
57 341 600
46 355 649
11 377 647
21 308 626
68 308 642
84 353 626
99 335 663
38 322 613
65 360 600
54 316 613
7 343 673
73 342 626
25 360 639
70 325 657
0 374 649
18 351 601
49 316 650
53 324 630
6 302 643
73 381 657
51 360 663
10 361 657
6 319 618
9 317 658
36 304 616
62 331 610
18 314 652
84 393 695
41 301 672
54 300 627
12 390 626
80 351 681
60 333 655
87 302 637
19 334 639
23 348 689
80 347 678
23 340 635
50 378 665
0 342 632
96 359 693
30 331 692
1 313 600
29 389 670
68 328 666
82 359 685
34 350 750
56 356 764
27 387 765
61 363 777
33 319 772
54 311 748
8 395 731
67 368 702
83 315 769
15 306 776
41 365 769
33 343 768
24 374 711
14 349 713
87 311 705
83 301 799
53 309 772
18 381 780
89 367 780
66 377 754
17 351 756
60 395 734
15 316 760
70 390 712
57 341 700
46 355 749
11 377 747
21 308 726
68 308 742
84 353 726
99 335 763
38 322 713
65 360 700
54 316 713
7 343 773
73 342 726
25 360 739
70 325 757
0 374 749
18 351 701
49 316 750
53 324 730
6 302 743
73 381 757
51 360 763
10 361 757
6 319 718
9 317 758
36 304 716
62 331 710
18 314 752
84 393 795
41 301 772
54 300 727
12 390 726
80 351 781
60 333 755
87 302 737
19 334 739
23 348 789
80 347 778
23 340 735
50 378 765
0 342 732
96 359 793
30 331 792
1 313 700
29 389 770
68 328 766
82 359 785
34 350 850
56 356 864
27 387 865
61 363 877
33 319 872
54 311 848
8 395 831
67 368 802
83 315 869
15 306 876
41 365 869
33 343 868
24 374 811
14 349 813
87 311 805
83 301 899
53 309 872
18 381 880
89 367 880
66 377 854
17 351 856
60 395 834
15 316 860
70 390 812
57 341 800
46 355 849
11 377 847
21 308 826
68 308 842
84 353 826
99 335 863
38 322 813
65 360 800
54 316 813
7 343 873
73 342 826
25 360 839
70 325 857
0 374 849
18 351 801
49 316 850
53 324 830
6 302 843
73 381 857
51 360 863
10 361 857
6 319 818
9 317 858
36 304 816
62 331 810
18 314 852
84 393 895
41 301 872
54 300 827
12 390 826
80 351 881
60 333 855
87 302 837
19 334 839
23 348 889
80 347 878
23 340 835
50 378 865
0 342 832
96 359 893
30 331 892
1 313 800
29 389 870
68 328 866
82 359 885
34 350 950
56 356 964
27 387 965
61 363 977
33 319 972
54 311 948
8 395 931
67 368 902
83 315 969
15 306 976
41 365 969
33 343 968
24 374 911
14 349 913
87 311 905
83 301 999
53 309 972
18 381 980
89 367 980
66 377 954
17 351 956
60 395 934
15 316 960
70 390 912
57 341 900
46 355 949
11 377 947
21 308 926
68 308 942
84 353 926
99 335 963
38 322 913
65 360 900
54 316 913
7 343 973
73 342 926
25 360 939
70 325 957
0 374 949
18 351 901
49 316 950
53 324 930
6 302 943
73 381 957
51 360 963
10 361 957
6 319 918
9 317 958
36 304 916
62 331 910
18 314 952
84 393 995
41 301 972
54 300 927
12 390 926
80 351 981
60 333 955
87 302 937
19 334 939
23 348 989
80 347 978
23 340 935
50 378 965
0 342 932
96 359 993
30 331 992
1 313 900
29 389 970
68 328 966
82 359 985
34 450 50
56 456 64
27 487 65
61 463 77
33 419 72
54 411 48
8 495 31
67 468 2
83 415 69
15 406 76
41 465 69
33 443 68
24 474 11
14 449 13
87 411 5
83 401 99
53 409 72
18 481 80
89 467 80
66 477 54
17 451 56
60 495 34
15 416 60
70 490 12
57 441 0
46 455 49
11 477 47
21 408 26
68 408 42
84 453 26
99 435 63
38 422 13
65 460 0
54 416 13
7 443 73
73 442 26
25 460 39
70 425 57
0 474 49
18 451 1
49 416 50
53 424 30
6 402 43
73 481 57
51 460 63
10 461 57
6 419 18
9 417 58
36 404 16
62 431 10
18 414 52
84 493 95
41 401 72
54 400 27
12 490 26
80 451 81
60 433 55
87 402 37
19 434 39
23 448 89
80 447 78
23 440 35
50 478 65
0 442 32
96 459 93
30 431 92
1 413 0
29 489 70
68 428 66
82 459 85
34 450 150
56 456 164
27 487 165
61 463 177
33 419 172
54 411 148
8 495 131
67 468 102
83 415 169
15 406 176
41 465 169
33 443 168
24 474 111
14 449 113
87 411 105
83 401 199
53 409 172
18 481 180
89 467 180
66 477 154
17 451 156
60 495 134
15 416 160
70 490 112
57 441 100
46 455 149
11 477 147
21 408 126
68 408 142
84 453 126
99 435 163
38 422 113
65 460 100
54 416 113
7 443 173
73 442 126
25 460 139
70 425 157
0 474 149
18 451 101
49 416 150
53 424 130
6 402 143
73 481 157
51 460 163
10 461 157
6 419 118
9 417 158
36 404 116
62 431 110
18 414 152
84 493 195
41 401 172
54 400 127
12 490 126
80 451 181
60 433 155
87 402 137
19 434 139
23 448 189
80 447 178
23 440 135
50 478 165
0 442 132
96 459 193
30 431 192
1 413 100
29 489 170
68 428 166
82 459 185
34 450 250
56 456 264
27 487 265
61 463 277
33 419 272
54 411 248
8 495 231
67 468 202
83 415 269
15 406 276
41 465 269
33 443 268
24 474 211
14 449 213
87 411 205
83 401 299
53 409 272
18 481 280
89 467 280
66 477 254
17 451 256
60 495 234
15 416 260
70 490 212
57 441 200
46 455 249
11 477 247
21 408 226
68 408 242
84 453 226
99 435 263
38 422 213
65 460 200
54 416 213
7 443 273
73 442 226
25 460 239
70 425 257
0 474 249
18 451 201
49 416 250
53 424 230
6 402 243
73 481 257
51 460 263
10 461 257
6 419 218
9 417 258
36 404 216
62 431 210
18 414 252
84 493 295
41 401 272
54 400 227
12 490 226
80 451 281
60 433 255
87 402 237
19 434 239
23 448 289
80 447 278
23 440 235
50 478 265
0 442 232
96 459 293
30 431 292
1 413 200
29 489 270
68 428 266
82 459 285
34 450 350
56 456 364
27 487 365
61 463 377
33 419 372
54 411 348
8 495 331
67 468 302
83 415 369
15 406 376
41 465 369
33 443 368
24 474 311
14 449 313
87 411 305
83 401 399
53 409 372
18 481 380
89 467 380
66 477 354
17 451 356
60 495 334
15 416 360
70 490 312
57 441 300
46 455 349
11 477 347
21 408 326
68 408 342
84 453 326
99 435 363
38 422 313
65 460 300
54 416 313
7 443 373
73 442 326
25 460 339
70 425 357
0 474 349
18 451 301
49 416 350
53 424 330
6 402 343
73 481 357
51 460 363
10 461 357
6 419 318
9 417 358
36 404 316
62 431 310
18 414 352
84 493 395
41 401 372
54 400 327
12 490 326
80 451 381
60 433 355
87 402 337
19 434 339
23 448 389
80 447 378
23 440 335
50 478 365
0 442 332
96 459 393
30 431 392
1 413 300
29 489 370
68 428 366
82 459 385
34 450 450
56 456 464
27 487 465
61 463 477
33 419 472
54 411 448
8 495 431
67 468 402
83 415 469
15 406 476
41 465 469
33 443 468
24 474 411
14 449 413
87 411 405
83 401 499
53 409 472
18 481 480
89 467 480
66 477 454
17 451 456
60 495 434
15 416 460
70 490 412
57 441 400
46 455 449
11 477 447
21 408 426
68 408 442
84 453 426
99 435 463
38 422 413
65 460 400
54 416 413
7 443 473
73 442 426
25 460 439
70 425 457
0 474 449
18 451 401
49 416 450
53 424 430
6 402 443
73 481 457
51 460 463
10 461 457
6 419 418
9 417 458
36 404 416
62 431 410
18 414 452
84 493 495
41 401 472
54 400 427
12 490 426
80 451 481
60 433 455
87 402 437
19 434 439
23 448 489
80 447 478
23 440 435
50 478 465
0 442 432
96 459 493
30 431 492
1 413 400
29 489 470
68 428 466
82 459 485
34 450 550
56 456 564
27 487 565
61 463 577
33 419 572
54 411 548
8 495 531
67 468 502
83 415 569
15 406 576
41 465 569
33 443 568
24 474 511
14 449 513
87 411 505
83 401 599
53 409 572
18 481 580
89 467 580
66 477 554
17 451 556
60 495 534
15 416 560
70 490 512
57 441 500
46 455 549
11 477 547
21 408 526
68 408 542
84 453 526
99 435 563
38 422 513
65 460 500
54 416 513
7 443 573
73 442 526
25 460 539
70 425 557
0 474 549
18 451 501
49 416 550
53 424 530
6 402 543
73 481 557
51 460 563
10 461 557
6 419 518
9 417 558
36 404 516
62 431 510
18 414 552
84 493 595
41 401 572
54 400 527
12 490 526
80 451 581
60 433 555
87 402 537
19 434 539
23 448 589
80 447 578
23 440 535
50 478 565
0 442 532
96 459 593
30 431 592
1 413 500
29 489 570
68 428 566
82 459 585
34 450 650
56 456 664
27 487 665
61 463 677
33 419 672
54 411 648
8 495 631
67 468 602
83 415 669
15 406 676
41 465 669
33 443 668
24 474 611
14 449 613
87 411 605
83 401 699
53 409 672
18 481 680
89 467 680
66 477 654
17 451 656
60 495 634
15 416 660
70 490 612
57 441 600
46 455 649
11 477 647
21 408 626
68 408 642
84 453 626
99 435 663
38 422 613
65 460 600
54 416 613
7 443 673
73 442 626
25 460 639
70 425 657
0 474 649
18 451 601
49 416 650
53 424 630
6 402 643
73 481 657
51 460 663
10 461 657
6 419 618
9 417 658
36 404 616
62 431 610
18 414 652
84 493 695
41 401 672
54 400 627
12 490 626
80 451 681
60 433 655
87 402 637
19 434 639
23 448 689
80 447 678
23 440 635
50 478 665
0 442 632
96 459 693
30 431 692
1 413 600
29 489 670
68 428 666
82 459 685
34 450 750
56 456 764
27 487 765
61 463 777
33 419 772
54 411 748
8 495 731
67 468 702
83 415 769
15 406 776
41 465 769
33 443 768
24 474 711
14 449 713
87 411 705
83 401 799
53 409 772
18 481 780
89 467 780
66 477 754
17 451 756
60 495 734
15 416 760
70 490 712
57 441 700
46 455 749
11 477 747
21 408 726
68 408 742
84 453 726
99 435 763
38 422 713
65 460 700
54 416 713
7 443 773
73 442 726
25 460 739
70 425 757
0 474 749
18 451 701
49 416 750
53 424 730
6 402 743
73 481 757
51 460 763
10 461 757
6 419 718
9 417 758
36 404 716
62 431 710
18 414 752
84 493 795
41 401 772
54 400 727
12 490 726
80 451 781
60 433 755
87 402 737
19 434 739
23 448 789
80 447 778
23 440 735
50 478 765
0 442 732
96 459 793
30 431 792
1 413 700
29 489 770
68 428 766
82 459 785
34 450 850
56 456 864
27 487 865
61 463 877
33 419 872
54 411 848
8 495 831
67 468 802
83 415 869
15 406 876
41 465 869
33 443 868
24 474 811
14 449 813
87 411 805
83 401 899
53 409 872
18 481 880
89 467 880
66 477 854
17 451 856
60 495 834
15 416 860
70 490 812
57 441 800
46 455 849
11 477 847
21 408 826
68 408 842
84 453 826
99 435 863
38 422 813
65 460 800
54 416 813
7 443 873
73 442 826
25 460 839
70 425 857
0 474 849
18 451 801
49 416 850
53 424 830
6 402 843
73 481 857
51 460 863
10 461 857
6 419 818
9 417 858
36 404 816
62 431 810
18 414 852
84 493 895
41 401 872
54 400 827
12 490 826
80 451 881
60 433 855
87 402 837
19 434 839
23 448 889
80 447 878
23 440 835
50 478 865
0 442 832
96 459 893
30 431 892
1 413 800
29 489 870
68 428 866
82 459 885
34 450 950
56 456 964
27 487 965
61 463 977
33 419 972
54 411 948
8 495 931
67 468 902
83 415 969
15 406 976
41 465 969
33 443 968
24 474 911
14 449 913
87 411 905
83 401 999
53 409 972
18 481 980
89 467 980
66 477 954
17 451 956
60 495 934
15 416 960
70 490 912
57 441 900
46 455 949
11 477 947
21 408 926
68 408 942
84 453 926
99 435 963
38 422 913
65 460 900
54 416 913
7 443 973
73 442 926
25 460 939
70 425 957
0 474 949
18 451 901
49 416 950
53 424 930
6 402 943
73 481 957
51 460 963
10 461 957
6 419 918
9 417 958
36 404 916
62 431 910
18 414 952
84 493 995
41 401 972
54 400 927
12 490 926
80 451 981
60 433 955
87 402 937
19 434 939
23 448 989
80 447 978
23 440 935
50 478 965
0 442 932
96 459 993
30 431 992
1 413 900
29 489 970
68 428 966
82 459 985
34 550 50
56 556 64
27 587 65
61 563 77
33 519 72
54 511 48
8 595 31
67 568 2
83 515 69
15 506 76
41 565 69
33 543 68
24 574 11
14 549 13
87 511 5
83 501 99
53 509 72
18 581 80
89 567 80
66 577 54
17 551 56
60 595 34
15 516 60
70 590 12
57 541 0
46 555 49
11 577 47
21 508 26
68 508 42
84 553 26
99 535 63
38 522 13
65 560 0
54 516 13
7 543 73
73 542 26
25 560 39
70 525 57
0 574 49
18 551 1
49 516 50
53 524 30
6 502 43
73 581 57
51 560 63
10 561 57
6 519 18
9 517 58
36 504 16
62 531 10
18 514 52
84 593 95
41 501 72
54 500 27
12 590 26
80 551 81
60 533 55
87 502 37
19 534 39
23 548 89
80 547 78
23 540 35
50 578 65
0 542 32
96 559 93
30 531 92
1 513 0
29 589 70
68 528 66
82 559 85
34 550 150
56 556 164
27 587 165
61 563 177
33 519 172
54 511 148
8 595 131
67 568 102
83 515 169
15 506 176
41 565 169
33 543 168
24 574 111
14 549 113
87 511 105
83 501 199
53 509 172
18 581 180
89 567 180
66 577 154
17 551 156
60 595 134
15 516 160
70 590 112
57 541 100
46 555 149
11 577 147
21 508 126
68 508 142
84 553 126
99 535 163
38 522 113
65 560 100
54 516 113
7 543 173
73 542 126
25 560 139
70 525 157
0 574 149
18 551 101
49 516 150
53 524 130
6 502 143
73 581 157
51 560 163
10 561 157
6 519 118
9 517 158
36 504 116
62 531 110
18 514 152
84 593 195
41 501 172
54 500 127
12 590 126
80 551 181
60 533 155
87 502 137
19 534 139
23 548 189
80 547 178
23 540 135
50 578 165
0 542 132
96 559 193
30 531 192
1 513 100
29 589 170
68 528 166
82 559 185
34 550 250
56 556 264
27 587 265
61 563 277
33 519 272
54 511 248
8 595 231
67 568 202
83 515 269
15 506 276
41 565 269
33 543 268
24 574 211
14 549 213
87 511 205
83 501 299
53 509 272
18 581 280
89 567 280
66 577 254
17 551 256
60 595 234
15 516 260
70 590 212
57 541 200
46 555 249
11 577 247
21 508 226
68 508 242
84 553 226
99 535 263
38 522 213
65 560 200
54 516 213
7 543 273
73 542 226
25 560 239
70 525 257
0 574 249
18 551 201
49 516 250
53 524 230
6 502 243
73 581 257
51 560 263
10 561 257
6 519 218
9 517 258
36 504 216
62 531 210
18 514 252
84 593 295
41 501 272
54 500 227
12 590 226
80 551 281
60 533 255
87 502 237
19 534 239
23 548 289
80 547 278
23 540 235
50 578 265
0 542 232
96 559 293
30 531 292
1 513 200
29 589 270
68 528 266
82 559 285
34 550 350
56 556 364
27 587 365
61 563 377
33 519 372
54 511 348
8 595 331
67 568 302
83 515 369
15 506 376
41 565 369
33 543 368
24 574 311
14 549 313
87 511 305
83 501 399
53 509 372
18 581 380
89 567 380
66 577 354
17 551 356
60 595 334
15 516 360
70 590 312
57 541 300
46 555 349
11 577 347
21 508 326
68 508 342
84 553 326
99 535 363
38 522 313
65 560 300
54 516 313
7 543 373
73 542 326
25 560 339
70 525 357
0 574 349
18 551 301
49 516 350
53 524 330
6 502 343
73 581 357
51 560 363
10 561 357
6 519 318
9 517 358
36 504 316
62 531 310
18 514 352
84 593 395
41 501 372
54 500 327
12 590 326
80 551 381
60 533 355
87 502 337
19 534 339
23 548 389
80 547 378
23 540 335
50 578 365
0 542 332
96 559 393
30 531 392
1 513 300
29 589 370
68 528 366
82 559 385
34 550 450
56 556 464
27 587 465
61 563 477
33 519 472
54 511 448
8 595 431
67 568 402
83 515 469
15 506 476
41 565 469
33 543 468
24 574 411
14 549 413
87 511 405
83 501 499
53 509 472
18 581 480
89 567 480
66 577 454
17 551 456
60 595 434
15 516 460
70 590 412
57 541 400
46 555 449
11 577 447
21 508 426
68 508 442
84 553 426
99 535 463
38 522 413
65 560 400
54 516 413
7 543 473
73 542 426
25 560 439
70 525 457
0 574 449
18 551 401
49 516 450
53 524 430
6 502 443
73 581 457
51 560 463
10 561 457
6 519 418
9 517 458
36 504 416
62 531 410
18 514 452
84 593 495
41 501 472
54 500 427
12 590 426
80 551 481
60 533 455
87 502 437
19 534 439
23 548 489
80 547 478
23 540 435
50 578 465
0 542 432
96 559 493
30 531 492
1 513 400
29 589 470
68 528 466
82 559 485
34 550 550
56 556 564
27 587 565
61 563 577
33 519 572
54 511 548
8 595 531
67 568 502
83 515 569
15 506 576
41 565 569
33 543 568
24 574 511
14 549 513
87 511 505
83 501 599
53 509 572
18 581 580
89 567 580
66 577 554
17 551 556
60 595 534
15 516 560
70 590 512
57 541 500
46 555 549
11 577 547
21 508 526
68 508 542
84 553 526
99 535 563
38 522 513
65 560 500
54 516 513
7 543 573
73 542 526
25 560 539
70 525 557
0 574 549
18 551 501
49 516 550
53 524 530
6 502 543
73 581 557
51 560 563
10 561 557
6 519 518
9 517 558
36 504 516
62 531 510
18 514 552
84 593 595
41 501 572
54 500 527
12 590 526
80 551 581
60 533 555
87 502 537
19 534 539
23 548 589
80 547 578
23 540 535
50 578 565
0 542 532
96 559 593
30 531 592
1 513 500
29 589 570
68 528 566
82 559 585
34 550 650
56 556 664
27 587 665
61 563 677
33 519 672
54 511 648
8 595 631
67 568 602
83 515 669
15 506 676
41 565 669
33 543 668
24 574 611
14 549 613
87 511 605
83 501 699
53 509 672
18 581 680
89 567 680
66 577 654
17 551 656
60 595 634
15 516 660
70 590 612
57 541 600
46 555 649
11 577 647
21 508 626
68 508 642
84 553 626
99 535 663
38 522 613
65 560 600
54 516 613
7 543 673
73 542 626
25 560 639
70 525 657
0 574 649
18 551 601
49 516 650
53 524 630
6 502 643
73 581 657
51 560 663
10 561 657
6 519 618
9 517 658
36 504 616
62 531 610
18 514 652
84 593 695
41 501 672
54 500 627
12 590 626
80 551 681
60 533 655
87 502 637
19 534 639
23 548 689
80 547 678
23 540 635
50 578 665
0 542 632
96 559 693
30 531 692
1 513 600
29 589 670
68 528 666
82 559 685
34 550 750
56 556 764
27 587 765
61 563 777
33 519 772
54 511 748
8 595 731
67 568 702
83 515 769
15 506 776
41 565 769
33 543 768
24 574 711
14 549 713
87 511 705
83 501 799
53 509 772
18 581 780
89 567 780
66 577 754
17 551 756
60 595 734
15 516 760
70 590 712
57 541 700
46 555 749
11 577 747
21 508 726
68 508 742
84 553 726
99 535 763
38 522 713
65 560 700
54 516 713
7 543 773
73 542 726
25 560 739
70 525 757
0 574 749
18 551 701
49 516 750
53 524 730
6 502 743
73 581 757
51 560 763
10 561 757
6 519 718
9 517 758
36 504 716
62 531 710
18 514 752
84 593 795
41 501 772
54 500 727
12 590 726
80 551 781
60 533 755
87 502 737
19 534 739
23 548 789
80 547 778
23 540 735
50 578 765
0 542 732
96 559 793
30 531 792
1 513 700
29 589 770
68 528 766
82 559 785
34 550 850
56 556 864
27 587 865
61 563 877
33 519 872
54 511 848
8 595 831
67 568 802
83 515 869
15 506 876
41 565 869
33 543 868
24 574 811
14 549 813
87 511 805
83 501 899
53 509 872
18 581 880
89 567 880
66 577 854
17 551 856
60 595 834
15 516 860
70 590 812
57 541 800
46 555 849
11 577 847
21 508 826
68 508 842
84 553 826
99 535 863
38 522 813
65 560 800
54 516 813
7 543 873
73 542 826
25 560 839
70 525 857
0 574 849
18 551 801
49 516 850
53 524 830
6 502 843
73 581 857
51 560 863
10 561 857
6 519 818
9 517 858
36 504 816
62 531 810
18 514 852
84 593 895
41 501 872
54 500 827
12 590 826
80 551 881
60 533 855
87 502 837
19 534 839
23 548 889
80 547 878
23 540 835
50 578 865
0 542 832
96 559 893
30 531 892
1 513 800
29 589 870
68 528 866
82 559 885
34 550 950
56 556 964
27 587 965
61 563 977
33 519 972
54 511 948
8 595 931
67 568 902
83 515 969
15 506 976
41 565 969
33 543 968
24 574 911
14 549 913
87 511 905
83 501 999
53 509 972
18 581 980
89 567 980
66 577 954
17 551 956
60 595 934
15 516 960
70 590 912
57 541 900
46 555 949
11 577 947
21 508 926
68 508 942
84 553 926
99 535 963
38 522 913
65 560 900
54 516 913
7 543 973
73 542 926
25 560 939
70 525 957
0 574 949
18 551 901
49 516 950
53 524 930
6 502 943
73 581 957
51 560 963
10 561 957
6 519 918
9 517 958
36 504 916
62 531 910
18 514 952
84 593 995
41 501 972
54 500 927
12 590 926
80 551 981
60 533 955
87 502 937
19 534 939
23 548 989
80 547 978
23 540 935
50 578 965
0 542 932
96 559 993
30 531 992
1 513 900
29 589 970
68 528 966
82 559 985
34 650 50
56 656 64
27 687 65
61 663 77
33 619 72
54 611 48
8 695 31
67 668 2
83 615 69
15 606 76
41 665 69
33 643 68
24 674 11
14 649 13
87 611 5
83 601 99
53 609 72
18 681 80
89 667 80
66 677 54
17 651 56
60 695 34
15 616 60
70 690 12
57 641 0
46 655 49
11 677 47
21 608 26
68 608 42
84 653 26
99 635 63
38 622 13
65 660 0
54 616 13
7 643 73
73 642 26
25 660 39
70 625 57
0 674 49
18 651 1
49 616 50
53 624 30
6 602 43
73 681 57
51 660 63
10 661 57
6 619 18
9 617 58
36 604 16
62 631 10
18 614 52
84 693 95
41 601 72
54 600 27
12 690 26
80 651 81
60 633 55
87 602 37
19 634 39
23 648 89
80 647 78
23 640 35
50 678 65
0 642 32
96 659 93
30 631 92
1 613 0
29 689 70
68 628 66
82 659 85
34 650 150
56 656 164
27 687 165
61 663 177
33 619 172
54 611 148
8 695 131
67 668 102
83 615 169
15 606 176
41 665 169
33 643 168
24 674 111
14 649 113
87 611 105
83 601 199
53 609 172
18 681 180
89 667 180
66 677 154
17 651 156
60 695 134
15 616 160
70 690 112
57 641 100
46 655 149
11 677 147
21 608 126
68 608 142
84 653 126
99 635 163
38 622 113
65 660 100
54 616 113
7 643 173
73 642 126
25 660 139
70 625 157
0 674 149
18 651 101
49 616 150
53 624 130
6 602 143
73 681 157
51 660 163
10 661 157
6 619 118
9 617 158
36 604 116
62 631 110
18 614 152
84 693 195
41 601 172
54 600 127
12 690 126
80 651 181
60 633 155
87 602 137
19 634 139
23 648 189
80 647 178
23 640 135
50 678 165
0 642 132
96 659 193
30 631 192
1 613 100
29 689 170
68 628 166
82 659 185
34 650 250
56 656 264
27 687 265
61 663 277
33 619 272
54 611 248
8 695 231
67 668 202
83 615 269
15 606 276
41 665 269
33 643 268
24 674 211
14 649 213
87 611 205
83 601 299
53 609 272
18 681 280
89 667 280
66 677 254
17 651 256
60 695 234
15 616 260
70 690 212
57 641 200
46 655 249
11 677 247
21 608 226
68 608 242
84 653 226
99 635 263
38 622 213
65 660 200
54 616 213
7 643 273
73 642 226
25 660 239
70 625 257
0 674 249
18 651 201
49 616 250
53 624 230
6 602 243
73 681 257
51 660 263
10 661 257
6 619 218
9 617 258
36 604 216
62 631 210
18 614 252
84 693 295
41 601 272
54 600 227
12 690 226
80 651 281
60 633 255
87 602 237
19 634 239
23 648 289
80 647 278
23 640 235
50 678 265
0 642 232
96 659 293
30 631 292
1 613 200
29 689 270
68 628 266
82 659 285
34 650 350
56 656 364
27 687 365
61 663 377
33 619 372
54 611 348
8 695 331
67 668 302
83 615 369
15 606 376
41 665 369
33 643 368
24 674 311
14 649 313
87 611 305
83 601 399
53 609 372
18 681 380
89 667 380
66 677 354
17 651 356
60 695 334
15 616 360
70 690 312
57 641 300
46 655 349
11 677 347
21 608 326
68 608 342
84 653 326
99 635 363
38 622 313
65 660 300
54 616 313
7 643 373
73 642 326
25 660 339
70 625 357
0 674 349
18 651 301
49 616 350
53 624 330
6 602 343
73 681 357
51 660 363
10 661 357
6 619 318
9 617 358
36 604 316
62 631 310
18 614 352
84 693 395
41 601 372
54 600 327
12 690 326
80 651 381
60 633 355
87 602 337
19 634 339
23 648 389
80 647 378
23 640 335
50 678 365
0 642 332
96 659 393
30 631 392
1 613 300
29 689 370
68 628 366
82 659 385
34 650 450
56 656 464
27 687 465
61 663 477
33 619 472
54 611 448
8 695 431
67 668 402
83 615 469
15 606 476
41 665 469
33 643 468
24 674 411
14 649 413
87 611 405
83 601 499
53 609 472
18 681 480
89 667 480
66 677 454
17 651 456
60 695 434
15 616 460
70 690 412
57 641 400
46 655 449
11 677 447
21 608 426
68 608 442
84 653 426
99 635 463
38 622 413
65 660 400
54 616 413
7 643 473
73 642 426
25 660 439
70 625 457
0 674 449
18 651 401
49 616 450
53 624 430
6 602 443
73 681 457
51 660 463
10 661 457
6 619 418
9 617 458
36 604 416
62 631 410
18 614 452
84 693 495
41 601 472
54 600 427
12 690 426
80 651 481
60 633 455
87 602 437
19 634 439
23 648 489
80 647 478
23 640 435
50 678 465
0 642 432
96 659 493
30 631 492
1 613 400
29 689 470
68 628 466
82 659 485
34 650 550
56 656 564
27 687 565
61 663 577
33 619 572
54 611 548
8 695 531
67 668 502
83 615 569
15 606 576
41 665 569
33 643 568
24 674 511
14 649 513
87 611 505
83 601 599
53 609 572
18 681 580
89 667 580
66 677 554
17 651 556
60 695 534
15 616 560
70 690 512
57 641 500
46 655 549
11 677 547
21 608 526
68 608 542
84 653 526
99 635 563
38 622 513
65 660 500
54 616 513
7 643 573
73 642 526
25 660 539
70 625 557
0 674 549
18 651 501
49 616 550
53 624 530
6 602 543
73 681 557
51 660 563
10 661 557
6 619 518
9 617 558
36 604 516
62 631 510
18 614 552
84 693 595
41 601 572
54 600 527
12 690 526
80 651 581
60 633 555
87 602 537
19 634 539
23 648 589
80 647 578
23 640 535
50 678 565
0 642 532
96 659 593
30 631 592
1 613 500
29 689 570
68 628 566
82 659 585
34 650 650
56 656 664
27 687 665
61 663 677
33 619 672
54 611 648
8 695 631
67 668 602
83 615 669
15 606 676
41 665 669
33 643 668
24 674 611
14 649 613
87 611 605
83 601 699
53 609 672
18 681 680
89 667 680
66 677 654
17 651 656
60 695 634
15 616 660
70 690 612
57 641 600
46 655 649
11 677 647
21 608 626
68 608 642
84 653 626
99 635 663
38 622 613
65 660 600
54 616 613
7 643 673
73 642 626
25 660 639
70 625 657
0 674 649
18 651 601
49 616 650
53 624 630
6 602 643
73 681 657
51 660 663
10 661 657
6 619 618
9 617 658
36 604 616
62 631 610
18 614 652
84 693 695
41 601 672
54 600 627
12 690 626
80 651 681
60 633 655
87 602 637
19 634 639
23 648 689
80 647 678
23 640 635
50 678 665
0 642 632
96 659 693
30 631 692
1 613 600
29 689 670
68 628 666
82 659 685
34 650 750
56 656 764
27 687 765
61 663 777
33 619 772
54 611 748
8 695 731
67 668 702
83 615 769
15 606 776
41 665 769
33 643 768
24 674 711
14 649 713
87 611 705
83 601 799
53 609 772
18 681 780
89 667 780
66 677 754
17 651 756
60 695 734
15 616 760
70 690 712
57 641 700
46 655 749
11 677 747
21 608 726
68 608 742
84 653 726
99 635 763
38 622 713
65 660 700
54 616 713
7 643 773
73 642 726
25 660 739
70 625 757
0 674 749
18 651 701
49 616 750
53 624 730
6 602 743
73 681 757
51 660 763
10 661 757
6 619 718
9 617 758
36 604 716
62 631 710
18 614 752
84 693 795
41 601 772
54 600 727
12 690 726
80 651 781
60 633 755
87 602 737
19 634 739
23 648 789
80 647 778
23 640 735
50 678 765
0 642 732
96 659 793
30 631 792
1 613 700
29 689 770
68 628 766
82 659 785
34 650 850
56 656 864
27 687 865
61 663 877
33 619 872
54 611 848
8 695 831
67 668 802
83 615 869
15 606 876
41 665 869
33 643 868
24 674 811
14 649 813
87 611 805
83 601 899
53 609 872
18 681 880
89 667 880
66 677 854
17 651 856
60 695 834
15 616 860
70 690 812
57 641 800
46 655 849
11 677 847
21 608 826
68 608 842
84 653 826
99 635 863
38 622 813
65 660 800
54 616 813
7 643 873
73 642 826
25 660 839
70 625 857
0 674 849
18 651 801
49 616 850
53 624 830
6 602 843
73 681 857
51 660 863
10 661 857
6 619 818
9 617 858
36 604 816
62 631 810
18 614 852
84 693 895
41 601 872
54 600 827
12 690 826
80 651 881
60 633 855
87 602 837
19 634 839
23 648 889
80 647 878
23 640 835
50 678 865
0 642 832
96 659 893
30 631 892
1 613 800
29 689 870
68 628 866
82 659 885
34 650 950
56 656 964
27 687 965
61 663 977
33 619 972
54 611 948
8 695 931
67 668 902
83 615 969
15 606 976
41 665 969
33 643 968
24 674 911
14 649 913
87 611 905
83 601 999
53 609 972
18 681 980
89 667 980
66 677 954
17 651 956
60 695 934
15 616 960
70 690 912
57 641 900
46 655 949
11 677 947
21 608 926
68 608 942
84 653 926
99 635 963
38 622 913
65 660 900
54 616 913
7 643 973
73 642 926
25 660 939
70 625 957
0 674 949
18 651 901
49 616 950
53 624 930
6 602 943
73 681 957
51 660 963
10 661 957
6 619 918
9 617 958
36 604 916
62 631 910
18 614 952
84 693 995
41 601 972
54 600 927
12 690 926
80 651 981
60 633 955
87 602 937
19 634 939
23 648 989
80 647 978
23 640 935
50 678 965
0 642 932
96 659 993
30 631 992
1 613 900
29 689 970
68 628 966
82 659 985
34 750 50
56 756 64
27 787 65
61 763 77
33 719 72
54 711 48
8 795 31
67 768 2
83 715 69
15 706 76
41 765 69
33 743 68
24 774 11
14 749 13
87 711 5
83 701 99
53 709 72
18 781 80
89 767 80
66 777 54
17 751 56
60 795 34
15 716 60
70 790 12
57 741 0
46 755 49
11 777 47
21 708 26
68 708 42
84 753 26
99 735 63
38 722 13
65 760 0
54 716 13
7 743 73
73 742 26
25 760 39
70 725 57
0 774 49
18 751 1
49 716 50
53 724 30
6 702 43
73 781 57
51 760 63
10 761 57
6 719 18
9 717 58
36 704 16
62 731 10
18 714 52
84 793 95
41 701 72
54 700 27
12 790 26
80 751 81
60 733 55
87 702 37
19 734 39
23 748 89
80 747 78
23 740 35
50 778 65
0 742 32
96 759 93
30 731 92
1 713 0
29 789 70
68 728 66
82 759 85
34 750 150
56 756 164
27 787 165
61 763 177
33 719 172
54 711 148
8 795 131
67 768 102
83 715 169
15 706 176
41 765 169
33 743 168
24 774 111
14 749 113
87 711 105
83 701 199
53 709 172
18 781 180
89 767 180
66 777 154
17 751 156
60 795 134
15 716 160
70 790 112
57 741 100
46 755 149
11 777 147
21 708 126
68 708 142
84 753 126
99 735 163
38 722 113
65 760 100
54 716 113
7 743 173
73 742 126
25 760 139
70 725 157
0 774 149
18 751 101
49 716 150
53 724 130
6 702 143
73 781 157
51 760 163
10 761 157
6 719 118
9 717 158
36 704 116
62 731 110
18 714 152
84 793 195
41 701 172
54 700 127
12 790 126
80 751 181
60 733 155
87 702 137
19 734 139
23 748 189
80 747 178
23 740 135
50 778 165
0 742 132
96 759 193
30 731 192
1 713 100
29 789 170
68 728 166
82 759 185
34 750 250
56 756 264
27 787 265
61 763 277
33 719 272
54 711 248
8 795 231
67 768 202
83 715 269
15 706 276
41 765 269
33 743 268
24 774 211
14 749 213
87 711 205
83 701 299
53 709 272
18 781 280
89 767 280
66 777 254
17 751 256
60 795 234
15 716 260
70 790 212
57 741 200
46 755 249
11 777 247
21 708 226
68 708 242
84 753 226
99 735 263
38 722 213
65 760 200
54 716 213
7 743 273
73 742 226
25 760 239
70 725 257
0 774 249
18 751 201
49 716 250
53 724 230
6 702 243
73 781 257
51 760 263
10 761 257
6 719 218
9 717 258
36 704 216
62 731 210
18 714 252
84 793 295
41 701 272
54 700 227
12 790 226
80 751 281
60 733 255
87 702 237
19 734 239
23 748 289
80 747 278
23 740 235
50 778 265
0 742 232
96 759 293
30 731 292
1 713 200
29 789 270
68 728 266
82 759 285
34 750 350
56 756 364
27 787 365
61 763 377
33 719 372
54 711 348
8 795 331
67 768 302
83 715 369
15 706 376
41 765 369
33 743 368
24 774 311
14 749 313
87 711 305
83 701 399
53 709 372
18 781 380
89 767 380
66 777 354
17 751 356
60 795 334
15 716 360
70 790 312
57 741 300
46 755 349
11 777 347
21 708 326
68 708 342
84 753 326
99 735 363
38 722 313
65 760 300
54 716 313
7 743 373
73 742 326
25 760 339
70 725 357
0 774 349
18 751 301
49 716 350
53 724 330
6 702 343
73 781 357
51 760 363
10 761 357
6 719 318
9 717 358
36 704 316
62 731 310
18 714 352
84 793 395
41 701 372
54 700 327
12 790 326
80 751 381
60 733 355
87 702 337
19 734 339
23 748 389
80 747 378
23 740 335
50 778 365
0 742 332
96 759 393
30 731 392
1 713 300
29 789 370
68 728 366
82 759 385
34 750 450
56 756 464
27 787 465
61 763 477
33 719 472
54 711 448
8 795 431
67 768 402
83 715 469
15 706 476
41 765 469
33 743 468
24 774 411
14 749 413
87 711 405
83 701 499
53 709 472
18 781 480
89 767 480
66 777 454
17 751 456
60 795 434
15 716 460
70 790 412
57 741 400
46 755 449
11 777 447
21 708 426
68 708 442
84 753 426
99 735 463
38 722 413
65 760 400
54 716 413
7 743 473
73 742 426
25 760 439
70 725 457
0 774 449
18 751 401
49 716 450
53 724 430
6 702 443
73 781 457
51 760 463
10 761 457
6 719 418
9 717 458
36 704 416
62 731 410
18 714 452
84 793 495
41 701 472
54 700 427
12 790 426
80 751 481
60 733 455
87 702 437
19 734 439
23 748 489
80 747 478
23 740 435
50 778 465
0 742 432
96 759 493
30 731 492
1 713 400
29 789 470
68 728 466
82 759 485
34 750 550
56 756 564
27 787 565
61 763 577
33 719 572
54 711 548
8 795 531
67 768 502
83 715 569
15 706 576
41 765 569
33 743 568
24 774 511
14 749 513
87 711 505
83 701 599
53 709 572
18 781 580
89 767 580
66 777 554
17 751 556
60 795 534
15 716 560
70 790 512
57 741 500
46 755 549
11 777 547
21 708 526
68 708 542
84 753 526
99 735 563
38 722 513
65 760 500
54 716 513
7 743 573
73 742 526
25 760 539
70 725 557
0 774 549
18 751 501
49 716 550
53 724 530
6 702 543
73 781 557
51 760 563
10 761 557
6 719 518
9 717 558
36 704 516
62 731 510
18 714 552
84 793 595
41 701 572
54 700 527
12 790 526
80 751 581
60 733 555
87 702 537
19 734 539
23 748 589
80 747 578
23 740 535
50 778 565
0 742 532
96 759 593
30 731 592
1 713 500
29 789 570
68 728 566
82 759 585
34 750 650
56 756 664
27 787 665
61 763 677
33 719 672
54 711 648
8 795 631
67 768 602
83 715 669
15 706 676
41 765 669
33 743 668
24 774 611
14 749 613
87 711 605
83 701 699
53 709 672
18 781 680
89 767 680
66 777 654
17 751 656
60 795 634
15 716 660
70 790 612
57 741 600
46 755 649
11 777 647
21 708 626
68 708 642
84 753 626
99 735 663
38 722 613
65 760 600
54 716 613
7 743 673
73 742 626
25 760 639
70 725 657
0 774 649
18 751 601
49 716 650
53 724 630
6 702 643
73 781 657
51 760 663
10 761 657
6 719 618
9 717 658
36 704 616
62 731 610
18 714 652
84 793 695
41 701 672
54 700 627
12 790 626
80 751 681
60 733 655
87 702 637
19 734 639
23 748 689
80 747 678
23 740 635
50 778 665
0 742 632
96 759 693
30 731 692
1 713 600
29 789 670
68 728 666
82 759 685
34 750 750
56 756 764
27 787 765
61 763 777
33 719 772
54 711 748
8 795 731
67 768 702
83 715 769
15 706 776
41 765 769
33 743 768
24 774 711
14 749 713
87 711 705
83 701 799
53 709 772
18 781 780
89 767 780
66 777 754
17 751 756
60 795 734
15 716 760
70 790 712
57 741 700
46 755 749
11 777 747
21 708 726
68 708 742
84 753 726
99 735 763
38 722 713
65 760 700
54 716 713
7 743 773
73 742 726
25 760 739
70 725 757
0 774 749
18 751 701
49 716 750
53 724 730
6 702 743
73 781 757
51 760 763
10 761 757
6 719 718
9 717 758
36 704 716
62 731 710
18 714 752
84 793 795
41 701 772
54 700 727
12 790 726
80 751 781
60 733 755
87 702 737
19 734 739
23 748 789
80 747 778
23 740 735
50 778 765
0 742 732
96 759 793
30 731 792
1 713 700
29 789 770
68 728 766
82 759 785
34 750 850
56 756 864
27 787 865
61 763 877
33 719 872
54 711 848
8 795 831
67 768 802
83 715 869
15 706 876
41 765 869
33 743 868
24 774 811
14 749 813
87 711 805
83 701 899
53 709 872
18 781 880
89 767 880
66 777 854
17 751 856
60 795 834
15 716 860
70 790 812
57 741 800
46 755 849
11 777 847
21 708 826
68 708 842
84 753 826
99 735 863
38 722 813
65 760 800
54 716 813
7 743 873
73 742 826
25 760 839
70 725 857
0 774 849
18 751 801
49 716 850
53 724 830
6 702 843
73 781 857
51 760 863
10 761 857
6 719 818
9 717 858
36 704 816
62 731 810
18 714 852
84 793 895
41 701 872
54 700 827
12 790 826
80 751 881
60 733 855
87 702 837
19 734 839
23 748 889
80 747 878
23 740 835
50 778 865
0 742 832
96 759 893
30 731 892
1 713 800
29 789 870
68 728 866
82 759 885
34 750 950
56 756 964
27 787 965
61 763 977
33 719 972
54 711 948
8 795 931
67 768 902
83 715 969
15 706 976
41 765 969
33 743 968
24 774 911
14 749 913
87 711 905
83 701 999
53 709 972
18 781 980
89 767 980
66 777 954
17 751 956
60 795 934
15 716 960
70 790 912
57 741 900
46 755 949
11 777 947
21 708 926
68 708 942
84 753 926
99 735 963
38 722 913
65 760 900
54 716 913
7 743 973
73 742 926
25 760 939
70 725 957
0 774 949
18 751 901
49 716 950
53 724 930
6 702 943
73 781 957
51 760 963
10 761 957
6 719 918
9 717 958
36 704 916
62 731 910
18 714 952
84 793 995
41 701 972
54 700 927
12 790 926
80 751 981
60 733 955
87 702 937
19 734 939
23 748 989
80 747 978
23 740 935
50 778 965
0 742 932
96 759 993
30 731 992
1 713 900
29 789 970
68 728 966
82 759 985
34 850 50
56 856 64
27 887 65
61 863 77
33 819 72
54 811 48
8 895 31
67 868 2
83 815 69
15 806 76
41 865 69
33 843 68
24 874 11
14 849 13
87 811 5
83 801 99
53 809 72
18 881 80
89 867 80
66 877 54
17 851 56
60 895 34
15 816 60
70 890 12
57 841 0
46 855 49
11 877 47
21 808 26
68 808 42
84 853 26
99 835 63
38 822 13
65 860 0
54 816 13
7 843 73
73 842 26
25 860 39
70 825 57
0 874 49
18 851 1
49 816 50
53 824 30
6 802 43
73 881 57
51 860 63
10 861 57
6 819 18
9 817 58
36 804 16
62 831 10
18 814 52
84 893 95
41 801 72
54 800 27
12 890 26
80 851 81
60 833 55
87 802 37
19 834 39
23 848 89
80 847 78
23 840 35
50 878 65
0 842 32
96 859 93
30 831 92
1 813 0
29 889 70
68 828 66
82 859 85
34 850 150
56 856 164
27 887 165
61 863 177
33 819 172
54 811 148
8 895 131
67 868 102
83 815 169
15 806 176
41 865 169
33 843 168
24 874 111
14 849 113
87 811 105
83 801 199
53 809 172
18 881 180
89 867 180
66 877 154
17 851 156
60 895 134
15 816 160
70 890 112
57 841 100
46 855 149
11 877 147
21 808 126
68 808 142
84 853 126
99 835 163
38 822 113
65 860 100
54 816 113
7 843 173
73 842 126
25 860 139
70 825 157
0 874 149
18 851 101
49 816 150
53 824 130
6 802 143
73 881 157
51 860 163
10 861 157
6 819 118
9 817 158
36 804 116
62 831 110
18 814 152
84 893 195
41 801 172
54 800 127
12 890 126
80 851 181
60 833 155
87 802 137
19 834 139
23 848 189
80 847 178
23 840 135
50 878 165
0 842 132
96 859 193
30 831 192
1 813 100
29 889 170
68 828 166
82 859 185
34 850 250
56 856 264
27 887 265
61 863 277
33 819 272
54 811 248
8 895 231
67 868 202
83 815 269
15 806 276
41 865 269
33 843 268
24 874 211
14 849 213
87 811 205
83 801 299
53 809 272
18 881 280
89 867 280
66 877 254
17 851 256
60 895 234
15 816 260
70 890 212
57 841 200
46 855 249
11 877 247
21 808 226
68 808 242
84 853 226
99 835 263
38 822 213
65 860 200
54 816 213
7 843 273
73 842 226
25 860 239
70 825 257
0 874 249
18 851 201
49 816 250
53 824 230
6 802 243
73 881 257
51 860 263
10 861 257
6 819 218
9 817 258
36 804 216
62 831 210
18 814 252
84 893 295
41 801 272
54 800 227
12 890 226
80 851 281
60 833 255
87 802 237
19 834 239
23 848 289
80 847 278
23 840 235
50 878 265
0 842 232
96 859 293
30 831 292
1 813 200
29 889 270
68 828 266
82 859 285
34 850 350
56 856 364
27 887 365
61 863 377
33 819 372
54 811 348
8 895 331
67 868 302
83 815 369
15 806 376
41 865 369
33 843 368
24 874 311
14 849 313
87 811 305
83 801 399
53 809 372
18 881 380
89 867 380
66 877 354
17 851 356
60 895 334
15 816 360
70 890 312
57 841 300
46 855 349
11 877 347
21 808 326
68 808 342
84 853 326
99 835 363
38 822 313
65 860 300
54 816 313
7 843 373
73 842 326
25 860 339
70 825 357
0 874 349
18 851 301
49 816 350
53 824 330
6 802 343
73 881 357
51 860 363
10 861 357
6 819 318
9 817 358
36 804 316
62 831 310
18 814 352
84 893 395
41 801 372
54 800 327
12 890 326
80 851 381
60 833 355
87 802 337
19 834 339
23 848 389
80 847 378
23 840 335
50 878 365
0 842 332
96 859 393
30 831 392
1 813 300
29 889 370
68 828 366
82 859 385
34 850 450
56 856 464
27 887 465
61 863 477
33 819 472
54 811 448
8 895 431
67 868 402
83 815 469
15 806 476
41 865 469
33 843 468
24 874 411
14 849 413
87 811 405
83 801 499
53 809 472
18 881 480
89 867 480
66 877 454
17 851 456
60 895 434
15 816 460
70 890 412
57 841 400
46 855 449
11 877 447
21 808 426
68 808 442
84 853 426
99 835 463
38 822 413
65 860 400
54 816 413
7 843 473
73 842 426
25 860 439
70 825 457
0 874 449
18 851 401
49 816 450
53 824 430
6 802 443
73 881 457
51 860 463
10 861 457
6 819 418
9 817 458
36 804 416
62 831 410
18 814 452
84 893 495
41 801 472
54 800 427
12 890 426
80 851 481
60 833 455
87 802 437
19 834 439
23 848 489
80 847 478
23 840 435
50 878 465
0 842 432
96 859 493
30 831 492
1 813 400
29 889 470
68 828 466
82 859 485
34 850 550
56 856 564
27 887 565
61 863 577
33 819 572
54 811 548
8 895 531
67 868 502
83 815 569
15 806 576
41 865 569
33 843 568
24 874 511
14 849 513
87 811 505
83 801 599
53 809 572
18 881 580
89 867 580
66 877 554
17 851 556
60 895 534
15 816 560
70 890 512
57 841 500
46 855 549
11 877 547
21 808 526
68 808 542
84 853 526
99 835 563
38 822 513
65 860 500
54 816 513
7 843 573
73 842 526
25 860 539
70 825 557
0 874 549
18 851 501
49 816 550
53 824 530
6 802 543
73 881 557
51 860 563
10 861 557
6 819 518
9 817 558
36 804 516
62 831 510
18 814 552
84 893 595
41 801 572
54 800 527
12 890 526
80 851 581
60 833 555
87 802 537
19 834 539
23 848 589
80 847 578
23 840 535
50 878 565
0 842 532
96 859 593
30 831 592
1 813 500
29 889 570
68 828 566
82 859 585
34 850 650
56 856 664
27 887 665
61 863 677
33 819 672
54 811 648
8 895 631
67 868 602
83 815 669
15 806 676
41 865 669
33 843 668
24 874 611
14 849 613
87 811 605
83 801 699
53 809 672
18 881 680
89 867 680
66 877 654
17 851 656
60 895 634
15 816 660
70 890 612
57 841 600
46 855 649
11 877 647
21 808 626
68 808 642
84 853 626
99 835 663
38 822 613
65 860 600
54 816 613
7 843 673
73 842 626
25 860 639
70 825 657
0 874 649
18 851 601
49 816 650
53 824 630
6 802 643
73 881 657
51 860 663
10 861 657
6 819 618
9 817 658
36 804 616
62 831 610
18 814 652
84 893 695
41 801 672
54 800 627
12 890 626
80 851 681
60 833 655
87 802 637
19 834 639
23 848 689
80 847 678
23 840 635
50 878 665
0 842 632
96 859 693
30 831 692
1 813 600
29 889 670
68 828 666
82 859 685
34 850 750
56 856 764
27 887 765
61 863 777
33 819 772
54 811 748
8 895 731
67 868 702
83 815 769
15 806 776
41 865 769
33 843 768
24 874 711
14 849 713
87 811 705
83 801 799
53 809 772
18 881 780
89 867 780
66 877 754
17 851 756
60 895 734
15 816 760
70 890 712
57 841 700
46 855 749
11 877 747
21 808 726
68 808 742
84 853 726
99 835 763
38 822 713
65 860 700
54 816 713
7 843 773
73 842 726
25 860 739
70 825 757
0 874 749
18 851 701
49 816 750
53 824 730
6 802 743
73 881 757
51 860 763
10 861 757
6 819 718
9 817 758
36 804 716
62 831 710
18 814 752
84 893 795
41 801 772
54 800 727
12 890 726
80 851 781
60 833 755
87 802 737
19 834 739
23 848 789
80 847 778
23 840 735
50 878 765
0 842 732
96 859 793
30 831 792
1 813 700
29 889 770
68 828 766
82 859 785
34 850 850
56 856 864
27 887 865
61 863 877
33 819 872
54 811 848
8 895 831
67 868 802
83 815 869
15 806 876
41 865 869
33 843 868
24 874 811
14 849 813
87 811 805
83 801 899
53 809 872
18 881 880
89 867 880
66 877 854
17 851 856
60 895 834
15 816 860
70 890 812
57 841 800
46 855 849
11 877 847
21 808 826
68 808 842
84 853 826
99 835 863
38 822 813
65 860 800
54 816 813
7 843 873
73 842 826
25 860 839
70 825 857
0 874 849
18 851 801
49 816 850
53 824 830
6 802 843
73 881 857
51 860 863
10 861 857
6 819 818
9 817 858
36 804 816
62 831 810
18 814 852
84 893 895
41 801 872
54 800 827
12 890 826
80 851 881
60 833 855
87 802 837
19 834 839
23 848 889
80 847 878
23 840 835
50 878 865
0 842 832
96 859 893
30 831 892
1 813 800
29 889 870
68 828 866
82 859 885
34 850 950
56 856 964
27 887 965
61 863 977
33 819 972
54 811 948
8 895 931
67 868 902
83 815 969
15 806 976
41 865 969
33 843 968
24 874 911
14 849 913
87 811 905
83 801 999
53 809 972
18 881 980
89 867 980
66 877 954
17 851 956
60 895 934
15 816 960
70 890 912
57 841 900
46 855 949
11 877 947
21 808 926
68 808 942
84 853 926
99 835 963
38 822 913
65 860 900
54 816 913
7 843 973
73 842 926
25 860 939
70 825 957
0 874 949
18 851 901
49 816 950
53 824 930
6 802 943
73 881 957
51 860 963
10 861 957
6 819 918
9 817 958
36 804 916
62 831 910
18 814 952
84 893 995
41 801 972
54 800 927
12 890 926
80 851 981
60 833 955
87 802 937
19 834 939
23 848 989
80 847 978
23 840 935
50 878 965
0 842 932
96 859 993
30 831 992
1 813 900
29 889 970
68 828 966
82 859 985
34 950 50
56 956 64
27 987 65
61 963 77
33 919 72
54 911 48
8 995 31
67 968 2
83 915 69
15 906 76
41 965 69
33 943 68
24 974 11
14 949 13
87 911 5
83 901 99
53 909 72
18 981 80
89 967 80
66 977 54
17 951 56
60 995 34
15 916 60
70 990 12
57 941 0
46 955 49
11 977 47
21 908 26
68 908 42
84 953 26
99 935 63
38 922 13
65 960 0
54 916 13
7 943 73
73 942 26
25 960 39
70 925 57
0 974 49
18 951 1
49 916 50
53 924 30
6 902 43
73 981 57
51 960 63
10 961 57
6 919 18
9 917 58
36 904 16
62 931 10
18 914 52
84 993 95
41 901 72
54 900 27
12 990 26
80 951 81
60 933 55
87 902 37
19 934 39
23 948 89
80 947 78
23 940 35
50 978 65
0 942 32
96 959 93
30 931 92
1 913 0
29 989 70
68 928 66
82 959 85
34 950 150
56 956 164
27 987 165
61 963 177
33 919 172
54 911 148
8 995 131
67 968 102
83 915 169
15 906 176
41 965 169
33 943 168
24 974 111
14 949 113
87 911 105
83 901 199
53 909 172
18 981 180
89 967 180
66 977 154
17 951 156
60 995 134
15 916 160
70 990 112
57 941 100
46 955 149
11 977 147
21 908 126
68 908 142
84 953 126
99 935 163
38 922 113
65 960 100
54 916 113
7 943 173
73 942 126
25 960 139
70 925 157
0 974 149
18 951 101
49 916 150
53 924 130
6 902 143
73 981 157
51 960 163
10 961 157
6 919 118
9 917 158
36 904 116
62 931 110
18 914 152
84 993 195
41 901 172
54 900 127
12 990 126
80 951 181
60 933 155
87 902 137
19 934 139
23 948 189
80 947 178
23 940 135
50 978 165
0 942 132
96 959 193
30 931 192
1 913 100
29 989 170
68 928 166
82 959 185
34 950 250
56 956 264
27 987 265
61 963 277
33 919 272
54 911 248
8 995 231
67 968 202
83 915 269
15 906 276
41 965 269
33 943 268
24 974 211
14 949 213
87 911 205
83 901 299
53 909 272
18 981 280
89 967 280
66 977 254
17 951 256
60 995 234
15 916 260
70 990 212
57 941 200
46 955 249
11 977 247
21 908 226
68 908 242
84 953 226
99 935 263
38 922 213
65 960 200
54 916 213
7 943 273
73 942 226
25 960 239
70 925 257
0 974 249
18 951 201
49 916 250
53 924 230
6 902 243
73 981 257
51 960 263
10 961 257
6 919 218
9 917 258
36 904 216
62 931 210
18 914 252
84 993 295
41 901 272
54 900 227
12 990 226
80 951 281
60 933 255
87 902 237
19 934 239
23 948 289
80 947 278
23 940 235
50 978 265
0 942 232
96 959 293
30 931 292
1 913 200
29 989 270
68 928 266
82 959 285
34 950 350
56 956 364
27 987 365
61 963 377
33 919 372
54 911 348
8 995 331
67 968 302
83 915 369
15 906 376
41 965 369
33 943 368
24 974 311
14 949 313
87 911 305
83 901 399
53 909 372
18 981 380
89 967 380
66 977 354
17 951 356
60 995 334
15 916 360
70 990 312
57 941 300
46 955 349
11 977 347
21 908 326
68 908 342
84 953 326
99 935 363
38 922 313
65 960 300
54 916 313
7 943 373
73 942 326
25 960 339
70 925 357
0 974 349
18 951 301
49 916 350
53 924 330
6 902 343
73 981 357
51 960 363
10 961 357
6 919 318
9 917 358
36 904 316
62 931 310
18 914 352
84 993 395
41 901 372
54 900 327
12 990 326
80 951 381
60 933 355
87 902 337
19 934 339
23 948 389
80 947 378
23 940 335
50 978 365
0 942 332
96 959 393
30 931 392
1 913 300
29 989 370
68 928 366
82 959 385
34 950 450
56 956 464
27 987 465
61 963 477
33 919 472
54 911 448
8 995 431
67 968 402
83 915 469
15 906 476
41 965 469
33 943 468
24 974 411
14 949 413
87 911 405
83 901 499
53 909 472
18 981 480
89 967 480
66 977 454
17 951 456
60 995 434
15 916 460
70 990 412
57 941 400
46 955 449
11 977 447
21 908 426
68 908 442
84 953 426
99 935 463
38 922 413
65 960 400
54 916 413
7 943 473
73 942 426
25 960 439
70 925 457
0 974 449
18 951 401
49 916 450
53 924 430
6 902 443
73 981 457
51 960 463
10 961 457
6 919 418
9 917 458
36 904 416
62 931 410
18 914 452
84 993 495
41 901 472
54 900 427
12 990 426
80 951 481
60 933 455
87 902 437
19 934 439
23 948 489
80 947 478
23 940 435
50 978 465
0 942 432
96 959 493
30 931 492
1 913 400
29 989 470
68 928 466
82 959 485
34 950 550
56 956 564
27 987 565
61 963 577
33 919 572
54 911 548
8 995 531
67 968 502
83 915 569
15 906 576
41 965 569
33 943 568
24 974 511
14 949 513
87 911 505
83 901 599
53 909 572
18 981 580
89 967 580
66 977 554
17 951 556
60 995 534
15 916 560
70 990 512
57 941 500
46 955 549
11 977 547
21 908 526
68 908 542
84 953 526
99 935 563
38 922 513
65 960 500
54 916 513
7 943 573
73 942 526
25 960 539
70 925 557
0 974 549
18 951 501
49 916 550
53 924 530
6 902 543
73 981 557
51 960 563
10 961 557
6 919 518
9 917 558
36 904 516
62 931 510
18 914 552
84 993 595
41 901 572
54 900 527
12 990 526
80 951 581
60 933 555
87 902 537
19 934 539
23 948 589
80 947 578
23 940 535
50 978 565
0 942 532
96 959 593
30 931 592
1 913 500
29 989 570
68 928 566
82 959 585
34 950 650
56 956 664
27 987 665
61 963 677
33 919 672
54 911 648
8 995 631
67 968 602
83 915 669
15 906 676
41 965 669
33 943 668
24 974 611
14 949 613
87 911 605
83 901 699
53 909 672
18 981 680
89 967 680
66 977 654
17 951 656
60 995 634
15 916 660
70 990 612
57 941 600
46 955 649
11 977 647
21 908 626
68 908 642
84 953 626
99 935 663
38 922 613
65 960 600
54 916 613
7 943 673
73 942 626
25 960 639
70 925 657
0 974 649
18 951 601
49 916 650
53 924 630
6 902 643
73 981 657
51 960 663
10 961 657
6 919 618
9 917 658
36 904 616
62 931 610
18 914 652
84 993 695
41 901 672
54 900 627
12 990 626
80 951 681
60 933 655
87 902 637
19 934 639
23 948 689
80 947 678
23 940 635
50 978 665
0 942 632
96 959 693
30 931 692
1 913 600
29 989 670
68 928 666
82 959 685
34 950 750
56 956 764
27 987 765
61 963 777
33 919 772
54 911 748
8 995 731
67 968 702
83 915 769
15 906 776
41 965 769
33 943 768
24 974 711
14 949 713
87 911 705
83 901 799
53 909 772
18 981 780
89 967 780
66 977 754
17 951 756
60 995 734
15 916 760
70 990 712
57 941 700
46 955 749
11 977 747
21 908 726
68 908 742
84 953 726
99 935 763
38 922 713
65 960 700
54 916 713
7 943 773
73 942 726
25 960 739
70 925 757
0 974 749
18 951 701
49 916 750
53 924 730
6 902 743
73 981 757
51 960 763
10 961 757
6 919 718
9 917 758
36 904 716
62 931 710
18 914 752
84 993 795
41 901 772
54 900 727
12 990 726
80 951 781
60 933 755
87 902 737
19 934 739
23 948 789
80 947 778
23 940 735
50 978 765
0 942 732
96 959 793
30 931 792
1 913 700
29 989 770
68 928 766
82 959 785
34 950 850
56 956 864
27 987 865
61 963 877
33 919 872
54 911 848
8 995 831
67 968 802
83 915 869
15 906 876
41 965 869
33 943 868
24 974 811
14 949 813
87 911 805
83 901 899
53 909 872
18 981 880
89 967 880
66 977 854
17 951 856
60 995 834
15 916 860
70 990 812
57 941 800
46 955 849
11 977 847
21 908 826
68 908 842
84 953 826
99 935 863
38 922 813
65 960 800
54 916 813
7 943 873
73 942 826
25 960 839
70 925 857
0 974 849
18 951 801
49 916 850
53 924 830
6 902 843
73 981 857
51 960 863
10 961 857
6 919 818
9 917 858
36 904 816
62 931 810
18 914 852
84 993 895
41 901 872
54 900 827
12 990 826
80 951 881
60 933 855
87 902 837
19 934 839
23 948 889
80 947 878
23 940 835
50 978 865
0 942 832
96 959 893
30 931 892
1 913 800
29 989 870
68 928 866
82 959 885
34 950 950
56 956 964
27 987 965
61 963 977
33 919 972
54 911 948
8 995 931
67 968 902
83 915 969
15 906 976
41 965 969
33 943 968
24 974 911
14 949 913
87 911 905
83 901 999
53 909 972
18 981 980
89 967 980
66 977 954
17 951 956
60 995 934
15 916 960
70 990 912
57 941 900
46 955 949
11 977 947
21 908 926
68 908 942
84 953 926
99 935 963
38 922 913
65 960 900
54 916 913
7 943 973
73 942 926
25 960 939
70 925 957
0 974 949
18 951 901
49 916 950
53 924 930
6 902 943
73 981 957
51 960 963
10 961 957
6 919 918
9 917 958
36 904 916
62 931 910
18 914 952
84 993 995
41 901 972
54 900 927
12 990 926
80 951 981
60 933 955
87 902 937
19 934 939
23 948 989
80 947 978
23 940 935
50 978 965
0 942 932
96 959 993
30 931 992
1 913 900
29 989 970
68 928 966
82 959 985
136 49 47
123 56 17
187 24 36
119 44 68
136 45 91
136 49 147
123 56 117
187 24 136
119 44 168
136 45 191
136 49 247
123 56 217
187 24 236
119 44 268
136 45 291
136 49 347
123 56 317
187 24 336
119 44 368
136 45 391
136 49 447
123 56 417
187 24 436
119 44 468
136 45 491
136 49 547
123 56 517
187 24 536
119 44 568
136 45 591
136 49 647
123 56 617
187 24 636
119 44 668
136 45 691
136 49 747
123 56 717
187 24 736
119 44 768
136 45 791
136 49 847
123 56 817
187 24 836
119 44 868
136 45 891
136 49 947
123 56 917
187 24 936
119 44 968
136 45 991
136 149 47
123 156 17
187 124 36
119 144 68
136 145 91
136 149 147
123 156 117
187 124 136
119 144 168
136 145 191
136 149 247
123 156 217
187 124 236
119 144 268
136 145 291
136 149 347
123 156 317
187 124 336
119 144 368
136 145 391
136 149 447
123 156 417
187 124 436
119 144 468
136 145 491
136 149 547
123 156 517
187 124 536
119 144 568
136 145 591
136 149 647
123 156 617
187 124 636
119 144 668
136 145 691
136 149 747
123 156 717
187 124 736
119 144 768
136 145 791
136 149 847
123 156 817
187 124 836
119 144 868
136 145 891
136 149 947
123 156 917
187 124 936
119 144 968
136 145 991
136 249 47
123 256 17
187 224 36
119 244 68
136 245 91
136 249 147
123 256 117
187 224 136
119 244 168
136 245 191
136 249 247
123 256 217
187 224 236
119 244 268
136 245 291
136 249 347
123 256 317
187 224 336
119 244 368
136 245 391
136 249 447
123 256 417
187 224 436
119 244 468
136 245 491
136 249 547
123 256 517
187 224 536
119 244 568
136 245 591
136 249 647
123 256 617
187 224 636
119 244 668
136 245 691
136 249 747
123 256 717
187 224 736
119 244 768
136 245 791
136 249 847
123 256 817
187 224 836
119 244 868
136 245 891
136 249 947
123 256 917
187 224 936
119 244 968
136 245 991
136 349 47
123 356 17
187 324 36
119 344 68
136 345 91
136 349 147
123 356 117
187 324 136
119 344 168
136 345 191
136 349 247
123 356 217
187 324 236
119 344 268
136 345 291
136 349 347
123 356 317
187 324 336
119 344 368
136 345 391
136 349 447
123 356 417
187 324 436
119 344 468
136 345 491
136 349 547
123 356 517
187 324 536
119 344 568
136 345 591
136 349 647
123 356 617
187 324 636
119 344 668
136 345 691
136 349 747
123 356 717
187 324 736
119 344 768
136 345 791
136 349 847
123 356 817
187 324 836
119 344 868
136 345 891
136 349 947
123 356 917
187 324 936
119 344 968
136 345 991
136 449 47
123 456 17
187 424 36
119 444 68
136 445 91
136 449 147
123 456 117
187 424 136
119 444 168
136 445 191
136 449 247
123 456 217
187 424 236
119 444 268
136 445 291
136 449 347
123 456 317
187 424 336
119 444 368
136 445 391
136 449 447
123 456 417
187 424 436
119 444 468
136 445 491
136 449 547
123 456 517
187 424 536
119 444 568
136 445 591
136 449 647
123 456 617
187 424 636
119 444 668
136 445 691
136 449 747
123 456 717
187 424 736
119 444 768
136 445 791
136 449 847
123 456 817
187 424 836
119 444 868
136 445 891
136 449 947
123 456 917
187 424 936
119 444 968
136 445 991
136 549 47
123 556 17
187 524 36
119 544 68
136 545 91
136 549 147
123 556 117
187 524 136
119 544 168
136 545 191
136 549 247
123 556 217
187 524 236
119 544 268
136 545 291
136 549 347
123 556 317
187 524 336
119 544 368
136 545 391
136 549 447
123 556 417
187 524 436
119 544 468
136 545 491
136 549 547
123 556 517
187 524 536
119 544 568
136 545 591
136 549 647
123 556 617
187 524 636
119 544 668
136 545 691
136 549 747
123 556 717
187 524 736
119 544 768
136 545 791
136 549 847
123 556 817
187 524 836
119 544 868
136 545 891
136 549 947
123 556 917
187 524 936
119 544 968
136 545 991
136 649 47
123 656 17
187 624 36
119 644 68
136 645 91
136 649 147
123 656 117
187 624 136
119 644 168
136 645 191
136 649 247
123 656 217
187 624 236
119 644 268
136 645 291
136 649 347
123 656 317
187 624 336
119 644 368
136 645 391
136 649 447
123 656 417
187 624 436
119 644 468
136 645 491
136 649 547
123 656 517
187 624 536
119 644 568
136 645 591
136 649 647
123 656 617
187 624 636
119 644 668
136 645 691
136 649 747
123 656 717
187 624 736
119 644 768
136 645 791
136 649 847
123 656 817
187 624 836
119 644 868
136 645 891
136 649 947
123 656 917
187 624 936
119 644 968
136 645 991
136 749 47
123 756 17
187 724 36
119 744 68
136 745 91
136 749 147
123 756 117
187 724 136
119 744 168
136 745 191
136 749 247
123 756 217
187 724 236
119 744 268
136 745 291
136 749 347
123 756 317
187 724 336
119 744 368
136 745 391
136 749 447
123 756 417
187 724 436
119 744 468
136 745 491
136 749 547
123 756 517
187 724 536
119 744 568
136 745 591
136 749 647
123 756 617
187 724 636
119 744 668
136 745 691
136 749 747
123 756 717
187 724 736
119 744 768
136 745 791
136 749 847
123 756 817
187 724 836
119 744 868
136 745 891
136 749 947
123 756 917
187 724 936
119 744 968
136 745 991
136 849 47
123 856 17
187 824 36
119 844 68
136 845 91
136 849 147
123 856 117
187 824 136
119 844 168
136 845 191
136 849 247
123 856 217
187 824 236
119 844 268
136 845 291
136 849 347
123 856 317
187 824 336
119 844 368
136 845 391
136 849 447
123 856 417
187 824 436
119 844 468
136 845 491
136 849 547
123 856 517
187 824 536
119 844 568
136 845 591
136 849 647
123 856 617
187 824 636
119 844 668
136 845 691
136 849 747
123 856 717
187 824 736
119 844 768
136 845 791
136 849 847
123 856 817
187 824 836
119 844 868
136 845 891
136 849 947
123 856 917
187 824 936
119 844 968
136 845 991
136 949 47
123 956 17
187 924 36
119 944 68
136 945 91
136 949 147
123 956 117
187 924 136
119 944 168
136 945 191
136 949 247
123 956 217
187 924 236
119 944 268
136 945 291
136 949 347
123 956 317
187 924 336
119 944 368
136 945 391
136 949 447
123 956 417
187 924 436
119 944 468
136 945 491
136 949 547
123 956 517
187 924 536
119 944 568
136 945 591
136 949 647
123 956 617
187 924 636
119 944 668
136 945 691
136 949 747
123 956 717
187 924 736
119 944 768
136 945 791
136 949 847
123 956 817
187 924 836
119 944 868
136 945 891
136 949 947
123 956 917
187 924 936
119 944 968
136 945 991
