7500
20 83 24
77 39 72
30 18 23
80 19 77
45 42 51
74 26 11
42 97 49
43 75 5
23 76 46
15 4 81
4 63 1
41 3 53
26 57 89
73 81 39
12 47 9
60 59 54
32 22 55
6 33 21
3 92 72
75 21 38
12 39 20
77 11 6
37 65 8
17 10 37
44 43 18
23 78 66
68 40 3
66 28 5
37 48 39
75 91 89
3 61 83
58 58 87
24 48 81
78 38 80
74 78 59
33 62 28
11 83 34
23 56 55
35 79 81
10 34 12
78 52 62
1 37 8
48 66 36
49 24 64
40 24 13
55 20 65
48 61 23
13 7 49
65 33 56
61 47 92
21 7 3
24 89 81
6 50 10
6 4 14
59 90 27
1 18 72
41 53 36
67 51 55
16 78 63
64 17 28
57 8 21
41 10 62
23 79 4
39 87 78
42 65 28
23 14 10
26 42 9
52 53 50
34 77 79
20 83 124
77 39 172
30 18 123
80 19 177
45 42 151
74 26 111
42 97 149
43 75 105
23 76 146
15 4 181
4 63 101
41 3 153
26 57 189
73 81 139
12 47 109
60 59 154
32 22 155
6 33 121
3 92 172
75 21 138
12 39 120
77 11 106
37 65 108
17 10 137
44 43 118
23 78 166
68 40 103
66 28 105
37 48 139
75 91 189
3 61 183
58 58 187
24 48 181
78 38 180
74 78 159
33 62 128
11 83 134
23 56 155
35 79 181
10 34 112
78 52 162
1 37 108
48 66 136
49 24 164
40 24 113
55 20 165
48 61 123
13 7 149
65 33 156
61 47 192
21 7 103
24 89 181
6 50 110
6 4 114
59 90 127
1 18 172
41 53 136
67 51 155
16 78 163
64 17 128
57 8 121
41 10 162
23 79 104
39 87 178
42 65 128
23 14 110
26 42 109
52 53 150
34 77 179
20 83 224
77 39 272
30 18 223
80 19 277
45 42 251
74 26 211
42 97 249
43 75 205
23 76 246
15 4 281
4 63 201
41 3 253
26 57 289
73 81 239
12 47 209
60 59 254
32 22 255
6 33 221
3 92 272
75 21 238
12 39 220
77 11 206
37 65 208
17 10 237
44 43 218
23 78 266
68 40 203
66 28 205
37 48 239
75 91 289
3 61 283
58 58 287
24 48 281
78 38 280
74 78 259
33 62 228
11 83 234
23 56 255
35 79 281
10 34 212
78 52 262
1 37 208
48 66 236
49 24 264
40 24 213
55 20 265
48 61 223
13 7 249
65 33 256
61 47 292
21 7 203
24 89 281
6 50 210
6 4 214
59 90 227
1 18 272
41 53 236
67 51 255
16 78 263
64 17 228
57 8 221
41 10 262
23 79 204
39 87 278
42 65 228
23 14 210
26 42 209
52 53 250
34 77 279
20 83 324
77 39 372
30 18 323
80 19 377
45 42 351
74 26 311
42 97 349
43 75 305
23 76 346
15 4 381
4 63 301
41 3 353
26 57 389
73 81 339
12 47 309
60 59 354
32 22 355
6 33 321
3 92 372
75 21 338
12 39 320
77 11 306
37 65 308
17 10 337
44 43 318
23 78 366
68 40 303
66 28 305
37 48 339
75 91 389
3 61 383
58 58 387
24 48 381
78 38 380
74 78 359
33 62 328
11 83 334
23 56 355
35 79 381
10 34 312
78 52 362
1 37 308
48 66 336
49 24 364
40 24 313
55 20 365
48 61 323
13 7 349
65 33 356
61 47 392
21 7 303
24 89 381
6 50 310
6 4 314
59 90 327
1 18 372
41 53 336
67 51 355
16 78 363
64 17 328
57 8 321
41 10 362
23 79 304
39 87 378
42 65 328
23 14 310
26 42 309
52 53 350
34 77 379
20 83 424
77 39 472
30 18 423
80 19 477
45 42 451
74 26 411
42 97 449
43 75 405
23 76 446
15 4 481
4 63 401
41 3 453
26 57 489
73 81 439
12 47 409
60 59 454
32 22 455
6 33 421
3 92 472
75 21 438
12 39 420
77 11 406
37 65 408
17 10 437
44 43 418
23 78 466
68 40 403
66 28 405
37 48 439
75 91 489
3 61 483
58 58 487
24 48 481
78 38 480
74 78 459
33 62 428
11 83 434
23 56 455
35 79 481
10 34 412
78 52 462
1 37 408
48 66 436
49 24 464
40 24 413
55 20 465
48 61 423
13 7 449
65 33 456
61 47 492
21 7 403
24 89 481
6 50 410
6 4 414
59 90 427
1 18 472
41 53 436
67 51 455
16 78 463
64 17 428
57 8 421
41 10 462
23 79 404
39 87 478
42 65 428
23 14 410
26 42 409
52 53 450
34 77 479
20 83 524
77 39 572
30 18 523
80 19 577
45 42 551
74 26 511
42 97 549
43 75 505
23 76 546
15 4 581
4 63 501
41 3 553
26 57 589
73 81 539
12 47 509
60 59 554
32 22 555
6 33 521
3 92 572
75 21 538
12 39 520
77 11 506
37 65 508
17 10 537
44 43 518
23 78 566
68 40 503
66 28 505
37 48 539
75 91 589
3 61 583
58 58 587
24 48 581
78 38 580
74 78 559
33 62 528
11 83 534
23 56 555
35 79 581
10 34 512
78 52 562
1 37 508
48 66 536
49 24 564
40 24 513
55 20 565
48 61 523
13 7 549
65 33 556
61 47 592
21 7 503
24 89 581
6 50 510
6 4 514
59 90 527
1 18 572
41 53 536
67 51 555
16 78 563
64 17 528
57 8 521
41 10 562
23 79 504
39 87 578
42 65 528
23 14 510
26 42 509
52 53 550
34 77 579
20 83 624
77 39 672
30 18 623
80 19 677
45 42 651
74 26 611
42 97 649
43 75 605
23 76 646
15 4 681
4 63 601
41 3 653
26 57 689
73 81 639
12 47 609
60 59 654
32 22 655
6 33 621
3 92 672
75 21 638
12 39 620
77 11 606
37 65 608
17 10 637
44 43 618
23 78 666
68 40 603
66 28 605
37 48 639
75 91 689
3 61 683
58 58 687
24 48 681
78 38 680
74 78 659
33 62 628
11 83 634
23 56 655
35 79 681
10 34 612
78 52 662
1 37 608
48 66 636
49 24 664
40 24 613
55 20 665
48 61 623
13 7 649
65 33 656
61 47 692
21 7 603
24 89 681
6 50 610
6 4 614
59 90 627
1 18 672
41 53 636
67 51 655
16 78 663
64 17 628
57 8 621
41 10 662
23 79 604
39 87 678
42 65 628
23 14 610
26 42 609
52 53 650
34 77 679
20 83 724
77 39 772
30 18 723
80 19 777
45 42 751
74 26 711
42 97 749
43 75 705
23 76 746
15 4 781
4 63 701
41 3 753
26 57 789
73 81 739
12 47 709
60 59 754
32 22 755
6 33 721
3 92 772
75 21 738
12 39 720
77 11 706
37 65 708
17 10 737
44 43 718
23 78 766
68 40 703
66 28 705
37 48 739
75 91 789
3 61 783
58 58 787
24 48 781
78 38 780
74 78 759
33 62 728
11 83 734
23 56 755
35 79 781
10 34 712
78 52 762
1 37 708
48 66 736
49 24 764
40 24 713
55 20 765
48 61 723
13 7 749
65 33 756
61 47 792
21 7 703
24 89 781
6 50 710
6 4 714
59 90 727
1 18 772
41 53 736
67 51 755
16 78 763
64 17 728
57 8 721
41 10 762
23 79 704
39 87 778
42 65 728
23 14 710
26 42 709
52 53 750
34 77 779
20 83 824
77 39 872
30 18 823
80 19 877
45 42 851
74 26 811
42 97 849
43 75 805
23 76 846
15 4 881
4 63 801
41 3 853
26 57 889
73 81 839
12 47 809
60 59 854
32 22 855
6 33 821
3 92 872
75 21 838
12 39 820
77 11 806
37 65 808
17 10 837
44 43 818
23 78 866
68 40 803
66 28 805
37 48 839
75 91 889
3 61 883
58 58 887
24 48 881
78 38 880
74 78 859
33 62 828
11 83 834
23 56 855
35 79 881
10 34 812
78 52 862
1 37 808
48 66 836
49 24 864
40 24 813
55 20 865
48 61 823
13 7 849
65 33 856
61 47 892
21 7 803
24 89 881
6 50 810
6 4 814
59 90 827
1 18 872
41 53 836
67 51 855
16 78 863
64 17 828
57 8 821
41 10 862
23 79 804
39 87 878
42 65 828
23 14 810
26 42 809
52 53 850
34 77 879
20 83 924
77 39 972
30 18 923
80 19 977
45 42 951
74 26 911
42 97 949
43 75 905
23 76 946
15 4 981
4 63 901
41 3 953
26 57 989
73 81 939
12 47 909
60 59 954
32 22 955
6 33 921
3 92 972
75 21 938
12 39 920
77 11 906
37 65 908
17 10 937
44 43 918
23 78 966
68 40 903
66 28 905
37 48 939
75 91 989
3 61 983
58 58 987
24 48 981
78 38 980
74 78 959
33 62 928
11 83 934
23 56 955
35 79 981
10 34 912
78 52 962
1 37 908
48 66 936
49 24 964
40 24 913
55 20 965
48 61 923
13 7 949
65 33 956
61 47 992
21 7 903
24 89 981
6 50 910
6 4 914
59 90 927
1 18 972
41 53 936
67 51 955
16 78 963
64 17 928
57 8 921
41 10 962
23 79 904
39 87 978
42 65 928
23 14 910
26 42 909
52 53 950
34 77 979
20 183 24
77 139 72
30 118 23
80 119 77
45 142 51
74 126 11
42 197 49
43 175 5
23 176 46
15 104 81
4 163 1
41 103 53
26 157 89
73 181 39
12 147 9
60 159 54
32 122 55
6 133 21
3 192 72
75 121 38
12 139 20
77 111 6
37 165 8
17 110 37
44 143 18
23 178 66
68 140 3
66 128 5
37 148 39
75 191 89
3 161 83
58 158 87
24 148 81
78 138 80
74 178 59
33 162 28
11 183 34
23 156 55
35 179 81
10 134 12
78 152 62
1 137 8
48 166 36
49 124 64
40 124 13
55 120 65
48 161 23
13 107 49
65 133 56
61 147 92
21 107 3
24 189 81
6 150 10
6 104 14
59 190 27
1 118 72
41 153 36
67 151 55
16 178 63
64 117 28
57 108 21
41 110 62
23 179 4
39 187 78
42 165 28
23 114 10
26 142 9
52 153 50
34 177 79
20 183 124
77 139 172
30 118 123
80 119 177
45 142 151
74 126 111
42 197 149
43 175 105
23 176 146
15 104 181
4 163 101
41 103 153
26 157 189
73 181 139
12 147 109
60 159 154
32 122 155
6 133 121
3 192 172
75 121 138
12 139 120
77 111 106
37 165 108
17 110 137
44 143 118
23 178 166
68 140 103
66 128 105
37 148 139
75 191 189
3 161 183
58 158 187
24 148 181
78 138 180
74 178 159
33 162 128
11 183 134
23 156 155
35 179 181
10 134 112
78 152 162
1 137 108
48 166 136
49 124 164
40 124 113
55 120 165
48 161 123
13 107 149
65 133 156
61 147 192
21 107 103
24 189 181
6 150 110
6 104 114
59 190 127
1 118 172
41 153 136
67 151 155
16 178 163
64 117 128
57 108 121
41 110 162
23 179 104
39 187 178
42 165 128
23 114 110
26 142 109
52 153 150
34 177 179
20 183 224
77 139 272
30 118 223
80 119 277
45 142 251
74 126 211
42 197 249
43 175 205
23 176 246
15 104 281
4 163 201
41 103 253
26 157 289
73 181 239
12 147 209
60 159 254
32 122 255
6 133 221
3 192 272
75 121 238
12 139 220
77 111 206
37 165 208
17 110 237
44 143 218
23 178 266
68 140 203
66 128 205
37 148 239
75 191 289
3 161 283
58 158 287
24 148 281
78 138 280
74 178 259
33 162 228
11 183 234
23 156 255
35 179 281
10 134 212
78 152 262
1 137 208
48 166 236
49 124 264
40 124 213
55 120 265
48 161 223
13 107 249
65 133 256
61 147 292
21 107 203
24 189 281
6 150 210
6 104 214
59 190 227
1 118 272
41 153 236
67 151 255
16 178 263
64 117 228
57 108 221
41 110 262
23 179 204
39 187 278
42 165 228
23 114 210
26 142 209
52 153 250
34 177 279
20 183 324
77 139 372
30 118 323
80 119 377
45 142 351
74 126 311
42 197 349
43 175 305
23 176 346
15 104 381
4 163 301
41 103 353
26 157 389
73 181 339
12 147 309
60 159 354
32 122 355
6 133 321
3 192 372
75 121 338
12 139 320
77 111 306
37 165 308
17 110 337
44 143 318
23 178 366
68 140 303
66 128 305
37 148 339
75 191 389
3 161 383
58 158 387
24 148 381
78 138 380
74 178 359
33 162 328
11 183 334
23 156 355
35 179 381
10 134 312
78 152 362
1 137 308
48 166 336
49 124 364
40 124 313
55 120 365
48 161 323
13 107 349
65 133 356
61 147 392
21 107 303
24 189 381
6 150 310
6 104 314
59 190 327
1 118 372
41 153 336
67 151 355
16 178 363
64 117 328
57 108 321
41 110 362
23 179 304
39 187 378
42 165 328
23 114 310
26 142 309
52 153 350
34 177 379
20 183 424
77 139 472
30 118 423
80 119 477
45 142 451
74 126 411
42 197 449
43 175 405
23 176 446
15 104 481
4 163 401
41 103 453
26 157 489
73 181 439
12 147 409
60 159 454
32 122 455
6 133 421
3 192 472
75 121 438
12 139 420
77 111 406
37 165 408
17 110 437
44 143 418
23 178 466
68 140 403
66 128 405
37 148 439
75 191 489
3 161 483
58 158 487
24 148 481
78 138 480
74 178 459
33 162 428
11 183 434
23 156 455
35 179 481
10 134 412
78 152 462
1 137 408
48 166 436
49 124 464
40 124 413
55 120 465
48 161 423
13 107 449
65 133 456
61 147 492
21 107 403
24 189 481
6 150 410
6 104 414
59 190 427
1 118 472
41 153 436
67 151 455
16 178 463
64 117 428
57 108 421
41 110 462
23 179 404
39 187 478
42 165 428
23 114 410
26 142 409
52 153 450
34 177 479
20 183 524
77 139 572
30 118 523
80 119 577
45 142 551
74 126 511
42 197 549
43 175 505
23 176 546
15 104 581
4 163 501
41 103 553
26 157 589
73 181 539
12 147 509
60 159 554
32 122 555
6 133 521
3 192 572
75 121 538
12 139 520
77 111 506
37 165 508
17 110 537
44 143 518
23 178 566
68 140 503
66 128 505
37 148 539
75 191 589
3 161 583
58 158 587
24 148 581
78 138 580
74 178 559
33 162 528
11 183 534
23 156 555
35 179 581
10 134 512
78 152 562
1 137 508
48 166 536
49 124 564
40 124 513
55 120 565
48 161 523
13 107 549
65 133 556
61 147 592
21 107 503
24 189 581
6 150 510
6 104 514
59 190 527
1 118 572
41 153 536
67 151 555
16 178 563
64 117 528
57 108 521
41 110 562
23 179 504
39 187 578
42 165 528
23 114 510
26 142 509
52 153 550
34 177 579
20 183 624
77 139 672
30 118 623
80 119 677
45 142 651
74 126 611
42 197 649
43 175 605
23 176 646
15 104 681
4 163 601
41 103 653
26 157 689
73 181 639
12 147 609
60 159 654
32 122 655
6 133 621
3 192 672
75 121 638
12 139 620
77 111 606
37 165 608
17 110 637
44 143 618
23 178 666
68 140 603
66 128 605
37 148 639
75 191 689
3 161 683
58 158 687
24 148 681
78 138 680
74 178 659
33 162 628
11 183 634
23 156 655
35 179 681
10 134 612
78 152 662
1 137 608
48 166 636
49 124 664
40 124 613
55 120 665
48 161 623
13 107 649
65 133 656
61 147 692
21 107 603
24 189 681
6 150 610
6 104 614
59 190 627
1 118 672
41 153 636
67 151 655
16 178 663
64 117 628
57 108 621
41 110 662
23 179 604
39 187 678
42 165 628
23 114 610
26 142 609
52 153 650
34 177 679
20 183 724
77 139 772
30 118 723
80 119 777
45 142 751
74 126 711
42 197 749
43 175 705
23 176 746
15 104 781
4 163 701
41 103 753
26 157 789
73 181 739
12 147 709
60 159 754
32 122 755
6 133 721
3 192 772
75 121 738
12 139 720
77 111 706
37 165 708
17 110 737
44 143 718
23 178 766
68 140 703
66 128 705
37 148 739
75 191 789
3 161 783
58 158 787
24 148 781
78 138 780
74 178 759
33 162 728
11 183 734
23 156 755
35 179 781
10 134 712
78 152 762
1 137 708
48 166 736
49 124 764
40 124 713
55 120 765
48 161 723
13 107 749
65 133 756
61 147 792
21 107 703
24 189 781
6 150 710
6 104 714
59 190 727
1 118 772
41 153 736
67 151 755
16 178 763
64 117 728
57 108 721
41 110 762
23 179 704
39 187 778
42 165 728
23 114 710
26 142 709
52 153 750
34 177 779
20 183 824
77 139 872
30 118 823
80 119 877
45 142 851
74 126 811
42 197 849
43 175 805
23 176 846
15 104 881
4 163 801
41 103 853
26 157 889
73 181 839
12 147 809
60 159 854
32 122 855
6 133 821
3 192 872
75 121 838
12 139 820
77 111 806
37 165 808
17 110 837
44 143 818
23 178 866
68 140 803
66 128 805
37 148 839
75 191 889
3 161 883
58 158 887
24 148 881
78 138 880
74 178 859
33 162 828
11 183 834
23 156 855
35 179 881
10 134 812
78 152 862
1 137 808
48 166 836
49 124 864
40 124 813
55 120 865
48 161 823
13 107 849
65 133 856
61 147 892
21 107 803
24 189 881
6 150 810
6 104 814
59 190 827
1 118 872
41 153 836
67 151 855
16 178 863
64 117 828
57 108 821
41 110 862
23 179 804
39 187 878
42 165 828
23 114 810
26 142 809
52 153 850
34 177 879
20 183 924
77 139 972
30 118 923
80 119 977
45 142 951
74 126 911
42 197 949
43 175 905
23 176 946
15 104 981
4 163 901
41 103 953
26 157 989
73 181 939
12 147 909
60 159 954
32 122 955
6 133 921
3 192 972
75 121 938
12 139 920
77 111 906
37 165 908
17 110 937
44 143 918
23 178 966
68 140 903
66 128 905
37 148 939
75 191 989
3 161 983
58 158 987
24 148 981
78 138 980
74 178 959
33 162 928
11 183 934
23 156 955
35 179 981
10 134 912
78 152 962
1 137 908
48 166 936
49 124 964
40 124 913
55 120 965
48 161 923
13 107 949
65 133 956
61 147 992
21 107 903
24 189 981
6 150 910
6 104 914
59 190 927
1 118 972
41 153 936
67 151 955
16 178 963
64 117 928
57 108 921
41 110 962
23 179 904
39 187 978
42 165 928
23 114 910
26 142 909
52 153 950
34 177 979
20 283 24
77 239 72
30 218 23
80 219 77
45 242 51
74 226 11
42 297 49
43 275 5
23 276 46
15 204 81
4 263 1
41 203 53
26 257 89
73 281 39
12 247 9
60 259 54
32 222 55
6 233 21
3 292 72
75 221 38
12 239 20
77 211 6
37 265 8
17 210 37
44 243 18
23 278 66
68 240 3
66 228 5
37 248 39
75 291 89
3 261 83
58 258 87
24 248 81
78 238 80
74 278 59
33 262 28
11 283 34
23 256 55
35 279 81
10 234 12
78 252 62
1 237 8
48 266 36
49 224 64
40 224 13
55 220 65
48 261 23
13 207 49
65 233 56
61 247 92
21 207 3
24 289 81
6 250 10
6 204 14
59 290 27
1 218 72
41 253 36
67 251 55
16 278 63
64 217 28
57 208 21
41 210 62
23 279 4
39 287 78
42 265 28
23 214 10
26 242 9
52 253 50
34 277 79
20 283 124
77 239 172
30 218 123
80 219 177
45 242 151
74 226 111
42 297 149
43 275 105
23 276 146
15 204 181
4 263 101
41 203 153
26 257 189
73 281 139
12 247 109
60 259 154
32 222 155
6 233 121
3 292 172
75 221 138
12 239 120
77 211 106
37 265 108
17 210 137
44 243 118
23 278 166
68 240 103
66 228 105
37 248 139
75 291 189
3 261 183
58 258 187
24 248 181
78 238 180
74 278 159
33 262 128
11 283 134
23 256 155
35 279 181
10 234 112
78 252 162
1 237 108
48 266 136
49 224 164
40 224 113
55 220 165
48 261 123
13 207 149
65 233 156
61 247 192
21 207 103
24 289 181
6 250 110
6 204 114
59 290 127
1 218 172
41 253 136
67 251 155
16 278 163
64 217 128
57 208 121
41 210 162
23 279 104
39 287 178
42 265 128
23 214 110
26 242 109
52 253 150
34 277 179
20 283 224
77 239 272
30 218 223
80 219 277
45 242 251
74 226 211
42 297 249
43 275 205
23 276 246
15 204 281
4 263 201
41 203 253
26 257 289
73 281 239
12 247 209
60 259 254
32 222 255
6 233 221
3 292 272
75 221 238
12 239 220
77 211 206
37 265 208
17 210 237
44 243 218
23 278 266
68 240 203
66 228 205
37 248 239
75 291 289
3 261 283
58 258 287
24 248 281
78 238 280
74 278 259
33 262 228
11 283 234
23 256 255
35 279 281
10 234 212
78 252 262
1 237 208
48 266 236
49 224 264
40 224 213
55 220 265
48 261 223
13 207 249
65 233 256
61 247 292
21 207 203
24 289 281
6 250 210
6 204 214
59 290 227
1 218 272
41 253 236
67 251 255
16 278 263
64 217 228
57 208 221
41 210 262
23 279 204
39 287 278
42 265 228
23 214 210
26 242 209
52 253 250
34 277 279
20 283 324
77 239 372
30 218 323
80 219 377
45 242 351
74 226 311
42 297 349
43 275 305
23 276 346
15 204 381
4 263 301
41 203 353
26 257 389
73 281 339
12 247 309
60 259 354
32 222 355
6 233 321
3 292 372
75 221 338
12 239 320
77 211 306
37 265 308
17 210 337
44 243 318
23 278 366
68 240 303
66 228 305
37 248 339
75 291 389
3 261 383
58 258 387
24 248 381
78 238 380
74 278 359
33 262 328
11 283 334
23 256 355
35 279 381
10 234 312
78 252 362
1 237 308
48 266 336
49 224 364
40 224 313
55 220 365
48 261 323
13 207 349
65 233 356
61 247 392
21 207 303
24 289 381
6 250 310
6 204 314
59 290 327
1 218 372
41 253 336
67 251 355
16 278 363
64 217 328
57 208 321
41 210 362
23 279 304
39 287 378
42 265 328
23 214 310
26 242 309
52 253 350
34 277 379
20 283 424
77 239 472
30 218 423
80 219 477
45 242 451
74 226 411
42 297 449
43 275 405
23 276 446
15 204 481
4 263 401
41 203 453
26 257 489
73 281 439
12 247 409
60 259 454
32 222 455
6 233 421
3 292 472
75 221 438
12 239 420
77 211 406
37 265 408
17 210 437
44 243 418
23 278 466
68 240 403
66 228 405
37 248 439
75 291 489
3 261 483
58 258 487
24 248 481
78 238 480
74 278 459
33 262 428
11 283 434
23 256 455
35 279 481
10 234 412
78 252 462
1 237 408
48 266 436
49 224 464
40 224 413
55 220 465
48 261 423
13 207 449
65 233 456
61 247 492
21 207 403
24 289 481
6 250 410
6 204 414
59 290 427
1 218 472
41 253 436
67 251 455
16 278 463
64 217 428
57 208 421
41 210 462
23 279 404
39 287 478
42 265 428
23 214 410
26 242 409
52 253 450
34 277 479
20 283 524
77 239 572
30 218 523
80 219 577
45 242 551
74 226 511
42 297 549
43 275 505
23 276 546
15 204 581
4 263 501
41 203 553
26 257 589
73 281 539
12 247 509
60 259 554
32 222 555
6 233 521
3 292 572
75 221 538
12 239 520
77 211 506
37 265 508
17 210 537
44 243 518
23 278 566
68 240 503
66 228 505
37 248 539
75 291 589
3 261 583
58 258 587
24 248 581
78 238 580
74 278 559
33 262 528
11 283 534
23 256 555
35 279 581
10 234 512
78 252 562
1 237 508
48 266 536
49 224 564
40 224 513
55 220 565
48 261 523
13 207 549
65 233 556
61 247 592
21 207 503
24 289 581
6 250 510
6 204 514
59 290 527
1 218 572
41 253 536
67 251 555
16 278 563
64 217 528
57 208 521
41 210 562
23 279 504
39 287 578
42 265 528
23 214 510
26 242 509
52 253 550
34 277 579
20 283 624
77 239 672
30 218 623
80 219 677
45 242 651
74 226 611
42 297 649
43 275 605
23 276 646
15 204 681
4 263 601
41 203 653
26 257 689
73 281 639
12 247 609
60 259 654
32 222 655
6 233 621
3 292 672
75 221 638
12 239 620
77 211 606
37 265 608
17 210 637
44 243 618
23 278 666
68 240 603
66 228 605
37 248 639
75 291 689
3 261 683
58 258 687
24 248 681
78 238 680
74 278 659
33 262 628
11 283 634
23 256 655
35 279 681
10 234 612
78 252 662
1 237 608
48 266 636
49 224 664
40 224 613
55 220 665
48 261 623
13 207 649
65 233 656
61 247 692
21 207 603
24 289 681
6 250 610
6 204 614
59 290 627
1 218 672
41 253 636
67 251 655
16 278 663
64 217 628
57 208 621
41 210 662
23 279 604
39 287 678
42 265 628
23 214 610
26 242 609
52 253 650
34 277 679
20 283 724
77 239 772
30 218 723
80 219 777
45 242 751
74 226 711
42 297 749
43 275 705
23 276 746
15 204 781
4 263 701
41 203 753
26 257 789
73 281 739
12 247 709
60 259 754
32 222 755
6 233 721
3 292 772
75 221 738
12 239 720
77 211 706
37 265 708
17 210 737
44 243 718
23 278 766
68 240 703
66 228 705
37 248 739
75 291 789
3 261 783
58 258 787
24 248 781
78 238 780
74 278 759
33 262 728
11 283 734
23 256 755
35 279 781
10 234 712
78 252 762
1 237 708
48 266 736
49 224 764
40 224 713
55 220 765
48 261 723
13 207 749
65 233 756
61 247 792
21 207 703
24 289 781
6 250 710
6 204 714
59 290 727
1 218 772
41 253 736
67 251 755
16 278 763
64 217 728
57 208 721
41 210 762
23 279 704
39 287 778
42 265 728
23 214 710
26 242 709
52 253 750
34 277 779
20 283 824
77 239 872
30 218 823
80 219 877
45 242 851
74 226 811
42 297 849
43 275 805
23 276 846
15 204 881
4 263 801
41 203 853
26 257 889
73 281 839
12 247 809
60 259 854
32 222 855
6 233 821
3 292 872
75 221 838
12 239 820
77 211 806
37 265 808
17 210 837
44 243 818
23 278 866
68 240 803
66 228 805
37 248 839
75 291 889
3 261 883
58 258 887
24 248 881
78 238 880
74 278 859
33 262 828
11 283 834
23 256 855
35 279 881
10 234 812
78 252 862
1 237 808
48 266 836
49 224 864
40 224 813
55 220 865
48 261 823
13 207 849
65 233 856
61 247 892
21 207 803
24 289 881
6 250 810
6 204 814
59 290 827
1 218 872
41 253 836
67 251 855
16 278 863
64 217 828
57 208 821
41 210 862
23 279 804
39 287 878
42 265 828
23 214 810
26 242 809
52 253 850
34 277 879
20 283 924
77 239 972
30 218 923
80 219 977
45 242 951
74 226 911
42 297 949
43 275 905
23 276 946
15 204 981
4 263 901
41 203 953
26 257 989
73 281 939
12 247 909
60 259 954
32 222 955
6 233 921
3 292 972
75 221 938
12 239 920
77 211 906
37 265 908
17 210 937
44 243 918
23 278 966
68 240 903
66 228 905
37 248 939
75 291 989
3 261 983
58 258 987
24 248 981
78 238 980
74 278 959
33 262 928
11 283 934
23 256 955
35 279 981
10 234 912
78 252 962
1 237 908
48 266 936
49 224 964
40 224 913
55 220 965
48 261 923
13 207 949
65 233 956
61 247 992
21 207 903
24 289 981
6 250 910
6 204 914
59 290 927
1 218 972
41 253 936
67 251 955
16 278 963
64 217 928
57 208 921
41 210 962
23 279 904
39 287 978
42 265 928
23 214 910
26 242 909
52 253 950
34 277 979
20 383 24
77 339 72
30 318 23
80 319 77
45 342 51
74 326 11
42 397 49
43 375 5
23 376 46
15 304 81
4 363 1
41 303 53
26 357 89
73 381 39
12 347 9
60 359 54
32 322 55
6 333 21
3 392 72
75 321 38
12 339 20
77 311 6
37 365 8
17 310 37
44 343 18
23 378 66
68 340 3
66 328 5
37 348 39
75 391 89
3 361 83
58 358 87
24 348 81
78 338 80
74 378 59
33 362 28
11 383 34
23 356 55
35 379 81
10 334 12
78 352 62
1 337 8
48 366 36
49 324 64
40 324 13
55 320 65
48 361 23
13 307 49
65 333 56
61 347 92
21 307 3
24 389 81
6 350 10
6 304 14
59 390 27
1 318 72
41 353 36
67 351 55
16 378 63
64 317 28
57 308 21
41 310 62
23 379 4
39 387 78
42 365 28
23 314 10
26 342 9
52 353 50
34 377 79
20 383 124
77 339 172
30 318 123
80 319 177
45 342 151
74 326 111
42 397 149
43 375 105
23 376 146
15 304 181
4 363 101
41 303 153
26 357 189
73 381 139
12 347 109
60 359 154
32 322 155
6 333 121
3 392 172
75 321 138
12 339 120
77 311 106
37 365 108
17 310 137
44 343 118
23 378 166
68 340 103
66 328 105
37 348 139
75 391 189
3 361 183
58 358 187
24 348 181
78 338 180
74 378 159
33 362 128
11 383 134
23 356 155
35 379 181
10 334 112
78 352 162
1 337 108
48 366 136
49 324 164
40 324 113
55 320 165
48 361 123
13 307 149
65 333 156
61 347 192
21 307 103
24 389 181
6 350 110
6 304 114
59 390 127
1 318 172
41 353 136
67 351 155
16 378 163
64 317 128
57 308 121
41 310 162
23 379 104
39 387 178
42 365 128
23 314 110
26 342 109
52 353 150
34 377 179
20 383 224
77 339 272
30 318 223
80 319 277
45 342 251
74 326 211
42 397 249
43 375 205
23 376 246
15 304 281
4 363 201
41 303 253
26 357 289
73 381 239
12 347 209
60 359 254
32 322 255
6 333 221
3 392 272
75 321 238
12 339 220
77 311 206
37 365 208
17 310 237
44 343 218
23 378 266
68 340 203
66 328 205
37 348 239
75 391 289
3 361 283
58 358 287
24 348 281
78 338 280
74 378 259
33 362 228
11 383 234
23 356 255
35 379 281
10 334 212
78 352 262
1 337 208
48 366 236
49 324 264
40 324 213
55 320 265
48 361 223
13 307 249
65 333 256
61 347 292
21 307 203
24 389 281
6 350 210
6 304 214
59 390 227
1 318 272
41 353 236
67 351 255
16 378 263
64 317 228
57 308 221
41 310 262
23 379 204
39 387 278
42 365 228
23 314 210
26 342 209
52 353 250
34 377 279
20 383 324
77 339 372
30 318 323
80 319 377
45 342 351
74 326 311
42 397 349
43 375 305
23 376 346
15 304 381
4 363 301
41 303 353
26 357 389
73 381 339
12 347 309
60 359 354
32 322 355
6 333 321
3 392 372
75 321 338
12 339 320
77 311 306
37 365 308
17 310 337
44 343 318
23 378 366
68 340 303
66 328 305
37 348 339
75 391 389
3 361 383
58 358 387
24 348 381
78 338 380
74 378 359
33 362 328
11 383 334
23 356 355
35 379 381
10 334 312
78 352 362
1 337 308
48 366 336
49 324 364
40 324 313
55 320 365
48 361 323
13 307 349
65 333 356
61 347 392
21 307 303
24 389 381
6 350 310
6 304 314
59 390 327
1 318 372
41 353 336
67 351 355
16 378 363
64 317 328
57 308 321
41 310 362
23 379 304
39 387 378
42 365 328
23 314 310
26 342 309
52 353 350
34 377 379
20 383 424
77 339 472
30 318 423
80 319 477
45 342 451
74 326 411
42 397 449
43 375 405
23 376 446
15 304 481
4 363 401
41 303 453
26 357 489
73 381 439
12 347 409
60 359 454
32 322 455
6 333 421
3 392 472
75 321 438
12 339 420
77 311 406
37 365 408
17 310 437
44 343 418
23 378 466
68 340 403
66 328 405
37 348 439
75 391 489
3 361 483
58 358 487
24 348 481
78 338 480
74 378 459
33 362 428
11 383 434
23 356 455
35 379 481
10 334 412
78 352 462
1 337 408
48 366 436
49 324 464
40 324 413
55 320 465
48 361 423
13 307 449
65 333 456
61 347 492
21 307 403
24 389 481
6 350 410
6 304 414
59 390 427
1 318 472
41 353 436
67 351 455
16 378 463
64 317 428
57 308 421
41 310 462
23 379 404
39 387 478
42 365 428
23 314 410
26 342 409
52 353 450
34 377 479
20 383 524
77 339 572
30 318 523
80 319 577
45 342 551
74 326 511
42 397 549
43 375 505
23 376 546
15 304 581
4 363 501
41 303 553
26 357 589
73 381 539
12 347 509
60 359 554
32 322 555
6 333 521
3 392 572
75 321 538
12 339 520
77 311 506
37 365 508
17 310 537
44 343 518
23 378 566
68 340 503
66 328 505
37 348 539
75 391 589
3 361 583
58 358 587
24 348 581
78 338 580
74 378 559
33 362 528
11 383 534
23 356 555
35 379 581
10 334 512
78 352 562
1 337 508
48 366 536
49 324 564
40 324 513
55 320 565
48 361 523
13 307 549
65 333 556
61 347 592
21 307 503
24 389 581
6 350 510
6 304 514
59 390 527
1 318 572
41 353 536
67 351 555
16 378 563
64 317 528
57 308 521
41 310 562
23 379 504
39 387 578
42 365 528
23 314 510
26 342 509
52 353 550
34 377 579
20 383 624
77 339 672
30 318 623
80 319 677
45 342 651
74 326 611
42 397 649
43 375 605
23 376 646
15 304 681
4 363 601
41 303 653
26 357 689
73 381 639
12 347 609
60 359 654
32 322 655
6 333 621
3 392 672
75 321 638
12 339 620
77 311 606
37 365 608
17 310 637
44 343 618
23 378 666
68 340 603
66 328 605
37 348 639
75 391 689
3 361 683
58 358 687
24 348 681
78 338 680
74 378 659
33 362 628
11 383 634
23 356 655
35 379 681
10 334 612
78 352 662
1 337 608
48 366 636
49 324 664
40 324 613
55 320 665
48 361 623
13 307 649
65 333 656
61 347 692
21 307 603
24 389 681
6 350 610
6 304 614
59 390 627
1 318 672
41 353 636
67 351 655
16 378 663
64 317 628
57 308 621
41 310 662
23 379 604
39 387 678
42 365 628
23 314 610
26 342 609
52 353 650
34 377 679
20 383 724
77 339 772
30 318 723
80 319 777
45 342 751
74 326 711
42 397 749
43 375 705
23 376 746
15 304 781
4 363 701
41 303 753
26 357 789
73 381 739
12 347 709
60 359 754
32 322 755
6 333 721
3 392 772
75 321 738
12 339 720
77 311 706
37 365 708
17 310 737
44 343 718
23 378 766
68 340 703
66 328 705
37 348 739
75 391 789
3 361 783
58 358 787
24 348 781
78 338 780
74 378 759
33 362 728
11 383 734
23 356 755
35 379 781
10 334 712
78 352 762
1 337 708
48 366 736
49 324 764
40 324 713
55 320 765
48 361 723
13 307 749
65 333 756
61 347 792
21 307 703
24 389 781
6 350 710
6 304 714
59 390 727
1 318 772
41 353 736
67 351 755
16 378 763
64 317 728
57 308 721
41 310 762
23 379 704
39 387 778
42 365 728
23 314 710
26 342 709
52 353 750
34 377 779
20 383 824
77 339 872
30 318 823
80 319 877
45 342 851
74 326 811
42 397 849
43 375 805
23 376 846
15 304 881
4 363 801
41 303 853
26 357 889
73 381 839
12 347 809
60 359 854
32 322 855
6 333 821
3 392 872
75 321 838
12 339 820
77 311 806
37 365 808
17 310 837
44 343 818
23 378 866
68 340 803
66 328 805
37 348 839
75 391 889
3 361 883
58 358 887
24 348 881
78 338 880
74 378 859
33 362 828
11 383 834
23 356 855
35 379 881
10 334 812
78 352 862
1 337 808
48 366 836
49 324 864
40 324 813
55 320 865
48 361 823
13 307 849
65 333 856
61 347 892
21 307 803
24 389 881
6 350 810
6 304 814
59 390 827
1 318 872
41 353 836
67 351 855
16 378 863
64 317 828
57 308 821
41 310 862
23 379 804
39 387 878
42 365 828
23 314 810
26 342 809
52 353 850
34 377 879
20 383 924
77 339 972
30 318 923
80 319 977
45 342 951
74 326 911
42 397 949
43 375 905
23 376 946
15 304 981
4 363 901
41 303 953
26 357 989
73 381 939
12 347 909
60 359 954
32 322 955
6 333 921
3 392 972
75 321 938
12 339 920
77 311 906
37 365 908
17 310 937
44 343 918
23 378 966
68 340 903
66 328 905
37 348 939
75 391 989
3 361 983
58 358 987
24 348 981
78 338 980
74 378 959
33 362 928
11 383 934
23 356 955
35 379 981
10 334 912
78 352 962
1 337 908
48 366 936
49 324 964
40 324 913
55 320 965
48 361 923
13 307 949
65 333 956
61 347 992
21 307 903
24 389 981
6 350 910
6 304 914
59 390 927
1 318 972
41 353 936
67 351 955
16 378 963
64 317 928
57 308 921
41 310 962
23 379 904
39 387 978
42 365 928
23 314 910
26 342 909
52 353 950
34 377 979
20 483 24
77 439 72
30 418 23
80 419 77
45 442 51
74 426 11
42 497 49
43 475 5
23 476 46
15 404 81
4 463 1
41 403 53
26 457 89
73 481 39
12 447 9
60 459 54
32 422 55
6 433 21
3 492 72
75 421 38
12 439 20
77 411 6
37 465 8
17 410 37
44 443 18
23 478 66
68 440 3
66 428 5
37 448 39
75 491 89
3 461 83
58 458 87
24 448 81
78 438 80
74 478 59
33 462 28
11 483 34
23 456 55
35 479 81
10 434 12
78 452 62
1 437 8
48 466 36
49 424 64
40 424 13
55 420 65
48 461 23
13 407 49
65 433 56
61 447 92
21 407 3
24 489 81
6 450 10
6 404 14
59 490 27
1 418 72
41 453 36
67 451 55
16 478 63
64 417 28
57 408 21
41 410 62
23 479 4
39 487 78
42 465 28
23 414 10
26 442 9
52 453 50
34 477 79
20 483 124
77 439 172
30 418 123
80 419 177
45 442 151
74 426 111
42 497 149
43 475 105
23 476 146
15 404 181
4 463 101
41 403 153
26 457 189
73 481 139
12 447 109
60 459 154
32 422 155
6 433 121
3 492 172
75 421 138
12 439 120
77 411 106
37 465 108
17 410 137
44 443 118
23 478 166
68 440 103
66 428 105
37 448 139
75 491 189
3 461 183
58 458 187
24 448 181
78 438 180
74 478 159
33 462 128
11 483 134
23 456 155
35 479 181
10 434 112
78 452 162
1 437 108
48 466 136
49 424 164
40 424 113
55 420 165
48 461 123
13 407 149
65 433 156
61 447 192
21 407 103
24 489 181
6 450 110
6 404 114
59 490 127
1 418 172
41 453 136
67 451 155
16 478 163
64 417 128
57 408 121
41 410 162
23 479 104
39 487 178
42 465 128
23 414 110
26 442 109
52 453 150
34 477 179
20 483 224
77 439 272
30 418 223
80 419 277
45 442 251
74 426 211
42 497 249
43 475 205
23 476 246
15 404 281
4 463 201
41 403 253
26 457 289
73 481 239
12 447 209
60 459 254
32 422 255
6 433 221
3 492 272
75 421 238
12 439 220
77 411 206
37 465 208
17 410 237
44 443 218
23 478 266
68 440 203
66 428 205
37 448 239
75 491 289
3 461 283
58 458 287
24 448 281
78 438 280
74 478 259
33 462 228
11 483 234
23 456 255
35 479 281
10 434 212
78 452 262
1 437 208
48 466 236
49 424 264
40 424 213
55 420 265
48 461 223
13 407 249
65 433 256
61 447 292
21 407 203
24 489 281
6 450 210
6 404 214
59 490 227
1 418 272
41 453 236
67 451 255
16 478 263
64 417 228
57 408 221
41 410 262
23 479 204
39 487 278
42 465 228
23 414 210
26 442 209
52 453 250
34 477 279
20 483 324
77 439 372
30 418 323
80 419 377
45 442 351
74 426 311
42 497 349
43 475 305
23 476 346
15 404 381
4 463 301
41 403 353
26 457 389
73 481 339
12 447 309
60 459 354
32 422 355
6 433 321
3 492 372
75 421 338
12 439 320
77 411 306
37 465 308
17 410 337
44 443 318
23 478 366
68 440 303
66 428 305
37 448 339
75 491 389
3 461 383
58 458 387
24 448 381
78 438 380
74 478 359
33 462 328
11 483 334
23 456 355
35 479 381
10 434 312
78 452 362
1 437 308
48 466 336
49 424 364
40 424 313
55 420 365
48 461 323
13 407 349
65 433 356
61 447 392
21 407 303
24 489 381
6 450 310
6 404 314
59 490 327
1 418 372
41 453 336
67 451 355
16 478 363
64 417 328
57 408 321
41 410 362
23 479 304
39 487 378
42 465 328
23 414 310
26 442 309
52 453 350
34 477 379
20 483 424
77 439 472
30 418 423
80 419 477
45 442 451
74 426 411
42 497 449
43 475 405
23 476 446
15 404 481
4 463 401
41 403 453
26 457 489
73 481 439
12 447 409
60 459 454
32 422 455
6 433 421
3 492 472
75 421 438
12 439 420
77 411 406
37 465 408
17 410 437
44 443 418
23 478 466
68 440 403
66 428 405
37 448 439
75 491 489
3 461 483
58 458 487
24 448 481
78 438 480
74 478 459
33 462 428
11 483 434
23 456 455
35 479 481
10 434 412
78 452 462
1 437 408
48 466 436
49 424 464
40 424 413
55 420 465
48 461 423
13 407 449
65 433 456
61 447 492
21 407 403
24 489 481
6 450 410
6 404 414
59 490 427
1 418 472
41 453 436
67 451 455
16 478 463
64 417 428
57 408 421
41 410 462
23 479 404
39 487 478
42 465 428
23 414 410
26 442 409
52 453 450
34 477 479
20 483 524
77 439 572
30 418 523
80 419 577
45 442 551
74 426 511
42 497 549
43 475 505
23 476 546
15 404 581
4 463 501
41 403 553
26 457 589
73 481 539
12 447 509
60 459 554
32 422 555
6 433 521
3 492 572
75 421 538
12 439 520
77 411 506
37 465 508
17 410 537
44 443 518
23 478 566
68 440 503
66 428 505
37 448 539
75 491 589
3 461 583
58 458 587
24 448 581
78 438 580
74 478 559
33 462 528
11 483 534
23 456 555
35 479 581
10 434 512
78 452 562
1 437 508
48 466 536
49 424 564
40 424 513
55 420 565
48 461 523
13 407 549
65 433 556
61 447 592
21 407 503
24 489 581
6 450 510
6 404 514
59 490 527
1 418 572
41 453 536
67 451 555
16 478 563
64 417 528
57 408 521
41 410 562
23 479 504
39 487 578
42 465 528
23 414 510
26 442 509
52 453 550
34 477 579
20 483 624
77 439 672
30 418 623
80 419 677
45 442 651
74 426 611
42 497 649
43 475 605
23 476 646
15 404 681
4 463 601
41 403 653
26 457 689
73 481 639
12 447 609
60 459 654
32 422 655
6 433 621
3 492 672
75 421 638
12 439 620
77 411 606
37 465 608
17 410 637
44 443 618
23 478 666
68 440 603
66 428 605
37 448 639
75 491 689
3 461 683
58 458 687
24 448 681
78 438 680
74 478 659
33 462 628
11 483 634
23 456 655
35 479 681
10 434 612
78 452 662
1 437 608
48 466 636
49 424 664
40 424 613
55 420 665
48 461 623
13 407 649
65 433 656
61 447 692
21 407 603
24 489 681
6 450 610
6 404 614
59 490 627
1 418 672
41 453 636
67 451 655
16 478 663
64 417 628
57 408 621
41 410 662
23 479 604
39 487 678
42 465 628
23 414 610
26 442 609
52 453 650
34 477 679
20 483 724
77 439 772
30 418 723
80 419 777
45 442 751
74 426 711
42 497 749
43 475 705
23 476 746
15 404 781
4 463 701
41 403 753
26 457 789
73 481 739
12 447 709
60 459 754
32 422 755
6 433 721
3 492 772
75 421 738
12 439 720
77 411 706
37 465 708
17 410 737
44 443 718
23 478 766
68 440 703
66 428 705
37 448 739
75 491 789
3 461 783
58 458 787
24 448 781
78 438 780
74 478 759
33 462 728
11 483 734
23 456 755
35 479 781
10 434 712
78 452 762
1 437 708
48 466 736
49 424 764
40 424 713
55 420 765
48 461 723
13 407 749
65 433 756
61 447 792
21 407 703
24 489 781
6 450 710
6 404 714
59 490 727
1 418 772
41 453 736
67 451 755
16 478 763
64 417 728
57 408 721
41 410 762
23 479 704
39 487 778
42 465 728
23 414 710
26 442 709
52 453 750
34 477 779
20 483 824
77 439 872
30 418 823
80 419 877
45 442 851
74 426 811
42 497 849
43 475 805
23 476 846
15 404 881
4 463 801
41 403 853
26 457 889
73 481 839
12 447 809
60 459 854
32 422 855
6 433 821
3 492 872
75 421 838
12 439 820
77 411 806
37 465 808
17 410 837
44 443 818
23 478 866
68 440 803
66 428 805
37 448 839
75 491 889
3 461 883
58 458 887
24 448 881
78 438 880
74 478 859
33 462 828
11 483 834
23 456 855
35 479 881
10 434 812
78 452 862
1 437 808
48 466 836
49 424 864
40 424 813
55 420 865
48 461 823
13 407 849
65 433 856
61 447 892
21 407 803
24 489 881
6 450 810
6 404 814
59 490 827
1 418 872
41 453 836
67 451 855
16 478 863
64 417 828
57 408 821
41 410 862
23 479 804
39 487 878
42 465 828
23 414 810
26 442 809
52 453 850
34 477 879
20 483 924
77 439 972
30 418 923
80 419 977
45 442 951
74 426 911
42 497 949
43 475 905
23 476 946
15 404 981
4 463 901
41 403 953
26 457 989
73 481 939
12 447 909
60 459 954
32 422 955
6 433 921
3 492 972
75 421 938
12 439 920
77 411 906
37 465 908
17 410 937
44 443 918
23 478 966
68 440 903
66 428 905
37 448 939
75 491 989
3 461 983
58 458 987
24 448 981
78 438 980
74 478 959
33 462 928
11 483 934
23 456 955
35 479 981
10 434 912
78 452 962
1 437 908
48 466 936
49 424 964
40 424 913
55 420 965
48 461 923
13 407 949
65 433 956
61 447 992
21 407 903
24 489 981
6 450 910
6 404 914
59 490 927
1 418 972
41 453 936
67 451 955
16 478 963
64 417 928
57 408 921
41 410 962
23 479 904
39 487 978
42 465 928
23 414 910
26 442 909
52 453 950
34 477 979
20 583 24
77 539 72
30 518 23
80 519 77
45 542 51
74 526 11
42 597 49
43 575 5
23 576 46
15 504 81
4 563 1
41 503 53
26 557 89
73 581 39
12 547 9
60 559 54
32 522 55
6 533 21
3 592 72
75 521 38
12 539 20
77 511 6
37 565 8
17 510 37
44 543 18
23 578 66
68 540 3
66 528 5
37 548 39
75 591 89
3 561 83
58 558 87
24 548 81
78 538 80
74 578 59
33 562 28
11 583 34
23 556 55
35 579 81
10 534 12
78 552 62
1 537 8
48 566 36
49 524 64
40 524 13
55 520 65
48 561 23
13 507 49
65 533 56
61 547 92
21 507 3
24 589 81
6 550 10
6 504 14
59 590 27
1 518 72
41 553 36
67 551 55
16 578 63
64 517 28
57 508 21
41 510 62
23 579 4
39 587 78
42 565 28
23 514 10
26 542 9
52 553 50
34 577 79
20 583 124
77 539 172
30 518 123
80 519 177
45 542 151
74 526 111
42 597 149
43 575 105
23 576 146
15 504 181
4 563 101
41 503 153
26 557 189
73 581 139
12 547 109
60 559 154
32 522 155
6 533 121
3 592 172
75 521 138
12 539 120
77 511 106
37 565 108
17 510 137
44 543 118
23 578 166
68 540 103
66 528 105
37 548 139
75 591 189
3 561 183
58 558 187
24 548 181
78 538 180
74 578 159
33 562 128
11 583 134
23 556 155
35 579 181
10 534 112
78 552 162
1 537 108
48 566 136
49 524 164
40 524 113
55 520 165
48 561 123
13 507 149
65 533 156
61 547 192
21 507 103
24 589 181
6 550 110
6 504 114
59 590 127
1 518 172
41 553 136
67 551 155
16 578 163
64 517 128
57 508 121
41 510 162
23 579 104
39 587 178
42 565 128
23 514 110
26 542 109
52 553 150
34 577 179
20 583 224
77 539 272
30 518 223
80 519 277
45 542 251
74 526 211
42 597 249
43 575 205
23 576 246
15 504 281
4 563 201
41 503 253
26 557 289
73 581 239
12 547 209
60 559 254
32 522 255
6 533 221
3 592 272
75 521 238
12 539 220
77 511 206
37 565 208
17 510 237
44 543 218
23 578 266
68 540 203
66 528 205
37 548 239
75 591 289
3 561 283
58 558 287
24 548 281
78 538 280
74 578 259
33 562 228
11 583 234
23 556 255
35 579 281
10 534 212
78 552 262
1 537 208
48 566 236
49 524 264
40 524 213
55 520 265
48 561 223
13 507 249
65 533 256
61 547 292
21 507 203
24 589 281
6 550 210
6 504 214
59 590 227
1 518 272
41 553 236
67 551 255
16 578 263
64 517 228
57 508 221
41 510 262
23 579 204
39 587 278
42 565 228
23 514 210
26 542 209
52 553 250
34 577 279
20 583 324
77 539 372
30 518 323
80 519 377
45 542 351
74 526 311
42 597 349
43 575 305
23 576 346
15 504 381
4 563 301
41 503 353
26 557 389
73 581 339
12 547 309
60 559 354
32 522 355
6 533 321
3 592 372
75 521 338
12 539 320
77 511 306
37 565 308
17 510 337
44 543 318
23 578 366
68 540 303
66 528 305
37 548 339
75 591 389
3 561 383
58 558 387
24 548 381
78 538 380
74 578 359
33 562 328
11 583 334
23 556 355
35 579 381
10 534 312
78 552 362
1 537 308
48 566 336
49 524 364
40 524 313
55 520 365
48 561 323
13 507 349
65 533 356
61 547 392
21 507 303
24 589 381
6 550 310
6 504 314
59 590 327
1 518 372
41 553 336
67 551 355
16 578 363
64 517 328
57 508 321
41 510 362
23 579 304
39 587 378
42 565 328
23 514 310
26 542 309
52 553 350
34 577 379
20 583 424
77 539 472
30 518 423
80 519 477
45 542 451
74 526 411
42 597 449
43 575 405
23 576 446
15 504 481
4 563 401
41 503 453
26 557 489
73 581 439
12 547 409
60 559 454
32 522 455
6 533 421
3 592 472
75 521 438
12 539 420
77 511 406
37 565 408
17 510 437
44 543 418
23 578 466
68 540 403
66 528 405
37 548 439
75 591 489
3 561 483
58 558 487
24 548 481
78 538 480
74 578 459
33 562 428
11 583 434
23 556 455
35 579 481
10 534 412
78 552 462
1 537 408
48 566 436
49 524 464
40 524 413
55 520 465
48 561 423
13 507 449
65 533 456
61 547 492
21 507 403
24 589 481
6 550 410
6 504 414
59 590 427
1 518 472
41 553 436
67 551 455
16 578 463
64 517 428
57 508 421
41 510 462
23 579 404
39 587 478
42 565 428
23 514 410
26 542 409
52 553 450
34 577 479
20 583 524
77 539 572
30 518 523
80 519 577
45 542 551
74 526 511
42 597 549
43 575 505
23 576 546
15 504 581
4 563 501
41 503 553
26 557 589
73 581 539
12 547 509
60 559 554
32 522 555
6 533 521
3 592 572
75 521 538
12 539 520
77 511 506
37 565 508
17 510 537
44 543 518
23 578 566
68 540 503
66 528 505
37 548 539
75 591 589
3 561 583
58 558 587
24 548 581
78 538 580
74 578 559
33 562 528
11 583 534
23 556 555
35 579 581
10 534 512
78 552 562
1 537 508
48 566 536
49 524 564
40 524 513
55 520 565
48 561 523
13 507 549
65 533 556
61 547 592
21 507 503
24 589 581
6 550 510
6 504 514
59 590 527
1 518 572
41 553 536
67 551 555
16 578 563
64 517 528
57 508 521
41 510 562
23 579 504
39 587 578
42 565 528
23 514 510
26 542 509
52 553 550
34 577 579
20 583 624
77 539 672
30 518 623
80 519 677
45 542 651
74 526 611
42 597 649
43 575 605
23 576 646
15 504 681
4 563 601
41 503 653
26 557 689
73 581 639
12 547 609
60 559 654
32 522 655
6 533 621
3 592 672
75 521 638
12 539 620
77 511 606
37 565 608
17 510 637
44 543 618
23 578 666
68 540 603
66 528 605
37 548 639
75 591 689
3 561 683
58 558 687
24 548 681
78 538 680
74 578 659
33 562 628
11 583 634
23 556 655
35 579 681
10 534 612
78 552 662
1 537 608
48 566 636
49 524 664
40 524 613
55 520 665
48 561 623
13 507 649
65 533 656
61 547 692
21 507 603
24 589 681
6 550 610
6 504 614
59 590 627
1 518 672
41 553 636
67 551 655
16 578 663
64 517 628
57 508 621
41 510 662
23 579 604
39 587 678
42 565 628
23 514 610
26 542 609
52 553 650
34 577 679
20 583 724
77 539 772
30 518 723
80 519 777
45 542 751
74 526 711
42 597 749
43 575 705
23 576 746
15 504 781
4 563 701
41 503 753
26 557 789
73 581 739
12 547 709
60 559 754
32 522 755
6 533 721
3 592 772
75 521 738
12 539 720
77 511 706
37 565 708
17 510 737
44 543 718
23 578 766
68 540 703
66 528 705
37 548 739
75 591 789
3 561 783
58 558 787
24 548 781
78 538 780
74 578 759
33 562 728
11 583 734
23 556 755
35 579 781
10 534 712
78 552 762
1 537 708
48 566 736
49 524 764
40 524 713
55 520 765
48 561 723
13 507 749
65 533 756
61 547 792
21 507 703
24 589 781
6 550 710
6 504 714
59 590 727
1 518 772
41 553 736
67 551 755
16 578 763
64 517 728
57 508 721
41 510 762
23 579 704
39 587 778
42 565 728
23 514 710
26 542 709
52 553 750
34 577 779
20 583 824
77 539 872
30 518 823
80 519 877
45 542 851
74 526 811
42 597 849
43 575 805
23 576 846
15 504 881
4 563 801
41 503 853
26 557 889
73 581 839
12 547 809
60 559 854
32 522 855
6 533 821
3 592 872
75 521 838
12 539 820
77 511 806
37 565 808
17 510 837
44 543 818
23 578 866
68 540 803
66 528 805
37 548 839
75 591 889
3 561 883
58 558 887
24 548 881
78 538 880
74 578 859
33 562 828
11 583 834
23 556 855
35 579 881
10 534 812
78 552 862
1 537 808
48 566 836
49 524 864
40 524 813
55 520 865
48 561 823
13 507 849
65 533 856
61 547 892
21 507 803
24 589 881
6 550 810
6 504 814
59 590 827
1 518 872
41 553 836
67 551 855
16 578 863
64 517 828
57 508 821
41 510 862
23 579 804
39 587 878
42 565 828
23 514 810
26 542 809
52 553 850
34 577 879
20 583 924
77 539 972
30 518 923
80 519 977
45 542 951
74 526 911
42 597 949
43 575 905
23 576 946
15 504 981
4 563 901
41 503 953
26 557 989
73 581 939
12 547 909
60 559 954
32 522 955
6 533 921
3 592 972
75 521 938
12 539 920
77 511 906
37 565 908
17 510 937
44 543 918
23 578 966
68 540 903
66 528 905
37 548 939
75 591 989
3 561 983
58 558 987
24 548 981
78 538 980
74 578 959
33 562 928
11 583 934
23 556 955
35 579 981
10 534 912
78 552 962
1 537 908
48 566 936
49 524 964
40 524 913
55 520 965
48 561 923
13 507 949
65 533 956
61 547 992
21 507 903
24 589 981
6 550 910
6 504 914
59 590 927
1 518 972
41 553 936
67 551 955
16 578 963
64 517 928
57 508 921
41 510 962
23 579 904
39 587 978
42 565 928
23 514 910
26 542 909
52 553 950
34 577 979
20 683 24
77 639 72
30 618 23
80 619 77
45 642 51
74 626 11
42 697 49
43 675 5
23 676 46
15 604 81
4 663 1
41 603 53
26 657 89
73 681 39
12 647 9
60 659 54
32 622 55
6 633 21
3 692 72
75 621 38
12 639 20
77 611 6
37 665 8
17 610 37
44 643 18
23 678 66
68 640 3
66 628 5
37 648 39
75 691 89
3 661 83
58 658 87
24 648 81
78 638 80
74 678 59
33 662 28
11 683 34
23 656 55
35 679 81
10 634 12
78 652 62
1 637 8
48 666 36
49 624 64
40 624 13
55 620 65
48 661 23
13 607 49
65 633 56
61 647 92
21 607 3
24 689 81
6 650 10
6 604 14
59 690 27
1 618 72
41 653 36
67 651 55
16 678 63
64 617 28
57 608 21
41 610 62
23 679 4
39 687 78
42 665 28
23 614 10
26 642 9
52 653 50
34 677 79
20 683 124
77 639 172
30 618 123
80 619 177
45 642 151
74 626 111
42 697 149
43 675 105
23 676 146
15 604 181
4 663 101
41 603 153
26 657 189
73 681 139
12 647 109
60 659 154
32 622 155
6 633 121
3 692 172
75 621 138
12 639 120
77 611 106
37 665 108
17 610 137
44 643 118
23 678 166
68 640 103
66 628 105
37 648 139
75 691 189
3 661 183
58 658 187
24 648 181
78 638 180
74 678 159
33 662 128
11 683 134
23 656 155
35 679 181
10 634 112
78 652 162
1 637 108
48 666 136
49 624 164
40 624 113
55 620 165
48 661 123
13 607 149
65 633 156
61 647 192
21 607 103
24 689 181
6 650 110
6 604 114
59 690 127
1 618 172
41 653 136
67 651 155
16 678 163
64 617 128
57 608 121
41 610 162
23 679 104
39 687 178
42 665 128
23 614 110
26 642 109
52 653 150
34 677 179
20 683 224
77 639 272
30 618 223
80 619 277
45 642 251
74 626 211
42 697 249
43 675 205
23 676 246
15 604 281
4 663 201
41 603 253
26 657 289
73 681 239
12 647 209
60 659 254
32 622 255
6 633 221
3 692 272
75 621 238
12 639 220
77 611 206
37 665 208
17 610 237
44 643 218
23 678 266
68 640 203
66 628 205
37 648 239
75 691 289
3 661 283
58 658 287
24 648 281
78 638 280
74 678 259
33 662 228
11 683 234
23 656 255
35 679 281
10 634 212
78 652 262
1 637 208
48 666 236
49 624 264
40 624 213
55 620 265
48 661 223
13 607 249
65 633 256
61 647 292
21 607 203
24 689 281
6 650 210
6 604 214
59 690 227
1 618 272
41 653 236
67 651 255
16 678 263
64 617 228
57 608 221
41 610 262
23 679 204
39 687 278
42 665 228
23 614 210
26 642 209
52 653 250
34 677 279
20 683 324
77 639 372
30 618 323
80 619 377
45 642 351
74 626 311
42 697 349
43 675 305
23 676 346
15 604 381
4 663 301
41 603 353
26 657 389
73 681 339
12 647 309
60 659 354
32 622 355
6 633 321
3 692 372
75 621 338
12 639 320
77 611 306
37 665 308
17 610 337
44 643 318
23 678 366
68 640 303
66 628 305
37 648 339
75 691 389
3 661 383
58 658 387
24 648 381
78 638 380
74 678 359
33 662 328
11 683 334
23 656 355
35 679 381
10 634 312
78 652 362
1 637 308
48 666 336
49 624 364
40 624 313
55 620 365
48 661 323
13 607 349
65 633 356
61 647 392
21 607 303
24 689 381
6 650 310
6 604 314
59 690 327
1 618 372
41 653 336
67 651 355
16 678 363
64 617 328
57 608 321
41 610 362
23 679 304
39 687 378
42 665 328
23 614 310
26 642 309
52 653 350
34 677 379
20 683 424
77 639 472
30 618 423
80 619 477
45 642 451
74 626 411
42 697 449
43 675 405
23 676 446
15 604 481
4 663 401
41 603 453
26 657 489
73 681 439
12 647 409
60 659 454
32 622 455
6 633 421
3 692 472
75 621 438
12 639 420
77 611 406
37 665 408
17 610 437
44 643 418
23 678 466
68 640 403
66 628 405
37 648 439
75 691 489
3 661 483
58 658 487
24 648 481
78 638 480
74 678 459
33 662 428
11 683 434
23 656 455
35 679 481
10 634 412
78 652 462
1 637 408
48 666 436
49 624 464
40 624 413
55 620 465
48 661 423
13 607 449
65 633 456
61 647 492
21 607 403
24 689 481
6 650 410
6 604 414
59 690 427
1 618 472
41 653 436
67 651 455
16 678 463
64 617 428
57 608 421
41 610 462
23 679 404
39 687 478
42 665 428
23 614 410
26 642 409
52 653 450
34 677 479
20 683 524
77 639 572
30 618 523
80 619 577
45 642 551
74 626 511
42 697 549
43 675 505
23 676 546
15 604 581
4 663 501
41 603 553
26 657 589
73 681 539
12 647 509
60 659 554
32 622 555
6 633 521
3 692 572
75 621 538
12 639 520
77 611 506
37 665 508
17 610 537
44 643 518
23 678 566
68 640 503
66 628 505
37 648 539
75 691 589
3 661 583
58 658 587
24 648 581
78 638 580
74 678 559
33 662 528
11 683 534
23 656 555
35 679 581
10 634 512
78 652 562
1 637 508
48 666 536
49 624 564
40 624 513
55 620 565
48 661 523
13 607 549
65 633 556
61 647 592
21 607 503
24 689 581
6 650 510
6 604 514
59 690 527
1 618 572
41 653 536
67 651 555
16 678 563
64 617 528
57 608 521
41 610 562
23 679 504
39 687 578
42 665 528
23 614 510
26 642 509
52 653 550
34 677 579
20 683 624
77 639 672
30 618 623
80 619 677
45 642 651
74 626 611
42 697 649
43 675 605
23 676 646
15 604 681
4 663 601
41 603 653
26 657 689
73 681 639
12 647 609
60 659 654
32 622 655
6 633 621
3 692 672
75 621 638
12 639 620
77 611 606
37 665 608
17 610 637
44 643 618
23 678 666
68 640 603
66 628 605
37 648 639
75 691 689
3 661 683
58 658 687
24 648 681
78 638 680
74 678 659
33 662 628
11 683 634
23 656 655
35 679 681
10 634 612
78 652 662
1 637 608
48 666 636
49 624 664
40 624 613
55 620 665
48 661 623
13 607 649
65 633 656
61 647 692
21 607 603
24 689 681
6 650 610
6 604 614
59 690 627
1 618 672
41 653 636
67 651 655
16 678 663
64 617 628
57 608 621
41 610 662
23 679 604
39 687 678
42 665 628
23 614 610
26 642 609
52 653 650
34 677 679
20 683 724
77 639 772
30 618 723
80 619 777
45 642 751
74 626 711
42 697 749
43 675 705
23 676 746
15 604 781
4 663 701
41 603 753
26 657 789
73 681 739
12 647 709
60 659 754
32 622 755
6 633 721
3 692 772
75 621 738
12 639 720
77 611 706
37 665 708
17 610 737
44 643 718
23 678 766
68 640 703
66 628 705
37 648 739
75 691 789
3 661 783
58 658 787
24 648 781
78 638 780
74 678 759
33 662 728
11 683 734
23 656 755
35 679 781
10 634 712
78 652 762
1 637 708
48 666 736
49 624 764
40 624 713
55 620 765
48 661 723
13 607 749
65 633 756
61 647 792
21 607 703
24 689 781
6 650 710
6 604 714
59 690 727
1 618 772
41 653 736
67 651 755
16 678 763
64 617 728
57 608 721
41 610 762
23 679 704
39 687 778
42 665 728
23 614 710
26 642 709
52 653 750
34 677 779
20 683 824
77 639 872
30 618 823
80 619 877
45 642 851
74 626 811
42 697 849
43 675 805
23 676 846
15 604 881
4 663 801
41 603 853
26 657 889
73 681 839
12 647 809
60 659 854
32 622 855
6 633 821
3 692 872
75 621 838
12 639 820
77 611 806
37 665 808
17 610 837
44 643 818
23 678 866
68 640 803
66 628 805
37 648 839
75 691 889
3 661 883
58 658 887
24 648 881
78 638 880
74 678 859
33 662 828
11 683 834
23 656 855
35 679 881
10 634 812
78 652 862
1 637 808
48 666 836
49 624 864
40 624 813
55 620 865
48 661 823
13 607 849
65 633 856
61 647 892
21 607 803
24 689 881
6 650 810
6 604 814
59 690 827
1 618 872
41 653 836
67 651 855
16 678 863
64 617 828
57 608 821
41 610 862
23 679 804
39 687 878
42 665 828
23 614 810
26 642 809
52 653 850
34 677 879
20 683 924
77 639 972
30 618 923
80 619 977
45 642 951
74 626 911
42 697 949
43 675 905
23 676 946
15 604 981
4 663 901
41 603 953
26 657 989
73 681 939
12 647 909
60 659 954
32 622 955
6 633 921
3 692 972
75 621 938
12 639 920
77 611 906
37 665 908
17 610 937
44 643 918
23 678 966
68 640 903
66 628 905
37 648 939
75 691 989
3 661 983
58 658 987
24 648 981
78 638 980
74 678 959
33 662 928
11 683 934
23 656 955
35 679 981
10 634 912
78 652 962
1 637 908
48 666 936
49 624 964
40 624 913
55 620 965
48 661 923
13 607 949
65 633 956
61 647 992
21 607 903
24 689 981
6 650 910
6 604 914
59 690 927
1 618 972
41 653 936
67 651 955
16 678 963
64 617 928
57 608 921
41 610 962
23 679 904
39 687 978
42 665 928
23 614 910
26 642 909
52 653 950
34 677 979
20 783 24
77 739 72
30 718 23
80 719 77
45 742 51
74 726 11
42 797 49
43 775 5
23 776 46
15 704 81
4 763 1
41 703 53
26 757 89
73 781 39
12 747 9
60 759 54
32 722 55
6 733 21
3 792 72
75 721 38
12 739 20
77 711 6
37 765 8
17 710 37
44 743 18
23 778 66
68 740 3
66 728 5
37 748 39
75 791 89
3 761 83
58 758 87
24 748 81
78 738 80
74 778 59
33 762 28
11 783 34
23 756 55
35 779 81
10 734 12
78 752 62
1 737 8
48 766 36
49 724 64
40 724 13
55 720 65
48 761 23
13 707 49
65 733 56
61 747 92
21 707 3
24 789 81
6 750 10
6 704 14
59 790 27
1 718 72
41 753 36
67 751 55
16 778 63
64 717 28
57 708 21
41 710 62
23 779 4
39 787 78
42 765 28
23 714 10
26 742 9
52 753 50
34 777 79
20 783 124
77 739 172
30 718 123
80 719 177
45 742 151
74 726 111
42 797 149
43 775 105
23 776 146
15 704 181
4 763 101
41 703 153
26 757 189
73 781 139
12 747 109
60 759 154
32 722 155
6 733 121
3 792 172
75 721 138
12 739 120
77 711 106
37 765 108
17 710 137
44 743 118
23 778 166
68 740 103
66 728 105
37 748 139
75 791 189
3 761 183
58 758 187
24 748 181
78 738 180
74 778 159
33 762 128
11 783 134
23 756 155
35 779 181
10 734 112
78 752 162
1 737 108
48 766 136
49 724 164
40 724 113
55 720 165
48 761 123
13 707 149
65 733 156
61 747 192
21 707 103
24 789 181
6 750 110
6 704 114
59 790 127
1 718 172
41 753 136
67 751 155
16 778 163
64 717 128
57 708 121
41 710 162
23 779 104
39 787 178
42 765 128
23 714 110
26 742 109
52 753 150
34 777 179
20 783 224
77 739 272
30 718 223
80 719 277
45 742 251
74 726 211
42 797 249
43 775 205
23 776 246
15 704 281
4 763 201
41 703 253
26 757 289
73 781 239
12 747 209
60 759 254
32 722 255
6 733 221
3 792 272
75 721 238
12 739 220
77 711 206
37 765 208
17 710 237
44 743 218
23 778 266
68 740 203
66 728 205
37 748 239
75 791 289
3 761 283
58 758 287
24 748 281
78 738 280
74 778 259
33 762 228
11 783 234
23 756 255
35 779 281
10 734 212
78 752 262
1 737 208
48 766 236
49 724 264
40 724 213
55 720 265
48 761 223
13 707 249
65 733 256
61 747 292
21 707 203
24 789 281
6 750 210
6 704 214
59 790 227
1 718 272
41 753 236
67 751 255
16 778 263
64 717 228
57 708 221
41 710 262
23 779 204
39 787 278
42 765 228
23 714 210
26 742 209
52 753 250
34 777 279
20 783 324
77 739 372
30 718 323
80 719 377
45 742 351
74 726 311
42 797 349
43 775 305
23 776 346
15 704 381
4 763 301
41 703 353
26 757 389
73 781 339
12 747 309
60 759 354
32 722 355
6 733 321
3 792 372
75 721 338
12 739 320
77 711 306
37 765 308
17 710 337
44 743 318
23 778 366
68 740 303
66 728 305
37 748 339
75 791 389
3 761 383
58 758 387
24 748 381
78 738 380
74 778 359
33 762 328
11 783 334
23 756 355
35 779 381
10 734 312
78 752 362
1 737 308
48 766 336
49 724 364
40 724 313
55 720 365
48 761 323
13 707 349
65 733 356
61 747 392
21 707 303
24 789 381
6 750 310
6 704 314
59 790 327
1 718 372
41 753 336
67 751 355
16 778 363
64 717 328
57 708 321
41 710 362
23 779 304
39 787 378
42 765 328
23 714 310
26 742 309
52 753 350
34 777 379
20 783 424
77 739 472
30 718 423
80 719 477
45 742 451
74 726 411
42 797 449
43 775 405
23 776 446
15 704 481
4 763 401
41 703 453
26 757 489
73 781 439
12 747 409
60 759 454
32 722 455
6 733 421
3 792 472
75 721 438
12 739 420
77 711 406
37 765 408
17 710 437
44 743 418
23 778 466
68 740 403
66 728 405
37 748 439
75 791 489
3 761 483
58 758 487
24 748 481
78 738 480
74 778 459
33 762 428
11 783 434
23 756 455
35 779 481
10 734 412
78 752 462
1 737 408
48 766 436
49 724 464
40 724 413
55 720 465
48 761 423
13 707 449
65 733 456
61 747 492
21 707 403
24 789 481
6 750 410
6 704 414
59 790 427
1 718 472
41 753 436
67 751 455
16 778 463
64 717 428
57 708 421
41 710 462
23 779 404
39 787 478
42 765 428
23 714 410
26 742 409
52 753 450
34 777 479
20 783 524
77 739 572
30 718 523
80 719 577
45 742 551
74 726 511
42 797 549
43 775 505
23 776 546
15 704 581
4 763 501
41 703 553
26 757 589
73 781 539
12 747 509
60 759 554
32 722 555
6 733 521
3 792 572
75 721 538
12 739 520
77 711 506
37 765 508
17 710 537
44 743 518
23 778 566
68 740 503
66 728 505
37 748 539
75 791 589
3 761 583
58 758 587
24 748 581
78 738 580
74 778 559
33 762 528
11 783 534
23 756 555
35 779 581
10 734 512
78 752 562
1 737 508
48 766 536
49 724 564
40 724 513
55 720 565
48 761 523
13 707 549
65 733 556
61 747 592
21 707 503
24 789 581
6 750 510
6 704 514
59 790 527
1 718 572
41 753 536
67 751 555
16 778 563
64 717 528
57 708 521
41 710 562
23 779 504
39 787 578
42 765 528
23 714 510
26 742 509
52 753 550
34 777 579
20 783 624
77 739 672
30 718 623
80 719 677
45 742 651
74 726 611
42 797 649
43 775 605
23 776 646
15 704 681
4 763 601
41 703 653
26 757 689
73 781 639
12 747 609
60 759 654
32 722 655
6 733 621
3 792 672
75 721 638
12 739 620
77 711 606
37 765 608
17 710 637
44 743 618
23 778 666
68 740 603
66 728 605
37 748 639
75 791 689
3 761 683
58 758 687
24 748 681
78 738 680
74 778 659
33 762 628
11 783 634
23 756 655
35 779 681
10 734 612
78 752 662
1 737 608
48 766 636
49 724 664
40 724 613
55 720 665
48 761 623
13 707 649
65 733 656
61 747 692
21 707 603
24 789 681
6 750 610
6 704 614
59 790 627
1 718 672
41 753 636
67 751 655
16 778 663
64 717 628
57 708 621
41 710 662
23 779 604
39 787 678
42 765 628
23 714 610
26 742 609
52 753 650
34 777 679
20 783 724
77 739 772
30 718 723
80 719 777
45 742 751
74 726 711
42 797 749
43 775 705
23 776 746
15 704 781
4 763 701
41 703 753
26 757 789
73 781 739
12 747 709
60 759 754
32 722 755
6 733 721
3 792 772
75 721 738
12 739 720
77 711 706
37 765 708
17 710 737
44 743 718
23 778 766
68 740 703
66 728 705
37 748 739
75 791 789
3 761 783
58 758 787
24 748 781
78 738 780
74 778 759
33 762 728
11 783 734
23 756 755
35 779 781
10 734 712
78 752 762
1 737 708
48 766 736
49 724 764
40 724 713
55 720 765
48 761 723
13 707 749
65 733 756
61 747 792
21 707 703
24 789 781
6 750 710
6 704 714
59 790 727
1 718 772
41 753 736
67 751 755
16 778 763
64 717 728
57 708 721
41 710 762
23 779 704
39 787 778
42 765 728
23 714 710
26 742 709
52 753 750
34 777 779
20 783 824
77 739 872
30 718 823
80 719 877
45 742 851
74 726 811
42 797 849
43 775 805
23 776 846
15 704 881
4 763 801
41 703 853
26 757 889
73 781 839
12 747 809
60 759 854
32 722 855
6 733 821
3 792 872
75 721 838
12 739 820
77 711 806
37 765 808
17 710 837
44 743 818
23 778 866
68 740 803
66 728 805
37 748 839
75 791 889
3 761 883
58 758 887
24 748 881
78 738 880
74 778 859
33 762 828
11 783 834
23 756 855
35 779 881
10 734 812
78 752 862
1 737 808
48 766 836
49 724 864
40 724 813
55 720 865
48 761 823
13 707 849
65 733 856
61 747 892
21 707 803
24 789 881
6 750 810
6 704 814
59 790 827
1 718 872
41 753 836
67 751 855
16 778 863
64 717 828
57 708 821
41 710 862
23 779 804
39 787 878
42 765 828
23 714 810
26 742 809
52 753 850
34 777 879
20 783 924
77 739 972
30 718 923
80 719 977
45 742 951
74 726 911
42 797 949
43 775 905
23 776 946
15 704 981
4 763 901
41 703 953
26 757 989
73 781 939
12 747 909
60 759 954
32 722 955
6 733 921
3 792 972
75 721 938
12 739 920
77 711 906
37 765 908
17 710 937
44 743 918
23 778 966
68 740 903
66 728 905
37 748 939
75 791 989
3 761 983
58 758 987
24 748 981
78 738 980
74 778 959
33 762 928
11 783 934
23 756 955
35 779 981
10 734 912
78 752 962
1 737 908
48 766 936
49 724 964
40 724 913
55 720 965
48 761 923
13 707 949
65 733 956
61 747 992
21 707 903
24 789 981
6 750 910
6 704 914
59 790 927
1 718 972
41 753 936
67 751 955
16 778 963
64 717 928
57 708 921
41 710 962
23 779 904
39 787 978
42 765 928
23 714 910
26 742 909
52 753 950
34 777 979
20 883 24
77 839 72
30 818 23
80 819 77
45 842 51
74 826 11
42 897 49
43 875 5
23 876 46
15 804 81
4 863 1
41 803 53
26 857 89
73 881 39
12 847 9
60 859 54
32 822 55
6 833 21
3 892 72
75 821 38
12 839 20
77 811 6
37 865 8
17 810 37
44 843 18
23 878 66
68 840 3
66 828 5
37 848 39
75 891 89
3 861 83
58 858 87
24 848 81
78 838 80
74 878 59
33 862 28
11 883 34
23 856 55
35 879 81
10 834 12
78 852 62
1 837 8
48 866 36
49 824 64
40 824 13
55 820 65
48 861 23
13 807 49
65 833 56
61 847 92
21 807 3
24 889 81
6 850 10
6 804 14
59 890 27
1 818 72
41 853 36
67 851 55
16 878 63
64 817 28
57 808 21
41 810 62
23 879 4
39 887 78
42 865 28
23 814 10
26 842 9
52 853 50
34 877 79
20 883 124
77 839 172
30 818 123
80 819 177
45 842 151
74 826 111
42 897 149
43 875 105
23 876 146
15 804 181
4 863 101
41 803 153
26 857 189
73 881 139
12 847 109
60 859 154
32 822 155
6 833 121
3 892 172
75 821 138
12 839 120
77 811 106
37 865 108
17 810 137
44 843 118
23 878 166
68 840 103
66 828 105
37 848 139
75 891 189
3 861 183
58 858 187
24 848 181
78 838 180
74 878 159
33 862 128
11 883 134
23 856 155
35 879 181
10 834 112
78 852 162
1 837 108
48 866 136
49 824 164
40 824 113
55 820 165
48 861 123
13 807 149
65 833 156
61 847 192
21 807 103
24 889 181
6 850 110
6 804 114
59 890 127
1 818 172
41 853 136
67 851 155
16 878 163
64 817 128
57 808 121
41 810 162
23 879 104
39 887 178
42 865 128
23 814 110
26 842 109
52 853 150
34 877 179
20 883 224
77 839 272
30 818 223
80 819 277
45 842 251
74 826 211
42 897 249
43 875 205
23 876 246
15 804 281
4 863 201
41 803 253
26 857 289
73 881 239
12 847 209
60 859 254
32 822 255
6 833 221
3 892 272
75 821 238
12 839 220
77 811 206
37 865 208
17 810 237
44 843 218
23 878 266
68 840 203
66 828 205
37 848 239
75 891 289
3 861 283
58 858 287
24 848 281
78 838 280
74 878 259
33 862 228
11 883 234
23 856 255
35 879 281
10 834 212
78 852 262
1 837 208
48 866 236
49 824 264
40 824 213
55 820 265
48 861 223
13 807 249
65 833 256
61 847 292
21 807 203
24 889 281
6 850 210
6 804 214
59 890 227
1 818 272
41 853 236
67 851 255
16 878 263
64 817 228
57 808 221
41 810 262
23 879 204
39 887 278
42 865 228
23 814 210
26 842 209
52 853 250
34 877 279
20 883 324
77 839 372
30 818 323
80 819 377
45 842 351
74 826 311
42 897 349
43 875 305
23 876 346
15 804 381
4 863 301
41 803 353
26 857 389
73 881 339
12 847 309
60 859 354
32 822 355
6 833 321
3 892 372
75 821 338
12 839 320
77 811 306
37 865 308
17 810 337
44 843 318
23 878 366
68 840 303
66 828 305
37 848 339
75 891 389
3 861 383
58 858 387
24 848 381
78 838 380
74 878 359
33 862 328
11 883 334
23 856 355
35 879 381
10 834 312
78 852 362
1 837 308
48 866 336
49 824 364
40 824 313
55 820 365
48 861 323
13 807 349
65 833 356
61 847 392
21 807 303
24 889 381
6 850 310
6 804 314
59 890 327
1 818 372
41 853 336
67 851 355
16 878 363
64 817 328
57 808 321
41 810 362
23 879 304
39 887 378
42 865 328
23 814 310
26 842 309
52 853 350
34 877 379
20 883 424
77 839 472
30 818 423
80 819 477
45 842 451
74 826 411
42 897 449
43 875 405
23 876 446
15 804 481
4 863 401
41 803 453
26 857 489
73 881 439
12 847 409
60 859 454
32 822 455
6 833 421
3 892 472
75 821 438
12 839 420
77 811 406
37 865 408
17 810 437
44 843 418
23 878 466
68 840 403
66 828 405
37 848 439
75 891 489
3 861 483
58 858 487
24 848 481
78 838 480
74 878 459
33 862 428
11 883 434
23 856 455
35 879 481
10 834 412
78 852 462
1 837 408
48 866 436
49 824 464
40 824 413
55 820 465
48 861 423
13 807 449
65 833 456
61 847 492
21 807 403
24 889 481
6 850 410
6 804 414
59 890 427
1 818 472
41 853 436
67 851 455
16 878 463
64 817 428
57 808 421
41 810 462
23 879 404
39 887 478
42 865 428
23 814 410
26 842 409
52 853 450
34 877 479
20 883 524
77 839 572
30 818 523
80 819 577
45 842 551
74 826 511
42 897 549
43 875 505
23 876 546
15 804 581
4 863 501
41 803 553
26 857 589
73 881 539
12 847 509
60 859 554
32 822 555
6 833 521
3 892 572
75 821 538
12 839 520
77 811 506
37 865 508
17 810 537
44 843 518
23 878 566
68 840 503
66 828 505
37 848 539
75 891 589
3 861 583
58 858 587
24 848 581
78 838 580
74 878 559
33 862 528
11 883 534
23 856 555
35 879 581
10 834 512
78 852 562
1 837 508
48 866 536
49 824 564
40 824 513
55 820 565
48 861 523
13 807 549
65 833 556
61 847 592
21 807 503
24 889 581
6 850 510
6 804 514
59 890 527
1 818 572
41 853 536
67 851 555
16 878 563
64 817 528
57 808 521
41 810 562
23 879 504
39 887 578
42 865 528
23 814 510
26 842 509
52 853 550
34 877 579
20 883 624
77 839 672
30 818 623
80 819 677
45 842 651
74 826 611
42 897 649
43 875 605
23 876 646
15 804 681
4 863 601
41 803 653
26 857 689
73 881 639
12 847 609
60 859 654
32 822 655
6 833 621
3 892 672
75 821 638
12 839 620
77 811 606
37 865 608
17 810 637
44 843 618
23 878 666
68 840 603
66 828 605
37 848 639
75 891 689
3 861 683
58 858 687
24 848 681
78 838 680
74 878 659
33 862 628
11 883 634
23 856 655
35 879 681
10 834 612
78 852 662
1 837 608
48 866 636
49 824 664
40 824 613
55 820 665
48 861 623
13 807 649
65 833 656
61 847 692
21 807 603
24 889 681
6 850 610
6 804 614
59 890 627
1 818 672
41 853 636
67 851 655
16 878 663
64 817 628
57 808 621
41 810 662
23 879 604
39 887 678
42 865 628
23 814 610
26 842 609
52 853 650
34 877 679
20 883 724
77 839 772
30 818 723
80 819 777
45 842 751
74 826 711
42 897 749
43 875 705
23 876 746
15 804 781
4 863 701
41 803 753
26 857 789
73 881 739
12 847 709
60 859 754
32 822 755
6 833 721
3 892 772
75 821 738
12 839 720
77 811 706
37 865 708
17 810 737
44 843 718
23 878 766
68 840 703
66 828 705
37 848 739
75 891 789
3 861 783
58 858 787
24 848 781
78 838 780
74 878 759
33 862 728
11 883 734
23 856 755
35 879 781
10 834 712
78 852 762
1 837 708
48 866 736
49 824 764
40 824 713
55 820 765
48 861 723
13 807 749
65 833 756
61 847 792
21 807 703
24 889 781
6 850 710
6 804 714
59 890 727
1 818 772
41 853 736
67 851 755
16 878 763
64 817 728
57 808 721
41 810 762
23 879 704
39 887 778
42 865 728
23 814 710
26 842 709
52 853 750
34 877 779
20 883 824
77 839 872
30 818 823
80 819 877
45 842 851
74 826 811
42 897 849
43 875 805
23 876 846
15 804 881
4 863 801
41 803 853
26 857 889
73 881 839
12 847 809
60 859 854
32 822 855
6 833 821
3 892 872
75 821 838
12 839 820
77 811 806
37 865 808
17 810 837
44 843 818
23 878 866
68 840 803
66 828 805
37 848 839
75 891 889
3 861 883
58 858 887
24 848 881
78 838 880
74 878 859
33 862 828
11 883 834
23 856 855
35 879 881
10 834 812
78 852 862
1 837 808
48 866 836
49 824 864
40 824 813
55 820 865
48 861 823
13 807 849
65 833 856
61 847 892
21 807 803
24 889 881
6 850 810
6 804 814
59 890 827
1 818 872
41 853 836
67 851 855
16 878 863
64 817 828
57 808 821
41 810 862
23 879 804
39 887 878
42 865 828
23 814 810
26 842 809
52 853 850
34 877 879
20 883 924
77 839 972
30 818 923
80 819 977
45 842 951
74 826 911
42 897 949
43 875 905
23 876 946
15 804 981
4 863 901
41 803 953
26 857 989
73 881 939
12 847 909
60 859 954
32 822 955
6 833 921
3 892 972
75 821 938
12 839 920
77 811 906
37 865 908
17 810 937
44 843 918
23 878 966
68 840 903
66 828 905
37 848 939
75 891 989
3 861 983
58 858 987
24 848 981
78 838 980
74 878 959
33 862 928
11 883 934
23 856 955
35 879 981
10 834 912
78 852 962
1 837 908
48 866 936
49 824 964
40 824 913
55 820 965
48 861 923
13 807 949
65 833 956
61 847 992
21 807 903
24 889 981
6 850 910
6 804 914
59 890 927
1 818 972
41 853 936
67 851 955
16 878 963
64 817 928
57 808 921
41 810 962
23 879 904
39 887 978
42 865 928
23 814 910
26 842 909
52 853 950
34 877 979
20 983 24
77 939 72
30 918 23
80 919 77
45 942 51
74 926 11
42 997 49
43 975 5
23 976 46
15 904 81
4 963 1
41 903 53
26 957 89
73 981 39
12 947 9
60 959 54
32 922 55
6 933 21
3 992 72
75 921 38
12 939 20
77 911 6
37 965 8
17 910 37
44 943 18
23 978 66
68 940 3
66 928 5
37 948 39
75 991 89
3 961 83
58 958 87
24 948 81
78 938 80
74 978 59
33 962 28
11 983 34
23 956 55
35 979 81
10 934 12
78 952 62
1 937 8
48 966 36
49 924 64
40 924 13
55 920 65
48 961 23
13 907 49
65 933 56
61 947 92
21 907 3
24 989 81
6 950 10
6 904 14
59 990 27
1 918 72
41 953 36
67 951 55
16 978 63
64 917 28
57 908 21
41 910 62
23 979 4
39 987 78
42 965 28
23 914 10
26 942 9
52 953 50
34 977 79
20 983 124
77 939 172
30 918 123
80 919 177
45 942 151
74 926 111
42 997 149
43 975 105
23 976 146
15 904 181
4 963 101
41 903 153
26 957 189
73 981 139
12 947 109
60 959 154
32 922 155
6 933 121
3 992 172
75 921 138
12 939 120
77 911 106
37 965 108
17 910 137
44 943 118
23 978 166
68 940 103
66 928 105
37 948 139
75 991 189
3 961 183
58 958 187
24 948 181
78 938 180
74 978 159
33 962 128
11 983 134
23 956 155
35 979 181
10 934 112
78 952 162
1 937 108
48 966 136
49 924 164
40 924 113
55 920 165
48 961 123
13 907 149
65 933 156
61 947 192
21 907 103
24 989 181
6 950 110
6 904 114
59 990 127
1 918 172
41 953 136
67 951 155
16 978 163
64 917 128
57 908 121
41 910 162
23 979 104
39 987 178
42 965 128
23 914 110
26 942 109
52 953 150
34 977 179
20 983 224
77 939 272
30 918 223
80 919 277
45 942 251
74 926 211
42 997 249
43 975 205
23 976 246
15 904 281
4 963 201
41 903 253
26 957 289
73 981 239
12 947 209
60 959 254
32 922 255
6 933 221
3 992 272
75 921 238
12 939 220
77 911 206
37 965 208
17 910 237
44 943 218
23 978 266
68 940 203
66 928 205
37 948 239
75 991 289
3 961 283
58 958 287
24 948 281
78 938 280
74 978 259
33 962 228
11 983 234
23 956 255
35 979 281
10 934 212
78 952 262
1 937 208
48 966 236
49 924 264
40 924 213
55 920 265
48 961 223
13 907 249
65 933 256
61 947 292
21 907 203
24 989 281
6 950 210
6 904 214
59 990 227
1 918 272
41 953 236
67 951 255
16 978 263
64 917 228
57 908 221
41 910 262
23 979 204
39 987 278
42 965 228
23 914 210
26 942 209
52 953 250
34 977 279
20 983 324
77 939 372
30 918 323
80 919 377
45 942 351
74 926 311
42 997 349
43 975 305
23 976 346
15 904 381
4 963 301
41 903 353
26 957 389
73 981 339
12 947 309
60 959 354
32 922 355
6 933 321
3 992 372
75 921 338
12 939 320
77 911 306
37 965 308
17 910 337
44 943 318
23 978 366
68 940 303
66 928 305
37 948 339
75 991 389
3 961 383
58 958 387
24 948 381
78 938 380
74 978 359
33 962 328
11 983 334
23 956 355
35 979 381
10 934 312
78 952 362
1 937 308
48 966 336
49 924 364
40 924 313
55 920 365
48 961 323
13 907 349
65 933 356
61 947 392
21 907 303
24 989 381
6 950 310
6 904 314
59 990 327
1 918 372
41 953 336
67 951 355
16 978 363
64 917 328
57 908 321
41 910 362
23 979 304
39 987 378
42 965 328
23 914 310
26 942 309
52 953 350
34 977 379
20 983 424
77 939 472
30 918 423
80 919 477
45 942 451
74 926 411
42 997 449
43 975 405
23 976 446
15 904 481
4 963 401
41 903 453
26 957 489
73 981 439
12 947 409
60 959 454
32 922 455
6 933 421
3 992 472
75 921 438
12 939 420
77 911 406
37 965 408
17 910 437
44 943 418
23 978 466
68 940 403
66 928 405
37 948 439
75 991 489
3 961 483
58 958 487
24 948 481
78 938 480
74 978 459
33 962 428
11 983 434
23 956 455
35 979 481
10 934 412
78 952 462
1 937 408
48 966 436
49 924 464
40 924 413
55 920 465
48 961 423
13 907 449
65 933 456
61 947 492
21 907 403
24 989 481
6 950 410
6 904 414
59 990 427
1 918 472
41 953 436
67 951 455
16 978 463
64 917 428
57 908 421
41 910 462
23 979 404
39 987 478
42 965 428
23 914 410
26 942 409
52 953 450
34 977 479
20 983 524
77 939 572
30 918 523
80 919 577
45 942 551
74 926 511
42 997 549
43 975 505
23 976 546
15 904 581
4 963 501
41 903 553
26 957 589
73 981 539
12 947 509
60 959 554
32 922 555
6 933 521
3 992 572
75 921 538
12 939 520
77 911 506
37 965 508
17 910 537
44 943 518
23 978 566
68 940 503
66 928 505
37 948 539
75 991 589
3 961 583
58 958 587
24 948 581
78 938 580
74 978 559
33 962 528
11 983 534
23 956 555
35 979 581
10 934 512
78 952 562
1 937 508
48 966 536
49 924 564
40 924 513
55 920 565
48 961 523
13 907 549
65 933 556
61 947 592
21 907 503
24 989 581
6 950 510
6 904 514
59 990 527
1 918 572
41 953 536
67 951 555
16 978 563
64 917 528
57 908 521
41 910 562
23 979 504
39 987 578
42 965 528
23 914 510
26 942 509
52 953 550
34 977 579
20 983 624
77 939 672
30 918 623
80 919 677
45 942 651
74 926 611
42 997 649
43 975 605
23 976 646
15 904 681
4 963 601
41 903 653
26 957 689
73 981 639
12 947 609
60 959 654
32 922 655
6 933 621
3 992 672
75 921 638
12 939 620
77 911 606
37 965 608
17 910 637
44 943 618
23 978 666
68 940 603
66 928 605
37 948 639
75 991 689
3 961 683
58 958 687
24 948 681
78 938 680
74 978 659
33 962 628
11 983 634
23 956 655
35 979 681
10 934 612
78 952 662
1 937 608
48 966 636
49 924 664
40 924 613
55 920 665
48 961 623
13 907 649
65 933 656
61 947 692
21 907 603
24 989 681
6 950 610
6 904 614
59 990 627
1 918 672
41 953 636
67 951 655
16 978 663
64 917 628
57 908 621
41 910 662
23 979 604
39 987 678
42 965 628
23 914 610
26 942 609
52 953 650
34 977 679
20 983 724
77 939 772
30 918 723
80 919 777
45 942 751
74 926 711
42 997 749
43 975 705
23 976 746
15 904 781
4 963 701
41 903 753
26 957 789
73 981 739
12 947 709
60 959 754
32 922 755
6 933 721
3 992 772
75 921 738
12 939 720
77 911 706
37 965 708
17 910 737
44 943 718
23 978 766
68 940 703
66 928 705
37 948 739
75 991 789
3 961 783
58 958 787
24 948 781
78 938 780
74 978 759
33 962 728
11 983 734
23 956 755
35 979 781
10 934 712
78 952 762
1 937 708
48 966 736
49 924 764
40 924 713
55 920 765
48 961 723
13 907 749
65 933 756
61 947 792
21 907 703
24 989 781
6 950 710
6 904 714
59 990 727
1 918 772
41 953 736
67 951 755
16 978 763
64 917 728
57 908 721
41 910 762
23 979 704
39 987 778
42 965 728
23 914 710
26 942 709
52 953 750
34 977 779
20 983 824
77 939 872
30 918 823
80 919 877
45 942 851
74 926 811
42 997 849
43 975 805
23 976 846
15 904 881
4 963 801
41 903 853
26 957 889
73 981 839
12 947 809
60 959 854
32 922 855
6 933 821
3 992 872
75 921 838
12 939 820
77 911 806
37 965 808
17 910 837
44 943 818
23 978 866
68 940 803
66 928 805
37 948 839
75 991 889
3 961 883
58 958 887
24 948 881
78 938 880
74 978 859
33 962 828
11 983 834
23 956 855
35 979 881
10 934 812
78 952 862
1 937 808
48 966 836
49 924 864
40 924 813
55 920 865
48 961 823
13 907 849
65 933 856
61 947 892
21 907 803
24 989 881
6 950 810
6 904 814
59 990 827
1 918 872
41 953 836
67 951 855
16 978 863
64 917 828
57 908 821
41 910 862
23 979 804
39 987 878
42 965 828
23 914 810
26 942 809
52 953 850
34 977 879
20 983 924
77 939 972
30 918 923
80 919 977
45 942 951
74 926 911
42 997 949
43 975 905
23 976 946
15 904 981
4 963 901
41 903 953
26 957 989
73 981 939
12 947 909
60 959 954
32 922 955
6 933 921
3 992 972
75 921 938
12 939 920
77 911 906
37 965 908
17 910 937
44 943 918
23 978 966
68 940 903
66 928 905
37 948 939
75 991 989
3 961 983
58 958 987
24 948 981
78 938 980
74 978 959
33 962 928
11 983 934
23 956 955
35 979 981
10 934 912
78 952 962
1 937 908
48 966 936
49 924 964
40 924 913
55 920 965
48 961 923
13 907 949
65 933 956
61 947 992
21 907 903
24 989 981
6 950 910
6 904 914
59 990 927
1 918 972
41 953 936
67 951 955
16 978 963
64 917 928
57 908 921
41 910 962
23 979 904
39 987 978
42 965 928
23 914 910
26 942 909
52 953 950
34 977 979
86 43 4
115 56 52
89 40 70
136 50 5
137 81 9
105 90 38
86 43 104
115 56 152
89 40 170
136 50 105
137 81 109
105 90 138
86 43 204
115 56 252
89 40 270
136 50 205
137 81 209
105 90 238
86 43 304
115 56 352
89 40 370
136 50 305
137 81 309
105 90 338
86 43 404
115 56 452
89 40 470
136 50 405
137 81 409
105 90 438
86 43 504
115 56 552
89 40 570
136 50 505
137 81 509
105 90 538
86 43 604
115 56 652
89 40 670
136 50 605
137 81 609
105 90 638
86 43 704
115 56 752
89 40 770
136 50 705
137 81 709
105 90 738
86 43 804
115 56 852
89 40 870
136 50 805
137 81 809
105 90 838
86 43 904
115 56 952
89 40 970
136 50 905
137 81 909
105 90 938
86 143 4
115 156 52
89 140 70
136 150 5
137 181 9
105 190 38
86 143 104
115 156 152
89 140 170
136 150 105
137 181 109
105 190 138
86 143 204
115 156 252
89 140 270
136 150 205
137 181 209
105 190 238
86 143 304
115 156 352
89 140 370
136 150 305
137 181 309
105 190 338
86 143 404
115 156 452
89 140 470
136 150 405
137 181 409
105 190 438
86 143 504
115 156 552
89 140 570
136 150 505
137 181 509
105 190 538
86 143 604
115 156 652
89 140 670
136 150 605
137 181 609
105 190 638
86 143 704
115 156 752
89 140 770
136 150 705
137 181 709
105 190 738
86 143 804
115 156 852
89 140 870
136 150 805
137 181 809
105 190 838
86 143 904
115 156 952
89 140 970
136 150 905
137 181 909
105 190 938
86 243 4
115 256 52
89 240 70
136 250 5
137 281 9
105 290 38
86 243 104
115 256 152
89 240 170
136 250 105
137 281 109
105 290 138
86 243 204
115 256 252
89 240 270
136 250 205
137 281 209
105 290 238
86 243 304
115 256 352
89 240 370
136 250 305
137 281 309
105 290 338
86 243 404
115 256 452
89 240 470
136 250 405
137 281 409
105 290 438
86 243 504
115 256 552
89 240 570
136 250 505
137 281 509
105 290 538
86 243 604
115 256 652
89 240 670
136 250 605
137 281 609
105 290 638
86 243 704
115 256 752
89 240 770
136 250 705
137 281 709
105 290 738
86 243 804
115 256 852
89 240 870
136 250 805
137 281 809
105 290 838
86 243 904
115 256 952
89 240 970
136 250 905
137 281 909
105 290 938
86 343 4
115 356 52
89 340 70
136 350 5
137 381 9
105 390 38
86 343 104
115 356 152
89 340 170
136 350 105
137 381 109
105 390 138
86 343 204
115 356 252
89 340 270
136 350 205
137 381 209
105 390 238
86 343 304
115 356 352
89 340 370
136 350 305
137 381 309
105 390 338
86 343 404
115 356 452
89 340 470
136 350 405
137 381 409
105 390 438
86 343 504
115 356 552
89 340 570
136 350 505
137 381 509
105 390 538
86 343 604
115 356 652
89 340 670
136 350 605
137 381 609
105 390 638
86 343 704
115 356 752
89 340 770
136 350 705
137 381 709
105 390 738
86 343 804
115 356 852
89 340 870
136 350 805
137 381 809
105 390 838
86 343 904
115 356 952
89 340 970
136 350 905
137 381 909
105 390 938
86 443 4
115 456 52
89 440 70
136 450 5
137 481 9
105 490 38
86 443 104
115 456 152
89 440 170
136 450 105
137 481 109
105 490 138
86 443 204
115 456 252
89 440 270
136 450 205
137 481 209
105 490 238
86 443 304
115 456 352
89 440 370
136 450 305
137 481 309
105 490 338
86 443 404
115 456 452
89 440 470
136 450 405
137 481 409
105 490 438
86 443 504
115 456 552
89 440 570
136 450 505
137 481 509
105 490 538
86 443 604
115 456 652
89 440 670
136 450 605
137 481 609
105 490 638
86 443 704
115 456 752
89 440 770
136 450 705
137 481 709
105 490 738
86 443 804
115 456 852
89 440 870
136 450 805
137 481 809
105 490 838
86 443 904
115 456 952
89 440 970
136 450 905
137 481 909
105 490 938
86 543 4
115 556 52
89 540 70
136 550 5
137 581 9
105 590 38
86 543 104
115 556 152
89 540 170
136 550 105
137 581 109
105 590 138
86 543 204
115 556 252
89 540 270
136 550 205
137 581 209
105 590 238
86 543 304
115 556 352
89 540 370
136 550 305
137 581 309
105 590 338
86 543 404
115 556 452
89 540 470
136 550 405
137 581 409
105 590 438
86 543 504
115 556 552
89 540 570
136 550 505
137 581 509
105 590 538
86 543 604
115 556 652
89 540 670
136 550 605
137 581 609
105 590 638
86 543 704
115 556 752
89 540 770
136 550 705
137 581 709
105 590 738
86 543 804
115 556 852
89 540 870
136 550 805
137 581 809
105 590 838
86 543 904
115 556 952
89 540 970
136 550 905
137 581 909
105 590 938
86 643 4
115 656 52
89 640 70
136 650 5
137 681 9
105 690 38
86 643 104
115 656 152
89 640 170
136 650 105
137 681 109
105 690 138
86 643 204
115 656 252
89 640 270
136 650 205
137 681 209
105 690 238
86 643 304
115 656 352
89 640 370
136 650 305
137 681 309
105 690 338
86 643 404
115 656 452
89 640 470
136 650 405
137 681 409
105 690 438
86 643 504
115 656 552
89 640 570
136 650 505
137 681 509
105 690 538
86 643 604
115 656 652
89 640 670
136 650 605
137 681 609
105 690 638
86 643 704
115 656 752
89 640 770
136 650 705
137 681 709
105 690 738
86 643 804
115 656 852
89 640 870
136 650 805
137 681 809
105 690 838
86 643 904
115 656 952
89 640 970
136 650 905
137 681 909
105 690 938
86 743 4
115 756 52
89 740 70
136 750 5
137 781 9
105 790 38
86 743 104
115 756 152
89 740 170
136 750 105
137 781 109
105 790 138
86 743 204
115 756 252
89 740 270
136 750 205
137 781 209
105 790 238
86 743 304
115 756 352
89 740 370
136 750 305
137 781 309
105 790 338
86 743 404
115 756 452
89 740 470
136 750 405
137 781 409
105 790 438
86 743 504
115 756 552
89 740 570
136 750 505
137 781 509
105 790 538
86 743 604
115 756 652
89 740 670
136 750 605
137 781 609
105 790 638
86 743 704
115 756 752
89 740 770
136 750 705
137 781 709
105 790 738
86 743 804
115 756 852
89 740 870
136 750 805
137 781 809
105 790 838
86 743 904
115 756 952
89 740 970
136 750 905
137 781 909
105 790 938
86 843 4
115 856 52
89 840 70
136 850 5
137 881 9
105 890 38
86 843 104
115 856 152
89 840 170
136 850 105
137 881 109
105 890 138
86 843 204
115 856 252
89 840 270
136 850 205
137 881 209
105 890 238
86 843 304
115 856 352
89 840 370
136 850 305
137 881 309
105 890 338
86 843 404
115 856 452
89 840 470
136 850 405
137 881 409
105 890 438
86 843 504
115 856 552
89 840 570
136 850 505
137 881 509
105 890 538
86 843 604
115 856 652
89 840 670
136 850 605
137 881 609
105 890 638
86 843 704
115 856 752
89 840 770
136 850 705
137 881 709
105 890 738
86 843 804
115 856 852
89 840 870
136 850 805
137 881 809
105 890 838
86 843 904
115 856 952
89 840 970
136 850 905
137 881 909
105 890 938
86 943 4
115 956 52
89 940 70
136 950 5
137 981 9
105 990 38
86 943 104
115 956 152
89 940 170
136 950 105
137 981 109
105 990 138
86 943 204
115 956 252
89 940 270
136 950 205
137 981 209
105 990 238
86 943 304
115 956 352
89 940 370
136 950 305
137 981 309
105 990 338
86 943 404
115 956 452
89 940 470
136 950 405
137 981 409
105 990 438
86 943 504
115 956 552
89 940 570
136 950 505
137 981 509
105 990 538
86 943 604
115 956 652
89 940 670
136 950 605
137 981 609
105 990 638
86 943 704
115 956 752
89 940 770
136 950 705
137 981 709
105 990 738
86 943 804
115 956 852
89 940 870
136 950 805
137 981 809
105 990 838
86 943 904
115 956 952
89 940 970
136 950 905
137 981 909
105 990 938
