5500
50 22 78
53 83 40
36 92 71
12 12 93
22 92 2
8 62 92
35 48 21
68 19 76
25 53 81
10 95 79
66 42 93
23 55 44
45 27 68
15 83 66
71 30 69
21 96 9
69 67 75
42 64 14
79 29 32
50 22 178
53 83 140
36 92 171
12 12 193
22 92 102
8 62 192
35 48 121
68 19 176
25 53 181
10 95 179
66 42 193
23 55 144
45 27 168
15 83 166
71 30 169
21 96 109
69 67 175
42 64 114
79 29 132
50 22 278
53 83 240
36 92 271
12 12 293
22 92 202
8 62 292
35 48 221
68 19 276
25 53 281
10 95 279
66 42 293
23 55 244
45 27 268
15 83 266
71 30 269
21 96 209
69 67 275
42 64 214
79 29 232
50 22 378
53 83 340
36 92 371
12 12 393
22 92 302
8 62 392
35 48 321
68 19 376
25 53 381
10 95 379
66 42 393
23 55 344
45 27 368
15 83 366
71 30 369
21 96 309
69 67 375
42 64 314
79 29 332
50 22 478
53 83 440
36 92 471
12 12 493
22 92 402
8 62 492
35 48 421
68 19 476
25 53 481
10 95 479
66 42 493
23 55 444
45 27 468
15 83 466
71 30 469
21 96 409
69 67 475
42 64 414
79 29 432
50 22 578
53 83 540
36 92 571
12 12 593
22 92 502
8 62 592
35 48 521
68 19 576
25 53 581
10 95 579
66 42 593
23 55 544
45 27 568
15 83 566
71 30 569
21 96 509
69 67 575
42 64 514
79 29 532
50 22 678
53 83 640
36 92 671
12 12 693
22 92 602
8 62 692
35 48 621
68 19 676
25 53 681
10 95 679
66 42 693
23 55 644
45 27 668
15 83 666
71 30 669
21 96 609
69 67 675
42 64 614
79 29 632
50 22 778
53 83 740
36 92 771
12 12 793
22 92 702
8 62 792
35 48 721
68 19 776
25 53 781
10 95 779
66 42 793
23 55 744
45 27 768
15 83 766
71 30 769
21 96 709
69 67 775
42 64 714
79 29 732
50 22 878
53 83 840
36 92 871
12 12 893
22 92 802
8 62 892
35 48 821
68 19 876
25 53 881
10 95 879
66 42 893
23 55 844
45 27 868
15 83 866
71 30 869
21 96 809
69 67 875
42 64 814
79 29 832
50 22 978
53 83 940
36 92 971
12 12 993
22 92 902
8 62 992
35 48 921
68 19 976
25 53 981
10 95 979
66 42 993
23 55 944
45 27 968
15 83 966
71 30 969
21 96 909
69 67 975
42 64 914
79 29 932
50 122 78
53 183 40
36 192 71
12 112 93
22 192 2
8 162 92
35 148 21
68 119 76
25 153 81
10 195 79
66 142 93
23 155 44
45 127 68
15 183 66
71 130 69
21 196 9
69 167 75
42 164 14
79 129 32
50 122 178
53 183 140
36 192 171
12 112 193
22 192 102
8 162 192
35 148 121
68 119 176
25 153 181
10 195 179
66 142 193
23 155 144
45 127 168
15 183 166
71 130 169
21 196 109
69 167 175
42 164 114
79 129 132
50 122 278
53 183 240
36 192 271
12 112 293
22 192 202
8 162 292
35 148 221
68 119 276
25 153 281
10 195 279
66 142 293
23 155 244
45 127 268
15 183 266
71 130 269
21 196 209
69 167 275
42 164 214
79 129 232
50 122 378
53 183 340
36 192 371
12 112 393
22 192 302
8 162 392
35 148 321
68 119 376
25 153 381
10 195 379
66 142 393
23 155 344
45 127 368
15 183 366
71 130 369
21 196 309
69 167 375
42 164 314
79 129 332
50 122 478
53 183 440
36 192 471
12 112 493
22 192 402
8 162 492
35 148 421
68 119 476
25 153 481
10 195 479
66 142 493
23 155 444
45 127 468
15 183 466
71 130 469
21 196 409
69 167 475
42 164 414
79 129 432
50 122 578
53 183 540
36 192 571
12 112 593
22 192 502
8 162 592
35 148 521
68 119 576
25 153 581
10 195 579
66 142 593
23 155 544
45 127 568
15 183 566
71 130 569
21 196 509
69 167 575
42 164 514
79 129 532
50 122 678
53 183 640
36 192 671
12 112 693
22 192 602
8 162 692
35 148 621
68 119 676
25 153 681
10 195 679
66 142 693
23 155 644
45 127 668
15 183 666
71 130 669
21 196 609
69 167 675
42 164 614
79 129 632
50 122 778
53 183 740
36 192 771
12 112 793
22 192 702
8 162 792
35 148 721
68 119 776
25 153 781
10 195 779
66 142 793
23 155 744
45 127 768
15 183 766
71 130 769
21 196 709
69 167 775
42 164 714
79 129 732
50 122 878
53 183 840
36 192 871
12 112 893
22 192 802
8 162 892
35 148 821
68 119 876
25 153 881
10 195 879
66 142 893
23 155 844
45 127 868
15 183 866
71 130 869
21 196 809
69 167 875
42 164 814
79 129 832
50 122 978
53 183 940
36 192 971
12 112 993
22 192 902
8 162 992
35 148 921
68 119 976
25 153 981
10 195 979
66 142 993
23 155 944
45 127 968
15 183 966
71 130 969
21 196 909
69 167 975
42 164 914
79 129 932
50 222 78
53 283 40
36 292 71
12 212 93
22 292 2
8 262 92
35 248 21
68 219 76
25 253 81
10 295 79
66 242 93
23 255 44
45 227 68
15 283 66
71 230 69
21 296 9
69 267 75
42 264 14
79 229 32
50 222 178
53 283 140
36 292 171
12 212 193
22 292 102
8 262 192
35 248 121
68 219 176
25 253 181
10 295 179
66 242 193
23 255 144
45 227 168
15 283 166
71 230 169
21 296 109
69 267 175
42 264 114
79 229 132
50 222 278
53 283 240
36 292 271
12 212 293
22 292 202
8 262 292
35 248 221
68 219 276
25 253 281
10 295 279
66 242 293
23 255 244
45 227 268
15 283 266
71 230 269
21 296 209
69 267 275
42 264 214
79 229 232
50 222 378
53 283 340
36 292 371
12 212 393
22 292 302
8 262 392
35 248 321
68 219 376
25 253 381
10 295 379
66 242 393
23 255 344
45 227 368
15 283 366
71 230 369
21 296 309
69 267 375
42 264 314
79 229 332
50 222 478
53 283 440
36 292 471
12 212 493
22 292 402
8 262 492
35 248 421
68 219 476
25 253 481
10 295 479
66 242 493
23 255 444
45 227 468
15 283 466
71 230 469
21 296 409
69 267 475
42 264 414
79 229 432
50 222 578
53 283 540
36 292 571
12 212 593
22 292 502
8 262 592
35 248 521
68 219 576
25 253 581
10 295 579
66 242 593
23 255 544
45 227 568
15 283 566
71 230 569
21 296 509
69 267 575
42 264 514
79 229 532
50 222 678
53 283 640
36 292 671
12 212 693
22 292 602
8 262 692
35 248 621
68 219 676
25 253 681
10 295 679
66 242 693
23 255 644
45 227 668
15 283 666
71 230 669
21 296 609
69 267 675
42 264 614
79 229 632
50 222 778
53 283 740
36 292 771
12 212 793
22 292 702
8 262 792
35 248 721
68 219 776
25 253 781
10 295 779
66 242 793
23 255 744
45 227 768
15 283 766
71 230 769
21 296 709
69 267 775
42 264 714
79 229 732
50 222 878
53 283 840
36 292 871
12 212 893
22 292 802
8 262 892
35 248 821
68 219 876
25 253 881
10 295 879
66 242 893
23 255 844
45 227 868
15 283 866
71 230 869
21 296 809
69 267 875
42 264 814
79 229 832
50 222 978
53 283 940
36 292 971
12 212 993
22 292 902
8 262 992
35 248 921
68 219 976
25 253 981
10 295 979
66 242 993
23 255 944
45 227 968
15 283 966
71 230 969
21 296 909
69 267 975
42 264 914
79 229 932
50 322 78
53 383 40
36 392 71
12 312 93
22 392 2
8 362 92
35 348 21
68 319 76
25 353 81
10 395 79
66 342 93
23 355 44
45 327 68
15 383 66
71 330 69
21 396 9
69 367 75
42 364 14
79 329 32
50 322 178
53 383 140
36 392 171
12 312 193
22 392 102
8 362 192
35 348 121
68 319 176
25 353 181
10 395 179
66 342 193
23 355 144
45 327 168
15 383 166
71 330 169
21 396 109
69 367 175
42 364 114
79 329 132
50 322 278
53 383 240
36 392 271
12 312 293
22 392 202
8 362 292
35 348 221
68 319 276
25 353 281
10 395 279
66 342 293
23 355 244
45 327 268
15 383 266
71 330 269
21 396 209
69 367 275
42 364 214
79 329 232
50 322 378
53 383 340
36 392 371
12 312 393
22 392 302
8 362 392
35 348 321
68 319 376
25 353 381
10 395 379
66 342 393
23 355 344
45 327 368
15 383 366
71 330 369
21 396 309
69 367 375
42 364 314
79 329 332
50 322 478
53 383 440
36 392 471
12 312 493
22 392 402
8 362 492
35 348 421
68 319 476
25 353 481
10 395 479
66 342 493
23 355 444
45 327 468
15 383 466
71 330 469
21 396 409
69 367 475
42 364 414
79 329 432
50 322 578
53 383 540
36 392 571
12 312 593
22 392 502
8 362 592
35 348 521
68 319 576
25 353 581
10 395 579
66 342 593
23 355 544
45 327 568
15 383 566
71 330 569
21 396 509
69 367 575
42 364 514
79 329 532
50 322 678
53 383 640
36 392 671
12 312 693
22 392 602
8 362 692
35 348 621
68 319 676
25 353 681
10 395 679
66 342 693
23 355 644
45 327 668
15 383 666
71 330 669
21 396 609
69 367 675
42 364 614
79 329 632
50 322 778
53 383 740
36 392 771
12 312 793
22 392 702
8 362 792
35 348 721
68 319 776
25 353 781
10 395 779
66 342 793
23 355 744
45 327 768
15 383 766
71 330 769
21 396 709
69 367 775
42 364 714
79 329 732
50 322 878
53 383 840
36 392 871
12 312 893
22 392 802
8 362 892
35 348 821
68 319 876
25 353 881
10 395 879
66 342 893
23 355 844
45 327 868
15 383 866
71 330 869
21 396 809
69 367 875
42 364 814
79 329 832
50 322 978
53 383 940
36 392 971
12 312 993
22 392 902
8 362 992
35 348 921
68 319 976
25 353 981
10 395 979
66 342 993
23 355 944
45 327 968
15 383 966
71 330 969
21 396 909
69 367 975
42 364 914
79 329 932
50 422 78
53 483 40
36 492 71
12 412 93
22 492 2
8 462 92
35 448 21
68 419 76
25 453 81
10 495 79
66 442 93
23 455 44
45 427 68
15 483 66
71 430 69
21 496 9
69 467 75
42 464 14
79 429 32
50 422 178
53 483 140
36 492 171
12 412 193
22 492 102
8 462 192
35 448 121
68 419 176
25 453 181
10 495 179
66 442 193
23 455 144
45 427 168
15 483 166
71 430 169
21 496 109
69 467 175
42 464 114
79 429 132
50 422 278
53 483 240
36 492 271
12 412 293
22 492 202
8 462 292
35 448 221
68 419 276
25 453 281
10 495 279
66 442 293
23 455 244
45 427 268
15 483 266
71 430 269
21 496 209
69 467 275
42 464 214
79 429 232
50 422 378
53 483 340
36 492 371
12 412 393
22 492 302
8 462 392
35 448 321
68 419 376
25 453 381
10 495 379
66 442 393
23 455 344
45 427 368
15 483 366
71 430 369
21 496 309
69 467 375
42 464 314
79 429 332
50 422 478
53 483 440
36 492 471
12 412 493
22 492 402
8 462 492
35 448 421
68 419 476
25 453 481
10 495 479
66 442 493
23 455 444
45 427 468
15 483 466
71 430 469
21 496 409
69 467 475
42 464 414
79 429 432
50 422 578
53 483 540
36 492 571
12 412 593
22 492 502
8 462 592
35 448 521
68 419 576
25 453 581
10 495 579
66 442 593
23 455 544
45 427 568
15 483 566
71 430 569
21 496 509
69 467 575
42 464 514
79 429 532
50 422 678
53 483 640
36 492 671
12 412 693
22 492 602
8 462 692
35 448 621
68 419 676
25 453 681
10 495 679
66 442 693
23 455 644
45 427 668
15 483 666
71 430 669
21 496 609
69 467 675
42 464 614
79 429 632
50 422 778
53 483 740
36 492 771
12 412 793
22 492 702
8 462 792
35 448 721
68 419 776
25 453 781
10 495 779
66 442 793
23 455 744
45 427 768
15 483 766
71 430 769
21 496 709
69 467 775
42 464 714
79 429 732
50 422 878
53 483 840
36 492 871
12 412 893
22 492 802
8 462 892
35 448 821
68 419 876
25 453 881
10 495 879
66 442 893
23 455 844
45 427 868
15 483 866
71 430 869
21 496 809
69 467 875
42 464 814
79 429 832
50 422 978
53 483 940
36 492 971
12 412 993
22 492 902
8 462 992
35 448 921
68 419 976
25 453 981
10 495 979
66 442 993
23 455 944
45 427 968
15 483 966
71 430 969
21 496 909
69 467 975
42 464 914
79 429 932
50 522 78
53 583 40
36 592 71
12 512 93
22 592 2
8 562 92
35 548 21
68 519 76
25 553 81
10 595 79
66 542 93
23 555 44
45 527 68
15 583 66
71 530 69
21 596 9
69 567 75
42 564 14
79 529 32
50 522 178
53 583 140
36 592 171
12 512 193
22 592 102
8 562 192
35 548 121
68 519 176
25 553 181
10 595 179
66 542 193
23 555 144
45 527 168
15 583 166
71 530 169
21 596 109
69 567 175
42 564 114
79 529 132
50 522 278
53 583 240
36 592 271
12 512 293
22 592 202
8 562 292
35 548 221
68 519 276
25 553 281
10 595 279
66 542 293
23 555 244
45 527 268
15 583 266
71 530 269
21 596 209
69 567 275
42 564 214
79 529 232
50 522 378
53 583 340
36 592 371
12 512 393
22 592 302
8 562 392
35 548 321
68 519 376
25 553 381
10 595 379
66 542 393
23 555 344
45 527 368
15 583 366
71 530 369
21 596 309
69 567 375
42 564 314
79 529 332
50 522 478
53 583 440
36 592 471
12 512 493
22 592 402
8 562 492
35 548 421
68 519 476
25 553 481
10 595 479
66 542 493
23 555 444
45 527 468
15 583 466
71 530 469
21 596 409
69 567 475
42 564 414
79 529 432
50 522 578
53 583 540
36 592 571
12 512 593
22 592 502
8 562 592
35 548 521
68 519 576
25 553 581
10 595 579
66 542 593
23 555 544
45 527 568
15 583 566
71 530 569
21 596 509
69 567 575
42 564 514
79 529 532
50 522 678
53 583 640
36 592 671
12 512 693
22 592 602
8 562 692
35 548 621
68 519 676
25 553 681
10 595 679
66 542 693
23 555 644
45 527 668
15 583 666
71 530 669
21 596 609
69 567 675
42 564 614
79 529 632
50 522 778
53 583 740
36 592 771
12 512 793
22 592 702
8 562 792
35 548 721
68 519 776
25 553 781
10 595 779
66 542 793
23 555 744
45 527 768
15 583 766
71 530 769
21 596 709
69 567 775
42 564 714
79 529 732
50 522 878
53 583 840
36 592 871
12 512 893
22 592 802
8 562 892
35 548 821
68 519 876
25 553 881
10 595 879
66 542 893
23 555 844
45 527 868
15 583 866
71 530 869
21 596 809
69 567 875
42 564 814
79 529 832
50 522 978
53 583 940
36 592 971
12 512 993
22 592 902
8 562 992
35 548 921
68 519 976
25 553 981
10 595 979
66 542 993
23 555 944
45 527 968
15 583 966
71 530 969
21 596 909
69 567 975
42 564 914
79 529 932
50 622 78
53 683 40
36 692 71
12 612 93
22 692 2
8 662 92
35 648 21
68 619 76
25 653 81
10 695 79
66 642 93
23 655 44
45 627 68
15 683 66
71 630 69
21 696 9
69 667 75
42 664 14
79 629 32
50 622 178
53 683 140
36 692 171
12 612 193
22 692 102
8 662 192
35 648 121
68 619 176
25 653 181
10 695 179
66 642 193
23 655 144
45 627 168
15 683 166
71 630 169
21 696 109
69 667 175
42 664 114
79 629 132
50 622 278
53 683 240
36 692 271
12 612 293
22 692 202
8 662 292
35 648 221
68 619 276
25 653 281
10 695 279
66 642 293
23 655 244
45 627 268
15 683 266
71 630 269
21 696 209
69 667 275
42 664 214
79 629 232
50 622 378
53 683 340
36 692 371
12 612 393
22 692 302
8 662 392
35 648 321
68 619 376
25 653 381
10 695 379
66 642 393
23 655 344
45 627 368
15 683 366
71 630 369
21 696 309
69 667 375
42 664 314
79 629 332
50 622 478
53 683 440
36 692 471
12 612 493
22 692 402
8 662 492
35 648 421
68 619 476
25 653 481
10 695 479
66 642 493
23 655 444
45 627 468
15 683 466
71 630 469
21 696 409
69 667 475
42 664 414
79 629 432
50 622 578
53 683 540
36 692 571
12 612 593
22 692 502
8 662 592
35 648 521
68 619 576
25 653 581
10 695 579
66 642 593
23 655 544
45 627 568
15 683 566
71 630 569
21 696 509
69 667 575
42 664 514
79 629 532
50 622 678
53 683 640
36 692 671
12 612 693
22 692 602
8 662 692
35 648 621
68 619 676
25 653 681
10 695 679
66 642 693
23 655 644
45 627 668
15 683 666
71 630 669
21 696 609
69 667 675
42 664 614
79 629 632
50 622 778
53 683 740
36 692 771
12 612 793
22 692 702
8 662 792
35 648 721
68 619 776
25 653 781
10 695 779
66 642 793
23 655 744
45 627 768
15 683 766
71 630 769
21 696 709
69 667 775
42 664 714
79 629 732
50 622 878
53 683 840
36 692 871
12 612 893
22 692 802
8 662 892
35 648 821
68 619 876
25 653 881
10 695 879
66 642 893
23 655 844
45 627 868
15 683 866
71 630 869
21 696 809
69 667 875
42 664 814
79 629 832
50 622 978
53 683 940
36 692 971
12 612 993
22 692 902
8 662 992
35 648 921
68 619 976
25 653 981
10 695 979
66 642 993
23 655 944
45 627 968
15 683 966
71 630 969
21 696 909
69 667 975
42 664 914
79 629 932
50 722 78
53 783 40
36 792 71
12 712 93
22 792 2
8 762 92
35 748 21
68 719 76
25 753 81
10 795 79
66 742 93
23 755 44
45 727 68
15 783 66
71 730 69
21 796 9
69 767 75
42 764 14
79 729 32
50 722 178
53 783 140
36 792 171
12 712 193
22 792 102
8 762 192
35 748 121
68 719 176
25 753 181
10 795 179
66 742 193
23 755 144
45 727 168
15 783 166
71 730 169
21 796 109
69 767 175
42 764 114
79 729 132
50 722 278
53 783 240
36 792 271
12 712 293
22 792 202
8 762 292
35 748 221
68 719 276
25 753 281
10 795 279
66 742 293
23 755 244
45 727 268
15 783 266
71 730 269
21 796 209
69 767 275
42 764 214
79 729 232
50 722 378
53 783 340
36 792 371
12 712 393
22 792 302
8 762 392
35 748 321
68 719 376
25 753 381
10 795 379
66 742 393
23 755 344
45 727 368
15 783 366
71 730 369
21 796 309
69 767 375
42 764 314
79 729 332
50 722 478
53 783 440
36 792 471
12 712 493
22 792 402
8 762 492
35 748 421
68 719 476
25 753 481
10 795 479
66 742 493
23 755 444
45 727 468
15 783 466
71 730 469
21 796 409
69 767 475
42 764 414
79 729 432
50 722 578
53 783 540
36 792 571
12 712 593
22 792 502
8 762 592
35 748 521
68 719 576
25 753 581
10 795 579
66 742 593
23 755 544
45 727 568
15 783 566
71 730 569
21 796 509
69 767 575
42 764 514
79 729 532
50 722 678
53 783 640
36 792 671
12 712 693
22 792 602
8 762 692
35 748 621
68 719 676
25 753 681
10 795 679
66 742 693
23 755 644
45 727 668
15 783 666
71 730 669
21 796 609
69 767 675
42 764 614
79 729 632
50 722 778
53 783 740
36 792 771
12 712 793
22 792 702
8 762 792
35 748 721
68 719 776
25 753 781
10 795 779
66 742 793
23 755 744
45 727 768
15 783 766
71 730 769
21 796 709
69 767 775
42 764 714
79 729 732
50 722 878
53 783 840
36 792 871
12 712 893
22 792 802
8 762 892
35 748 821
68 719 876
25 753 881
10 795 879
66 742 893
23 755 844
45 727 868
15 783 866
71 730 869
21 796 809
69 767 875
42 764 814
79 729 832
50 722 978
53 783 940
36 792 971
12 712 993
22 792 902
8 762 992
35 748 921
68 719 976
25 753 981
10 795 979
66 742 993
23 755 944
45 727 968
15 783 966
71 730 969
21 796 909
69 767 975
42 764 914
79 729 932
50 822 78
53 883 40
36 892 71
12 812 93
22 892 2
8 862 92
35 848 21
68 819 76
25 853 81
10 895 79
66 842 93
23 855 44
45 827 68
15 883 66
71 830 69
21 896 9
69 867 75
42 864 14
79 829 32
50 822 178
53 883 140
36 892 171
12 812 193
22 892 102
8 862 192
35 848 121
68 819 176
25 853 181
10 895 179
66 842 193
23 855 144
45 827 168
15 883 166
71 830 169
21 896 109
69 867 175
42 864 114
79 829 132
50 822 278
53 883 240
36 892 271
12 812 293
22 892 202
8 862 292
35 848 221
68 819 276
25 853 281
10 895 279
66 842 293
23 855 244
45 827 268
15 883 266
71 830 269
21 896 209
69 867 275
42 864 214
79 829 232
50 822 378
53 883 340
36 892 371
12 812 393
22 892 302
8 862 392
35 848 321
68 819 376
25 853 381
10 895 379
66 842 393
23 855 344
45 827 368
15 883 366
71 830 369
21 896 309
69 867 375
42 864 314
79 829 332
50 822 478
53 883 440
36 892 471
12 812 493
22 892 402
8 862 492
35 848 421
68 819 476
25 853 481
10 895 479
66 842 493
23 855 444
45 827 468
15 883 466
71 830 469
21 896 409
69 867 475
42 864 414
79 829 432
50 822 578
53 883 540
36 892 571
12 812 593
22 892 502
8 862 592
35 848 521
68 819 576
25 853 581
10 895 579
66 842 593
23 855 544
45 827 568
15 883 566
71 830 569
21 896 509
69 867 575
42 864 514
79 829 532
50 822 678
53 883 640
36 892 671
12 812 693
22 892 602
8 862 692
35 848 621
68 819 676
25 853 681
10 895 679
66 842 693
23 855 644
45 827 668
15 883 666
71 830 669
21 896 609
69 867 675
42 864 614
79 829 632
50 822 778
53 883 740
36 892 771
12 812 793
22 892 702
8 862 792
35 848 721
68 819 776
25 853 781
10 895 779
66 842 793
23 855 744
45 827 768
15 883 766
71 830 769
21 896 709
69 867 775
42 864 714
79 829 732
50 822 878
53 883 840
36 892 871
12 812 893
22 892 802
8 862 892
35 848 821
68 819 876
25 853 881
10 895 879
66 842 893
23 855 844
45 827 868
15 883 866
71 830 869
21 896 809
69 867 875
42 864 814
79 829 832
50 822 978
53 883 940
36 892 971
12 812 993
22 892 902
8 862 992
35 848 921
68 819 976
25 853 981
10 895 979
66 842 993
23 855 944
45 827 968
15 883 966
71 830 969
21 896 909
69 867 975
42 864 914
79 829 932
50 922 78
53 983 40
36 992 71
12 912 93
22 992 2
8 962 92
35 948 21
68 919 76
25 953 81
10 995 79
66 942 93
23 955 44
45 927 68
15 983 66
71 930 69
21 996 9
69 967 75
42 964 14
79 929 32
50 922 178
53 983 140
36 992 171
12 912 193
22 992 102
8 962 192
35 948 121
68 919 176
25 953 181
10 995 179
66 942 193
23 955 144
45 927 168
15 983 166
71 930 169
21 996 109
69 967 175
42 964 114
79 929 132
50 922 278
53 983 240
36 992 271
12 912 293
22 992 202
8 962 292
35 948 221
68 919 276
25 953 281
10 995 279
66 942 293
23 955 244
45 927 268
15 983 266
71 930 269
21 996 209
69 967 275
42 964 214
79 929 232
50 922 378
53 983 340
36 992 371
12 912 393
22 992 302
8 962 392
35 948 321
68 919 376
25 953 381
10 995 379
66 942 393
23 955 344
45 927 368
15 983 366
71 930 369
21 996 309
69 967 375
42 964 314
79 929 332
50 922 478
53 983 440
36 992 471
12 912 493
22 992 402
8 962 492
35 948 421
68 919 476
25 953 481
10 995 479
66 942 493
23 955 444
45 927 468
15 983 466
71 930 469
21 996 409
69 967 475
42 964 414
79 929 432
50 922 578
53 983 540
36 992 571
12 912 593
22 992 502
8 962 592
35 948 521
68 919 576
25 953 581
10 995 579
66 942 593
23 955 544
45 927 568
15 983 566
71 930 569
21 996 509
69 967 575
42 964 514
79 929 532
50 922 678
53 983 640
36 992 671
12 912 693
22 992 602
8 962 692
35 948 621
68 919 676
25 953 681
10 995 679
66 942 693
23 955 644
45 927 668
15 983 666
71 930 669
21 996 609
69 967 675
42 964 614
79 929 632
50 922 778
53 983 740
36 992 771
12 912 793
22 992 702
8 962 792
35 948 721
68 919 776
25 953 781
10 995 779
66 942 793
23 955 744
45 927 768
15 983 766
71 930 769
21 996 709
69 967 775
42 964 714
79 929 732
50 922 878
53 983 840
36 992 871
12 912 893
22 992 802
8 962 892
35 948 821
68 919 876
25 953 881
10 995 879
66 942 893
23 955 844
45 927 868
15 983 866
71 930 869
21 996 809
69 967 875
42 964 814
79 929 832
50 922 978
53 983 940
36 992 971
12 912 993
22 992 902
8 962 992
35 948 921
68 919 976
25 953 981
10 995 979
66 942 993
23 955 944
45 927 968
15 983 966
71 930 969
21 996 909
69 967 975
42 964 914
79 929 932
155 89 85
123 93 53
87 50 38
94 38 40
136 85 78
165 84 87
105 19 42
140 31 47
152 83 60
140 28 29
164 40 89
175 92 13
124 34 18
142 93 28
154 11 9
152 33 40
169 81 32
172 37 18
89 8 22
86 96 1
153 5 32
83 64 7
91 35 31
176 41 15
123 93 7
133 78 33
130 42 27
151 13 33
149 57 25
158 67 23
113 57 84
121 76 45
141 77 89
162 96 73
145 83 12
149 84 5
155 89 185
123 93 153
87 50 138
94 38 140
136 85 178
165 84 187
105 19 142
140 31 147
152 83 160
140 28 129
164 40 189
175 92 113
124 34 118
142 93 128
154 11 109
152 33 140
169 81 132
172 37 118
89 8 122
86 96 101
153 5 132
83 64 107
91 35 131
176 41 115
123 93 107
133 78 133
130 42 127
151 13 133
149 57 125
158 67 123
113 57 184
121 76 145
141 77 189
162 96 173
145 83 112
149 84 105
155 89 285
123 93 253
87 50 238
94 38 240
136 85 278
165 84 287
105 19 242
140 31 247
152 83 260
140 28 229
164 40 289
175 92 213
124 34 218
142 93 228
154 11 209
152 33 240
169 81 232
172 37 218
89 8 222
86 96 201
153 5 232
83 64 207
91 35 231
176 41 215
123 93 207
133 78 233
130 42 227
151 13 233
149 57 225
158 67 223
113 57 284
121 76 245
141 77 289
162 96 273
145 83 212
149 84 205
155 89 385
123 93 353
87 50 338
94 38 340
136 85 378
165 84 387
105 19 342
140 31 347
152 83 360
140 28 329
164 40 389
175 92 313
124 34 318
142 93 328
154 11 309
152 33 340
169 81 332
172 37 318
89 8 322
86 96 301
153 5 332
83 64 307
91 35 331
176 41 315
123 93 307
133 78 333
130 42 327
151 13 333
149 57 325
158 67 323
113 57 384
121 76 345
141 77 389
162 96 373
145 83 312
149 84 305
155 89 485
123 93 453
87 50 438
94 38 440
136 85 478
165 84 487
105 19 442
140 31 447
152 83 460
140 28 429
164 40 489
175 92 413
124 34 418
142 93 428
154 11 409
152 33 440
169 81 432
172 37 418
89 8 422
86 96 401
153 5 432
83 64 407
91 35 431
176 41 415
123 93 407
133 78 433
130 42 427
151 13 433
149 57 425
158 67 423
113 57 484
121 76 445
141 77 489
162 96 473
145 83 412
149 84 405
155 89 585
123 93 553
87 50 538
94 38 540
136 85 578
165 84 587
105 19 542
140 31 547
152 83 560
140 28 529
164 40 589
175 92 513
124 34 518
142 93 528
154 11 509
152 33 540
169 81 532
172 37 518
89 8 522
86 96 501
153 5 532
83 64 507
91 35 531
176 41 515
123 93 507
133 78 533
130 42 527
151 13 533
149 57 525
158 67 523
113 57 584
121 76 545
141 77 589
162 96 573
145 83 512
149 84 505
155 89 685
123 93 653
87 50 638
94 38 640
136 85 678
165 84 687
105 19 642
140 31 647
152 83 660
140 28 629
164 40 689
175 92 613
124 34 618
142 93 628
154 11 609
152 33 640
169 81 632
172 37 618
89 8 622
86 96 601
153 5 632
83 64 607
91 35 631
176 41 615
123 93 607
133 78 633
130 42 627
151 13 633
149 57 625
158 67 623
113 57 684
121 76 645
141 77 689
162 96 673
145 83 612
149 84 605
155 89 785
123 93 753
87 50 738
94 38 740
136 85 778
165 84 787
105 19 742
140 31 747
152 83 760
140 28 729
164 40 789
175 92 713
124 34 718
142 93 728
154 11 709
152 33 740
169 81 732
172 37 718
89 8 722
86 96 701
153 5 732
83 64 707
91 35 731
176 41 715
123 93 707
133 78 733
130 42 727
151 13 733
149 57 725
158 67 723
113 57 784
121 76 745
141 77 789
162 96 773
145 83 712
149 84 705
155 89 885
123 93 853
87 50 838
94 38 840
136 85 878
165 84 887
105 19 842
140 31 847
152 83 860
140 28 829
164 40 889
175 92 813
124 34 818
142 93 828
154 11 809
152 33 840
169 81 832
172 37 818
89 8 822
86 96 801
153 5 832
83 64 807
91 35 831
176 41 815
123 93 807
133 78 833
130 42 827
151 13 833
149 57 825
158 67 823
113 57 884
121 76 845
141 77 889
162 96 873
145 83 812
149 84 805
155 89 985
123 93 953
87 50 938
94 38 940
136 85 978
165 84 987
105 19 942
140 31 947
152 83 960
140 28 929
164 40 989
175 92 913
124 34 918
142 93 928
154 11 909
152 33 940
169 81 932
172 37 918
89 8 922
86 96 901
153 5 932
83 64 907
91 35 931
176 41 915
123 93 907
133 78 933
130 42 927
151 13 933
149 57 925
158 67 923
113 57 984
121 76 945
141 77 989
162 96 973
145 83 912
149 84 905
155 189 85
123 193 53
87 150 38
94 138 40
136 185 78
165 184 87
105 119 42
140 131 47
152 183 60
140 128 29
164 140 89
175 192 13
124 134 18
142 193 28
154 111 9
152 133 40
169 181 32
172 137 18
89 108 22
86 196 1
153 105 32
83 164 7
91 135 31
176 141 15
123 193 7
133 178 33
130 142 27
151 113 33
149 157 25
158 167 23
113 157 84
121 176 45
141 177 89
162 196 73
145 183 12
149 184 5
155 189 185
123 193 153
87 150 138
94 138 140
136 185 178
165 184 187
105 119 142
140 131 147
152 183 160
140 128 129
164 140 189
175 192 113
124 134 118
142 193 128
154 111 109
152 133 140
169 181 132
172 137 118
89 108 122
86 196 101
153 105 132
83 164 107
91 135 131
176 141 115
123 193 107
133 178 133
130 142 127
151 113 133
149 157 125
158 167 123
113 157 184
121 176 145
141 177 189
162 196 173
145 183 112
149 184 105
155 189 285
123 193 253
87 150 238
94 138 240
136 185 278
165 184 287
105 119 242
140 131 247
152 183 260
140 128 229
164 140 289
175 192 213
124 134 218
142 193 228
154 111 209
152 133 240
169 181 232
172 137 218
89 108 222
86 196 201
153 105 232
83 164 207
91 135 231
176 141 215
123 193 207
133 178 233
130 142 227
151 113 233
149 157 225
158 167 223
113 157 284
121 176 245
141 177 289
162 196 273
145 183 212
149 184 205
155 189 385
123 193 353
87 150 338
94 138 340
136 185 378
165 184 387
105 119 342
140 131 347
152 183 360
140 128 329
164 140 389
175 192 313
124 134 318
142 193 328
154 111 309
152 133 340
169 181 332
172 137 318
89 108 322
86 196 301
153 105 332
83 164 307
91 135 331
176 141 315
123 193 307
133 178 333
130 142 327
151 113 333
149 157 325
158 167 323
113 157 384
121 176 345
141 177 389
162 196 373
145 183 312
149 184 305
155 189 485
123 193 453
87 150 438
94 138 440
136 185 478
165 184 487
105 119 442
140 131 447
152 183 460
140 128 429
164 140 489
175 192 413
124 134 418
142 193 428
154 111 409
152 133 440
169 181 432
172 137 418
89 108 422
86 196 401
153 105 432
83 164 407
91 135 431
176 141 415
123 193 407
133 178 433
130 142 427
151 113 433
149 157 425
158 167 423
113 157 484
121 176 445
141 177 489
162 196 473
145 183 412
149 184 405
155 189 585
123 193 553
87 150 538
94 138 540
136 185 578
165 184 587
105 119 542
140 131 547
152 183 560
140 128 529
164 140 589
175 192 513
124 134 518
142 193 528
154 111 509
152 133 540
169 181 532
172 137 518
89 108 522
86 196 501
153 105 532
83 164 507
91 135 531
176 141 515
123 193 507
133 178 533
130 142 527
151 113 533
149 157 525
158 167 523
113 157 584
121 176 545
141 177 589
162 196 573
145 183 512
149 184 505
155 189 685
123 193 653
87 150 638
94 138 640
136 185 678
165 184 687
105 119 642
140 131 647
152 183 660
140 128 629
164 140 689
175 192 613
124 134 618
142 193 628
154 111 609
152 133 640
169 181 632
172 137 618
89 108 622
86 196 601
153 105 632
83 164 607
91 135 631
176 141 615
123 193 607
133 178 633
130 142 627
151 113 633
149 157 625
158 167 623
113 157 684
121 176 645
141 177 689
162 196 673
145 183 612
149 184 605
155 189 785
123 193 753
87 150 738
94 138 740
136 185 778
165 184 787
105 119 742
140 131 747
152 183 760
140 128 729
164 140 789
175 192 713
124 134 718
142 193 728
154 111 709
152 133 740
169 181 732
172 137 718
89 108 722
86 196 701
153 105 732
83 164 707
91 135 731
176 141 715
123 193 707
133 178 733
130 142 727
151 113 733
149 157 725
158 167 723
113 157 784
121 176 745
141 177 789
162 196 773
145 183 712
149 184 705
155 189 885
123 193 853
87 150 838
94 138 840
136 185 878
165 184 887
105 119 842
140 131 847
152 183 860
140 128 829
164 140 889
175 192 813
124 134 818
142 193 828
154 111 809
152 133 840
169 181 832
172 137 818
89 108 822
86 196 801
153 105 832
83 164 807
91 135 831
176 141 815
123 193 807
133 178 833
130 142 827
151 113 833
149 157 825
158 167 823
113 157 884
121 176 845
141 177 889
162 196 873
145 183 812
149 184 805
155 189 985
123 193 953
87 150 938
94 138 940
136 185 978
165 184 987
105 119 942
140 131 947
152 183 960
140 128 929
164 140 989
175 192 913
124 134 918
142 193 928
154 111 909
152 133 940
169 181 932
172 137 918
89 108 922
86 196 901
153 105 932
83 164 907
91 135 931
176 141 915
123 193 907
133 178 933
130 142 927
151 113 933
149 157 925
158 167 923
113 157 984
121 176 945
141 177 989
162 196 973
145 183 912
149 184 905
155 289 85
123 293 53
87 250 38
94 238 40
136 285 78
165 284 87
105 219 42
140 231 47
152 283 60
140 228 29
164 240 89
175 292 13
124 234 18
142 293 28
154 211 9
152 233 40
169 281 32
172 237 18
89 208 22
86 296 1
153 205 32
83 264 7
91 235 31
176 241 15
123 293 7
133 278 33
130 242 27
151 213 33
149 257 25
158 267 23
113 257 84
121 276 45
141 277 89
162 296 73
145 283 12
149 284 5
155 289 185
123 293 153
87 250 138
94 238 140
136 285 178
165 284 187
105 219 142
140 231 147
152 283 160
140 228 129
164 240 189
175 292 113
124 234 118
142 293 128
154 211 109
152 233 140
169 281 132
172 237 118
89 208 122
86 296 101
153 205 132
83 264 107
91 235 131
176 241 115
123 293 107
133 278 133
130 242 127
151 213 133
149 257 125
158 267 123
113 257 184
121 276 145
141 277 189
162 296 173
145 283 112
149 284 105
155 289 285
123 293 253
87 250 238
94 238 240
136 285 278
165 284 287
105 219 242
140 231 247
152 283 260
140 228 229
164 240 289
175 292 213
124 234 218
142 293 228
154 211 209
152 233 240
169 281 232
172 237 218
89 208 222
86 296 201
153 205 232
83 264 207
91 235 231
176 241 215
123 293 207
133 278 233
130 242 227
151 213 233
149 257 225
158 267 223
113 257 284
121 276 245
141 277 289
162 296 273
145 283 212
149 284 205
155 289 385
123 293 353
87 250 338
94 238 340
136 285 378
165 284 387
105 219 342
140 231 347
152 283 360
140 228 329
164 240 389
175 292 313
124 234 318
142 293 328
154 211 309
152 233 340
169 281 332
172 237 318
89 208 322
86 296 301
153 205 332
83 264 307
91 235 331
176 241 315
123 293 307
133 278 333
130 242 327
151 213 333
149 257 325
158 267 323
113 257 384
121 276 345
141 277 389
162 296 373
145 283 312
149 284 305
155 289 485
123 293 453
87 250 438
94 238 440
136 285 478
165 284 487
105 219 442
140 231 447
152 283 460
140 228 429
164 240 489
175 292 413
124 234 418
142 293 428
154 211 409
152 233 440
169 281 432
172 237 418
89 208 422
86 296 401
153 205 432
83 264 407
91 235 431
176 241 415
123 293 407
133 278 433
130 242 427
151 213 433
149 257 425
158 267 423
113 257 484
121 276 445
141 277 489
162 296 473
145 283 412
149 284 405
155 289 585
123 293 553
87 250 538
94 238 540
136 285 578
165 284 587
105 219 542
140 231 547
152 283 560
140 228 529
164 240 589
175 292 513
124 234 518
142 293 528
154 211 509
152 233 540
169 281 532
172 237 518
89 208 522
86 296 501
153 205 532
83 264 507
91 235 531
176 241 515
123 293 507
133 278 533
130 242 527
151 213 533
149 257 525
158 267 523
113 257 584
121 276 545
141 277 589
162 296 573
145 283 512
149 284 505
155 289 685
123 293 653
87 250 638
94 238 640
136 285 678
165 284 687
105 219 642
140 231 647
152 283 660
140 228 629
164 240 689
175 292 613
124 234 618
142 293 628
154 211 609
152 233 640
169 281 632
172 237 618
89 208 622
86 296 601
153 205 632
83 264 607
91 235 631
176 241 615
123 293 607
133 278 633
130 242 627
151 213 633
149 257 625
158 267 623
113 257 684
121 276 645
141 277 689
162 296 673
145 283 612
149 284 605
155 289 785
123 293 753
87 250 738
94 238 740
136 285 778
165 284 787
105 219 742
140 231 747
152 283 760
140 228 729
164 240 789
175 292 713
124 234 718
142 293 728
154 211 709
152 233 740
169 281 732
172 237 718
89 208 722
86 296 701
153 205 732
83 264 707
91 235 731
176 241 715
123 293 707
133 278 733
130 242 727
151 213 733
149 257 725
158 267 723
113 257 784
121 276 745
141 277 789
162 296 773
145 283 712
149 284 705
155 289 885
123 293 853
87 250 838
94 238 840
136 285 878
165 284 887
105 219 842
140 231 847
152 283 860
140 228 829
164 240 889
175 292 813
124 234 818
142 293 828
154 211 809
152 233 840
169 281 832
172 237 818
89 208 822
86 296 801
153 205 832
83 264 807
91 235 831
176 241 815
123 293 807
133 278 833
130 242 827
151 213 833
149 257 825
158 267 823
113 257 884
121 276 845
141 277 889
162 296 873
145 283 812
149 284 805
155 289 985
123 293 953
87 250 938
94 238 940
136 285 978
165 284 987
105 219 942
140 231 947
152 283 960
140 228 929
164 240 989
175 292 913
124 234 918
142 293 928
154 211 909
152 233 940
169 281 932
172 237 918
89 208 922
86 296 901
153 205 932
83 264 907
91 235 931
176 241 915
123 293 907
133 278 933
130 242 927
151 213 933
149 257 925
158 267 923
113 257 984
121 276 945
141 277 989
162 296 973
145 283 912
149 284 905
155 389 85
123 393 53
87 350 38
94 338 40
136 385 78
165 384 87
105 319 42
140 331 47
152 383 60
140 328 29
164 340 89
175 392 13
124 334 18
142 393 28
154 311 9
152 333 40
169 381 32
172 337 18
89 308 22
86 396 1
153 305 32
83 364 7
91 335 31
176 341 15
123 393 7
133 378 33
130 342 27
151 313 33
149 357 25
158 367 23
113 357 84
121 376 45
141 377 89
162 396 73
145 383 12
149 384 5
155 389 185
123 393 153
87 350 138
94 338 140
136 385 178
165 384 187
105 319 142
140 331 147
152 383 160
140 328 129
164 340 189
175 392 113
124 334 118
142 393 128
154 311 109
152 333 140
169 381 132
172 337 118
89 308 122
86 396 101
153 305 132
83 364 107
91 335 131
176 341 115
123 393 107
133 378 133
130 342 127
151 313 133
149 357 125
158 367 123
113 357 184
121 376 145
141 377 189
162 396 173
145 383 112
149 384 105
155 389 285
123 393 253
87 350 238
94 338 240
136 385 278
165 384 287
105 319 242
140 331 247
152 383 260
140 328 229
164 340 289
175 392 213
124 334 218
142 393 228
154 311 209
152 333 240
169 381 232
172 337 218
89 308 222
86 396 201
153 305 232
83 364 207
91 335 231
176 341 215
123 393 207
133 378 233
130 342 227
151 313 233
149 357 225
158 367 223
113 357 284
121 376 245
141 377 289
162 396 273
145 383 212
149 384 205
155 389 385
123 393 353
87 350 338
94 338 340
136 385 378
165 384 387
105 319 342
140 331 347
152 383 360
140 328 329
164 340 389
175 392 313
124 334 318
142 393 328
154 311 309
152 333 340
169 381 332
172 337 318
89 308 322
86 396 301
153 305 332
83 364 307
91 335 331
176 341 315
123 393 307
133 378 333
130 342 327
151 313 333
149 357 325
158 367 323
113 357 384
121 376 345
141 377 389
162 396 373
145 383 312
149 384 305
155 389 485
123 393 453
87 350 438
94 338 440
136 385 478
165 384 487
105 319 442
140 331 447
152 383 460
140 328 429
164 340 489
175 392 413
124 334 418
142 393 428
154 311 409
152 333 440
169 381 432
172 337 418
89 308 422
86 396 401
153 305 432
83 364 407
91 335 431
176 341 415
123 393 407
133 378 433
130 342 427
151 313 433
149 357 425
158 367 423
113 357 484
121 376 445
141 377 489
162 396 473
145 383 412
149 384 405
155 389 585
123 393 553
87 350 538
94 338 540
136 385 578
165 384 587
105 319 542
140 331 547
152 383 560
140 328 529
164 340 589
175 392 513
124 334 518
142 393 528
154 311 509
152 333 540
169 381 532
172 337 518
89 308 522
86 396 501
153 305 532
83 364 507
91 335 531
176 341 515
123 393 507
133 378 533
130 342 527
151 313 533
149 357 525
158 367 523
113 357 584
121 376 545
141 377 589
162 396 573
145 383 512
149 384 505
155 389 685
123 393 653
87 350 638
94 338 640
136 385 678
165 384 687
105 319 642
140 331 647
152 383 660
140 328 629
164 340 689
175 392 613
124 334 618
142 393 628
154 311 609
152 333 640
169 381 632
172 337 618
89 308 622
86 396 601
153 305 632
83 364 607
91 335 631
176 341 615
123 393 607
133 378 633
130 342 627
151 313 633
149 357 625
158 367 623
113 357 684
121 376 645
141 377 689
162 396 673
145 383 612
149 384 605
155 389 785
123 393 753
87 350 738
94 338 740
136 385 778
165 384 787
105 319 742
140 331 747
152 383 760
140 328 729
164 340 789
175 392 713
124 334 718
142 393 728
154 311 709
152 333 740
169 381 732
172 337 718
89 308 722
86 396 701
153 305 732
83 364 707
91 335 731
176 341 715
123 393 707
133 378 733
130 342 727
151 313 733
149 357 725
158 367 723
113 357 784
121 376 745
141 377 789
162 396 773
145 383 712
149 384 705
155 389 885
123 393 853
87 350 838
94 338 840
136 385 878
165 384 887
105 319 842
140 331 847
152 383 860
140 328 829
164 340 889
175 392 813
124 334 818
142 393 828
154 311 809
152 333 840
169 381 832
172 337 818
89 308 822
86 396 801
153 305 832
83 364 807
91 335 831
176 341 815
123 393 807
133 378 833
130 342 827
151 313 833
149 357 825
158 367 823
113 357 884
121 376 845
141 377 889
162 396 873
145 383 812
149 384 805
155 389 985
123 393 953
87 350 938
94 338 940
136 385 978
165 384 987
105 319 942
140 331 947
152 383 960
140 328 929
164 340 989
175 392 913
124 334 918
142 393 928
154 311 909
152 333 940
169 381 932
172 337 918
89 308 922
86 396 901
153 305 932
83 364 907
91 335 931
176 341 915
123 393 907
133 378 933
130 342 927
151 313 933
149 357 925
158 367 923
113 357 984
121 376 945
141 377 989
162 396 973
145 383 912
149 384 905
155 489 85
123 493 53
87 450 38
94 438 40
136 485 78
165 484 87
105 419 42
140 431 47
152 483 60
140 428 29
164 440 89
175 492 13
124 434 18
142 493 28
154 411 9
152 433 40
169 481 32
172 437 18
89 408 22
86 496 1
153 405 32
83 464 7
91 435 31
176 441 15
123 493 7
133 478 33
130 442 27
151 413 33
149 457 25
158 467 23
113 457 84
121 476 45
141 477 89
162 496 73
145 483 12
149 484 5
155 489 185
123 493 153
87 450 138
94 438 140
136 485 178
165 484 187
105 419 142
140 431 147
152 483 160
140 428 129
164 440 189
175 492 113
124 434 118
142 493 128
154 411 109
152 433 140
169 481 132
172 437 118
89 408 122
86 496 101
153 405 132
83 464 107
91 435 131
176 441 115
123 493 107
133 478 133
130 442 127
151 413 133
149 457 125
158 467 123
113 457 184
121 476 145
141 477 189
162 496 173
145 483 112
149 484 105
155 489 285
123 493 253
87 450 238
94 438 240
136 485 278
165 484 287
105 419 242
140 431 247
152 483 260
140 428 229
164 440 289
175 492 213
124 434 218
142 493 228
154 411 209
152 433 240
169 481 232
172 437 218
89 408 222
86 496 201
153 405 232
83 464 207
91 435 231
176 441 215
123 493 207
133 478 233
130 442 227
151 413 233
149 457 225
158 467 223
113 457 284
121 476 245
141 477 289
162 496 273
145 483 212
149 484 205
155 489 385
123 493 353
87 450 338
94 438 340
136 485 378
165 484 387
105 419 342
140 431 347
152 483 360
140 428 329
164 440 389
175 492 313
124 434 318
142 493 328
154 411 309
152 433 340
169 481 332
172 437 318
89 408 322
86 496 301
153 405 332
83 464 307
91 435 331
176 441 315
123 493 307
133 478 333
130 442 327
151 413 333
149 457 325
158 467 323
113 457 384
121 476 345
141 477 389
162 496 373
145 483 312
149 484 305
155 489 485
123 493 453
87 450 438
94 438 440
136 485 478
165 484 487
105 419 442
140 431 447
152 483 460
140 428 429
164 440 489
175 492 413
124 434 418
142 493 428
154 411 409
152 433 440
169 481 432
172 437 418
89 408 422
86 496 401
153 405 432
83 464 407
91 435 431
176 441 415
123 493 407
133 478 433
130 442 427
151 413 433
149 457 425
158 467 423
113 457 484
121 476 445
141 477 489
162 496 473
145 483 412
149 484 405
155 489 585
123 493 553
87 450 538
94 438 540
136 485 578
165 484 587
105 419 542
140 431 547
152 483 560
140 428 529
164 440 589
175 492 513
124 434 518
142 493 528
154 411 509
152 433 540
169 481 532
172 437 518
89 408 522
86 496 501
153 405 532
83 464 507
91 435 531
176 441 515
123 493 507
133 478 533
130 442 527
151 413 533
149 457 525
158 467 523
113 457 584
121 476 545
141 477 589
162 496 573
145 483 512
149 484 505
155 489 685
123 493 653
87 450 638
94 438 640
136 485 678
165 484 687
105 419 642
140 431 647
152 483 660
140 428 629
164 440 689
175 492 613
124 434 618
142 493 628
154 411 609
152 433 640
169 481 632
172 437 618
89 408 622
86 496 601
153 405 632
83 464 607
91 435 631
176 441 615
123 493 607
133 478 633
130 442 627
151 413 633
149 457 625
158 467 623
113 457 684
121 476 645
141 477 689
162 496 673
145 483 612
149 484 605
155 489 785
123 493 753
87 450 738
94 438 740
136 485 778
165 484 787
105 419 742
140 431 747
152 483 760
140 428 729
164 440 789
175 492 713
124 434 718
142 493 728
154 411 709
152 433 740
169 481 732
172 437 718
89 408 722
86 496 701
153 405 732
83 464 707
91 435 731
176 441 715
123 493 707
133 478 733
130 442 727
151 413 733
149 457 725
158 467 723
113 457 784
121 476 745
141 477 789
162 496 773
145 483 712
149 484 705
155 489 885
123 493 853
87 450 838
94 438 840
136 485 878
165 484 887
105 419 842
140 431 847
152 483 860
140 428 829
164 440 889
175 492 813
124 434 818
142 493 828
154 411 809
152 433 840
169 481 832
172 437 818
89 408 822
86 496 801
153 405 832
83 464 807
91 435 831
176 441 815
123 493 807
133 478 833
130 442 827
151 413 833
149 457 825
158 467 823
113 457 884
121 476 845
141 477 889
162 496 873
145 483 812
149 484 805
155 489 985
123 493 953
87 450 938
94 438 940
136 485 978
165 484 987
105 419 942
140 431 947
152 483 960
140 428 929
164 440 989
175 492 913
124 434 918
142 493 928
154 411 909
152 433 940
169 481 932
172 437 918
89 408 922
86 496 901
153 405 932
83 464 907
91 435 931
176 441 915
123 493 907
133 478 933
130 442 927
151 413 933
149 457 925
158 467 923
113 457 984
121 476 945
141 477 989
162 496 973
145 483 912
149 484 905
155 589 85
123 593 53
87 550 38
94 538 40
136 585 78
165 584 87
105 519 42
140 531 47
152 583 60
140 528 29
164 540 89
175 592 13
124 534 18
142 593 28
154 511 9
152 533 40
169 581 32
172 537 18
89 508 22
86 596 1
153 505 32
83 564 7
91 535 31
176 541 15
123 593 7
133 578 33
130 542 27
151 513 33
149 557 25
158 567 23
113 557 84
121 576 45
141 577 89
162 596 73
145 583 12
149 584 5
155 589 185
123 593 153
87 550 138
94 538 140
136 585 178
165 584 187
105 519 142
140 531 147
152 583 160
140 528 129
164 540 189
175 592 113
124 534 118
142 593 128
154 511 109
152 533 140
169 581 132
172 537 118
89 508 122
86 596 101
153 505 132
83 564 107
91 535 131
176 541 115
123 593 107
133 578 133
130 542 127
151 513 133
149 557 125
158 567 123
113 557 184
121 576 145
141 577 189
162 596 173
145 583 112
149 584 105
155 589 285
123 593 253
87 550 238
94 538 240
136 585 278
165 584 287
105 519 242
140 531 247
152 583 260
140 528 229
164 540 289
175 592 213
124 534 218
142 593 228
154 511 209
152 533 240
169 581 232
172 537 218
89 508 222
86 596 201
153 505 232
83 564 207
91 535 231
176 541 215
123 593 207
133 578 233
130 542 227
151 513 233
149 557 225
158 567 223
113 557 284
121 576 245
141 577 289
162 596 273
145 583 212
149 584 205
155 589 385
123 593 353
87 550 338
94 538 340
136 585 378
165 584 387
105 519 342
140 531 347
152 583 360
140 528 329
164 540 389
175 592 313
124 534 318
142 593 328
154 511 309
152 533 340
169 581 332
172 537 318
89 508 322
86 596 301
153 505 332
83 564 307
91 535 331
176 541 315
123 593 307
133 578 333
130 542 327
151 513 333
149 557 325
158 567 323
113 557 384
121 576 345
141 577 389
162 596 373
145 583 312
149 584 305
155 589 485
123 593 453
87 550 438
94 538 440
136 585 478
165 584 487
105 519 442
140 531 447
152 583 460
140 528 429
164 540 489
175 592 413
124 534 418
142 593 428
154 511 409
152 533 440
169 581 432
172 537 418
89 508 422
86 596 401
153 505 432
83 564 407
91 535 431
176 541 415
123 593 407
133 578 433
130 542 427
151 513 433
149 557 425
158 567 423
113 557 484
121 576 445
141 577 489
162 596 473
145 583 412
149 584 405
155 589 585
123 593 553
87 550 538
94 538 540
136 585 578
165 584 587
105 519 542
140 531 547
152 583 560
140 528 529
164 540 589
175 592 513
124 534 518
142 593 528
154 511 509
152 533 540
169 581 532
172 537 518
89 508 522
86 596 501
153 505 532
83 564 507
91 535 531
176 541 515
123 593 507
133 578 533
130 542 527
151 513 533
149 557 525
158 567 523
113 557 584
121 576 545
141 577 589
162 596 573
145 583 512
149 584 505
155 589 685
123 593 653
87 550 638
94 538 640
136 585 678
165 584 687
105 519 642
140 531 647
152 583 660
140 528 629
164 540 689
175 592 613
124 534 618
142 593 628
154 511 609
152 533 640
169 581 632
172 537 618
89 508 622
86 596 601
153 505 632
83 564 607
91 535 631
176 541 615
123 593 607
133 578 633
130 542 627
151 513 633
149 557 625
158 567 623
113 557 684
121 576 645
141 577 689
162 596 673
145 583 612
149 584 605
155 589 785
123 593 753
87 550 738
94 538 740
136 585 778
165 584 787
105 519 742
140 531 747
152 583 760
140 528 729
164 540 789
175 592 713
124 534 718
142 593 728
154 511 709
152 533 740
169 581 732
172 537 718
89 508 722
86 596 701
153 505 732
83 564 707
91 535 731
176 541 715
123 593 707
133 578 733
130 542 727
151 513 733
149 557 725
158 567 723
113 557 784
121 576 745
141 577 789
162 596 773
145 583 712
149 584 705
155 589 885
123 593 853
87 550 838
94 538 840
136 585 878
165 584 887
105 519 842
140 531 847
152 583 860
140 528 829
164 540 889
175 592 813
124 534 818
142 593 828
154 511 809
152 533 840
169 581 832
172 537 818
89 508 822
86 596 801
153 505 832
83 564 807
91 535 831
176 541 815
123 593 807
133 578 833
130 542 827
151 513 833
149 557 825
158 567 823
113 557 884
121 576 845
141 577 889
162 596 873
145 583 812
149 584 805
155 589 985
123 593 953
87 550 938
94 538 940
136 585 978
165 584 987
105 519 942
140 531 947
152 583 960
140 528 929
164 540 989
175 592 913
124 534 918
142 593 928
154 511 909
152 533 940
169 581 932
172 537 918
89 508 922
86 596 901
153 505 932
83 564 907
91 535 931
176 541 915
123 593 907
133 578 933
130 542 927
151 513 933
149 557 925
158 567 923
113 557 984
121 576 945
141 577 989
162 596 973
145 583 912
149 584 905
155 689 85
123 693 53
87 650 38
94 638 40
136 685 78
165 684 87
105 619 42
140 631 47
152 683 60
140 628 29
164 640 89
175 692 13
124 634 18
142 693 28
154 611 9
152 633 40
169 681 32
172 637 18
89 608 22
86 696 1
153 605 32
83 664 7
91 635 31
176 641 15
123 693 7
133 678 33
130 642 27
151 613 33
149 657 25
158 667 23
113 657 84
121 676 45
141 677 89
162 696 73
145 683 12
149 684 5
155 689 185
123 693 153
87 650 138
94 638 140
136 685 178
165 684 187
105 619 142
140 631 147
152 683 160
140 628 129
164 640 189
175 692 113
124 634 118
142 693 128
154 611 109
152 633 140
169 681 132
172 637 118
89 608 122
86 696 101
153 605 132
83 664 107
91 635 131
176 641 115
123 693 107
133 678 133
130 642 127
151 613 133
149 657 125
158 667 123
113 657 184
121 676 145
141 677 189
162 696 173
145 683 112
149 684 105
155 689 285
123 693 253
87 650 238
94 638 240
136 685 278
165 684 287
105 619 242
140 631 247
152 683 260
140 628 229
164 640 289
175 692 213
124 634 218
142 693 228
154 611 209
152 633 240
169 681 232
172 637 218
89 608 222
86 696 201
153 605 232
83 664 207
91 635 231
176 641 215
123 693 207
133 678 233
130 642 227
151 613 233
149 657 225
158 667 223
113 657 284
121 676 245
141 677 289
162 696 273
145 683 212
149 684 205
155 689 385
123 693 353
87 650 338
94 638 340
136 685 378
165 684 387
105 619 342
140 631 347
152 683 360
140 628 329
164 640 389
175 692 313
124 634 318
142 693 328
154 611 309
152 633 340
169 681 332
172 637 318
89 608 322
86 696 301
153 605 332
83 664 307
91 635 331
176 641 315
123 693 307
133 678 333
130 642 327
151 613 333
149 657 325
158 667 323
113 657 384
121 676 345
141 677 389
162 696 373
145 683 312
149 684 305
155 689 485
123 693 453
87 650 438
94 638 440
136 685 478
165 684 487
105 619 442
140 631 447
152 683 460
140 628 429
164 640 489
175 692 413
124 634 418
142 693 428
154 611 409
152 633 440
169 681 432
172 637 418
89 608 422
86 696 401
153 605 432
83 664 407
91 635 431
176 641 415
123 693 407
133 678 433
130 642 427
151 613 433
149 657 425
158 667 423
113 657 484
121 676 445
141 677 489
162 696 473
145 683 412
149 684 405
155 689 585
123 693 553
87 650 538
94 638 540
136 685 578
165 684 587
105 619 542
140 631 547
152 683 560
140 628 529
164 640 589
175 692 513
124 634 518
142 693 528
154 611 509
152 633 540
169 681 532
172 637 518
89 608 522
86 696 501
153 605 532
83 664 507
91 635 531
176 641 515
123 693 507
133 678 533
130 642 527
151 613 533
149 657 525
158 667 523
113 657 584
121 676 545
141 677 589
162 696 573
145 683 512
149 684 505
155 689 685
123 693 653
87 650 638
94 638 640
136 685 678
165 684 687
105 619 642
140 631 647
152 683 660
140 628 629
164 640 689
175 692 613
124 634 618
142 693 628
154 611 609
152 633 640
169 681 632
172 637 618
89 608 622
86 696 601
153 605 632
83 664 607
91 635 631
176 641 615
123 693 607
133 678 633
130 642 627
151 613 633
149 657 625
158 667 623
113 657 684
121 676 645
141 677 689
162 696 673
145 683 612
149 684 605
155 689 785
123 693 753
87 650 738
94 638 740
136 685 778
165 684 787
105 619 742
140 631 747
152 683 760
140 628 729
164 640 789
175 692 713
124 634 718
142 693 728
154 611 709
152 633 740
169 681 732
172 637 718
89 608 722
86 696 701
153 605 732
83 664 707
91 635 731
176 641 715
123 693 707
133 678 733
130 642 727
151 613 733
149 657 725
158 667 723
113 657 784
121 676 745
141 677 789
162 696 773
145 683 712
149 684 705
155 689 885
123 693 853
87 650 838
94 638 840
136 685 878
165 684 887
105 619 842
140 631 847
152 683 860
140 628 829
164 640 889
175 692 813
124 634 818
142 693 828
154 611 809
152 633 840
169 681 832
172 637 818
89 608 822
86 696 801
153 605 832
83 664 807
91 635 831
176 641 815
123 693 807
133 678 833
130 642 827
151 613 833
149 657 825
158 667 823
113 657 884
121 676 845
141 677 889
162 696 873
145 683 812
149 684 805
155 689 985
123 693 953
87 650 938
94 638 940
136 685 978
165 684 987
105 619 942
140 631 947
152 683 960
140 628 929
164 640 989
175 692 913
124 634 918
142 693 928
154 611 909
152 633 940
169 681 932
172 637 918
89 608 922
86 696 901
153 605 932
83 664 907
91 635 931
176 641 915
123 693 907
133 678 933
130 642 927
151 613 933
149 657 925
158 667 923
113 657 984
121 676 945
141 677 989
162 696 973
145 683 912
149 684 905
155 789 85
123 793 53
87 750 38
94 738 40
136 785 78
165 784 87
105 719 42
140 731 47
152 783 60
140 728 29
164 740 89
175 792 13
124 734 18
142 793 28
154 711 9
152 733 40
169 781 32
172 737 18
89 708 22
86 796 1
153 705 32
83 764 7
91 735 31
176 741 15
123 793 7
133 778 33
130 742 27
151 713 33
149 757 25
158 767 23
113 757 84
121 776 45
141 777 89
162 796 73
145 783 12
149 784 5
155 789 185
123 793 153
87 750 138
94 738 140
136 785 178
165 784 187
105 719 142
140 731 147
152 783 160
140 728 129
164 740 189
175 792 113
124 734 118
142 793 128
154 711 109
152 733 140
169 781 132
172 737 118
89 708 122
86 796 101
153 705 132
83 764 107
91 735 131
176 741 115
123 793 107
133 778 133
130 742 127
151 713 133
149 757 125
158 767 123
113 757 184
121 776 145
141 777 189
162 796 173
145 783 112
149 784 105
155 789 285
123 793 253
87 750 238
94 738 240
136 785 278
165 784 287
105 719 242
140 731 247
152 783 260
140 728 229
164 740 289
175 792 213
124 734 218
142 793 228
154 711 209
152 733 240
169 781 232
172 737 218
89 708 222
86 796 201
153 705 232
83 764 207
91 735 231
176 741 215
123 793 207
133 778 233
130 742 227
151 713 233
149 757 225
158 767 223
113 757 284
121 776 245
141 777 289
162 796 273
145 783 212
149 784 205
155 789 385
123 793 353
87 750 338
94 738 340
136 785 378
165 784 387
105 719 342
140 731 347
152 783 360
140 728 329
164 740 389
175 792 313
124 734 318
142 793 328
154 711 309
152 733 340
169 781 332
172 737 318
89 708 322
86 796 301
153 705 332
83 764 307
91 735 331
176 741 315
123 793 307
133 778 333
130 742 327
151 713 333
149 757 325
158 767 323
113 757 384
121 776 345
141 777 389
162 796 373
145 783 312
149 784 305
155 789 485
123 793 453
87 750 438
94 738 440
136 785 478
165 784 487
105 719 442
140 731 447
152 783 460
140 728 429
164 740 489
175 792 413
124 734 418
142 793 428
154 711 409
152 733 440
169 781 432
172 737 418
89 708 422
86 796 401
153 705 432
83 764 407
91 735 431
176 741 415
123 793 407
133 778 433
130 742 427
151 713 433
149 757 425
158 767 423
113 757 484
121 776 445
141 777 489
162 796 473
145 783 412
149 784 405
155 789 585
123 793 553
87 750 538
94 738 540
136 785 578
165 784 587
105 719 542
140 731 547
152 783 560
140 728 529
164 740 589
175 792 513
124 734 518
142 793 528
154 711 509
152 733 540
169 781 532
172 737 518
89 708 522
86 796 501
153 705 532
83 764 507
91 735 531
176 741 515
123 793 507
133 778 533
130 742 527
151 713 533
149 757 525
158 767 523
113 757 584
121 776 545
141 777 589
162 796 573
145 783 512
149 784 505
155 789 685
123 793 653
87 750 638
94 738 640
136 785 678
165 784 687
105 719 642
140 731 647
152 783 660
140 728 629
164 740 689
175 792 613
124 734 618
142 793 628
154 711 609
152 733 640
169 781 632
172 737 618
89 708 622
86 796 601
153 705 632
83 764 607
91 735 631
176 741 615
123 793 607
133 778 633
130 742 627
151 713 633
149 757 625
158 767 623
113 757 684
121 776 645
141 777 689
162 796 673
145 783 612
149 784 605
155 789 785
123 793 753
87 750 738
94 738 740
136 785 778
165 784 787
105 719 742
140 731 747
152 783 760
140 728 729
164 740 789
175 792 713
124 734 718
142 793 728
154 711 709
152 733 740
169 781 732
172 737 718
89 708 722
86 796 701
153 705 732
83 764 707
91 735 731
176 741 715
123 793 707
133 778 733
130 742 727
151 713 733
149 757 725
158 767 723
113 757 784
121 776 745
141 777 789
162 796 773
145 783 712
149 784 705
155 789 885
123 793 853
87 750 838
94 738 840
136 785 878
165 784 887
105 719 842
140 731 847
152 783 860
140 728 829
164 740 889
175 792 813
124 734 818
142 793 828
154 711 809
152 733 840
169 781 832
172 737 818
89 708 822
86 796 801
153 705 832
83 764 807
91 735 831
176 741 815
123 793 807
133 778 833
130 742 827
151 713 833
149 757 825
158 767 823
113 757 884
121 776 845
141 777 889
162 796 873
145 783 812
149 784 805
155 789 985
123 793 953
87 750 938
94 738 940
136 785 978
165 784 987
105 719 942
140 731 947
152 783 960
140 728 929
164 740 989
175 792 913
124 734 918
142 793 928
154 711 909
152 733 940
169 781 932
172 737 918
89 708 922
86 796 901
153 705 932
83 764 907
91 735 931
176 741 915
123 793 907
133 778 933
130 742 927
151 713 933
149 757 925
158 767 923
113 757 984
121 776 945
141 777 989
162 796 973
145 783 912
149 784 905
155 889 85
123 893 53
87 850 38
94 838 40
136 885 78
165 884 87
105 819 42
140 831 47
152 883 60
140 828 29
164 840 89
175 892 13
124 834 18
142 893 28
154 811 9
152 833 40
169 881 32
172 837 18
89 808 22
86 896 1
153 805 32
83 864 7
91 835 31
176 841 15
123 893 7
133 878 33
130 842 27
151 813 33
149 857 25
158 867 23
113 857 84
121 876 45
141 877 89
162 896 73
145 883 12
149 884 5
155 889 185
123 893 153
87 850 138
94 838 140
136 885 178
165 884 187
105 819 142
140 831 147
152 883 160
140 828 129
164 840 189
175 892 113
124 834 118
142 893 128
154 811 109
152 833 140
169 881 132
172 837 118
89 808 122
86 896 101
153 805 132
83 864 107
91 835 131
176 841 115
123 893 107
133 878 133
130 842 127
151 813 133
149 857 125
158 867 123
113 857 184
121 876 145
141 877 189
162 896 173
145 883 112
149 884 105
155 889 285
123 893 253
87 850 238
94 838 240
136 885 278
165 884 287
105 819 242
140 831 247
152 883 260
140 828 229
164 840 289
175 892 213
124 834 218
142 893 228
154 811 209
152 833 240
169 881 232
172 837 218
89 808 222
86 896 201
153 805 232
83 864 207
91 835 231
176 841 215
123 893 207
133 878 233
130 842 227
151 813 233
149 857 225
158 867 223
113 857 284
121 876 245
141 877 289
162 896 273
145 883 212
149 884 205
155 889 385
123 893 353
87 850 338
94 838 340
136 885 378
165 884 387
105 819 342
140 831 347
152 883 360
140 828 329
164 840 389
175 892 313
124 834 318
142 893 328
154 811 309
152 833 340
169 881 332
172 837 318
89 808 322
86 896 301
153 805 332
83 864 307
91 835 331
176 841 315
123 893 307
133 878 333
130 842 327
151 813 333
149 857 325
158 867 323
113 857 384
121 876 345
141 877 389
162 896 373
145 883 312
149 884 305
155 889 485
123 893 453
87 850 438
94 838 440
136 885 478
165 884 487
105 819 442
140 831 447
152 883 460
140 828 429
164 840 489
175 892 413
124 834 418
142 893 428
154 811 409
152 833 440
169 881 432
172 837 418
89 808 422
86 896 401
153 805 432
83 864 407
91 835 431
176 841 415
123 893 407
133 878 433
130 842 427
151 813 433
149 857 425
158 867 423
113 857 484
121 876 445
141 877 489
162 896 473
145 883 412
149 884 405
155 889 585
123 893 553
87 850 538
94 838 540
136 885 578
165 884 587
105 819 542
140 831 547
152 883 560
140 828 529
164 840 589
175 892 513
124 834 518
142 893 528
154 811 509
152 833 540
169 881 532
172 837 518
89 808 522
86 896 501
153 805 532
83 864 507
91 835 531
176 841 515
123 893 507
133 878 533
130 842 527
151 813 533
149 857 525
158 867 523
113 857 584
121 876 545
141 877 589
162 896 573
145 883 512
149 884 505
155 889 685
123 893 653
87 850 638
94 838 640
136 885 678
165 884 687
105 819 642
140 831 647
152 883 660
140 828 629
164 840 689
175 892 613
124 834 618
142 893 628
154 811 609
152 833 640
169 881 632
172 837 618
89 808 622
86 896 601
153 805 632
83 864 607
91 835 631
176 841 615
123 893 607
133 878 633
130 842 627
151 813 633
149 857 625
158 867 623
113 857 684
121 876 645
141 877 689
162 896 673
145 883 612
149 884 605
155 889 785
123 893 753
87 850 738
94 838 740
136 885 778
165 884 787
105 819 742
140 831 747
152 883 760
140 828 729
164 840 789
175 892 713
124 834 718
142 893 728
154 811 709
152 833 740
169 881 732
172 837 718
89 808 722
86 896 701
153 805 732
83 864 707
91 835 731
176 841 715
123 893 707
133 878 733
130 842 727
151 813 733
149 857 725
158 867 723
113 857 784
121 876 745
141 877 789
162 896 773
145 883 712
149 884 705
155 889 885
123 893 853
87 850 838
94 838 840
136 885 878
165 884 887
105 819 842
140 831 847
152 883 860
140 828 829
164 840 889
175 892 813
124 834 818
142 893 828
154 811 809
152 833 840
169 881 832
172 837 818
89 808 822
86 896 801
153 805 832
83 864 807
91 835 831
176 841 815
123 893 807
133 878 833
130 842 827
151 813 833
149 857 825
158 867 823
113 857 884
121 876 845
141 877 889
162 896 873
145 883 812
149 884 805
155 889 985
123 893 953
87 850 938
94 838 940
136 885 978
165 884 987
105 819 942
140 831 947
152 883 960
140 828 929
164 840 989
175 892 913
124 834 918
142 893 928
154 811 909
152 833 940
169 881 932
172 837 918
89 808 922
86 896 901
153 805 932
83 864 907
91 835 931
176 841 915
123 893 907
133 878 933
130 842 927
151 813 933
149 857 925
158 867 923
113 857 984
121 876 945
141 877 989
162 896 973
145 883 912
149 884 905
155 989 85
123 993 53
87 950 38
94 938 40
136 985 78
165 984 87
105 919 42
140 931 47
152 983 60
140 928 29
164 940 89
175 992 13
124 934 18
142 993 28
154 911 9
152 933 40
169 981 32
172 937 18
89 908 22
86 996 1
153 905 32
83 964 7
91 935 31
176 941 15
123 993 7
133 978 33
130 942 27
151 913 33
149 957 25
158 967 23
113 957 84
121 976 45
141 977 89
162 996 73
145 983 12
149 984 5
155 989 185
123 993 153
87 950 138
94 938 140
136 985 178
165 984 187
105 919 142
140 931 147
152 983 160
140 928 129
164 940 189
175 992 113
124 934 118
142 993 128
154 911 109
152 933 140
169 981 132
172 937 118
89 908 122
86 996 101
153 905 132
83 964 107
91 935 131
176 941 115
123 993 107
133 978 133
130 942 127
151 913 133
149 957 125
158 967 123
113 957 184
121 976 145
141 977 189
162 996 173
145 983 112
149 984 105
155 989 285
123 993 253
87 950 238
94 938 240
136 985 278
165 984 287
105 919 242
140 931 247
152 983 260
140 928 229
164 940 289
175 992 213
124 934 218
142 993 228
154 911 209
152 933 240
169 981 232
172 937 218
89 908 222
86 996 201
153 905 232
83 964 207
91 935 231
176 941 215
123 993 207
133 978 233
130 942 227
151 913 233
149 957 225
158 967 223
113 957 284
121 976 245
141 977 289
162 996 273
145 983 212
149 984 205
155 989 385
123 993 353
87 950 338
94 938 340
136 985 378
165 984 387
105 919 342
140 931 347
152 983 360
140 928 329
164 940 389
175 992 313
124 934 318
142 993 328
154 911 309
152 933 340
169 981 332
172 937 318
89 908 322
86 996 301
153 905 332
83 964 307
91 935 331
176 941 315
123 993 307
133 978 333
130 942 327
151 913 333
149 957 325
158 967 323
113 957 384
121 976 345
141 977 389
162 996 373
145 983 312
149 984 305
155 989 485
123 993 453
87 950 438
94 938 440
136 985 478
165 984 487
105 919 442
140 931 447
152 983 460
140 928 429
164 940 489
175 992 413
124 934 418
142 993 428
154 911 409
152 933 440
169 981 432
172 937 418
89 908 422
86 996 401
153 905 432
83 964 407
91 935 431
176 941 415
123 993 407
133 978 433
130 942 427
151 913 433
149 957 425
158 967 423
113 957 484
121 976 445
141 977 489
162 996 473
145 983 412
149 984 405
155 989 585
123 993 553
87 950 538
94 938 540
136 985 578
165 984 587
105 919 542
140 931 547
152 983 560
140 928 529
164 940 589
175 992 513
124 934 518
142 993 528
154 911 509
152 933 540
169 981 532
172 937 518
89 908 522
86 996 501
153 905 532
83 964 507
91 935 531
176 941 515
123 993 507
133 978 533
130 942 527
151 913 533
149 957 525
158 967 523
113 957 584
121 976 545
141 977 589
162 996 573
145 983 512
149 984 505
155 989 685
123 993 653
87 950 638
94 938 640
136 985 678
165 984 687
105 919 642
140 931 647
152 983 660
140 928 629
164 940 689
175 992 613
124 934 618
142 993 628
154 911 609
152 933 640
169 981 632
172 937 618
89 908 622
86 996 601
153 905 632
83 964 607
91 935 631
176 941 615
123 993 607
133 978 633
130 942 627
151 913 633
149 957 625
158 967 623
113 957 684
121 976 645
141 977 689
162 996 673
145 983 612
149 984 605
155 989 785
123 993 753
87 950 738
94 938 740
136 985 778
165 984 787
105 919 742
140 931 747
152 983 760
140 928 729
164 940 789
175 992 713
124 934 718
142 993 728
154 911 709
152 933 740
169 981 732
172 937 718
89 908 722
86 996 701
153 905 732
83 964 707
91 935 731
176 941 715
123 993 707
133 978 733
130 942 727
151 913 733
149 957 725
158 967 723
113 957 784
121 976 745
141 977 789
162 996 773
145 983 712
149 984 705
155 989 885
123 993 853
87 950 838
94 938 840
136 985 878
165 984 887
105 919 842
140 931 847
152 983 860
140 928 829
164 940 889
175 992 813
124 934 818
142 993 828
154 911 809
152 933 840
169 981 832
172 937 818
89 908 822
86 996 801
153 905 832
83 964 807
91 935 831
176 941 815
123 993 807
133 978 833
130 942 827
151 913 833
149 957 825
158 967 823
113 957 884
121 976 845
141 977 889
162 996 873
145 983 812
149 984 805
155 989 985
123 993 953
87 950 938
94 938 940
136 985 978
165 984 987
105 919 942
140 931 947
152 983 960
140 928 929
164 940 989
175 992 913
124 934 918
142 993 928
154 911 909
152 933 940
169 981 932
172 937 918
89 908 922
86 996 901
153 905 932
83 964 907
91 935 931
176 941 915
123 993 907
133 978 933
130 942 927
151 913 933
149 957 925
158 967 923
113 957 984
121 976 945
141 977 989
162 996 973
145 983 912
149 984 905
