429
68 15 39
44 14 48
68 26 76
73 11 74
54 11 19
23 95 56
68 23 90
14 58 95
28 42 27
72 95 66
23 47 15
5 41 1
79 19 79
4 18 77
36 0 66
34 50 56
50 3 19
29 15 59
18 45 88
79 46 36
57 50 12
70 95 91
46 8 56
59 91 19
20 44 14
64 24 19
65 92 58
60 65 27
32 76 65
43 92 43
80 9 9
73 63 58
41 22 52
37 8 82
26 80 88
55 28 61
47 29 88
18 69 35
73 76 55
4 49 83
51 89 35
5 20 96
77 61 12
28 38 3
61 4 7
28 27 23
9 24 40
48 16 13
71 30 68
14 12 87
60 88 49
9 90 6
76 6 0
80 63 46
71 76 90
3 1 91
36 38 37
64 85 31
69 68 82
24 1 52
23 78 66
69 80 83
18 98 12
57 40 52
38 68 60
78 85 75
41 62 23
46 60 1
74 7 17
71 42 20
80 8 65
34 77 14
7 17 83
40 54 1
42 71 53
69 93 20
55 48 31
50 40 8
66 29 27
50 56 12
56 6 74
21 58 82
26 30 42
12 31 38
5 68 1
51 35 97
70 0 28
56 45 74
38 84 62
54 65 16
65 54 77
25 83 26
56 95 42
72 56 45
78 8 79
24 27 90
73 14 11
66 23 35
58 38 22
35 61 94
69 78 81
73 51 39
36 37 58
52 85 5
59 33 89
17 21 47
36 33 9
6 60 50
49 84 17
67 11 44
2 60 48
49 93 17
15 7 44
74 68 15
52 17 73
74 86 77
66 52 97
44 81 58
18 82 37
38 53 54
53 21 62
4 29 53
48 2 2
61 49 23
58 27 94
62 89 61
68 20 32
73 9 93
20 97 42
61 96 46
8 70 50
74 16 53
35 13 68
77 6 29
8 46 19
19 1 6
58 25 66
46 47 59
46 74 47
46 12 55
27 33 0
17 20 2
27 44 8
46 74 51
53 24 38
60 10 17
19 32 16
34 26 3
58 60 30
50 96 72
73 54 59
6 19 92
20 90 13
42 12 34
25 4 63
17 26 84
45 35 4
44 54 29
2 63 85
28 64 79
28 75 74
31 87 67
43 88 89
18 42 57
72 72 76
71 87 2
68 73 90
31 11 24
71 70 20
51 60 87
2 75 95
49 2 49
77 3 60
24 4 96
36 46 44
51 38 70
46 32 94
4 12 28
35 62 4
38 0 44
72 27 38
75 33 90
18 14 4
138 57 58
161 94 71
107 42 80
123 34 80
156 46 90
130 3 67
122 14 85
178 72 4
164 70 9
106 4 52
119 31 50
145 44 69
130 58 22
138 28 72
96 94 43
85 16 26
123 83 78
94 9 5
152 63 53
123 78 24
146 47 54
112 61 41
121 57 89
117 79 40
94 85 85
178 27 6
157 43 51
118 62 65
100 73 64
99 82 40
170 30 22
131 66 5
81 29 37
107 21 25
169 54 83
125 82 6
153 92 31
170 3 74
135 69 96
112 82 47
158 17 4
148 18 31
101 22 43
154 5 81
141 81 95
124 0 72
154 39 60
90 1 14
138 81 93
105 57 31
117 53 88
171 86 19
166 89 99
101 19 20
179 26 11
99 50 81
128 70 5
97 91 87
136 5 25
90 63 34
160 75 36
169 82 53
155 67 38
95 20 93
121 11 50
175 50 2
111 73 42
152 31 60
114 77 88
140 9 42
96 91 91
137 73 13
89 3 43
148 30 9
174 72 81
99 15 66
128 44 32
137 23 9
150 93 28
100 89 36
158 92 13
135 57 27
175 80 0
94 38 91
156 8 28
156 93 1
110 20 65
165 62 59
103 33 12
92 83 66
108 17 18
175 65 67
163 70 45
110 91 54
171 65 2
121 85 10
119 17 44
81 86 80
168 35 19
136 85 93
116 10 60
153 39 83
123 84 23
132 47 63
138 76 23
148 37 2
92 39 81
167 6 35
160 23 87
110 46 79
128 69 11
141 37 11
136 24 30
160 98 29
153 64 90
100 19 57
170 33 84
123 35 71
115 33 56
174 0 69
109 1 1
113 68 29
108 53 19
148 25 70
150 42 38
87 4 36
83 30 58
110 35 65
142 1 67
127 76 1
168 6 48
165 59 59
158 23 94
89 54 23
89 85 70
86 76 4
117 42 95
106 22 75
155 28 67
153 32 2
131 53 25
111 3 90
171 28 81
99 4 23
143 83 71
107 87 22
178 81 42
170 99 90
129 65 62
108 44 24
110 96 2
105 93 80
173 49 94
137 74 19
84 5 33
88 40 26
177 40 74
103 96 7
104 31 48
155 38 28
169 80 20
114 15 34
159 48 97
126 10 96
83 74 71
128 75 33
121 50 27
87 80 72
132 63 38
99 72 30
168 16 48
173 75 60
139 55 65
111 20 71
88 60 38
105 36 51
119 68 88
88 98 68
94 89 79
129 61 60
94 13 5
95 38 54
83 25 60
92 16 12
131 36 95
143 4 76
170 86 2
164 24 80
105 62 88
159 63 97
120 20 10
85 39 37
95 49 46
166 55 93
155 72 40
108 91 92
149 19 0
142 27 60
165 44 35
138 98 91
96 50 71
140 5 13
87 41 75
132 70 75
165 1 35
167 96 14
165 19 67
168 52 41
142 19 8
166 4 47
92 62 57
173 34 31
166 54 38
85 21 17
162 7 71
112 29 2
166 66 39
171 45 67
89 74 87
82 95 36
145 81 63
105 56 72
138 56 21
165 61 5
117 38 50
160 53 45
92 63 0
117 90 22
85 63 44
114 56 62
115 79 0
177 48 50
92 58 72
162 8 26
170 24 70
172 37 80
96 69 40
165 58 17
163 54 53
96 22 15
109 69 39
145 13 96
100 59 14
92 42 20
167 89 75
139 30 76
