5600
14 46 50
43 37 61
90 40 67
85 31 18
91 26 55
41 44 86
79 66 60
34 59 8
1 43 64
97 9 70
41 64 70
40 17 89
22 89 60
41 40 85
32 71 72
25 15 27
72 25 31
29 7 85
14 83 89
97 83 40
29 5 13
10 76 76
53 65 28
39 10 51
14 46 150
43 37 161
90 40 167
85 31 118
91 26 155
41 44 186
79 66 160
34 59 108
1 43 164
97 9 170
41 64 170
40 17 189
22 89 160
41 40 185
32 71 172
25 15 127
72 25 131
29 7 185
14 83 189
97 83 140
29 5 113
10 76 176
53 65 128
39 10 151
14 46 250
43 37 261
90 40 267
85 31 218
91 26 255
41 44 286
79 66 260
34 59 208
1 43 264
97 9 270
41 64 270
40 17 289
22 89 260
41 40 285
32 71 272
25 15 227
72 25 231
29 7 285
14 83 289
97 83 240
29 5 213
10 76 276
53 65 228
39 10 251
14 46 350
43 37 361
90 40 367
85 31 318
91 26 355
41 44 386
79 66 360
34 59 308
1 43 364
97 9 370
41 64 370
40 17 389
22 89 360
41 40 385
32 71 372
25 15 327
72 25 331
29 7 385
14 83 389
97 83 340
29 5 313
10 76 376
53 65 328
39 10 351
14 46 450
43 37 461
90 40 467
85 31 418
91 26 455
41 44 486
79 66 460
34 59 408
1 43 464
97 9 470
41 64 470
40 17 489
22 89 460
41 40 485
32 71 472
25 15 427
72 25 431
29 7 485
14 83 489
97 83 440
29 5 413
10 76 476
53 65 428
39 10 451
14 46 550
43 37 561
90 40 567
85 31 518
91 26 555
41 44 586
79 66 560
34 59 508
1 43 564
97 9 570
41 64 570
40 17 589
22 89 560
41 40 585
32 71 572
25 15 527
72 25 531
29 7 585
14 83 589
97 83 540
29 5 513
10 76 576
53 65 528
39 10 551
14 46 650
43 37 661
90 40 667
85 31 618
91 26 655
41 44 686
79 66 660
34 59 608
1 43 664
97 9 670
41 64 670
40 17 689
22 89 660
41 40 685
32 71 672
25 15 627
72 25 631
29 7 685
14 83 689
97 83 640
29 5 613
10 76 676
53 65 628
39 10 651
14 46 750
43 37 761
90 40 767
85 31 718
91 26 755
41 44 786
79 66 760
34 59 708
1 43 764
97 9 770
41 64 770
40 17 789
22 89 760
41 40 785
32 71 772
25 15 727
72 25 731
29 7 785
14 83 789
97 83 740
29 5 713
10 76 776
53 65 728
39 10 751
14 46 850
43 37 861
90 40 867
85 31 818
91 26 855
41 44 886
79 66 860
34 59 808
1 43 864
97 9 870
41 64 870
40 17 889
22 89 860
41 40 885
32 71 872
25 15 827
72 25 831
29 7 885
14 83 889
97 83 840
29 5 813
10 76 876
53 65 828
39 10 851
14 46 950
43 37 961
90 40 967
85 31 918
91 26 955
41 44 986
79 66 960
34 59 908
1 43 964
97 9 970
41 64 970
40 17 989
22 89 960
41 40 985
32 71 972
25 15 927
72 25 931
29 7 985
14 83 989
97 83 940
29 5 913
10 76 976
53 65 928
39 10 951
14 146 50
43 137 61
90 140 67
85 131 18
91 126 55
41 144 86
79 166 60
34 159 8
1 143 64
97 109 70
41 164 70
40 117 89
22 189 60
41 140 85
32 171 72
25 115 27
72 125 31
29 107 85
14 183 89
97 183 40
29 105 13
10 176 76
53 165 28
39 110 51
14 146 150
43 137 161
90 140 167
85 131 118
91 126 155
41 144 186
79 166 160
34 159 108
1 143 164
97 109 170
41 164 170
40 117 189
22 189 160
41 140 185
32 171 172
25 115 127
72 125 131
29 107 185
14 183 189
97 183 140
29 105 113
10 176 176
53 165 128
39 110 151
14 146 250
43 137 261
90 140 267
85 131 218
91 126 255
41 144 286
79 166 260
34 159 208
1 143 264
97 109 270
41 164 270
40 117 289
22 189 260
41 140 285
32 171 272
25 115 227
72 125 231
29 107 285
14 183 289
97 183 240
29 105 213
10 176 276
53 165 228
39 110 251
14 146 350
43 137 361
90 140 367
85 131 318
91 126 355
41 144 386
79 166 360
34 159 308
1 143 364
97 109 370
41 164 370
40 117 389
22 189 360
41 140 385
32 171 372
25 115 327
72 125 331
29 107 385
14 183 389
97 183 340
29 105 313
10 176 376
53 165 328
39 110 351
14 146 450
43 137 461
90 140 467
85 131 418
91 126 455
41 144 486
79 166 460
34 159 408
1 143 464
97 109 470
41 164 470
40 117 489
22 189 460
41 140 485
32 171 472
25 115 427
72 125 431
29 107 485
14 183 489
97 183 440
29 105 413
10 176 476
53 165 428
39 110 451
14 146 550
43 137 561
90 140 567
85 131 518
91 126 555
41 144 586
79 166 560
34 159 508
1 143 564
97 109 570
41 164 570
40 117 589
22 189 560
41 140 585
32 171 572
25 115 527
72 125 531
29 107 585
14 183 589
97 183 540
29 105 513
10 176 576
53 165 528
39 110 551
14 146 650
43 137 661
90 140 667
85 131 618
91 126 655
41 144 686
79 166 660
34 159 608
1 143 664
97 109 670
41 164 670
40 117 689
22 189 660
41 140 685
32 171 672
25 115 627
72 125 631
29 107 685
14 183 689
97 183 640
29 105 613
10 176 676
53 165 628
39 110 651
14 146 750
43 137 761
90 140 767
85 131 718
91 126 755
41 144 786
79 166 760
34 159 708
1 143 764
97 109 770
41 164 770
40 117 789
22 189 760
41 140 785
32 171 772
25 115 727
72 125 731
29 107 785
14 183 789
97 183 740
29 105 713
10 176 776
53 165 728
39 110 751
14 146 850
43 137 861
90 140 867
85 131 818
91 126 855
41 144 886
79 166 860
34 159 808
1 143 864
97 109 870
41 164 870
40 117 889
22 189 860
41 140 885
32 171 872
25 115 827
72 125 831
29 107 885
14 183 889
97 183 840
29 105 813
10 176 876
53 165 828
39 110 851
14 146 950
43 137 961
90 140 967
85 131 918
91 126 955
41 144 986
79 166 960
34 159 908
1 143 964
97 109 970
41 164 970
40 117 989
22 189 960
41 140 985
32 171 972
25 115 927
72 125 931
29 107 985
14 183 989
97 183 940
29 105 913
10 176 976
53 165 928
39 110 951
14 246 50
43 237 61
90 240 67
85 231 18
91 226 55
41 244 86
79 266 60
34 259 8
1 243 64
97 209 70
41 264 70
40 217 89
22 289 60
41 240 85
32 271 72
25 215 27
72 225 31
29 207 85
14 283 89
97 283 40
29 205 13
10 276 76
53 265 28
39 210 51
14 246 150
43 237 161
90 240 167
85 231 118
91 226 155
41 244 186
79 266 160
34 259 108
1 243 164
97 209 170
41 264 170
40 217 189
22 289 160
41 240 185
32 271 172
25 215 127
72 225 131
29 207 185
14 283 189
97 283 140
29 205 113
10 276 176
53 265 128
39 210 151
14 246 250
43 237 261
90 240 267
85 231 218
91 226 255
41 244 286
79 266 260
34 259 208
1 243 264
97 209 270
41 264 270
40 217 289
22 289 260
41 240 285
32 271 272
25 215 227
72 225 231
29 207 285
14 283 289
97 283 240
29 205 213
10 276 276
53 265 228
39 210 251
14 246 350
43 237 361
90 240 367
85 231 318
91 226 355
41 244 386
79 266 360
34 259 308
1 243 364
97 209 370
41 264 370
40 217 389
22 289 360
41 240 385
32 271 372
25 215 327
72 225 331
29 207 385
14 283 389
97 283 340
29 205 313
10 276 376
53 265 328
39 210 351
14 246 450
43 237 461
90 240 467
85 231 418
91 226 455
41 244 486
79 266 460
34 259 408
1 243 464
97 209 470
41 264 470
40 217 489
22 289 460
41 240 485
32 271 472
25 215 427
72 225 431
29 207 485
14 283 489
97 283 440
29 205 413
10 276 476
53 265 428
39 210 451
14 246 550
43 237 561
90 240 567
85 231 518
91 226 555
41 244 586
79 266 560
34 259 508
1 243 564
97 209 570
41 264 570
40 217 589
22 289 560
41 240 585
32 271 572
25 215 527
72 225 531
29 207 585
14 283 589
97 283 540
29 205 513
10 276 576
53 265 528
39 210 551
14 246 650
43 237 661
90 240 667
85 231 618
91 226 655
41 244 686
79 266 660
34 259 608
1 243 664
97 209 670
41 264 670
40 217 689
22 289 660
41 240 685
32 271 672
25 215 627
72 225 631
29 207 685
14 283 689
97 283 640
29 205 613
10 276 676
53 265 628
39 210 651
14 246 750
43 237 761
90 240 767
85 231 718
91 226 755
41 244 786
79 266 760
34 259 708
1 243 764
97 209 770
41 264 770
40 217 789
22 289 760
41 240 785
32 271 772
25 215 727
72 225 731
29 207 785
14 283 789
97 283 740
29 205 713
10 276 776
53 265 728
39 210 751
14 246 850
43 237 861
90 240 867
85 231 818
91 226 855
41 244 886
79 266 860
34 259 808
1 243 864
97 209 870
41 264 870
40 217 889
22 289 860
41 240 885
32 271 872
25 215 827
72 225 831
29 207 885
14 283 889
97 283 840
29 205 813
10 276 876
53 265 828
39 210 851
14 246 950
43 237 961
90 240 967
85 231 918
91 226 955
41 244 986
79 266 960
34 259 908
1 243 964
97 209 970
41 264 970
40 217 989
22 289 960
41 240 985
32 271 972
25 215 927
72 225 931
29 207 985
14 283 989
97 283 940
29 205 913
10 276 976
53 265 928
39 210 951
14 346 50
43 337 61
90 340 67
85 331 18
91 326 55
41 344 86
79 366 60
34 359 8
1 343 64
97 309 70
41 364 70
40 317 89
22 389 60
41 340 85
32 371 72
25 315 27
72 325 31
29 307 85
14 383 89
97 383 40
29 305 13
10 376 76
53 365 28
39 310 51
14 346 150
43 337 161
90 340 167
85 331 118
91 326 155
41 344 186
79 366 160
34 359 108
1 343 164
97 309 170
41 364 170
40 317 189
22 389 160
41 340 185
32 371 172
25 315 127
72 325 131
29 307 185
14 383 189
97 383 140
29 305 113
10 376 176
53 365 128
39 310 151
14 346 250
43 337 261
90 340 267
85 331 218
91 326 255
41 344 286
79 366 260
34 359 208
1 343 264
97 309 270
41 364 270
40 317 289
22 389 260
41 340 285
32 371 272
25 315 227
72 325 231
29 307 285
14 383 289
97 383 240
29 305 213
10 376 276
53 365 228
39 310 251
14 346 350
43 337 361
90 340 367
85 331 318
91 326 355
41 344 386
79 366 360
34 359 308
1 343 364
97 309 370
41 364 370
40 317 389
22 389 360
41 340 385
32 371 372
25 315 327
72 325 331
29 307 385
14 383 389
97 383 340
29 305 313
10 376 376
53 365 328
39 310 351
14 346 450
43 337 461
90 340 467
85 331 418
91 326 455
41 344 486
79 366 460
34 359 408
1 343 464
97 309 470
41 364 470
40 317 489
22 389 460
41 340 485
32 371 472
25 315 427
72 325 431
29 307 485
14 383 489
97 383 440
29 305 413
10 376 476
53 365 428
39 310 451
14 346 550
43 337 561
90 340 567
85 331 518
91 326 555
41 344 586
79 366 560
34 359 508
1 343 564
97 309 570
41 364 570
40 317 589
22 389 560
41 340 585
32 371 572
25 315 527
72 325 531
29 307 585
14 383 589
97 383 540
29 305 513
10 376 576
53 365 528
39 310 551
14 346 650
43 337 661
90 340 667
85 331 618
91 326 655
41 344 686
79 366 660
34 359 608
1 343 664
97 309 670
41 364 670
40 317 689
22 389 660
41 340 685
32 371 672
25 315 627
72 325 631
29 307 685
14 383 689
97 383 640
29 305 613
10 376 676
53 365 628
39 310 651
14 346 750
43 337 761
90 340 767
85 331 718
91 326 755
41 344 786
79 366 760
34 359 708
1 343 764
97 309 770
41 364 770
40 317 789
22 389 760
41 340 785
32 371 772
25 315 727
72 325 731
29 307 785
14 383 789
97 383 740
29 305 713
10 376 776
53 365 728
39 310 751
14 346 850
43 337 861
90 340 867
85 331 818
91 326 855
41 344 886
79 366 860
34 359 808
1 343 864
97 309 870
41 364 870
40 317 889
22 389 860
41 340 885
32 371 872
25 315 827
72 325 831
29 307 885
14 383 889
97 383 840
29 305 813
10 376 876
53 365 828
39 310 851
14 346 950
43 337 961
90 340 967
85 331 918
91 326 955
41 344 986
79 366 960
34 359 908
1 343 964
97 309 970
41 364 970
40 317 989
22 389 960
41 340 985
32 371 972
25 315 927
72 325 931
29 307 985
14 383 989
97 383 940
29 305 913
10 376 976
53 365 928
39 310 951
14 446 50
43 437 61
90 440 67
85 431 18
91 426 55
41 444 86
79 466 60
34 459 8
1 443 64
97 409 70
41 464 70
40 417 89
22 489 60
41 440 85
32 471 72
25 415 27
72 425 31
29 407 85
14 483 89
97 483 40
29 405 13
10 476 76
53 465 28
39 410 51
14 446 150
43 437 161
90 440 167
85 431 118
91 426 155
41 444 186
79 466 160
34 459 108
1 443 164
97 409 170
41 464 170
40 417 189
22 489 160
41 440 185
32 471 172
25 415 127
72 425 131
29 407 185
14 483 189
97 483 140
29 405 113
10 476 176
53 465 128
39 410 151
14 446 250
43 437 261
90 440 267
85 431 218
91 426 255
41 444 286
79 466 260
34 459 208
1 443 264
97 409 270
41 464 270
40 417 289
22 489 260
41 440 285
32 471 272
25 415 227
72 425 231
29 407 285
14 483 289
97 483 240
29 405 213
10 476 276
53 465 228
39 410 251
14 446 350
43 437 361
90 440 367
85 431 318
91 426 355
41 444 386
79 466 360
34 459 308
1 443 364
97 409 370
41 464 370
40 417 389
22 489 360
41 440 385
32 471 372
25 415 327
72 425 331
29 407 385
14 483 389
97 483 340
29 405 313
10 476 376
53 465 328
39 410 351
14 446 450
43 437 461
90 440 467
85 431 418
91 426 455
41 444 486
79 466 460
34 459 408
1 443 464
97 409 470
41 464 470
40 417 489
22 489 460
41 440 485
32 471 472
25 415 427
72 425 431
29 407 485
14 483 489
97 483 440
29 405 413
10 476 476
53 465 428
39 410 451
14 446 550
43 437 561
90 440 567
85 431 518
91 426 555
41 444 586
79 466 560
34 459 508
1 443 564
97 409 570
41 464 570
40 417 589
22 489 560
41 440 585
32 471 572
25 415 527
72 425 531
29 407 585
14 483 589
97 483 540
29 405 513
10 476 576
53 465 528
39 410 551
14 446 650
43 437 661
90 440 667
85 431 618
91 426 655
41 444 686
79 466 660
34 459 608
1 443 664
97 409 670
41 464 670
40 417 689
22 489 660
41 440 685
32 471 672
25 415 627
72 425 631
29 407 685
14 483 689
97 483 640
29 405 613
10 476 676
53 465 628
39 410 651
14 446 750
43 437 761
90 440 767
85 431 718
91 426 755
41 444 786
79 466 760
34 459 708
1 443 764
97 409 770
41 464 770
40 417 789
22 489 760
41 440 785
32 471 772
25 415 727
72 425 731
29 407 785
14 483 789
97 483 740
29 405 713
10 476 776
53 465 728
39 410 751
14 446 850
43 437 861
90 440 867
85 431 818
91 426 855
41 444 886
79 466 860
34 459 808
1 443 864
97 409 870
41 464 870
40 417 889
22 489 860
41 440 885
32 471 872
25 415 827
72 425 831
29 407 885
14 483 889
97 483 840
29 405 813
10 476 876
53 465 828
39 410 851
14 446 950
43 437 961
90 440 967
85 431 918
91 426 955
41 444 986
79 466 960
34 459 908
1 443 964
97 409 970
41 464 970
40 417 989
22 489 960
41 440 985
32 471 972
25 415 927
72 425 931
29 407 985
14 483 989
97 483 940
29 405 913
10 476 976
53 465 928
39 410 951
14 546 50
43 537 61
90 540 67
85 531 18
91 526 55
41 544 86
79 566 60
34 559 8
1 543 64
97 509 70
41 564 70
40 517 89
22 589 60
41 540 85
32 571 72
25 515 27
72 525 31
29 507 85
14 583 89
97 583 40
29 505 13
10 576 76
53 565 28
39 510 51
14 546 150
43 537 161
90 540 167
85 531 118
91 526 155
41 544 186
79 566 160
34 559 108
1 543 164
97 509 170
41 564 170
40 517 189
22 589 160
41 540 185
32 571 172
25 515 127
72 525 131
29 507 185
14 583 189
97 583 140
29 505 113
10 576 176
53 565 128
39 510 151
14 546 250
43 537 261
90 540 267
85 531 218
91 526 255
41 544 286
79 566 260
34 559 208
1 543 264
97 509 270
41 564 270
40 517 289
22 589 260
41 540 285
32 571 272
25 515 227
72 525 231
29 507 285
14 583 289
97 583 240
29 505 213
10 576 276
53 565 228
39 510 251
14 546 350
43 537 361
90 540 367
85 531 318
91 526 355
41 544 386
79 566 360
34 559 308
1 543 364
97 509 370
41 564 370
40 517 389
22 589 360
41 540 385
32 571 372
25 515 327
72 525 331
29 507 385
14 583 389
97 583 340
29 505 313
10 576 376
53 565 328
39 510 351
14 546 450
43 537 461
90 540 467
85 531 418
91 526 455
41 544 486
79 566 460
34 559 408
1 543 464
97 509 470
41 564 470
40 517 489
22 589 460
41 540 485
32 571 472
25 515 427
72 525 431
29 507 485
14 583 489
97 583 440
29 505 413
10 576 476
53 565 428
39 510 451
14 546 550
43 537 561
90 540 567
85 531 518
91 526 555
41 544 586
79 566 560
34 559 508
1 543 564
97 509 570
41 564 570
40 517 589
22 589 560
41 540 585
32 571 572
25 515 527
72 525 531
29 507 585
14 583 589
97 583 540
29 505 513
10 576 576
53 565 528
39 510 551
14 546 650
43 537 661
90 540 667
85 531 618
91 526 655
41 544 686
79 566 660
34 559 608
1 543 664
97 509 670
41 564 670
40 517 689
22 589 660
41 540 685
32 571 672
25 515 627
72 525 631
29 507 685
14 583 689
97 583 640
29 505 613
10 576 676
53 565 628
39 510 651
14 546 750
43 537 761
90 540 767
85 531 718
91 526 755
41 544 786
79 566 760
34 559 708
1 543 764
97 509 770
41 564 770
40 517 789
22 589 760
41 540 785
32 571 772
25 515 727
72 525 731
29 507 785
14 583 789
97 583 740
29 505 713
10 576 776
53 565 728
39 510 751
14 546 850
43 537 861
90 540 867
85 531 818
91 526 855
41 544 886
79 566 860
34 559 808
1 543 864
97 509 870
41 564 870
40 517 889
22 589 860
41 540 885
32 571 872
25 515 827
72 525 831
29 507 885
14 583 889
97 583 840
29 505 813
10 576 876
53 565 828
39 510 851
14 546 950
43 537 961
90 540 967
85 531 918
91 526 955
41 544 986
79 566 960
34 559 908
1 543 964
97 509 970
41 564 970
40 517 989
22 589 960
41 540 985
32 571 972
25 515 927
72 525 931
29 507 985
14 583 989
97 583 940
29 505 913
10 576 976
53 565 928
39 510 951
14 646 50
43 637 61
90 640 67
85 631 18
91 626 55
41 644 86
79 666 60
34 659 8
1 643 64
97 609 70
41 664 70
40 617 89
22 689 60
41 640 85
32 671 72
25 615 27
72 625 31
29 607 85
14 683 89
97 683 40
29 605 13
10 676 76
53 665 28
39 610 51
14 646 150
43 637 161
90 640 167
85 631 118
91 626 155
41 644 186
79 666 160
34 659 108
1 643 164
97 609 170
41 664 170
40 617 189
22 689 160
41 640 185
32 671 172
25 615 127
72 625 131
29 607 185
14 683 189
97 683 140
29 605 113
10 676 176
53 665 128
39 610 151
14 646 250
43 637 261
90 640 267
85 631 218
91 626 255
41 644 286
79 666 260
34 659 208
1 643 264
97 609 270
41 664 270
40 617 289
22 689 260
41 640 285
32 671 272
25 615 227
72 625 231
29 607 285
14 683 289
97 683 240
29 605 213
10 676 276
53 665 228
39 610 251
14 646 350
43 637 361
90 640 367
85 631 318
91 626 355
41 644 386
79 666 360
34 659 308
1 643 364
97 609 370
41 664 370
40 617 389
22 689 360
41 640 385
32 671 372
25 615 327
72 625 331
29 607 385
14 683 389
97 683 340
29 605 313
10 676 376
53 665 328
39 610 351
14 646 450
43 637 461
90 640 467
85 631 418
91 626 455
41 644 486
79 666 460
34 659 408
1 643 464
97 609 470
41 664 470
40 617 489
22 689 460
41 640 485
32 671 472
25 615 427
72 625 431
29 607 485
14 683 489
97 683 440
29 605 413
10 676 476
53 665 428
39 610 451
14 646 550
43 637 561
90 640 567
85 631 518
91 626 555
41 644 586
79 666 560
34 659 508
1 643 564
97 609 570
41 664 570
40 617 589
22 689 560
41 640 585
32 671 572
25 615 527
72 625 531
29 607 585
14 683 589
97 683 540
29 605 513
10 676 576
53 665 528
39 610 551
14 646 650
43 637 661
90 640 667
85 631 618
91 626 655
41 644 686
79 666 660
34 659 608
1 643 664
97 609 670
41 664 670
40 617 689
22 689 660
41 640 685
32 671 672
25 615 627
72 625 631
29 607 685
14 683 689
97 683 640
29 605 613
10 676 676
53 665 628
39 610 651
14 646 750
43 637 761
90 640 767
85 631 718
91 626 755
41 644 786
79 666 760
34 659 708
1 643 764
97 609 770
41 664 770
40 617 789
22 689 760
41 640 785
32 671 772
25 615 727
72 625 731
29 607 785
14 683 789
97 683 740
29 605 713
10 676 776
53 665 728
39 610 751
14 646 850
43 637 861
90 640 867
85 631 818
91 626 855
41 644 886
79 666 860
34 659 808
1 643 864
97 609 870
41 664 870
40 617 889
22 689 860
41 640 885
32 671 872
25 615 827
72 625 831
29 607 885
14 683 889
97 683 840
29 605 813
10 676 876
53 665 828
39 610 851
14 646 950
43 637 961
90 640 967
85 631 918
91 626 955
41 644 986
79 666 960
34 659 908
1 643 964
97 609 970
41 664 970
40 617 989
22 689 960
41 640 985
32 671 972
25 615 927
72 625 931
29 607 985
14 683 989
97 683 940
29 605 913
10 676 976
53 665 928
39 610 951
14 746 50
43 737 61
90 740 67
85 731 18
91 726 55
41 744 86
79 766 60
34 759 8
1 743 64
97 709 70
41 764 70
40 717 89
22 789 60
41 740 85
32 771 72
25 715 27
72 725 31
29 707 85
14 783 89
97 783 40
29 705 13
10 776 76
53 765 28
39 710 51
14 746 150
43 737 161
90 740 167
85 731 118
91 726 155
41 744 186
79 766 160
34 759 108
1 743 164
97 709 170
41 764 170
40 717 189
22 789 160
41 740 185
32 771 172
25 715 127
72 725 131
29 707 185
14 783 189
97 783 140
29 705 113
10 776 176
53 765 128
39 710 151
14 746 250
43 737 261
90 740 267
85 731 218
91 726 255
41 744 286
79 766 260
34 759 208
1 743 264
97 709 270
41 764 270
40 717 289
22 789 260
41 740 285
32 771 272
25 715 227
72 725 231
29 707 285
14 783 289
97 783 240
29 705 213
10 776 276
53 765 228
39 710 251
14 746 350
43 737 361
90 740 367
85 731 318
91 726 355
41 744 386
79 766 360
34 759 308
1 743 364
97 709 370
41 764 370
40 717 389
22 789 360
41 740 385
32 771 372
25 715 327
72 725 331
29 707 385
14 783 389
97 783 340
29 705 313
10 776 376
53 765 328
39 710 351
14 746 450
43 737 461
90 740 467
85 731 418
91 726 455
41 744 486
79 766 460
34 759 408
1 743 464
97 709 470
41 764 470
40 717 489
22 789 460
41 740 485
32 771 472
25 715 427
72 725 431
29 707 485
14 783 489
97 783 440
29 705 413
10 776 476
53 765 428
39 710 451
14 746 550
43 737 561
90 740 567
85 731 518
91 726 555
41 744 586
79 766 560
34 759 508
1 743 564
97 709 570
41 764 570
40 717 589
22 789 560
41 740 585
32 771 572
25 715 527
72 725 531
29 707 585
14 783 589
97 783 540
29 705 513
10 776 576
53 765 528
39 710 551
14 746 650
43 737 661
90 740 667
85 731 618
91 726 655
41 744 686
79 766 660
34 759 608
1 743 664
97 709 670
41 764 670
40 717 689
22 789 660
41 740 685
32 771 672
25 715 627
72 725 631
29 707 685
14 783 689
97 783 640
29 705 613
10 776 676
53 765 628
39 710 651
14 746 750
43 737 761
90 740 767
85 731 718
91 726 755
41 744 786
79 766 760
34 759 708
1 743 764
97 709 770
41 764 770
40 717 789
22 789 760
41 740 785
32 771 772
25 715 727
72 725 731
29 707 785
14 783 789
97 783 740
29 705 713
10 776 776
53 765 728
39 710 751
14 746 850
43 737 861
90 740 867
85 731 818
91 726 855
41 744 886
79 766 860
34 759 808
1 743 864
97 709 870
41 764 870
40 717 889
22 789 860
41 740 885
32 771 872
25 715 827
72 725 831
29 707 885
14 783 889
97 783 840
29 705 813
10 776 876
53 765 828
39 710 851
14 746 950
43 737 961
90 740 967
85 731 918
91 726 955
41 744 986
79 766 960
34 759 908
1 743 964
97 709 970
41 764 970
40 717 989
22 789 960
41 740 985
32 771 972
25 715 927
72 725 931
29 707 985
14 783 989
97 783 940
29 705 913
10 776 976
53 765 928
39 710 951
14 846 50
43 837 61
90 840 67
85 831 18
91 826 55
41 844 86
79 866 60
34 859 8
1 843 64
97 809 70
41 864 70
40 817 89
22 889 60
41 840 85
32 871 72
25 815 27
72 825 31
29 807 85
14 883 89
97 883 40
29 805 13
10 876 76
53 865 28
39 810 51
14 846 150
43 837 161
90 840 167
85 831 118
91 826 155
41 844 186
79 866 160
34 859 108
1 843 164
97 809 170
41 864 170
40 817 189
22 889 160
41 840 185
32 871 172
25 815 127
72 825 131
29 807 185
14 883 189
97 883 140
29 805 113
10 876 176
53 865 128
39 810 151
14 846 250
43 837 261
90 840 267
85 831 218
91 826 255
41 844 286
79 866 260
34 859 208
1 843 264
97 809 270
41 864 270
40 817 289
22 889 260
41 840 285
32 871 272
25 815 227
72 825 231
29 807 285
14 883 289
97 883 240
29 805 213
10 876 276
53 865 228
39 810 251
14 846 350
43 837 361
90 840 367
85 831 318
91 826 355
41 844 386
79 866 360
34 859 308
1 843 364
97 809 370
41 864 370
40 817 389
22 889 360
41 840 385
32 871 372
25 815 327
72 825 331
29 807 385
14 883 389
97 883 340
29 805 313
10 876 376
53 865 328
39 810 351
14 846 450
43 837 461
90 840 467
85 831 418
91 826 455
41 844 486
79 866 460
34 859 408
1 843 464
97 809 470
41 864 470
40 817 489
22 889 460
41 840 485
32 871 472
25 815 427
72 825 431
29 807 485
14 883 489
97 883 440
29 805 413
10 876 476
53 865 428
39 810 451
14 846 550
43 837 561
90 840 567
85 831 518
91 826 555
41 844 586
79 866 560
34 859 508
1 843 564
97 809 570
41 864 570
40 817 589
22 889 560
41 840 585
32 871 572
25 815 527
72 825 531
29 807 585
14 883 589
97 883 540
29 805 513
10 876 576
53 865 528
39 810 551
14 846 650
43 837 661
90 840 667
85 831 618
91 826 655
41 844 686
79 866 660
34 859 608
1 843 664
97 809 670
41 864 670
40 817 689
22 889 660
41 840 685
32 871 672
25 815 627
72 825 631
29 807 685
14 883 689
97 883 640
29 805 613
10 876 676
53 865 628
39 810 651
14 846 750
43 837 761
90 840 767
85 831 718
91 826 755
41 844 786
79 866 760
34 859 708
1 843 764
97 809 770
41 864 770
40 817 789
22 889 760
41 840 785
32 871 772
25 815 727
72 825 731
29 807 785
14 883 789
97 883 740
29 805 713
10 876 776
53 865 728
39 810 751
14 846 850
43 837 861
90 840 867
85 831 818
91 826 855
41 844 886
79 866 860
34 859 808
1 843 864
97 809 870
41 864 870
40 817 889
22 889 860
41 840 885
32 871 872
25 815 827
72 825 831
29 807 885
14 883 889
97 883 840
29 805 813
10 876 876
53 865 828
39 810 851
14 846 950
43 837 961
90 840 967
85 831 918
91 826 955
41 844 986
79 866 960
34 859 908
1 843 964
97 809 970
41 864 970
40 817 989
22 889 960
41 840 985
32 871 972
25 815 927
72 825 931
29 807 985
14 883 989
97 883 940
29 805 913
10 876 976
53 865 928
39 810 951
14 946 50
43 937 61
90 940 67
85 931 18
91 926 55
41 944 86
79 966 60
34 959 8
1 943 64
97 909 70
41 964 70
40 917 89
22 989 60
41 940 85
32 971 72
25 915 27
72 925 31
29 907 85
14 983 89
97 983 40
29 905 13
10 976 76
53 965 28
39 910 51
14 946 150
43 937 161
90 940 167
85 931 118
91 926 155
41 944 186
79 966 160
34 959 108
1 943 164
97 909 170
41 964 170
40 917 189
22 989 160
41 940 185
32 971 172
25 915 127
72 925 131
29 907 185
14 983 189
97 983 140
29 905 113
10 976 176
53 965 128
39 910 151
14 946 250
43 937 261
90 940 267
85 931 218
91 926 255
41 944 286
79 966 260
34 959 208
1 943 264
97 909 270
41 964 270
40 917 289
22 989 260
41 940 285
32 971 272
25 915 227
72 925 231
29 907 285
14 983 289
97 983 240
29 905 213
10 976 276
53 965 228
39 910 251
14 946 350
43 937 361
90 940 367
85 931 318
91 926 355
41 944 386
79 966 360
34 959 308
1 943 364
97 909 370
41 964 370
40 917 389
22 989 360
41 940 385
32 971 372
25 915 327
72 925 331
29 907 385
14 983 389
97 983 340
29 905 313
10 976 376
53 965 328
39 910 351
14 946 450
43 937 461
90 940 467
85 931 418
91 926 455
41 944 486
79 966 460
34 959 408
1 943 464
97 909 470
41 964 470
40 917 489
22 989 460
41 940 485
32 971 472
25 915 427
72 925 431
29 907 485
14 983 489
97 983 440
29 905 413
10 976 476
53 965 428
39 910 451
14 946 550
43 937 561
90 940 567
85 931 518
91 926 555
41 944 586
79 966 560
34 959 508
1 943 564
97 909 570
41 964 570
40 917 589
22 989 560
41 940 585
32 971 572
25 915 527
72 925 531
29 907 585
14 983 589
97 983 540
29 905 513
10 976 576
53 965 528
39 910 551
14 946 650
43 937 661
90 940 667
85 931 618
91 926 655
41 944 686
79 966 660
34 959 608
1 943 664
97 909 670
41 964 670
40 917 689
22 989 660
41 940 685
32 971 672
25 915 627
72 925 631
29 907 685
14 983 689
97 983 640
29 905 613
10 976 676
53 965 628
39 910 651
14 946 750
43 937 761
90 940 767
85 931 718
91 926 755
41 944 786
79 966 760
34 959 708
1 943 764
97 909 770
41 964 770
40 917 789
22 989 760
41 940 785
32 971 772
25 915 727
72 925 731
29 907 785
14 983 789
97 983 740
29 905 713
10 976 776
53 965 728
39 910 751
14 946 850
43 937 861
90 940 867
85 931 818
91 926 855
41 944 886
79 966 860
34 959 808
1 943 864
97 909 870
41 964 870
40 917 889
22 989 860
41 940 885
32 971 872
25 915 827
72 925 831
29 907 885
14 983 889
97 983 840
29 905 813
10 976 876
53 965 828
39 910 851
14 946 950
43 937 961
90 940 967
85 931 918
91 926 955
41 944 986
79 966 960
34 959 908
1 943 964
97 909 970
41 964 970
40 917 989
22 989 960
41 940 985
32 971 972
25 915 927
72 925 931
29 907 985
14 983 989
97 983 940
29 905 913
10 976 976
53 965 928
39 910 951
188 49 47
111 64 3
121 39 44
186 57 40
154 50 54
174 48 73
110 75 58
114 87 54
126 8 38
181 31 8
112 87 79
152 84 21
134 52 14
106 98 95
180 18 54
198 20 22
110 3 38
178 3 89
163 91 2
149 26 16
149 45 44
131 5 50
102 49 90
114 24 60
197 45 59
132 7 94
179 50 67
115 38 7
145 39 73
175 56 87
121 87 71
161 81 88
188 49 147
111 64 103
121 39 144
186 57 140
154 50 154
174 48 173
110 75 158
114 87 154
126 8 138
181 31 108
112 87 179
152 84 121
134 52 114
106 98 195
180 18 154
198 20 122
110 3 138
178 3 189
163 91 102
149 26 116
149 45 144
131 5 150
102 49 190
114 24 160
197 45 159
132 7 194
179 50 167
115 38 107
145 39 173
175 56 187
121 87 171
161 81 188
188 49 247
111 64 203
121 39 244
186 57 240
154 50 254
174 48 273
110 75 258
114 87 254
126 8 238
181 31 208
112 87 279
152 84 221
134 52 214
106 98 295
180 18 254
198 20 222
110 3 238
178 3 289
163 91 202
149 26 216
149 45 244
131 5 250
102 49 290
114 24 260
197 45 259
132 7 294
179 50 267
115 38 207
145 39 273
175 56 287
121 87 271
161 81 288
188 49 347
111 64 303
121 39 344
186 57 340
154 50 354
174 48 373
110 75 358
114 87 354
126 8 338
181 31 308
112 87 379
152 84 321
134 52 314
106 98 395
180 18 354
198 20 322
110 3 338
178 3 389
163 91 302
149 26 316
149 45 344
131 5 350
102 49 390
114 24 360
197 45 359
132 7 394
179 50 367
115 38 307
145 39 373
175 56 387
121 87 371
161 81 388
188 49 447
111 64 403
121 39 444
186 57 440
154 50 454
174 48 473
110 75 458
114 87 454
126 8 438
181 31 408
112 87 479
152 84 421
134 52 414
106 98 495
180 18 454
198 20 422
110 3 438
178 3 489
163 91 402
149 26 416
149 45 444
131 5 450
102 49 490
114 24 460
197 45 459
132 7 494
179 50 467
115 38 407
145 39 473
175 56 487
121 87 471
161 81 488
188 49 547
111 64 503
121 39 544
186 57 540
154 50 554
174 48 573
110 75 558
114 87 554
126 8 538
181 31 508
112 87 579
152 84 521
134 52 514
106 98 595
180 18 554
198 20 522
110 3 538
178 3 589
163 91 502
149 26 516
149 45 544
131 5 550
102 49 590
114 24 560
197 45 559
132 7 594
179 50 567
115 38 507
145 39 573
175 56 587
121 87 571
161 81 588
188 49 647
111 64 603
121 39 644
186 57 640
154 50 654
174 48 673
110 75 658
114 87 654
126 8 638
181 31 608
112 87 679
152 84 621
134 52 614
106 98 695
180 18 654
198 20 622
110 3 638
178 3 689
163 91 602
149 26 616
149 45 644
131 5 650
102 49 690
114 24 660
197 45 659
132 7 694
179 50 667
115 38 607
145 39 673
175 56 687
121 87 671
161 81 688
188 49 747
111 64 703
121 39 744
186 57 740
154 50 754
174 48 773
110 75 758
114 87 754
126 8 738
181 31 708
112 87 779
152 84 721
134 52 714
106 98 795
180 18 754
198 20 722
110 3 738
178 3 789
163 91 702
149 26 716
149 45 744
131 5 750
102 49 790
114 24 760
197 45 759
132 7 794
179 50 767
115 38 707
145 39 773
175 56 787
121 87 771
161 81 788
188 49 847
111 64 803
121 39 844
186 57 840
154 50 854
174 48 873
110 75 858
114 87 854
126 8 838
181 31 808
112 87 879
152 84 821
134 52 814
106 98 895
180 18 854
198 20 822
110 3 838
178 3 889
163 91 802
149 26 816
149 45 844
131 5 850
102 49 890
114 24 860
197 45 859
132 7 894
179 50 867
115 38 807
145 39 873
175 56 887
121 87 871
161 81 888
188 49 947
111 64 903
121 39 944
186 57 940
154 50 954
174 48 973
110 75 958
114 87 954
126 8 938
181 31 908
112 87 979
152 84 921
134 52 914
106 98 995
180 18 954
198 20 922
110 3 938
178 3 989
163 91 902
149 26 916
149 45 944
131 5 950
102 49 990
114 24 960
197 45 959
132 7 994
179 50 967
115 38 907
145 39 973
175 56 987
121 87 971
161 81 988
188 149 47
111 164 3
121 139 44
186 157 40
154 150 54
174 148 73
110 175 58
114 187 54
126 108 38
181 131 8
112 187 79
152 184 21
134 152 14
106 198 95
180 118 54
198 120 22
110 103 38
178 103 89
163 191 2
149 126 16
149 145 44
131 105 50
102 149 90
114 124 60
197 145 59
132 107 94
179 150 67
115 138 7
145 139 73
175 156 87
121 187 71
161 181 88
188 149 147
111 164 103
121 139 144
186 157 140
154 150 154
174 148 173
110 175 158
114 187 154
126 108 138
181 131 108
112 187 179
152 184 121
134 152 114
106 198 195
180 118 154
198 120 122
110 103 138
178 103 189
163 191 102
149 126 116
149 145 144
131 105 150
102 149 190
114 124 160
197 145 159
132 107 194
179 150 167
115 138 107
145 139 173
175 156 187
121 187 171
161 181 188
188 149 247
111 164 203
121 139 244
186 157 240
154 150 254
174 148 273
110 175 258
114 187 254
126 108 238
181 131 208
112 187 279
152 184 221
134 152 214
106 198 295
180 118 254
198 120 222
110 103 238
178 103 289
163 191 202
149 126 216
149 145 244
131 105 250
102 149 290
114 124 260
197 145 259
132 107 294
179 150 267
115 138 207
145 139 273
175 156 287
121 187 271
161 181 288
188 149 347
111 164 303
121 139 344
186 157 340
154 150 354
174 148 373
110 175 358
114 187 354
126 108 338
181 131 308
112 187 379
152 184 321
134 152 314
106 198 395
180 118 354
198 120 322
110 103 338
178 103 389
163 191 302
149 126 316
149 145 344
131 105 350
102 149 390
114 124 360
197 145 359
132 107 394
179 150 367
115 138 307
145 139 373
175 156 387
121 187 371
161 181 388
188 149 447
111 164 403
121 139 444
186 157 440
154 150 454
174 148 473
110 175 458
114 187 454
126 108 438
181 131 408
112 187 479
152 184 421
134 152 414
106 198 495
180 118 454
198 120 422
110 103 438
178 103 489
163 191 402
149 126 416
149 145 444
131 105 450
102 149 490
114 124 460
197 145 459
132 107 494
179 150 467
115 138 407
145 139 473
175 156 487
121 187 471
161 181 488
188 149 547
111 164 503
121 139 544
186 157 540
154 150 554
174 148 573
110 175 558
114 187 554
126 108 538
181 131 508
112 187 579
152 184 521
134 152 514
106 198 595
180 118 554
198 120 522
110 103 538
178 103 589
163 191 502
149 126 516
149 145 544
131 105 550
102 149 590
114 124 560
197 145 559
132 107 594
179 150 567
115 138 507
145 139 573
175 156 587
121 187 571
161 181 588
188 149 647
111 164 603
121 139 644
186 157 640
154 150 654
174 148 673
110 175 658
114 187 654
126 108 638
181 131 608
112 187 679
152 184 621
134 152 614
106 198 695
180 118 654
198 120 622
110 103 638
178 103 689
163 191 602
149 126 616
149 145 644
131 105 650
102 149 690
114 124 660
197 145 659
132 107 694
179 150 667
115 138 607
145 139 673
175 156 687
121 187 671
161 181 688
188 149 747
111 164 703
121 139 744
186 157 740
154 150 754
174 148 773
110 175 758
114 187 754
126 108 738
181 131 708
112 187 779
152 184 721
134 152 714
106 198 795
180 118 754
198 120 722
110 103 738
178 103 789
163 191 702
149 126 716
149 145 744
131 105 750
102 149 790
114 124 760
197 145 759
132 107 794
179 150 767
115 138 707
145 139 773
175 156 787
121 187 771
161 181 788
188 149 847
111 164 803
121 139 844
186 157 840
154 150 854
174 148 873
110 175 858
114 187 854
126 108 838
181 131 808
112 187 879
152 184 821
134 152 814
106 198 895
180 118 854
198 120 822
110 103 838
178 103 889
163 191 802
149 126 816
149 145 844
131 105 850
102 149 890
114 124 860
197 145 859
132 107 894
179 150 867
115 138 807
145 139 873
175 156 887
121 187 871
161 181 888
188 149 947
111 164 903
121 139 944
186 157 940
154 150 954
174 148 973
110 175 958
114 187 954
126 108 938
181 131 908
112 187 979
152 184 921
134 152 914
106 198 995
180 118 954
198 120 922
110 103 938
178 103 989
163 191 902
149 126 916
149 145 944
131 105 950
102 149 990
114 124 960
197 145 959
132 107 994
179 150 967
115 138 907
145 139 973
175 156 987
121 187 971
161 181 988
188 249 47
111 264 3
121 239 44
186 257 40
154 250 54
174 248 73
110 275 58
114 287 54
126 208 38
181 231 8
112 287 79
152 284 21
134 252 14
106 298 95
180 218 54
198 220 22
110 203 38
178 203 89
163 291 2
149 226 16
149 245 44
131 205 50
102 249 90
114 224 60
197 245 59
132 207 94
179 250 67
115 238 7
145 239 73
175 256 87
121 287 71
161 281 88
188 249 147
111 264 103
121 239 144
186 257 140
154 250 154
174 248 173
110 275 158
114 287 154
126 208 138
181 231 108
112 287 179
152 284 121
134 252 114
106 298 195
180 218 154
198 220 122
110 203 138
178 203 189
163 291 102
149 226 116
149 245 144
131 205 150
102 249 190
114 224 160
197 245 159
132 207 194
179 250 167
115 238 107
145 239 173
175 256 187
121 287 171
161 281 188
188 249 247
111 264 203
121 239 244
186 257 240
154 250 254
174 248 273
110 275 258
114 287 254
126 208 238
181 231 208
112 287 279
152 284 221
134 252 214
106 298 295
180 218 254
198 220 222
110 203 238
178 203 289
163 291 202
149 226 216
149 245 244
131 205 250
102 249 290
114 224 260
197 245 259
132 207 294
179 250 267
115 238 207
145 239 273
175 256 287
121 287 271
161 281 288
188 249 347
111 264 303
121 239 344
186 257 340
154 250 354
174 248 373
110 275 358
114 287 354
126 208 338
181 231 308
112 287 379
152 284 321
134 252 314
106 298 395
180 218 354
198 220 322
110 203 338
178 203 389
163 291 302
149 226 316
149 245 344
131 205 350
102 249 390
114 224 360
197 245 359
132 207 394
179 250 367
115 238 307
145 239 373
175 256 387
121 287 371
161 281 388
188 249 447
111 264 403
121 239 444
186 257 440
154 250 454
174 248 473
110 275 458
114 287 454
126 208 438
181 231 408
112 287 479
152 284 421
134 252 414
106 298 495
180 218 454
198 220 422
110 203 438
178 203 489
163 291 402
149 226 416
149 245 444
131 205 450
102 249 490
114 224 460
197 245 459
132 207 494
179 250 467
115 238 407
145 239 473
175 256 487
121 287 471
161 281 488
188 249 547
111 264 503
121 239 544
186 257 540
154 250 554
174 248 573
110 275 558
114 287 554
126 208 538
181 231 508
112 287 579
152 284 521
134 252 514
106 298 595
180 218 554
198 220 522
110 203 538
178 203 589
163 291 502
149 226 516
149 245 544
131 205 550
102 249 590
114 224 560
197 245 559
132 207 594
179 250 567
115 238 507
145 239 573
175 256 587
121 287 571
161 281 588
188 249 647
111 264 603
121 239 644
186 257 640
154 250 654
174 248 673
110 275 658
114 287 654
126 208 638
181 231 608
112 287 679
152 284 621
134 252 614
106 298 695
180 218 654
198 220 622
110 203 638
178 203 689
163 291 602
149 226 616
149 245 644
131 205 650
102 249 690
114 224 660
197 245 659
132 207 694
179 250 667
115 238 607
145 239 673
175 256 687
121 287 671
161 281 688
188 249 747
111 264 703
121 239 744
186 257 740
154 250 754
174 248 773
110 275 758
114 287 754
126 208 738
181 231 708
112 287 779
152 284 721
134 252 714
106 298 795
180 218 754
198 220 722
110 203 738
178 203 789
163 291 702
149 226 716
149 245 744
131 205 750
102 249 790
114 224 760
197 245 759
132 207 794
179 250 767
115 238 707
145 239 773
175 256 787
121 287 771
161 281 788
188 249 847
111 264 803
121 239 844
186 257 840
154 250 854
174 248 873
110 275 858
114 287 854
126 208 838
181 231 808
112 287 879
152 284 821
134 252 814
106 298 895
180 218 854
198 220 822
110 203 838
178 203 889
163 291 802
149 226 816
149 245 844
131 205 850
102 249 890
114 224 860
197 245 859
132 207 894
179 250 867
115 238 807
145 239 873
175 256 887
121 287 871
161 281 888
188 249 947
111 264 903
121 239 944
186 257 940
154 250 954
174 248 973
110 275 958
114 287 954
126 208 938
181 231 908
112 287 979
152 284 921
134 252 914
106 298 995
180 218 954
198 220 922
110 203 938
178 203 989
163 291 902
149 226 916
149 245 944
131 205 950
102 249 990
114 224 960
197 245 959
132 207 994
179 250 967
115 238 907
145 239 973
175 256 987
121 287 971
161 281 988
188 349 47
111 364 3
121 339 44
186 357 40
154 350 54
174 348 73
110 375 58
114 387 54
126 308 38
181 331 8
112 387 79
152 384 21
134 352 14
106 398 95
180 318 54
198 320 22
110 303 38
178 303 89
163 391 2
149 326 16
149 345 44
131 305 50
102 349 90
114 324 60
197 345 59
132 307 94
179 350 67
115 338 7
145 339 73
175 356 87
121 387 71
161 381 88
188 349 147
111 364 103
121 339 144
186 357 140
154 350 154
174 348 173
110 375 158
114 387 154
126 308 138
181 331 108
112 387 179
152 384 121
134 352 114
106 398 195
180 318 154
198 320 122
110 303 138
178 303 189
163 391 102
149 326 116
149 345 144
131 305 150
102 349 190
114 324 160
197 345 159
132 307 194
179 350 167
115 338 107
145 339 173
175 356 187
121 387 171
161 381 188
188 349 247
111 364 203
121 339 244
186 357 240
154 350 254
174 348 273
110 375 258
114 387 254
126 308 238
181 331 208
112 387 279
152 384 221
134 352 214
106 398 295
180 318 254
198 320 222
110 303 238
178 303 289
163 391 202
149 326 216
149 345 244
131 305 250
102 349 290
114 324 260
197 345 259
132 307 294
179 350 267
115 338 207
145 339 273
175 356 287
121 387 271
161 381 288
188 349 347
111 364 303
121 339 344
186 357 340
154 350 354
174 348 373
110 375 358
114 387 354
126 308 338
181 331 308
112 387 379
152 384 321
134 352 314
106 398 395
180 318 354
198 320 322
110 303 338
178 303 389
163 391 302
149 326 316
149 345 344
131 305 350
102 349 390
114 324 360
197 345 359
132 307 394
179 350 367
115 338 307
145 339 373
175 356 387
121 387 371
161 381 388
188 349 447
111 364 403
121 339 444
186 357 440
154 350 454
174 348 473
110 375 458
114 387 454
126 308 438
181 331 408
112 387 479
152 384 421
134 352 414
106 398 495
180 318 454
198 320 422
110 303 438
178 303 489
163 391 402
149 326 416
149 345 444
131 305 450
102 349 490
114 324 460
197 345 459
132 307 494
179 350 467
115 338 407
145 339 473
175 356 487
121 387 471
161 381 488
188 349 547
111 364 503
121 339 544
186 357 540
154 350 554
174 348 573
110 375 558
114 387 554
126 308 538
181 331 508
112 387 579
152 384 521
134 352 514
106 398 595
180 318 554
198 320 522
110 303 538
178 303 589
163 391 502
149 326 516
149 345 544
131 305 550
102 349 590
114 324 560
197 345 559
132 307 594
179 350 567
115 338 507
145 339 573
175 356 587
121 387 571
161 381 588
188 349 647
111 364 603
121 339 644
186 357 640
154 350 654
174 348 673
110 375 658
114 387 654
126 308 638
181 331 608
112 387 679
152 384 621
134 352 614
106 398 695
180 318 654
198 320 622
110 303 638
178 303 689
163 391 602
149 326 616
149 345 644
131 305 650
102 349 690
114 324 660
197 345 659
132 307 694
179 350 667
115 338 607
145 339 673
175 356 687
121 387 671
161 381 688
188 349 747
111 364 703
121 339 744
186 357 740
154 350 754
174 348 773
110 375 758
114 387 754
126 308 738
181 331 708
112 387 779
152 384 721
134 352 714
106 398 795
180 318 754
198 320 722
110 303 738
178 303 789
163 391 702
149 326 716
149 345 744
131 305 750
102 349 790
114 324 760
197 345 759
132 307 794
179 350 767
115 338 707
145 339 773
175 356 787
121 387 771
161 381 788
188 349 847
111 364 803
121 339 844
186 357 840
154 350 854
174 348 873
110 375 858
114 387 854
126 308 838
181 331 808
112 387 879
152 384 821
134 352 814
106 398 895
180 318 854
198 320 822
110 303 838
178 303 889
163 391 802
149 326 816
149 345 844
131 305 850
102 349 890
114 324 860
197 345 859
132 307 894
179 350 867
115 338 807
145 339 873
175 356 887
121 387 871
161 381 888
188 349 947
111 364 903
121 339 944
186 357 940
154 350 954
174 348 973
110 375 958
114 387 954
126 308 938
181 331 908
112 387 979
152 384 921
134 352 914
106 398 995
180 318 954
198 320 922
110 303 938
178 303 989
163 391 902
149 326 916
149 345 944
131 305 950
102 349 990
114 324 960
197 345 959
132 307 994
179 350 967
115 338 907
145 339 973
175 356 987
121 387 971
161 381 988
188 449 47
111 464 3
121 439 44
186 457 40
154 450 54
174 448 73
110 475 58
114 487 54
126 408 38
181 431 8
112 487 79
152 484 21
134 452 14
106 498 95
180 418 54
198 420 22
110 403 38
178 403 89
163 491 2
149 426 16
149 445 44
131 405 50
102 449 90
114 424 60
197 445 59
132 407 94
179 450 67
115 438 7
145 439 73
175 456 87
121 487 71
161 481 88
188 449 147
111 464 103
121 439 144
186 457 140
154 450 154
174 448 173
110 475 158
114 487 154
126 408 138
181 431 108
112 487 179
152 484 121
134 452 114
106 498 195
180 418 154
198 420 122
110 403 138
178 403 189
163 491 102
149 426 116
149 445 144
131 405 150
102 449 190
114 424 160
197 445 159
132 407 194
179 450 167
115 438 107
145 439 173
175 456 187
121 487 171
161 481 188
188 449 247
111 464 203
121 439 244
186 457 240
154 450 254
174 448 273
110 475 258
114 487 254
126 408 238
181 431 208
112 487 279
152 484 221
134 452 214
106 498 295
180 418 254
198 420 222
110 403 238
178 403 289
163 491 202
149 426 216
149 445 244
131 405 250
102 449 290
114 424 260
197 445 259
132 407 294
179 450 267
115 438 207
145 439 273
175 456 287
121 487 271
161 481 288
188 449 347
111 464 303
121 439 344
186 457 340
154 450 354
174 448 373
110 475 358
114 487 354
126 408 338
181 431 308
112 487 379
152 484 321
134 452 314
106 498 395
180 418 354
198 420 322
110 403 338
178 403 389
163 491 302
149 426 316
149 445 344
131 405 350
102 449 390
114 424 360
197 445 359
132 407 394
179 450 367
115 438 307
145 439 373
175 456 387
121 487 371
161 481 388
188 449 447
111 464 403
121 439 444
186 457 440
154 450 454
174 448 473
110 475 458
114 487 454
126 408 438
181 431 408
112 487 479
152 484 421
134 452 414
106 498 495
180 418 454
198 420 422
110 403 438
178 403 489
163 491 402
149 426 416
149 445 444
131 405 450
102 449 490
114 424 460
197 445 459
132 407 494
179 450 467
115 438 407
145 439 473
175 456 487
121 487 471
161 481 488
188 449 547
111 464 503
121 439 544
186 457 540
154 450 554
174 448 573
110 475 558
114 487 554
126 408 538
181 431 508
112 487 579
152 484 521
134 452 514
106 498 595
180 418 554
198 420 522
110 403 538
178 403 589
163 491 502
149 426 516
149 445 544
131 405 550
102 449 590
114 424 560
197 445 559
132 407 594
179 450 567
115 438 507
145 439 573
175 456 587
121 487 571
161 481 588
188 449 647
111 464 603
121 439 644
186 457 640
154 450 654
174 448 673
110 475 658
114 487 654
126 408 638
181 431 608
112 487 679
152 484 621
134 452 614
106 498 695
180 418 654
198 420 622
110 403 638
178 403 689
163 491 602
149 426 616
149 445 644
131 405 650
102 449 690
114 424 660
197 445 659
132 407 694
179 450 667
115 438 607
145 439 673
175 456 687
121 487 671
161 481 688
188 449 747
111 464 703
121 439 744
186 457 740
154 450 754
174 448 773
110 475 758
114 487 754
126 408 738
181 431 708
112 487 779
152 484 721
134 452 714
106 498 795
180 418 754
198 420 722
110 403 738
178 403 789
163 491 702
149 426 716
149 445 744
131 405 750
102 449 790
114 424 760
197 445 759
132 407 794
179 450 767
115 438 707
145 439 773
175 456 787
121 487 771
161 481 788
188 449 847
111 464 803
121 439 844
186 457 840
154 450 854
174 448 873
110 475 858
114 487 854
126 408 838
181 431 808
112 487 879
152 484 821
134 452 814
106 498 895
180 418 854
198 420 822
110 403 838
178 403 889
163 491 802
149 426 816
149 445 844
131 405 850
102 449 890
114 424 860
197 445 859
132 407 894
179 450 867
115 438 807
145 439 873
175 456 887
121 487 871
161 481 888
188 449 947
111 464 903
121 439 944
186 457 940
154 450 954
174 448 973
110 475 958
114 487 954
126 408 938
181 431 908
112 487 979
152 484 921
134 452 914
106 498 995
180 418 954
198 420 922
110 403 938
178 403 989
163 491 902
149 426 916
149 445 944
131 405 950
102 449 990
114 424 960
197 445 959
132 407 994
179 450 967
115 438 907
145 439 973
175 456 987
121 487 971
161 481 988
188 549 47
111 564 3
121 539 44
186 557 40
154 550 54
174 548 73
110 575 58
114 587 54
126 508 38
181 531 8
112 587 79
152 584 21
134 552 14
106 598 95
180 518 54
198 520 22
110 503 38
178 503 89
163 591 2
149 526 16
149 545 44
131 505 50
102 549 90
114 524 60
197 545 59
132 507 94
179 550 67
115 538 7
145 539 73
175 556 87
121 587 71
161 581 88
188 549 147
111 564 103
121 539 144
186 557 140
154 550 154
174 548 173
110 575 158
114 587 154
126 508 138
181 531 108
112 587 179
152 584 121
134 552 114
106 598 195
180 518 154
198 520 122
110 503 138
178 503 189
163 591 102
149 526 116
149 545 144
131 505 150
102 549 190
114 524 160
197 545 159
132 507 194
179 550 167
115 538 107
145 539 173
175 556 187
121 587 171
161 581 188
188 549 247
111 564 203
121 539 244
186 557 240
154 550 254
174 548 273
110 575 258
114 587 254
126 508 238
181 531 208
112 587 279
152 584 221
134 552 214
106 598 295
180 518 254
198 520 222
110 503 238
178 503 289
163 591 202
149 526 216
149 545 244
131 505 250
102 549 290
114 524 260
197 545 259
132 507 294
179 550 267
115 538 207
145 539 273
175 556 287
121 587 271
161 581 288
188 549 347
111 564 303
121 539 344
186 557 340
154 550 354
174 548 373
110 575 358
114 587 354
126 508 338
181 531 308
112 587 379
152 584 321
134 552 314
106 598 395
180 518 354
198 520 322
110 503 338
178 503 389
163 591 302
149 526 316
149 545 344
131 505 350
102 549 390
114 524 360
197 545 359
132 507 394
179 550 367
115 538 307
145 539 373
175 556 387
121 587 371
161 581 388
188 549 447
111 564 403
121 539 444
186 557 440
154 550 454
174 548 473
110 575 458
114 587 454
126 508 438
181 531 408
112 587 479
152 584 421
134 552 414
106 598 495
180 518 454
198 520 422
110 503 438
178 503 489
163 591 402
149 526 416
149 545 444
131 505 450
102 549 490
114 524 460
197 545 459
132 507 494
179 550 467
115 538 407
145 539 473
175 556 487
121 587 471
161 581 488
188 549 547
111 564 503
121 539 544
186 557 540
154 550 554
174 548 573
110 575 558
114 587 554
126 508 538
181 531 508
112 587 579
152 584 521
134 552 514
106 598 595
180 518 554
198 520 522
110 503 538
178 503 589
163 591 502
149 526 516
149 545 544
131 505 550
102 549 590
114 524 560
197 545 559
132 507 594
179 550 567
115 538 507
145 539 573
175 556 587
121 587 571
161 581 588
188 549 647
111 564 603
121 539 644
186 557 640
154 550 654
174 548 673
110 575 658
114 587 654
126 508 638
181 531 608
112 587 679
152 584 621
134 552 614
106 598 695
180 518 654
198 520 622
110 503 638
178 503 689
163 591 602
149 526 616
149 545 644
131 505 650
102 549 690
114 524 660
197 545 659
132 507 694
179 550 667
115 538 607
145 539 673
175 556 687
121 587 671
161 581 688
188 549 747
111 564 703
121 539 744
186 557 740
154 550 754
174 548 773
110 575 758
114 587 754
126 508 738
181 531 708
112 587 779
152 584 721
134 552 714
106 598 795
180 518 754
198 520 722
110 503 738
178 503 789
163 591 702
149 526 716
149 545 744
131 505 750
102 549 790
114 524 760
197 545 759
132 507 794
179 550 767
115 538 707
145 539 773
175 556 787
121 587 771
161 581 788
188 549 847
111 564 803
121 539 844
186 557 840
154 550 854
174 548 873
110 575 858
114 587 854
126 508 838
181 531 808
112 587 879
152 584 821
134 552 814
106 598 895
180 518 854
198 520 822
110 503 838
178 503 889
163 591 802
149 526 816
149 545 844
131 505 850
102 549 890
114 524 860
197 545 859
132 507 894
179 550 867
115 538 807
145 539 873
175 556 887
121 587 871
161 581 888
188 549 947
111 564 903
121 539 944
186 557 940
154 550 954
174 548 973
110 575 958
114 587 954
126 508 938
181 531 908
112 587 979
152 584 921
134 552 914
106 598 995
180 518 954
198 520 922
110 503 938
178 503 989
163 591 902
149 526 916
149 545 944
131 505 950
102 549 990
114 524 960
197 545 959
132 507 994
179 550 967
115 538 907
145 539 973
175 556 987
121 587 971
161 581 988
188 649 47
111 664 3
121 639 44
186 657 40
154 650 54
174 648 73
110 675 58
114 687 54
126 608 38
181 631 8
112 687 79
152 684 21
134 652 14
106 698 95
180 618 54
198 620 22
110 603 38
178 603 89
163 691 2
149 626 16
149 645 44
131 605 50
102 649 90
114 624 60
197 645 59
132 607 94
179 650 67
115 638 7
145 639 73
175 656 87
121 687 71
161 681 88
188 649 147
111 664 103
121 639 144
186 657 140
154 650 154
174 648 173
110 675 158
114 687 154
126 608 138
181 631 108
112 687 179
152 684 121
134 652 114
106 698 195
180 618 154
198 620 122
110 603 138
178 603 189
163 691 102
149 626 116
149 645 144
131 605 150
102 649 190
114 624 160
197 645 159
132 607 194
179 650 167
115 638 107
145 639 173
175 656 187
121 687 171
161 681 188
188 649 247
111 664 203
121 639 244
186 657 240
154 650 254
174 648 273
110 675 258
114 687 254
126 608 238
181 631 208
112 687 279
152 684 221
134 652 214
106 698 295
180 618 254
198 620 222
110 603 238
178 603 289
163 691 202
149 626 216
149 645 244
131 605 250
102 649 290
114 624 260
197 645 259
132 607 294
179 650 267
115 638 207
145 639 273
175 656 287
121 687 271
161 681 288
188 649 347
111 664 303
121 639 344
186 657 340
154 650 354
174 648 373
110 675 358
114 687 354
126 608 338
181 631 308
112 687 379
152 684 321
134 652 314
106 698 395
180 618 354
198 620 322
110 603 338
178 603 389
163 691 302
149 626 316
149 645 344
131 605 350
102 649 390
114 624 360
197 645 359
132 607 394
179 650 367
115 638 307
145 639 373
175 656 387
121 687 371
161 681 388
188 649 447
111 664 403
121 639 444
186 657 440
154 650 454
174 648 473
110 675 458
114 687 454
126 608 438
181 631 408
112 687 479
152 684 421
134 652 414
106 698 495
180 618 454
198 620 422
110 603 438
178 603 489
163 691 402
149 626 416
149 645 444
131 605 450
102 649 490
114 624 460
197 645 459
132 607 494
179 650 467
115 638 407
145 639 473
175 656 487
121 687 471
161 681 488
188 649 547
111 664 503
121 639 544
186 657 540
154 650 554
174 648 573
110 675 558
114 687 554
126 608 538
181 631 508
112 687 579
152 684 521
134 652 514
106 698 595
180 618 554
198 620 522
110 603 538
178 603 589
163 691 502
149 626 516
149 645 544
131 605 550
102 649 590
114 624 560
197 645 559
132 607 594
179 650 567
115 638 507
145 639 573
175 656 587
121 687 571
161 681 588
188 649 647
111 664 603
121 639 644
186 657 640
154 650 654
174 648 673
110 675 658
114 687 654
126 608 638
181 631 608
112 687 679
152 684 621
134 652 614
106 698 695
180 618 654
198 620 622
110 603 638
178 603 689
163 691 602
149 626 616
149 645 644
131 605 650
102 649 690
114 624 660
197 645 659
132 607 694
179 650 667
115 638 607
145 639 673
175 656 687
121 687 671
161 681 688
188 649 747
111 664 703
121 639 744
186 657 740
154 650 754
174 648 773
110 675 758
114 687 754
126 608 738
181 631 708
112 687 779
152 684 721
134 652 714
106 698 795
180 618 754
198 620 722
110 603 738
178 603 789
163 691 702
149 626 716
149 645 744
131 605 750
102 649 790
114 624 760
197 645 759
132 607 794
179 650 767
115 638 707
145 639 773
175 656 787
121 687 771
161 681 788
188 649 847
111 664 803
121 639 844
186 657 840
154 650 854
174 648 873
110 675 858
114 687 854
126 608 838
181 631 808
112 687 879
152 684 821
134 652 814
106 698 895
180 618 854
198 620 822
110 603 838
178 603 889
163 691 802
149 626 816
149 645 844
131 605 850
102 649 890
114 624 860
197 645 859
132 607 894
179 650 867
115 638 807
145 639 873
175 656 887
121 687 871
161 681 888
188 649 947
111 664 903
121 639 944
186 657 940
154 650 954
174 648 973
110 675 958
114 687 954
126 608 938
181 631 908
112 687 979
152 684 921
134 652 914
106 698 995
180 618 954
198 620 922
110 603 938
178 603 989
163 691 902
149 626 916
149 645 944
131 605 950
102 649 990
114 624 960
197 645 959
132 607 994
179 650 967
115 638 907
145 639 973
175 656 987
121 687 971
161 681 988
188 749 47
111 764 3
121 739 44
186 757 40
154 750 54
174 748 73
110 775 58
114 787 54
126 708 38
181 731 8
112 787 79
152 784 21
134 752 14
106 798 95
180 718 54
198 720 22
110 703 38
178 703 89
163 791 2
149 726 16
149 745 44
131 705 50
102 749 90
114 724 60
197 745 59
132 707 94
179 750 67
115 738 7
145 739 73
175 756 87
121 787 71
161 781 88
188 749 147
111 764 103
121 739 144
186 757 140
154 750 154
174 748 173
110 775 158
114 787 154
126 708 138
181 731 108
112 787 179
152 784 121
134 752 114
106 798 195
180 718 154
198 720 122
110 703 138
178 703 189
163 791 102
149 726 116
149 745 144
131 705 150
102 749 190
114 724 160
197 745 159
132 707 194
179 750 167
115 738 107
145 739 173
175 756 187
121 787 171
161 781 188
188 749 247
111 764 203
121 739 244
186 757 240
154 750 254
174 748 273
110 775 258
114 787 254
126 708 238
181 731 208
112 787 279
152 784 221
134 752 214
106 798 295
180 718 254
198 720 222
110 703 238
178 703 289
163 791 202
149 726 216
149 745 244
131 705 250
102 749 290
114 724 260
197 745 259
132 707 294
179 750 267
115 738 207
145 739 273
175 756 287
121 787 271
161 781 288
188 749 347
111 764 303
121 739 344
186 757 340
154 750 354
174 748 373
110 775 358
114 787 354
126 708 338
181 731 308
112 787 379
152 784 321
134 752 314
106 798 395
180 718 354
198 720 322
110 703 338
178 703 389
163 791 302
149 726 316
149 745 344
131 705 350
102 749 390
114 724 360
197 745 359
132 707 394
179 750 367
115 738 307
145 739 373
175 756 387
121 787 371
161 781 388
188 749 447
111 764 403
121 739 444
186 757 440
154 750 454
174 748 473
110 775 458
114 787 454
126 708 438
181 731 408
112 787 479
152 784 421
134 752 414
106 798 495
180 718 454
198 720 422
110 703 438
178 703 489
163 791 402
149 726 416
149 745 444
131 705 450
102 749 490
114 724 460
197 745 459
132 707 494
179 750 467
115 738 407
145 739 473
175 756 487
121 787 471
161 781 488
188 749 547
111 764 503
121 739 544
186 757 540
154 750 554
174 748 573
110 775 558
114 787 554
126 708 538
181 731 508
112 787 579
152 784 521
134 752 514
106 798 595
180 718 554
198 720 522
110 703 538
178 703 589
163 791 502
149 726 516
149 745 544
131 705 550
102 749 590
114 724 560
197 745 559
132 707 594
179 750 567
115 738 507
145 739 573
175 756 587
121 787 571
161 781 588
188 749 647
111 764 603
121 739 644
186 757 640
154 750 654
174 748 673
110 775 658
114 787 654
126 708 638
181 731 608
112 787 679
152 784 621
134 752 614
106 798 695
180 718 654
198 720 622
110 703 638
178 703 689
163 791 602
149 726 616
149 745 644
131 705 650
102 749 690
114 724 660
197 745 659
132 707 694
179 750 667
115 738 607
145 739 673
175 756 687
121 787 671
161 781 688
188 749 747
111 764 703
121 739 744
186 757 740
154 750 754
174 748 773
110 775 758
114 787 754
126 708 738
181 731 708
112 787 779
152 784 721
134 752 714
106 798 795
180 718 754
198 720 722
110 703 738
178 703 789
163 791 702
149 726 716
149 745 744
131 705 750
102 749 790
114 724 760
197 745 759
132 707 794
179 750 767
115 738 707
145 739 773
175 756 787
121 787 771
161 781 788
188 749 847
111 764 803
121 739 844
186 757 840
154 750 854
174 748 873
110 775 858
114 787 854
126 708 838
181 731 808
112 787 879
152 784 821
134 752 814
106 798 895
180 718 854
198 720 822
110 703 838
178 703 889
163 791 802
149 726 816
149 745 844
131 705 850
102 749 890
114 724 860
197 745 859
132 707 894
179 750 867
115 738 807
145 739 873
175 756 887
121 787 871
161 781 888
188 749 947
111 764 903
121 739 944
186 757 940
154 750 954
174 748 973
110 775 958
114 787 954
126 708 938
181 731 908
112 787 979
152 784 921
134 752 914
106 798 995
180 718 954
198 720 922
110 703 938
178 703 989
163 791 902
149 726 916
149 745 944
131 705 950
102 749 990
114 724 960
197 745 959
132 707 994
179 750 967
115 738 907
145 739 973
175 756 987
121 787 971
161 781 988
188 849 47
111 864 3
121 839 44
186 857 40
154 850 54
174 848 73
110 875 58
114 887 54
126 808 38
181 831 8
112 887 79
152 884 21
134 852 14
106 898 95
180 818 54
198 820 22
110 803 38
178 803 89
163 891 2
149 826 16
149 845 44
131 805 50
102 849 90
114 824 60
197 845 59
132 807 94
179 850 67
115 838 7
145 839 73
175 856 87
121 887 71
161 881 88
188 849 147
111 864 103
121 839 144
186 857 140
154 850 154
174 848 173
110 875 158
114 887 154
126 808 138
181 831 108
112 887 179
152 884 121
134 852 114
106 898 195
180 818 154
198 820 122
110 803 138
178 803 189
163 891 102
149 826 116
149 845 144
131 805 150
102 849 190
114 824 160
197 845 159
132 807 194
179 850 167
115 838 107
145 839 173
175 856 187
121 887 171
161 881 188
188 849 247
111 864 203
121 839 244
186 857 240
154 850 254
174 848 273
110 875 258
114 887 254
126 808 238
181 831 208
112 887 279
152 884 221
134 852 214
106 898 295
180 818 254
198 820 222
110 803 238
178 803 289
163 891 202
149 826 216
149 845 244
131 805 250
102 849 290
114 824 260
197 845 259
132 807 294
179 850 267
115 838 207
145 839 273
175 856 287
121 887 271
161 881 288
188 849 347
111 864 303
121 839 344
186 857 340
154 850 354
174 848 373
110 875 358
114 887 354
126 808 338
181 831 308
112 887 379
152 884 321
134 852 314
106 898 395
180 818 354
198 820 322
110 803 338
178 803 389
163 891 302
149 826 316
149 845 344
131 805 350
102 849 390
114 824 360
197 845 359
132 807 394
179 850 367
115 838 307
145 839 373
175 856 387
121 887 371
161 881 388
188 849 447
111 864 403
121 839 444
186 857 440
154 850 454
174 848 473
110 875 458
114 887 454
126 808 438
181 831 408
112 887 479
152 884 421
134 852 414
106 898 495
180 818 454
198 820 422
110 803 438
178 803 489
163 891 402
149 826 416
149 845 444
131 805 450
102 849 490
114 824 460
197 845 459
132 807 494
179 850 467
115 838 407
145 839 473
175 856 487
121 887 471
161 881 488
188 849 547
111 864 503
121 839 544
186 857 540
154 850 554
174 848 573
110 875 558
114 887 554
126 808 538
181 831 508
112 887 579
152 884 521
134 852 514
106 898 595
180 818 554
198 820 522
110 803 538
178 803 589
163 891 502
149 826 516
149 845 544
131 805 550
102 849 590
114 824 560
197 845 559
132 807 594
179 850 567
115 838 507
145 839 573
175 856 587
121 887 571
161 881 588
188 849 647
111 864 603
121 839 644
186 857 640
154 850 654
174 848 673
110 875 658
114 887 654
126 808 638
181 831 608
112 887 679
152 884 621
134 852 614
106 898 695
180 818 654
198 820 622
110 803 638
178 803 689
163 891 602
149 826 616
149 845 644
131 805 650
102 849 690
114 824 660
197 845 659
132 807 694
179 850 667
115 838 607
145 839 673
175 856 687
121 887 671
161 881 688
188 849 747
111 864 703
121 839 744
186 857 740
154 850 754
174 848 773
110 875 758
114 887 754
126 808 738
181 831 708
112 887 779
152 884 721
134 852 714
106 898 795
180 818 754
198 820 722
110 803 738
178 803 789
163 891 702
149 826 716
149 845 744
131 805 750
102 849 790
114 824 760
197 845 759
132 807 794
179 850 767
115 838 707
145 839 773
175 856 787
121 887 771
161 881 788
188 849 847
111 864 803
121 839 844
186 857 840
154 850 854
174 848 873
110 875 858
114 887 854
126 808 838
181 831 808
112 887 879
152 884 821
134 852 814
106 898 895
180 818 854
198 820 822
110 803 838
178 803 889
163 891 802
149 826 816
149 845 844
131 805 850
102 849 890
114 824 860
197 845 859
132 807 894
179 850 867
115 838 807
145 839 873
175 856 887
121 887 871
161 881 888
188 849 947
111 864 903
121 839 944
186 857 940
154 850 954
174 848 973
110 875 958
114 887 954
126 808 938
181 831 908
112 887 979
152 884 921
134 852 914
106 898 995
180 818 954
198 820 922
110 803 938
178 803 989
163 891 902
149 826 916
149 845 944
131 805 950
102 849 990
114 824 960
197 845 959
132 807 994
179 850 967
115 838 907
145 839 973
175 856 987
121 887 971
161 881 988
188 949 47
111 964 3
121 939 44
186 957 40
154 950 54
174 948 73
110 975 58
114 987 54
126 908 38
181 931 8
112 987 79
152 984 21
134 952 14
106 998 95
180 918 54
198 920 22
110 903 38
178 903 89
163 991 2
149 926 16
149 945 44
131 905 50
102 949 90
114 924 60
197 945 59
132 907 94
179 950 67
115 938 7
145 939 73
175 956 87
121 987 71
161 981 88
188 949 147
111 964 103
121 939 144
186 957 140
154 950 154
174 948 173
110 975 158
114 987 154
126 908 138
181 931 108
112 987 179
152 984 121
134 952 114
106 998 195
180 918 154
198 920 122
110 903 138
178 903 189
163 991 102
149 926 116
149 945 144
131 905 150
102 949 190
114 924 160
197 945 159
132 907 194
179 950 167
115 938 107
145 939 173
175 956 187
121 987 171
161 981 188
188 949 247
111 964 203
121 939 244
186 957 240
154 950 254
174 948 273
110 975 258
114 987 254
126 908 238
181 931 208
112 987 279
152 984 221
134 952 214
106 998 295
180 918 254
198 920 222
110 903 238
178 903 289
163 991 202
149 926 216
149 945 244
131 905 250
102 949 290
114 924 260
197 945 259
132 907 294
179 950 267
115 938 207
145 939 273
175 956 287
121 987 271
161 981 288
188 949 347
111 964 303
121 939 344
186 957 340
154 950 354
174 948 373
110 975 358
114 987 354
126 908 338
181 931 308
112 987 379
152 984 321
134 952 314
106 998 395
180 918 354
198 920 322
110 903 338
178 903 389
163 991 302
149 926 316
149 945 344
131 905 350
102 949 390
114 924 360
197 945 359
132 907 394
179 950 367
115 938 307
145 939 373
175 956 387
121 987 371
161 981 388
188 949 447
111 964 403
121 939 444
186 957 440
154 950 454
174 948 473
110 975 458
114 987 454
126 908 438
181 931 408
112 987 479
152 984 421
134 952 414
106 998 495
180 918 454
198 920 422
110 903 438
178 903 489
163 991 402
149 926 416
149 945 444
131 905 450
102 949 490
114 924 460
197 945 459
132 907 494
179 950 467
115 938 407
145 939 473
175 956 487
121 987 471
161 981 488
188 949 547
111 964 503
121 939 544
186 957 540
154 950 554
174 948 573
110 975 558
114 987 554
126 908 538
181 931 508
112 987 579
152 984 521
134 952 514
106 998 595
180 918 554
198 920 522
110 903 538
178 903 589
163 991 502
149 926 516
149 945 544
131 905 550
102 949 590
114 924 560
197 945 559
132 907 594
179 950 567
115 938 507
145 939 573
175 956 587
121 987 571
161 981 588
188 949 647
111 964 603
121 939 644
186 957 640
154 950 654
174 948 673
110 975 658
114 987 654
126 908 638
181 931 608
112 987 679
152 984 621
134 952 614
106 998 695
180 918 654
198 920 622
110 903 638
178 903 689
163 991 602
149 926 616
149 945 644
131 905 650
102 949 690
114 924 660
197 945 659
132 907 694
179 950 667
115 938 607
145 939 673
175 956 687
121 987 671
161 981 688
188 949 747
111 964 703
121 939 744
186 957 740
154 950 754
174 948 773
110 975 758
114 987 754
126 908 738
181 931 708
112 987 779
152 984 721
134 952 714
106 998 795
180 918 754
198 920 722
110 903 738
178 903 789
163 991 702
149 926 716
149 945 744
131 905 750
102 949 790
114 924 760
197 945 759
132 907 794
179 950 767
115 938 707
145 939 773
175 956 787
121 987 771
161 981 788
188 949 847
111 964 803
121 939 844
186 957 840
154 950 854
174 948 873
110 975 858
114 987 854
126 908 838
181 931 808
112 987 879
152 984 821
134 952 814
106 998 895
180 918 854
198 920 822
110 903 838
178 903 889
163 991 802
149 926 816
149 945 844
131 905 850
102 949 890
114 924 860
197 945 859
132 907 894
179 950 867
115 938 807
145 939 873
175 956 887
121 987 871
161 981 888
188 949 947
111 964 903
121 939 944
186 957 940
154 950 954
174 948 973
110 975 958
114 987 954
126 908 938
181 931 908
112 987 979
152 984 921
134 952 914
106 998 995
180 918 954
198 920 922
110 903 938
178 903 989
163 991 902
149 926 916
149 945 944
131 905 950
102 949 990
114 924 960
197 945 959
132 907 994
179 950 967
115 938 907
145 939 973
175 956 987
121 987 971
161 981 988
