6800
36 42 57
60 74 86
49 57 31
68 17 60
10 37 15
3 77 78
41 91 48
30 44 28
4 63 89
1 7 55
62 78 44
43 36 77
32 3 79
0 2 4
54 43 54
73 0 17
1 84 57
61 78 70
70 33 37
0 22 96
0 46 65
61 20 28
13 52 30
0 59 82
76 97 41
51 17 50
23 76 88
36 42 157
60 74 186
49 57 131
68 17 160
10 37 115
3 77 178
41 91 148
30 44 128
4 63 189
1 7 155
62 78 144
43 36 177
32 3 179
0 2 104
54 43 154
73 0 117
1 84 157
61 78 170
70 33 137
0 22 196
0 46 165
61 20 128
13 52 130
0 59 182
76 97 141
51 17 150
23 76 188
36 42 257
60 74 286
49 57 231
68 17 260
10 37 215
3 77 278
41 91 248
30 44 228
4 63 289
1 7 255
62 78 244
43 36 277
32 3 279
0 2 204
54 43 254
73 0 217
1 84 257
61 78 270
70 33 237
0 22 296
0 46 265
61 20 228
13 52 230
0 59 282
76 97 241
51 17 250
23 76 288
36 42 357
60 74 386
49 57 331
68 17 360
10 37 315
3 77 378
41 91 348
30 44 328
4 63 389
1 7 355
62 78 344
43 36 377
32 3 379
0 2 304
54 43 354
73 0 317
1 84 357
61 78 370
70 33 337
0 22 396
0 46 365
61 20 328
13 52 330
0 59 382
76 97 341
51 17 350
23 76 388
36 42 457
60 74 486
49 57 431
68 17 460
10 37 415
3 77 478
41 91 448
30 44 428
4 63 489
1 7 455
62 78 444
43 36 477
32 3 479
0 2 404
54 43 454
73 0 417
1 84 457
61 78 470
70 33 437
0 22 496
0 46 465
61 20 428
13 52 430
0 59 482
76 97 441
51 17 450
23 76 488
36 42 557
60 74 586
49 57 531
68 17 560
10 37 515
3 77 578
41 91 548
30 44 528
4 63 589
1 7 555
62 78 544
43 36 577
32 3 579
0 2 504
54 43 554
73 0 517
1 84 557
61 78 570
70 33 537
0 22 596
0 46 565
61 20 528
13 52 530
0 59 582
76 97 541
51 17 550
23 76 588
36 42 657
60 74 686
49 57 631
68 17 660
10 37 615
3 77 678
41 91 648
30 44 628
4 63 689
1 7 655
62 78 644
43 36 677
32 3 679
0 2 604
54 43 654
73 0 617
1 84 657
61 78 670
70 33 637
0 22 696
0 46 665
61 20 628
13 52 630
0 59 682
76 97 641
51 17 650
23 76 688
36 42 757
60 74 786
49 57 731
68 17 760
10 37 715
3 77 778
41 91 748
30 44 728
4 63 789
1 7 755
62 78 744
43 36 777
32 3 779
0 2 704
54 43 754
73 0 717
1 84 757
61 78 770
70 33 737
0 22 796
0 46 765
61 20 728
13 52 730
0 59 782
76 97 741
51 17 750
23 76 788
36 42 857
60 74 886
49 57 831
68 17 860
10 37 815
3 77 878
41 91 848
30 44 828
4 63 889
1 7 855
62 78 844
43 36 877
32 3 879
0 2 804
54 43 854
73 0 817
1 84 857
61 78 870
70 33 837
0 22 896
0 46 865
61 20 828
13 52 830
0 59 882
76 97 841
51 17 850
23 76 888
36 42 957
60 74 986
49 57 931
68 17 960
10 37 915
3 77 978
41 91 948
30 44 928
4 63 989
1 7 955
62 78 944
43 36 977
32 3 979
0 2 904
54 43 954
73 0 917
1 84 957
61 78 970
70 33 937
0 22 996
0 46 965
61 20 928
13 52 930
0 59 982
76 97 941
51 17 950
23 76 988
36 142 57
60 174 86
49 157 31
68 117 60
10 137 15
3 177 78
41 191 48
30 144 28
4 163 89
1 107 55
62 178 44
43 136 77
32 103 79
0 102 4
54 143 54
73 100 17
1 184 57
61 178 70
70 133 37
0 122 96
0 146 65
61 120 28
13 152 30
0 159 82
76 197 41
51 117 50
23 176 88
36 142 157
60 174 186
49 157 131
68 117 160
10 137 115
3 177 178
41 191 148
30 144 128
4 163 189
1 107 155
62 178 144
43 136 177
32 103 179
0 102 104
54 143 154
73 100 117
1 184 157
61 178 170
70 133 137
0 122 196
0 146 165
61 120 128
13 152 130
0 159 182
76 197 141
51 117 150
23 176 188
36 142 257
60 174 286
49 157 231
68 117 260
10 137 215
3 177 278
41 191 248
30 144 228
4 163 289
1 107 255
62 178 244
43 136 277
32 103 279
0 102 204
54 143 254
73 100 217
1 184 257
61 178 270
70 133 237
0 122 296
0 146 265
61 120 228
13 152 230
0 159 282
76 197 241
51 117 250
23 176 288
36 142 357
60 174 386
49 157 331
68 117 360
10 137 315
3 177 378
41 191 348
30 144 328
4 163 389
1 107 355
62 178 344
43 136 377
32 103 379
0 102 304
54 143 354
73 100 317
1 184 357
61 178 370
70 133 337
0 122 396
0 146 365
61 120 328
13 152 330
0 159 382
76 197 341
51 117 350
23 176 388
36 142 457
60 174 486
49 157 431
68 117 460
10 137 415
3 177 478
41 191 448
30 144 428
4 163 489
1 107 455
62 178 444
43 136 477
32 103 479
0 102 404
54 143 454
73 100 417
1 184 457
61 178 470
70 133 437
0 122 496
0 146 465
61 120 428
13 152 430
0 159 482
76 197 441
51 117 450
23 176 488
36 142 557
60 174 586
49 157 531
68 117 560
10 137 515
3 177 578
41 191 548
30 144 528
4 163 589
1 107 555
62 178 544
43 136 577
32 103 579
0 102 504
54 143 554
73 100 517
1 184 557
61 178 570
70 133 537
0 122 596
0 146 565
61 120 528
13 152 530
0 159 582
76 197 541
51 117 550
23 176 588
36 142 657
60 174 686
49 157 631
68 117 660
10 137 615
3 177 678
41 191 648
30 144 628
4 163 689
1 107 655
62 178 644
43 136 677
32 103 679
0 102 604
54 143 654
73 100 617
1 184 657
61 178 670
70 133 637
0 122 696
0 146 665
61 120 628
13 152 630
0 159 682
76 197 641
51 117 650
23 176 688
36 142 757
60 174 786
49 157 731
68 117 760
10 137 715
3 177 778
41 191 748
30 144 728
4 163 789
1 107 755
62 178 744
43 136 777
32 103 779
0 102 704
54 143 754
73 100 717
1 184 757
61 178 770
70 133 737
0 122 796
0 146 765
61 120 728
13 152 730
0 159 782
76 197 741
51 117 750
23 176 788
36 142 857
60 174 886
49 157 831
68 117 860
10 137 815
3 177 878
41 191 848
30 144 828
4 163 889
1 107 855
62 178 844
43 136 877
32 103 879
0 102 804
54 143 854
73 100 817
1 184 857
61 178 870
70 133 837
0 122 896
0 146 865
61 120 828
13 152 830
0 159 882
76 197 841
51 117 850
23 176 888
36 142 957
60 174 986
49 157 931
68 117 960
10 137 915
3 177 978
41 191 948
30 144 928
4 163 989
1 107 955
62 178 944
43 136 977
32 103 979
0 102 904
54 143 954
73 100 917
1 184 957
61 178 970
70 133 937
0 122 996
0 146 965
61 120 928
13 152 930
0 159 982
76 197 941
51 117 950
23 176 988
36 242 57
60 274 86
49 257 31
68 217 60
10 237 15
3 277 78
41 291 48
30 244 28
4 263 89
1 207 55
62 278 44
43 236 77
32 203 79
0 202 4
54 243 54
73 200 17
1 284 57
61 278 70
70 233 37
0 222 96
0 246 65
61 220 28
13 252 30
0 259 82
76 297 41
51 217 50
23 276 88
36 242 157
60 274 186
49 257 131
68 217 160
10 237 115
3 277 178
41 291 148
30 244 128
4 263 189
1 207 155
62 278 144
43 236 177
32 203 179
0 202 104
54 243 154
73 200 117
1 284 157
61 278 170
70 233 137
0 222 196
0 246 165
61 220 128
13 252 130
0 259 182
76 297 141
51 217 150
23 276 188
36 242 257
60 274 286
49 257 231
68 217 260
10 237 215
3 277 278
41 291 248
30 244 228
4 263 289
1 207 255
62 278 244
43 236 277
32 203 279
0 202 204
54 243 254
73 200 217
1 284 257
61 278 270
70 233 237
0 222 296
0 246 265
61 220 228
13 252 230
0 259 282
76 297 241
51 217 250
23 276 288
36 242 357
60 274 386
49 257 331
68 217 360
10 237 315
3 277 378
41 291 348
30 244 328
4 263 389
1 207 355
62 278 344
43 236 377
32 203 379
0 202 304
54 243 354
73 200 317
1 284 357
61 278 370
70 233 337
0 222 396
0 246 365
61 220 328
13 252 330
0 259 382
76 297 341
51 217 350
23 276 388
36 242 457
60 274 486
49 257 431
68 217 460
10 237 415
3 277 478
41 291 448
30 244 428
4 263 489
1 207 455
62 278 444
43 236 477
32 203 479
0 202 404
54 243 454
73 200 417
1 284 457
61 278 470
70 233 437
0 222 496
0 246 465
61 220 428
13 252 430
0 259 482
76 297 441
51 217 450
23 276 488
36 242 557
60 274 586
49 257 531
68 217 560
10 237 515
3 277 578
41 291 548
30 244 528
4 263 589
1 207 555
62 278 544
43 236 577
32 203 579
0 202 504
54 243 554
73 200 517
1 284 557
61 278 570
70 233 537
0 222 596
0 246 565
61 220 528
13 252 530
0 259 582
76 297 541
51 217 550
23 276 588
36 242 657
60 274 686
49 257 631
68 217 660
10 237 615
3 277 678
41 291 648
30 244 628
4 263 689
1 207 655
62 278 644
43 236 677
32 203 679
0 202 604
54 243 654
73 200 617
1 284 657
61 278 670
70 233 637
0 222 696
0 246 665
61 220 628
13 252 630
0 259 682
76 297 641
51 217 650
23 276 688
36 242 757
60 274 786
49 257 731
68 217 760
10 237 715
3 277 778
41 291 748
30 244 728
4 263 789
1 207 755
62 278 744
43 236 777
32 203 779
0 202 704
54 243 754
73 200 717
1 284 757
61 278 770
70 233 737
0 222 796
0 246 765
61 220 728
13 252 730
0 259 782
76 297 741
51 217 750
23 276 788
36 242 857
60 274 886
49 257 831
68 217 860
10 237 815
3 277 878
41 291 848
30 244 828
4 263 889
1 207 855
62 278 844
43 236 877
32 203 879
0 202 804
54 243 854
73 200 817
1 284 857
61 278 870
70 233 837
0 222 896
0 246 865
61 220 828
13 252 830
0 259 882
76 297 841
51 217 850
23 276 888
36 242 957
60 274 986
49 257 931
68 217 960
10 237 915
3 277 978
41 291 948
30 244 928
4 263 989
1 207 955
62 278 944
43 236 977
32 203 979
0 202 904
54 243 954
73 200 917
1 284 957
61 278 970
70 233 937
0 222 996
0 246 965
61 220 928
13 252 930
0 259 982
76 297 941
51 217 950
23 276 988
36 342 57
60 374 86
49 357 31
68 317 60
10 337 15
3 377 78
41 391 48
30 344 28
4 363 89
1 307 55
62 378 44
43 336 77
32 303 79
0 302 4
54 343 54
73 300 17
1 384 57
61 378 70
70 333 37
0 322 96
0 346 65
61 320 28
13 352 30
0 359 82
76 397 41
51 317 50
23 376 88
36 342 157
60 374 186
49 357 131
68 317 160
10 337 115
3 377 178
41 391 148
30 344 128
4 363 189
1 307 155
62 378 144
43 336 177
32 303 179
0 302 104
54 343 154
73 300 117
1 384 157
61 378 170
70 333 137
0 322 196
0 346 165
61 320 128
13 352 130
0 359 182
76 397 141
51 317 150
23 376 188
36 342 257
60 374 286
49 357 231
68 317 260
10 337 215
3 377 278
41 391 248
30 344 228
4 363 289
1 307 255
62 378 244
43 336 277
32 303 279
0 302 204
54 343 254
73 300 217
1 384 257
61 378 270
70 333 237
0 322 296
0 346 265
61 320 228
13 352 230
0 359 282
76 397 241
51 317 250
23 376 288
36 342 357
60 374 386
49 357 331
68 317 360
10 337 315
3 377 378
41 391 348
30 344 328
4 363 389
1 307 355
62 378 344
43 336 377
32 303 379
0 302 304
54 343 354
73 300 317
1 384 357
61 378 370
70 333 337
0 322 396
0 346 365
61 320 328
13 352 330
0 359 382
76 397 341
51 317 350
23 376 388
36 342 457
60 374 486
49 357 431
68 317 460
10 337 415
3 377 478
41 391 448
30 344 428
4 363 489
1 307 455
62 378 444
43 336 477
32 303 479
0 302 404
54 343 454
73 300 417
1 384 457
61 378 470
70 333 437
0 322 496
0 346 465
61 320 428
13 352 430
0 359 482
76 397 441
51 317 450
23 376 488
36 342 557
60 374 586
49 357 531
68 317 560
10 337 515
3 377 578
41 391 548
30 344 528
4 363 589
1 307 555
62 378 544
43 336 577
32 303 579
0 302 504
54 343 554
73 300 517
1 384 557
61 378 570
70 333 537
0 322 596
0 346 565
61 320 528
13 352 530
0 359 582
76 397 541
51 317 550
23 376 588
36 342 657
60 374 686
49 357 631
68 317 660
10 337 615
3 377 678
41 391 648
30 344 628
4 363 689
1 307 655
62 378 644
43 336 677
32 303 679
0 302 604
54 343 654
73 300 617
1 384 657
61 378 670
70 333 637
0 322 696
0 346 665
61 320 628
13 352 630
0 359 682
76 397 641
51 317 650
23 376 688
36 342 757
60 374 786
49 357 731
68 317 760
10 337 715
3 377 778
41 391 748
30 344 728
4 363 789
1 307 755
62 378 744
43 336 777
32 303 779
0 302 704
54 343 754
73 300 717
1 384 757
61 378 770
70 333 737
0 322 796
0 346 765
61 320 728
13 352 730
0 359 782
76 397 741
51 317 750
23 376 788
36 342 857
60 374 886
49 357 831
68 317 860
10 337 815
3 377 878
41 391 848
30 344 828
4 363 889
1 307 855
62 378 844
43 336 877
32 303 879
0 302 804
54 343 854
73 300 817
1 384 857
61 378 870
70 333 837
0 322 896
0 346 865
61 320 828
13 352 830
0 359 882
76 397 841
51 317 850
23 376 888
36 342 957
60 374 986
49 357 931
68 317 960
10 337 915
3 377 978
41 391 948
30 344 928
4 363 989
1 307 955
62 378 944
43 336 977
32 303 979
0 302 904
54 343 954
73 300 917
1 384 957
61 378 970
70 333 937
0 322 996
0 346 965
61 320 928
13 352 930
0 359 982
76 397 941
51 317 950
23 376 988
36 442 57
60 474 86
49 457 31
68 417 60
10 437 15
3 477 78
41 491 48
30 444 28
4 463 89
1 407 55
62 478 44
43 436 77
32 403 79
0 402 4
54 443 54
73 400 17
1 484 57
61 478 70
70 433 37
0 422 96
0 446 65
61 420 28
13 452 30
0 459 82
76 497 41
51 417 50
23 476 88
36 442 157
60 474 186
49 457 131
68 417 160
10 437 115
3 477 178
41 491 148
30 444 128
4 463 189
1 407 155
62 478 144
43 436 177
32 403 179
0 402 104
54 443 154
73 400 117
1 484 157
61 478 170
70 433 137
0 422 196
0 446 165
61 420 128
13 452 130
0 459 182
76 497 141
51 417 150
23 476 188
36 442 257
60 474 286
49 457 231
68 417 260
10 437 215
3 477 278
41 491 248
30 444 228
4 463 289
1 407 255
62 478 244
43 436 277
32 403 279
0 402 204
54 443 254
73 400 217
1 484 257
61 478 270
70 433 237
0 422 296
0 446 265
61 420 228
13 452 230
0 459 282
76 497 241
51 417 250
23 476 288
36 442 357
60 474 386
49 457 331
68 417 360
10 437 315
3 477 378
41 491 348
30 444 328
4 463 389
1 407 355
62 478 344
43 436 377
32 403 379
0 402 304
54 443 354
73 400 317
1 484 357
61 478 370
70 433 337
0 422 396
0 446 365
61 420 328
13 452 330
0 459 382
76 497 341
51 417 350
23 476 388
36 442 457
60 474 486
49 457 431
68 417 460
10 437 415
3 477 478
41 491 448
30 444 428
4 463 489
1 407 455
62 478 444
43 436 477
32 403 479
0 402 404
54 443 454
73 400 417
1 484 457
61 478 470
70 433 437
0 422 496
0 446 465
61 420 428
13 452 430
0 459 482
76 497 441
51 417 450
23 476 488
36 442 557
60 474 586
49 457 531
68 417 560
10 437 515
3 477 578
41 491 548
30 444 528
4 463 589
1 407 555
62 478 544
43 436 577
32 403 579
0 402 504
54 443 554
73 400 517
1 484 557
61 478 570
70 433 537
0 422 596
0 446 565
61 420 528
13 452 530
0 459 582
76 497 541
51 417 550
23 476 588
36 442 657
60 474 686
49 457 631
68 417 660
10 437 615
3 477 678
41 491 648
30 444 628
4 463 689
1 407 655
62 478 644
43 436 677
32 403 679
0 402 604
54 443 654
73 400 617
1 484 657
61 478 670
70 433 637
0 422 696
0 446 665
61 420 628
13 452 630
0 459 682
76 497 641
51 417 650
23 476 688
36 442 757
60 474 786
49 457 731
68 417 760
10 437 715
3 477 778
41 491 748
30 444 728
4 463 789
1 407 755
62 478 744
43 436 777
32 403 779
0 402 704
54 443 754
73 400 717
1 484 757
61 478 770
70 433 737
0 422 796
0 446 765
61 420 728
13 452 730
0 459 782
76 497 741
51 417 750
23 476 788
36 442 857
60 474 886
49 457 831
68 417 860
10 437 815
3 477 878
41 491 848
30 444 828
4 463 889
1 407 855
62 478 844
43 436 877
32 403 879
0 402 804
54 443 854
73 400 817
1 484 857
61 478 870
70 433 837
0 422 896
0 446 865
61 420 828
13 452 830
0 459 882
76 497 841
51 417 850
23 476 888
36 442 957
60 474 986
49 457 931
68 417 960
10 437 915
3 477 978
41 491 948
30 444 928
4 463 989
1 407 955
62 478 944
43 436 977
32 403 979
0 402 904
54 443 954
73 400 917
1 484 957
61 478 970
70 433 937
0 422 996
0 446 965
61 420 928
13 452 930
0 459 982
76 497 941
51 417 950
23 476 988
36 542 57
60 574 86
49 557 31
68 517 60
10 537 15
3 577 78
41 591 48
30 544 28
4 563 89
1 507 55
62 578 44
43 536 77
32 503 79
0 502 4
54 543 54
73 500 17
1 584 57
61 578 70
70 533 37
0 522 96
0 546 65
61 520 28
13 552 30
0 559 82
76 597 41
51 517 50
23 576 88
36 542 157
60 574 186
49 557 131
68 517 160
10 537 115
3 577 178
41 591 148
30 544 128
4 563 189
1 507 155
62 578 144
43 536 177
32 503 179
0 502 104
54 543 154
73 500 117
1 584 157
61 578 170
70 533 137
0 522 196
0 546 165
61 520 128
13 552 130
0 559 182
76 597 141
51 517 150
23 576 188
36 542 257
60 574 286
49 557 231
68 517 260
10 537 215
3 577 278
41 591 248
30 544 228
4 563 289
1 507 255
62 578 244
43 536 277
32 503 279
0 502 204
54 543 254
73 500 217
1 584 257
61 578 270
70 533 237
0 522 296
0 546 265
61 520 228
13 552 230
0 559 282
76 597 241
51 517 250
23 576 288
36 542 357
60 574 386
49 557 331
68 517 360
10 537 315
3 577 378
41 591 348
30 544 328
4 563 389
1 507 355
62 578 344
43 536 377
32 503 379
0 502 304
54 543 354
73 500 317
1 584 357
61 578 370
70 533 337
0 522 396
0 546 365
61 520 328
13 552 330
0 559 382
76 597 341
51 517 350
23 576 388
36 542 457
60 574 486
49 557 431
68 517 460
10 537 415
3 577 478
41 591 448
30 544 428
4 563 489
1 507 455
62 578 444
43 536 477
32 503 479
0 502 404
54 543 454
73 500 417
1 584 457
61 578 470
70 533 437
0 522 496
0 546 465
61 520 428
13 552 430
0 559 482
76 597 441
51 517 450
23 576 488
36 542 557
60 574 586
49 557 531
68 517 560
10 537 515
3 577 578
41 591 548
30 544 528
4 563 589
1 507 555
62 578 544
43 536 577
32 503 579
0 502 504
54 543 554
73 500 517
1 584 557
61 578 570
70 533 537
0 522 596
0 546 565
61 520 528
13 552 530
0 559 582
76 597 541
51 517 550
23 576 588
36 542 657
60 574 686
49 557 631
68 517 660
10 537 615
3 577 678
41 591 648
30 544 628
4 563 689
1 507 655
62 578 644
43 536 677
32 503 679
0 502 604
54 543 654
73 500 617
1 584 657
61 578 670
70 533 637
0 522 696
0 546 665
61 520 628
13 552 630
0 559 682
76 597 641
51 517 650
23 576 688
36 542 757
60 574 786
49 557 731
68 517 760
10 537 715
3 577 778
41 591 748
30 544 728
4 563 789
1 507 755
62 578 744
43 536 777
32 503 779
0 502 704
54 543 754
73 500 717
1 584 757
61 578 770
70 533 737
0 522 796
0 546 765
61 520 728
13 552 730
0 559 782
76 597 741
51 517 750
23 576 788
36 542 857
60 574 886
49 557 831
68 517 860
10 537 815
3 577 878
41 591 848
30 544 828
4 563 889
1 507 855
62 578 844
43 536 877
32 503 879
0 502 804
54 543 854
73 500 817
1 584 857
61 578 870
70 533 837
0 522 896
0 546 865
61 520 828
13 552 830
0 559 882
76 597 841
51 517 850
23 576 888
36 542 957
60 574 986
49 557 931
68 517 960
10 537 915
3 577 978
41 591 948
30 544 928
4 563 989
1 507 955
62 578 944
43 536 977
32 503 979
0 502 904
54 543 954
73 500 917
1 584 957
61 578 970
70 533 937
0 522 996
0 546 965
61 520 928
13 552 930
0 559 982
76 597 941
51 517 950
23 576 988
36 642 57
60 674 86
49 657 31
68 617 60
10 637 15
3 677 78
41 691 48
30 644 28
4 663 89
1 607 55
62 678 44
43 636 77
32 603 79
0 602 4
54 643 54
73 600 17
1 684 57
61 678 70
70 633 37
0 622 96
0 646 65
61 620 28
13 652 30
0 659 82
76 697 41
51 617 50
23 676 88
36 642 157
60 674 186
49 657 131
68 617 160
10 637 115
3 677 178
41 691 148
30 644 128
4 663 189
1 607 155
62 678 144
43 636 177
32 603 179
0 602 104
54 643 154
73 600 117
1 684 157
61 678 170
70 633 137
0 622 196
0 646 165
61 620 128
13 652 130
0 659 182
76 697 141
51 617 150
23 676 188
36 642 257
60 674 286
49 657 231
68 617 260
10 637 215
3 677 278
41 691 248
30 644 228
4 663 289
1 607 255
62 678 244
43 636 277
32 603 279
0 602 204
54 643 254
73 600 217
1 684 257
61 678 270
70 633 237
0 622 296
0 646 265
61 620 228
13 652 230
0 659 282
76 697 241
51 617 250
23 676 288
36 642 357
60 674 386
49 657 331
68 617 360
10 637 315
3 677 378
41 691 348
30 644 328
4 663 389
1 607 355
62 678 344
43 636 377
32 603 379
0 602 304
54 643 354
73 600 317
1 684 357
61 678 370
70 633 337
0 622 396
0 646 365
61 620 328
13 652 330
0 659 382
76 697 341
51 617 350
23 676 388
36 642 457
60 674 486
49 657 431
68 617 460
10 637 415
3 677 478
41 691 448
30 644 428
4 663 489
1 607 455
62 678 444
43 636 477
32 603 479
0 602 404
54 643 454
73 600 417
1 684 457
61 678 470
70 633 437
0 622 496
0 646 465
61 620 428
13 652 430
0 659 482
76 697 441
51 617 450
23 676 488
36 642 557
60 674 586
49 657 531
68 617 560
10 637 515
3 677 578
41 691 548
30 644 528
4 663 589
1 607 555
62 678 544
43 636 577
32 603 579
0 602 504
54 643 554
73 600 517
1 684 557
61 678 570
70 633 537
0 622 596
0 646 565
61 620 528
13 652 530
0 659 582
76 697 541
51 617 550
23 676 588
36 642 657
60 674 686
49 657 631
68 617 660
10 637 615
3 677 678
41 691 648
30 644 628
4 663 689
1 607 655
62 678 644
43 636 677
32 603 679
0 602 604
54 643 654
73 600 617
1 684 657
61 678 670
70 633 637
0 622 696
0 646 665
61 620 628
13 652 630
0 659 682
76 697 641
51 617 650
23 676 688
36 642 757
60 674 786
49 657 731
68 617 760
10 637 715
3 677 778
41 691 748
30 644 728
4 663 789
1 607 755
62 678 744
43 636 777
32 603 779
0 602 704
54 643 754
73 600 717
1 684 757
61 678 770
70 633 737
0 622 796
0 646 765
61 620 728
13 652 730
0 659 782
76 697 741
51 617 750
23 676 788
36 642 857
60 674 886
49 657 831
68 617 860
10 637 815
3 677 878
41 691 848
30 644 828
4 663 889
1 607 855
62 678 844
43 636 877
32 603 879
0 602 804
54 643 854
73 600 817
1 684 857
61 678 870
70 633 837
0 622 896
0 646 865
61 620 828
13 652 830
0 659 882
76 697 841
51 617 850
23 676 888
36 642 957
60 674 986
49 657 931
68 617 960
10 637 915
3 677 978
41 691 948
30 644 928
4 663 989
1 607 955
62 678 944
43 636 977
32 603 979
0 602 904
54 643 954
73 600 917
1 684 957
61 678 970
70 633 937
0 622 996
0 646 965
61 620 928
13 652 930
0 659 982
76 697 941
51 617 950
23 676 988
36 742 57
60 774 86
49 757 31
68 717 60
10 737 15
3 777 78
41 791 48
30 744 28
4 763 89
1 707 55
62 778 44
43 736 77
32 703 79
0 702 4
54 743 54
73 700 17
1 784 57
61 778 70
70 733 37
0 722 96
0 746 65
61 720 28
13 752 30
0 759 82
76 797 41
51 717 50
23 776 88
36 742 157
60 774 186
49 757 131
68 717 160
10 737 115
3 777 178
41 791 148
30 744 128
4 763 189
1 707 155
62 778 144
43 736 177
32 703 179
0 702 104
54 743 154
73 700 117
1 784 157
61 778 170
70 733 137
0 722 196
0 746 165
61 720 128
13 752 130
0 759 182
76 797 141
51 717 150
23 776 188
36 742 257
60 774 286
49 757 231
68 717 260
10 737 215
3 777 278
41 791 248
30 744 228
4 763 289
1 707 255
62 778 244
43 736 277
32 703 279
0 702 204
54 743 254
73 700 217
1 784 257
61 778 270
70 733 237
0 722 296
0 746 265
61 720 228
13 752 230
0 759 282
76 797 241
51 717 250
23 776 288
36 742 357
60 774 386
49 757 331
68 717 360
10 737 315
3 777 378
41 791 348
30 744 328
4 763 389
1 707 355
62 778 344
43 736 377
32 703 379
0 702 304
54 743 354
73 700 317
1 784 357
61 778 370
70 733 337
0 722 396
0 746 365
61 720 328
13 752 330
0 759 382
76 797 341
51 717 350
23 776 388
36 742 457
60 774 486
49 757 431
68 717 460
10 737 415
3 777 478
41 791 448
30 744 428
4 763 489
1 707 455
62 778 444
43 736 477
32 703 479
0 702 404
54 743 454
73 700 417
1 784 457
61 778 470
70 733 437
0 722 496
0 746 465
61 720 428
13 752 430
0 759 482
76 797 441
51 717 450
23 776 488
36 742 557
60 774 586
49 757 531
68 717 560
10 737 515
3 777 578
41 791 548
30 744 528
4 763 589
1 707 555
62 778 544
43 736 577
32 703 579
0 702 504
54 743 554
73 700 517
1 784 557
61 778 570
70 733 537
0 722 596
0 746 565
61 720 528
13 752 530
0 759 582
76 797 541
51 717 550
23 776 588
36 742 657
60 774 686
49 757 631
68 717 660
10 737 615
3 777 678
41 791 648
30 744 628
4 763 689
1 707 655
62 778 644
43 736 677
32 703 679
0 702 604
54 743 654
73 700 617
1 784 657
61 778 670
70 733 637
0 722 696
0 746 665
61 720 628
13 752 630
0 759 682
76 797 641
51 717 650
23 776 688
36 742 757
60 774 786
49 757 731
68 717 760
10 737 715
3 777 778
41 791 748
30 744 728
4 763 789
1 707 755
62 778 744
43 736 777
32 703 779
0 702 704
54 743 754
73 700 717
1 784 757
61 778 770
70 733 737
0 722 796
0 746 765
61 720 728
13 752 730
0 759 782
76 797 741
51 717 750
23 776 788
36 742 857
60 774 886
49 757 831
68 717 860
10 737 815
3 777 878
41 791 848
30 744 828
4 763 889
1 707 855
62 778 844
43 736 877
32 703 879
0 702 804
54 743 854
73 700 817
1 784 857
61 778 870
70 733 837
0 722 896
0 746 865
61 720 828
13 752 830
0 759 882
76 797 841
51 717 850
23 776 888
36 742 957
60 774 986
49 757 931
68 717 960
10 737 915
3 777 978
41 791 948
30 744 928
4 763 989
1 707 955
62 778 944
43 736 977
32 703 979
0 702 904
54 743 954
73 700 917
1 784 957
61 778 970
70 733 937
0 722 996
0 746 965
61 720 928
13 752 930
0 759 982
76 797 941
51 717 950
23 776 988
36 842 57
60 874 86
49 857 31
68 817 60
10 837 15
3 877 78
41 891 48
30 844 28
4 863 89
1 807 55
62 878 44
43 836 77
32 803 79
0 802 4
54 843 54
73 800 17
1 884 57
61 878 70
70 833 37
0 822 96
0 846 65
61 820 28
13 852 30
0 859 82
76 897 41
51 817 50
23 876 88
36 842 157
60 874 186
49 857 131
68 817 160
10 837 115
3 877 178
41 891 148
30 844 128
4 863 189
1 807 155
62 878 144
43 836 177
32 803 179
0 802 104
54 843 154
73 800 117
1 884 157
61 878 170
70 833 137
0 822 196
0 846 165
61 820 128
13 852 130
0 859 182
76 897 141
51 817 150
23 876 188
36 842 257
60 874 286
49 857 231
68 817 260
10 837 215
3 877 278
41 891 248
30 844 228
4 863 289
1 807 255
62 878 244
43 836 277
32 803 279
0 802 204
54 843 254
73 800 217
1 884 257
61 878 270
70 833 237
0 822 296
0 846 265
61 820 228
13 852 230
0 859 282
76 897 241
51 817 250
23 876 288
36 842 357
60 874 386
49 857 331
68 817 360
10 837 315
3 877 378
41 891 348
30 844 328
4 863 389
1 807 355
62 878 344
43 836 377
32 803 379
0 802 304
54 843 354
73 800 317
1 884 357
61 878 370
70 833 337
0 822 396
0 846 365
61 820 328
13 852 330
0 859 382
76 897 341
51 817 350
23 876 388
36 842 457
60 874 486
49 857 431
68 817 460
10 837 415
3 877 478
41 891 448
30 844 428
4 863 489
1 807 455
62 878 444
43 836 477
32 803 479
0 802 404
54 843 454
73 800 417
1 884 457
61 878 470
70 833 437
0 822 496
0 846 465
61 820 428
13 852 430
0 859 482
76 897 441
51 817 450
23 876 488
36 842 557
60 874 586
49 857 531
68 817 560
10 837 515
3 877 578
41 891 548
30 844 528
4 863 589
1 807 555
62 878 544
43 836 577
32 803 579
0 802 504
54 843 554
73 800 517
1 884 557
61 878 570
70 833 537
0 822 596
0 846 565
61 820 528
13 852 530
0 859 582
76 897 541
51 817 550
23 876 588
36 842 657
60 874 686
49 857 631
68 817 660
10 837 615
3 877 678
41 891 648
30 844 628
4 863 689
1 807 655
62 878 644
43 836 677
32 803 679
0 802 604
54 843 654
73 800 617
1 884 657
61 878 670
70 833 637
0 822 696
0 846 665
61 820 628
13 852 630
0 859 682
76 897 641
51 817 650
23 876 688
36 842 757
60 874 786
49 857 731
68 817 760
10 837 715
3 877 778
41 891 748
30 844 728
4 863 789
1 807 755
62 878 744
43 836 777
32 803 779
0 802 704
54 843 754
73 800 717
1 884 757
61 878 770
70 833 737
0 822 796
0 846 765
61 820 728
13 852 730
0 859 782
76 897 741
51 817 750
23 876 788
36 842 857
60 874 886
49 857 831
68 817 860
10 837 815
3 877 878
41 891 848
30 844 828
4 863 889
1 807 855
62 878 844
43 836 877
32 803 879
0 802 804
54 843 854
73 800 817
1 884 857
61 878 870
70 833 837
0 822 896
0 846 865
61 820 828
13 852 830
0 859 882
76 897 841
51 817 850
23 876 888
36 842 957
60 874 986
49 857 931
68 817 960
10 837 915
3 877 978
41 891 948
30 844 928
4 863 989
1 807 955
62 878 944
43 836 977
32 803 979
0 802 904
54 843 954
73 800 917
1 884 957
61 878 970
70 833 937
0 822 996
0 846 965
61 820 928
13 852 930
0 859 982
76 897 941
51 817 950
23 876 988
36 942 57
60 974 86
49 957 31
68 917 60
10 937 15
3 977 78
41 991 48
30 944 28
4 963 89
1 907 55
62 978 44
43 936 77
32 903 79
0 902 4
54 943 54
73 900 17
1 984 57
61 978 70
70 933 37
0 922 96
0 946 65
61 920 28
13 952 30
0 959 82
76 997 41
51 917 50
23 976 88
36 942 157
60 974 186
49 957 131
68 917 160
10 937 115
3 977 178
41 991 148
30 944 128
4 963 189
1 907 155
62 978 144
43 936 177
32 903 179
0 902 104
54 943 154
73 900 117
1 984 157
61 978 170
70 933 137
0 922 196
0 946 165
61 920 128
13 952 130
0 959 182
76 997 141
51 917 150
23 976 188
36 942 257
60 974 286
49 957 231
68 917 260
10 937 215
3 977 278
41 991 248
30 944 228
4 963 289
1 907 255
62 978 244
43 936 277
32 903 279
0 902 204
54 943 254
73 900 217
1 984 257
61 978 270
70 933 237
0 922 296
0 946 265
61 920 228
13 952 230
0 959 282
76 997 241
51 917 250
23 976 288
36 942 357
60 974 386
49 957 331
68 917 360
10 937 315
3 977 378
41 991 348
30 944 328
4 963 389
1 907 355
62 978 344
43 936 377
32 903 379
0 902 304
54 943 354
73 900 317
1 984 357
61 978 370
70 933 337
0 922 396
0 946 365
61 920 328
13 952 330
0 959 382
76 997 341
51 917 350
23 976 388
36 942 457
60 974 486
49 957 431
68 917 460
10 937 415
3 977 478
41 991 448
30 944 428
4 963 489
1 907 455
62 978 444
43 936 477
32 903 479
0 902 404
54 943 454
73 900 417
1 984 457
61 978 470
70 933 437
0 922 496
0 946 465
61 920 428
13 952 430
0 959 482
76 997 441
51 917 450
23 976 488
36 942 557
60 974 586
49 957 531
68 917 560
10 937 515
3 977 578
41 991 548
30 944 528
4 963 589
1 907 555
62 978 544
43 936 577
32 903 579
0 902 504
54 943 554
73 900 517
1 984 557
61 978 570
70 933 537
0 922 596
0 946 565
61 920 528
13 952 530
0 959 582
76 997 541
51 917 550
23 976 588
36 942 657
60 974 686
49 957 631
68 917 660
10 937 615
3 977 678
41 991 648
30 944 628
4 963 689
1 907 655
62 978 644
43 936 677
32 903 679
0 902 604
54 943 654
73 900 617
1 984 657
61 978 670
70 933 637
0 922 696
0 946 665
61 920 628
13 952 630
0 959 682
76 997 641
51 917 650
23 976 688
36 942 757
60 974 786
49 957 731
68 917 760
10 937 715
3 977 778
41 991 748
30 944 728
4 963 789
1 907 755
62 978 744
43 936 777
32 903 779
0 902 704
54 943 754
73 900 717
1 984 757
61 978 770
70 933 737
0 922 796
0 946 765
61 920 728
13 952 730
0 959 782
76 997 741
51 917 750
23 976 788
36 942 857
60 974 886
49 957 831
68 917 860
10 937 815
3 977 878
41 991 848
30 944 828
4 963 889
1 907 855
62 978 844
43 936 877
32 903 879
0 902 804
54 943 854
73 900 817
1 984 857
61 978 870
70 933 837
0 922 896
0 946 865
61 920 828
13 952 830
0 959 882
76 997 841
51 917 850
23 976 888
36 942 957
60 974 986
49 957 931
68 917 960
10 937 915
3 977 978
41 991 948
30 944 928
4 963 989
1 907 955
62 978 944
43 936 977
32 903 979
0 902 904
54 943 954
73 900 917
1 984 957
61 978 970
70 933 937
0 922 996
0 946 965
61 920 928
13 952 930
0 959 982
76 997 941
51 917 950
23 976 988
165 68 27
175 40 36
122 79 8
127 95 89
113 64 36
117 51 18
85 10 51
145 6 61
114 73 83
118 35 48
123 87 49
120 57 55
159 0 1
174 50 4
159 82 37
148 81 48
119 40 63
172 8 21
166 9 82
128 42 82
92 98 67
155 16 34
102 84 78
156 87 93
120 49 20
164 80 58
115 71 17
151 6 66
136 70 67
111 78 2
138 88 45
107 46 86
164 18 85
141 95 5
95 66 97
109 21 81
170 48 81
141 12 47
121 27 37
153 15 71
93 69 57
165 68 127
175 40 136
122 79 108
127 95 189
113 64 136
117 51 118
85 10 151
145 6 161
114 73 183
118 35 148
123 87 149
120 57 155
159 0 101
174 50 104
159 82 137
148 81 148
119 40 163
172 8 121
166 9 182
128 42 182
92 98 167
155 16 134
102 84 178
156 87 193
120 49 120
164 80 158
115 71 117
151 6 166
136 70 167
111 78 102
138 88 145
107 46 186
164 18 185
141 95 105
95 66 197
109 21 181
170 48 181
141 12 147
121 27 137
153 15 171
93 69 157
165 68 227
175 40 236
122 79 208
127 95 289
113 64 236
117 51 218
85 10 251
145 6 261
114 73 283
118 35 248
123 87 249
120 57 255
159 0 201
174 50 204
159 82 237
148 81 248
119 40 263
172 8 221
166 9 282
128 42 282
92 98 267
155 16 234
102 84 278
156 87 293
120 49 220
164 80 258
115 71 217
151 6 266
136 70 267
111 78 202
138 88 245
107 46 286
164 18 285
141 95 205
95 66 297
109 21 281
170 48 281
141 12 247
121 27 237
153 15 271
93 69 257
165 68 327
175 40 336
122 79 308
127 95 389
113 64 336
117 51 318
85 10 351
145 6 361
114 73 383
118 35 348
123 87 349
120 57 355
159 0 301
174 50 304
159 82 337
148 81 348
119 40 363
172 8 321
166 9 382
128 42 382
92 98 367
155 16 334
102 84 378
156 87 393
120 49 320
164 80 358
115 71 317
151 6 366
136 70 367
111 78 302
138 88 345
107 46 386
164 18 385
141 95 305
95 66 397
109 21 381
170 48 381
141 12 347
121 27 337
153 15 371
93 69 357
165 68 427
175 40 436
122 79 408
127 95 489
113 64 436
117 51 418
85 10 451
145 6 461
114 73 483
118 35 448
123 87 449
120 57 455
159 0 401
174 50 404
159 82 437
148 81 448
119 40 463
172 8 421
166 9 482
128 42 482
92 98 467
155 16 434
102 84 478
156 87 493
120 49 420
164 80 458
115 71 417
151 6 466
136 70 467
111 78 402
138 88 445
107 46 486
164 18 485
141 95 405
95 66 497
109 21 481
170 48 481
141 12 447
121 27 437
153 15 471
93 69 457
165 68 527
175 40 536
122 79 508
127 95 589
113 64 536
117 51 518
85 10 551
145 6 561
114 73 583
118 35 548
123 87 549
120 57 555
159 0 501
174 50 504
159 82 537
148 81 548
119 40 563
172 8 521
166 9 582
128 42 582
92 98 567
155 16 534
102 84 578
156 87 593
120 49 520
164 80 558
115 71 517
151 6 566
136 70 567
111 78 502
138 88 545
107 46 586
164 18 585
141 95 505
95 66 597
109 21 581
170 48 581
141 12 547
121 27 537
153 15 571
93 69 557
165 68 627
175 40 636
122 79 608
127 95 689
113 64 636
117 51 618
85 10 651
145 6 661
114 73 683
118 35 648
123 87 649
120 57 655
159 0 601
174 50 604
159 82 637
148 81 648
119 40 663
172 8 621
166 9 682
128 42 682
92 98 667
155 16 634
102 84 678
156 87 693
120 49 620
164 80 658
115 71 617
151 6 666
136 70 667
111 78 602
138 88 645
107 46 686
164 18 685
141 95 605
95 66 697
109 21 681
170 48 681
141 12 647
121 27 637
153 15 671
93 69 657
165 68 727
175 40 736
122 79 708
127 95 789
113 64 736
117 51 718
85 10 751
145 6 761
114 73 783
118 35 748
123 87 749
120 57 755
159 0 701
174 50 704
159 82 737
148 81 748
119 40 763
172 8 721
166 9 782
128 42 782
92 98 767
155 16 734
102 84 778
156 87 793
120 49 720
164 80 758
115 71 717
151 6 766
136 70 767
111 78 702
138 88 745
107 46 786
164 18 785
141 95 705
95 66 797
109 21 781
170 48 781
141 12 747
121 27 737
153 15 771
93 69 757
165 68 827
175 40 836
122 79 808
127 95 889
113 64 836
117 51 818
85 10 851
145 6 861
114 73 883
118 35 848
123 87 849
120 57 855
159 0 801
174 50 804
159 82 837
148 81 848
119 40 863
172 8 821
166 9 882
128 42 882
92 98 867
155 16 834
102 84 878
156 87 893
120 49 820
164 80 858
115 71 817
151 6 866
136 70 867
111 78 802
138 88 845
107 46 886
164 18 885
141 95 805
95 66 897
109 21 881
170 48 881
141 12 847
121 27 837
153 15 871
93 69 857
165 68 927
175 40 936
122 79 908
127 95 989
113 64 936
117 51 918
85 10 951
145 6 961
114 73 983
118 35 948
123 87 949
120 57 955
159 0 901
174 50 904
159 82 937
148 81 948
119 40 963
172 8 921
166 9 982
128 42 982
92 98 967
155 16 934
102 84 978
156 87 993
120 49 920
164 80 958
115 71 917
151 6 966
136 70 967
111 78 902
138 88 945
107 46 986
164 18 985
141 95 905
95 66 997
109 21 981
170 48 981
141 12 947
121 27 937
153 15 971
93 69 957
165 168 27
175 140 36
122 179 8
127 195 89
113 164 36
117 151 18
85 110 51
145 106 61
114 173 83
118 135 48
123 187 49
120 157 55
159 100 1
174 150 4
159 182 37
148 181 48
119 140 63
172 108 21
166 109 82
128 142 82
92 198 67
155 116 34
102 184 78
156 187 93
120 149 20
164 180 58
115 171 17
151 106 66
136 170 67
111 178 2
138 188 45
107 146 86
164 118 85
141 195 5
95 166 97
109 121 81
170 148 81
141 112 47
121 127 37
153 115 71
93 169 57
165 168 127
175 140 136
122 179 108
127 195 189
113 164 136
117 151 118
85 110 151
145 106 161
114 173 183
118 135 148
123 187 149
120 157 155
159 100 101
174 150 104
159 182 137
148 181 148
119 140 163
172 108 121
166 109 182
128 142 182
92 198 167
155 116 134
102 184 178
156 187 193
120 149 120
164 180 158
115 171 117
151 106 166
136 170 167
111 178 102
138 188 145
107 146 186
164 118 185
141 195 105
95 166 197
109 121 181
170 148 181
141 112 147
121 127 137
153 115 171
93 169 157
165 168 227
175 140 236
122 179 208
127 195 289
113 164 236
117 151 218
85 110 251
145 106 261
114 173 283
118 135 248
123 187 249
120 157 255
159 100 201
174 150 204
159 182 237
148 181 248
119 140 263
172 108 221
166 109 282
128 142 282
92 198 267
155 116 234
102 184 278
156 187 293
120 149 220
164 180 258
115 171 217
151 106 266
136 170 267
111 178 202
138 188 245
107 146 286
164 118 285
141 195 205
95 166 297
109 121 281
170 148 281
141 112 247
121 127 237
153 115 271
93 169 257
165 168 327
175 140 336
122 179 308
127 195 389
113 164 336
117 151 318
85 110 351
145 106 361
114 173 383
118 135 348
123 187 349
120 157 355
159 100 301
174 150 304
159 182 337
148 181 348
119 140 363
172 108 321
166 109 382
128 142 382
92 198 367
155 116 334
102 184 378
156 187 393
120 149 320
164 180 358
115 171 317
151 106 366
136 170 367
111 178 302
138 188 345
107 146 386
164 118 385
141 195 305
95 166 397
109 121 381
170 148 381
141 112 347
121 127 337
153 115 371
93 169 357
165 168 427
175 140 436
122 179 408
127 195 489
113 164 436
117 151 418
85 110 451
145 106 461
114 173 483
118 135 448
123 187 449
120 157 455
159 100 401
174 150 404
159 182 437
148 181 448
119 140 463
172 108 421
166 109 482
128 142 482
92 198 467
155 116 434
102 184 478
156 187 493
120 149 420
164 180 458
115 171 417
151 106 466
136 170 467
111 178 402
138 188 445
107 146 486
164 118 485
141 195 405
95 166 497
109 121 481
170 148 481
141 112 447
121 127 437
153 115 471
93 169 457
165 168 527
175 140 536
122 179 508
127 195 589
113 164 536
117 151 518
85 110 551
145 106 561
114 173 583
118 135 548
123 187 549
120 157 555
159 100 501
174 150 504
159 182 537
148 181 548
119 140 563
172 108 521
166 109 582
128 142 582
92 198 567
155 116 534
102 184 578
156 187 593
120 149 520
164 180 558
115 171 517
151 106 566
136 170 567
111 178 502
138 188 545
107 146 586
164 118 585
141 195 505
95 166 597
109 121 581
170 148 581
141 112 547
121 127 537
153 115 571
93 169 557
165 168 627
175 140 636
122 179 608
127 195 689
113 164 636
117 151 618
85 110 651
145 106 661
114 173 683
118 135 648
123 187 649
120 157 655
159 100 601
174 150 604
159 182 637
148 181 648
119 140 663
172 108 621
166 109 682
128 142 682
92 198 667
155 116 634
102 184 678
156 187 693
120 149 620
164 180 658
115 171 617
151 106 666
136 170 667
111 178 602
138 188 645
107 146 686
164 118 685
141 195 605
95 166 697
109 121 681
170 148 681
141 112 647
121 127 637
153 115 671
93 169 657
165 168 727
175 140 736
122 179 708
127 195 789
113 164 736
117 151 718
85 110 751
145 106 761
114 173 783
118 135 748
123 187 749
120 157 755
159 100 701
174 150 704
159 182 737
148 181 748
119 140 763
172 108 721
166 109 782
128 142 782
92 198 767
155 116 734
102 184 778
156 187 793
120 149 720
164 180 758
115 171 717
151 106 766
136 170 767
111 178 702
138 188 745
107 146 786
164 118 785
141 195 705
95 166 797
109 121 781
170 148 781
141 112 747
121 127 737
153 115 771
93 169 757
165 168 827
175 140 836
122 179 808
127 195 889
113 164 836
117 151 818
85 110 851
145 106 861
114 173 883
118 135 848
123 187 849
120 157 855
159 100 801
174 150 804
159 182 837
148 181 848
119 140 863
172 108 821
166 109 882
128 142 882
92 198 867
155 116 834
102 184 878
156 187 893
120 149 820
164 180 858
115 171 817
151 106 866
136 170 867
111 178 802
138 188 845
107 146 886
164 118 885
141 195 805
95 166 897
109 121 881
170 148 881
141 112 847
121 127 837
153 115 871
93 169 857
165 168 927
175 140 936
122 179 908
127 195 989
113 164 936
117 151 918
85 110 951
145 106 961
114 173 983
118 135 948
123 187 949
120 157 955
159 100 901
174 150 904
159 182 937
148 181 948
119 140 963
172 108 921
166 109 982
128 142 982
92 198 967
155 116 934
102 184 978
156 187 993
120 149 920
164 180 958
115 171 917
151 106 966
136 170 967
111 178 902
138 188 945
107 146 986
164 118 985
141 195 905
95 166 997
109 121 981
170 148 981
141 112 947
121 127 937
153 115 971
93 169 957
165 268 27
175 240 36
122 279 8
127 295 89
113 264 36
117 251 18
85 210 51
145 206 61
114 273 83
118 235 48
123 287 49
120 257 55
159 200 1
174 250 4
159 282 37
148 281 48
119 240 63
172 208 21
166 209 82
128 242 82
92 298 67
155 216 34
102 284 78
156 287 93
120 249 20
164 280 58
115 271 17
151 206 66
136 270 67
111 278 2
138 288 45
107 246 86
164 218 85
141 295 5
95 266 97
109 221 81
170 248 81
141 212 47
121 227 37
153 215 71
93 269 57
165 268 127
175 240 136
122 279 108
127 295 189
113 264 136
117 251 118
85 210 151
145 206 161
114 273 183
118 235 148
123 287 149
120 257 155
159 200 101
174 250 104
159 282 137
148 281 148
119 240 163
172 208 121
166 209 182
128 242 182
92 298 167
155 216 134
102 284 178
156 287 193
120 249 120
164 280 158
115 271 117
151 206 166
136 270 167
111 278 102
138 288 145
107 246 186
164 218 185
141 295 105
95 266 197
109 221 181
170 248 181
141 212 147
121 227 137
153 215 171
93 269 157
165 268 227
175 240 236
122 279 208
127 295 289
113 264 236
117 251 218
85 210 251
145 206 261
114 273 283
118 235 248
123 287 249
120 257 255
159 200 201
174 250 204
159 282 237
148 281 248
119 240 263
172 208 221
166 209 282
128 242 282
92 298 267
155 216 234
102 284 278
156 287 293
120 249 220
164 280 258
115 271 217
151 206 266
136 270 267
111 278 202
138 288 245
107 246 286
164 218 285
141 295 205
95 266 297
109 221 281
170 248 281
141 212 247
121 227 237
153 215 271
93 269 257
165 268 327
175 240 336
122 279 308
127 295 389
113 264 336
117 251 318
85 210 351
145 206 361
114 273 383
118 235 348
123 287 349
120 257 355
159 200 301
174 250 304
159 282 337
148 281 348
119 240 363
172 208 321
166 209 382
128 242 382
92 298 367
155 216 334
102 284 378
156 287 393
120 249 320
164 280 358
115 271 317
151 206 366
136 270 367
111 278 302
138 288 345
107 246 386
164 218 385
141 295 305
95 266 397
109 221 381
170 248 381
141 212 347
121 227 337
153 215 371
93 269 357
165 268 427
175 240 436
122 279 408
127 295 489
113 264 436
117 251 418
85 210 451
145 206 461
114 273 483
118 235 448
123 287 449
120 257 455
159 200 401
174 250 404
159 282 437
148 281 448
119 240 463
172 208 421
166 209 482
128 242 482
92 298 467
155 216 434
102 284 478
156 287 493
120 249 420
164 280 458
115 271 417
151 206 466
136 270 467
111 278 402
138 288 445
107 246 486
164 218 485
141 295 405
95 266 497
109 221 481
170 248 481
141 212 447
121 227 437
153 215 471
93 269 457
165 268 527
175 240 536
122 279 508
127 295 589
113 264 536
117 251 518
85 210 551
145 206 561
114 273 583
118 235 548
123 287 549
120 257 555
159 200 501
174 250 504
159 282 537
148 281 548
119 240 563
172 208 521
166 209 582
128 242 582
92 298 567
155 216 534
102 284 578
156 287 593
120 249 520
164 280 558
115 271 517
151 206 566
136 270 567
111 278 502
138 288 545
107 246 586
164 218 585
141 295 505
95 266 597
109 221 581
170 248 581
141 212 547
121 227 537
153 215 571
93 269 557
165 268 627
175 240 636
122 279 608
127 295 689
113 264 636
117 251 618
85 210 651
145 206 661
114 273 683
118 235 648
123 287 649
120 257 655
159 200 601
174 250 604
159 282 637
148 281 648
119 240 663
172 208 621
166 209 682
128 242 682
92 298 667
155 216 634
102 284 678
156 287 693
120 249 620
164 280 658
115 271 617
151 206 666
136 270 667
111 278 602
138 288 645
107 246 686
164 218 685
141 295 605
95 266 697
109 221 681
170 248 681
141 212 647
121 227 637
153 215 671
93 269 657
165 268 727
175 240 736
122 279 708
127 295 789
113 264 736
117 251 718
85 210 751
145 206 761
114 273 783
118 235 748
123 287 749
120 257 755
159 200 701
174 250 704
159 282 737
148 281 748
119 240 763
172 208 721
166 209 782
128 242 782
92 298 767
155 216 734
102 284 778
156 287 793
120 249 720
164 280 758
115 271 717
151 206 766
136 270 767
111 278 702
138 288 745
107 246 786
164 218 785
141 295 705
95 266 797
109 221 781
170 248 781
141 212 747
121 227 737
153 215 771
93 269 757
165 268 827
175 240 836
122 279 808
127 295 889
113 264 836
117 251 818
85 210 851
145 206 861
114 273 883
118 235 848
123 287 849
120 257 855
159 200 801
174 250 804
159 282 837
148 281 848
119 240 863
172 208 821
166 209 882
128 242 882
92 298 867
155 216 834
102 284 878
156 287 893
120 249 820
164 280 858
115 271 817
151 206 866
136 270 867
111 278 802
138 288 845
107 246 886
164 218 885
141 295 805
95 266 897
109 221 881
170 248 881
141 212 847
121 227 837
153 215 871
93 269 857
165 268 927
175 240 936
122 279 908
127 295 989
113 264 936
117 251 918
85 210 951
145 206 961
114 273 983
118 235 948
123 287 949
120 257 955
159 200 901
174 250 904
159 282 937
148 281 948
119 240 963
172 208 921
166 209 982
128 242 982
92 298 967
155 216 934
102 284 978
156 287 993
120 249 920
164 280 958
115 271 917
151 206 966
136 270 967
111 278 902
138 288 945
107 246 986
164 218 985
141 295 905
95 266 997
109 221 981
170 248 981
141 212 947
121 227 937
153 215 971
93 269 957
165 368 27
175 340 36
122 379 8
127 395 89
113 364 36
117 351 18
85 310 51
145 306 61
114 373 83
118 335 48
123 387 49
120 357 55
159 300 1
174 350 4
159 382 37
148 381 48
119 340 63
172 308 21
166 309 82
128 342 82
92 398 67
155 316 34
102 384 78
156 387 93
120 349 20
164 380 58
115 371 17
151 306 66
136 370 67
111 378 2
138 388 45
107 346 86
164 318 85
141 395 5
95 366 97
109 321 81
170 348 81
141 312 47
121 327 37
153 315 71
93 369 57
165 368 127
175 340 136
122 379 108
127 395 189
113 364 136
117 351 118
85 310 151
145 306 161
114 373 183
118 335 148
123 387 149
120 357 155
159 300 101
174 350 104
159 382 137
148 381 148
119 340 163
172 308 121
166 309 182
128 342 182
92 398 167
155 316 134
102 384 178
156 387 193
120 349 120
164 380 158
115 371 117
151 306 166
136 370 167
111 378 102
138 388 145
107 346 186
164 318 185
141 395 105
95 366 197
109 321 181
170 348 181
141 312 147
121 327 137
153 315 171
93 369 157
165 368 227
175 340 236
122 379 208
127 395 289
113 364 236
117 351 218
85 310 251
145 306 261
114 373 283
118 335 248
123 387 249
120 357 255
159 300 201
174 350 204
159 382 237
148 381 248
119 340 263
172 308 221
166 309 282
128 342 282
92 398 267
155 316 234
102 384 278
156 387 293
120 349 220
164 380 258
115 371 217
151 306 266
136 370 267
111 378 202
138 388 245
107 346 286
164 318 285
141 395 205
95 366 297
109 321 281
170 348 281
141 312 247
121 327 237
153 315 271
93 369 257
165 368 327
175 340 336
122 379 308
127 395 389
113 364 336
117 351 318
85 310 351
145 306 361
114 373 383
118 335 348
123 387 349
120 357 355
159 300 301
174 350 304
159 382 337
148 381 348
119 340 363
172 308 321
166 309 382
128 342 382
92 398 367
155 316 334
102 384 378
156 387 393
120 349 320
164 380 358
115 371 317
151 306 366
136 370 367
111 378 302
138 388 345
107 346 386
164 318 385
141 395 305
95 366 397
109 321 381
170 348 381
141 312 347
121 327 337
153 315 371
93 369 357
165 368 427
175 340 436
122 379 408
127 395 489
113 364 436
117 351 418
85 310 451
145 306 461
114 373 483
118 335 448
123 387 449
120 357 455
159 300 401
174 350 404
159 382 437
148 381 448
119 340 463
172 308 421
166 309 482
128 342 482
92 398 467
155 316 434
102 384 478
156 387 493
120 349 420
164 380 458
115 371 417
151 306 466
136 370 467
111 378 402
138 388 445
107 346 486
164 318 485
141 395 405
95 366 497
109 321 481
170 348 481
141 312 447
121 327 437
153 315 471
93 369 457
165 368 527
175 340 536
122 379 508
127 395 589
113 364 536
117 351 518
85 310 551
145 306 561
114 373 583
118 335 548
123 387 549
120 357 555
159 300 501
174 350 504
159 382 537
148 381 548
119 340 563
172 308 521
166 309 582
128 342 582
92 398 567
155 316 534
102 384 578
156 387 593
120 349 520
164 380 558
115 371 517
151 306 566
136 370 567
111 378 502
138 388 545
107 346 586
164 318 585
141 395 505
95 366 597
109 321 581
170 348 581
141 312 547
121 327 537
153 315 571
93 369 557
165 368 627
175 340 636
122 379 608
127 395 689
113 364 636
117 351 618
85 310 651
145 306 661
114 373 683
118 335 648
123 387 649
120 357 655
159 300 601
174 350 604
159 382 637
148 381 648
119 340 663
172 308 621
166 309 682
128 342 682
92 398 667
155 316 634
102 384 678
156 387 693
120 349 620
164 380 658
115 371 617
151 306 666
136 370 667
111 378 602
138 388 645
107 346 686
164 318 685
141 395 605
95 366 697
109 321 681
170 348 681
141 312 647
121 327 637
153 315 671
93 369 657
165 368 727
175 340 736
122 379 708
127 395 789
113 364 736
117 351 718
85 310 751
145 306 761
114 373 783
118 335 748
123 387 749
120 357 755
159 300 701
174 350 704
159 382 737
148 381 748
119 340 763
172 308 721
166 309 782
128 342 782
92 398 767
155 316 734
102 384 778
156 387 793
120 349 720
164 380 758
115 371 717
151 306 766
136 370 767
111 378 702
138 388 745
107 346 786
164 318 785
141 395 705
95 366 797
109 321 781
170 348 781
141 312 747
121 327 737
153 315 771
93 369 757
165 368 827
175 340 836
122 379 808
127 395 889
113 364 836
117 351 818
85 310 851
145 306 861
114 373 883
118 335 848
123 387 849
120 357 855
159 300 801
174 350 804
159 382 837
148 381 848
119 340 863
172 308 821
166 309 882
128 342 882
92 398 867
155 316 834
102 384 878
156 387 893
120 349 820
164 380 858
115 371 817
151 306 866
136 370 867
111 378 802
138 388 845
107 346 886
164 318 885
141 395 805
95 366 897
109 321 881
170 348 881
141 312 847
121 327 837
153 315 871
93 369 857
165 368 927
175 340 936
122 379 908
127 395 989
113 364 936
117 351 918
85 310 951
145 306 961
114 373 983
118 335 948
123 387 949
120 357 955
159 300 901
174 350 904
159 382 937
148 381 948
119 340 963
172 308 921
166 309 982
128 342 982
92 398 967
155 316 934
102 384 978
156 387 993
120 349 920
164 380 958
115 371 917
151 306 966
136 370 967
111 378 902
138 388 945
107 346 986
164 318 985
141 395 905
95 366 997
109 321 981
170 348 981
141 312 947
121 327 937
153 315 971
93 369 957
165 468 27
175 440 36
122 479 8
127 495 89
113 464 36
117 451 18
85 410 51
145 406 61
114 473 83
118 435 48
123 487 49
120 457 55
159 400 1
174 450 4
159 482 37
148 481 48
119 440 63
172 408 21
166 409 82
128 442 82
92 498 67
155 416 34
102 484 78
156 487 93
120 449 20
164 480 58
115 471 17
151 406 66
136 470 67
111 478 2
138 488 45
107 446 86
164 418 85
141 495 5
95 466 97
109 421 81
170 448 81
141 412 47
121 427 37
153 415 71
93 469 57
165 468 127
175 440 136
122 479 108
127 495 189
113 464 136
117 451 118
85 410 151
145 406 161
114 473 183
118 435 148
123 487 149
120 457 155
159 400 101
174 450 104
159 482 137
148 481 148
119 440 163
172 408 121
166 409 182
128 442 182
92 498 167
155 416 134
102 484 178
156 487 193
120 449 120
164 480 158
115 471 117
151 406 166
136 470 167
111 478 102
138 488 145
107 446 186
164 418 185
141 495 105
95 466 197
109 421 181
170 448 181
141 412 147
121 427 137
153 415 171
93 469 157
165 468 227
175 440 236
122 479 208
127 495 289
113 464 236
117 451 218
85 410 251
145 406 261
114 473 283
118 435 248
123 487 249
120 457 255
159 400 201
174 450 204
159 482 237
148 481 248
119 440 263
172 408 221
166 409 282
128 442 282
92 498 267
155 416 234
102 484 278
156 487 293
120 449 220
164 480 258
115 471 217
151 406 266
136 470 267
111 478 202
138 488 245
107 446 286
164 418 285
141 495 205
95 466 297
109 421 281
170 448 281
141 412 247
121 427 237
153 415 271
93 469 257
165 468 327
175 440 336
122 479 308
127 495 389
113 464 336
117 451 318
85 410 351
145 406 361
114 473 383
118 435 348
123 487 349
120 457 355
159 400 301
174 450 304
159 482 337
148 481 348
119 440 363
172 408 321
166 409 382
128 442 382
92 498 367
155 416 334
102 484 378
156 487 393
120 449 320
164 480 358
115 471 317
151 406 366
136 470 367
111 478 302
138 488 345
107 446 386
164 418 385
141 495 305
95 466 397
109 421 381
170 448 381
141 412 347
121 427 337
153 415 371
93 469 357
165 468 427
175 440 436
122 479 408
127 495 489
113 464 436
117 451 418
85 410 451
145 406 461
114 473 483
118 435 448
123 487 449
120 457 455
159 400 401
174 450 404
159 482 437
148 481 448
119 440 463
172 408 421
166 409 482
128 442 482
92 498 467
155 416 434
102 484 478
156 487 493
120 449 420
164 480 458
115 471 417
151 406 466
136 470 467
111 478 402
138 488 445
107 446 486
164 418 485
141 495 405
95 466 497
109 421 481
170 448 481
141 412 447
121 427 437
153 415 471
93 469 457
165 468 527
175 440 536
122 479 508
127 495 589
113 464 536
117 451 518
85 410 551
145 406 561
114 473 583
118 435 548
123 487 549
120 457 555
159 400 501
174 450 504
159 482 537
148 481 548
119 440 563
172 408 521
166 409 582
128 442 582
92 498 567
155 416 534
102 484 578
156 487 593
120 449 520
164 480 558
115 471 517
151 406 566
136 470 567
111 478 502
138 488 545
107 446 586
164 418 585
141 495 505
95 466 597
109 421 581
170 448 581
141 412 547
121 427 537
153 415 571
93 469 557
165 468 627
175 440 636
122 479 608
127 495 689
113 464 636
117 451 618
85 410 651
145 406 661
114 473 683
118 435 648
123 487 649
120 457 655
159 400 601
174 450 604
159 482 637
148 481 648
119 440 663
172 408 621
166 409 682
128 442 682
92 498 667
155 416 634
102 484 678
156 487 693
120 449 620
164 480 658
115 471 617
151 406 666
136 470 667
111 478 602
138 488 645
107 446 686
164 418 685
141 495 605
95 466 697
109 421 681
170 448 681
141 412 647
121 427 637
153 415 671
93 469 657
165 468 727
175 440 736
122 479 708
127 495 789
113 464 736
117 451 718
85 410 751
145 406 761
114 473 783
118 435 748
123 487 749
120 457 755
159 400 701
174 450 704
159 482 737
148 481 748
119 440 763
172 408 721
166 409 782
128 442 782
92 498 767
155 416 734
102 484 778
156 487 793
120 449 720
164 480 758
115 471 717
151 406 766
136 470 767
111 478 702
138 488 745
107 446 786
164 418 785
141 495 705
95 466 797
109 421 781
170 448 781
141 412 747
121 427 737
153 415 771
93 469 757
165 468 827
175 440 836
122 479 808
127 495 889
113 464 836
117 451 818
85 410 851
145 406 861
114 473 883
118 435 848
123 487 849
120 457 855
159 400 801
174 450 804
159 482 837
148 481 848
119 440 863
172 408 821
166 409 882
128 442 882
92 498 867
155 416 834
102 484 878
156 487 893
120 449 820
164 480 858
115 471 817
151 406 866
136 470 867
111 478 802
138 488 845
107 446 886
164 418 885
141 495 805
95 466 897
109 421 881
170 448 881
141 412 847
121 427 837
153 415 871
93 469 857
165 468 927
175 440 936
122 479 908
127 495 989
113 464 936
117 451 918
85 410 951
145 406 961
114 473 983
118 435 948
123 487 949
120 457 955
159 400 901
174 450 904
159 482 937
148 481 948
119 440 963
172 408 921
166 409 982
128 442 982
92 498 967
155 416 934
102 484 978
156 487 993
120 449 920
164 480 958
115 471 917
151 406 966
136 470 967
111 478 902
138 488 945
107 446 986
164 418 985
141 495 905
95 466 997
109 421 981
170 448 981
141 412 947
121 427 937
153 415 971
93 469 957
165 568 27
175 540 36
122 579 8
127 595 89
113 564 36
117 551 18
85 510 51
145 506 61
114 573 83
118 535 48
123 587 49
120 557 55
159 500 1
174 550 4
159 582 37
148 581 48
119 540 63
172 508 21
166 509 82
128 542 82
92 598 67
155 516 34
102 584 78
156 587 93
120 549 20
164 580 58
115 571 17
151 506 66
136 570 67
111 578 2
138 588 45
107 546 86
164 518 85
141 595 5
95 566 97
109 521 81
170 548 81
141 512 47
121 527 37
153 515 71
93 569 57
165 568 127
175 540 136
122 579 108
127 595 189
113 564 136
117 551 118
85 510 151
145 506 161
114 573 183
118 535 148
123 587 149
120 557 155
159 500 101
174 550 104
159 582 137
148 581 148
119 540 163
172 508 121
166 509 182
128 542 182
92 598 167
155 516 134
102 584 178
156 587 193
120 549 120
164 580 158
115 571 117
151 506 166
136 570 167
111 578 102
138 588 145
107 546 186
164 518 185
141 595 105
95 566 197
109 521 181
170 548 181
141 512 147
121 527 137
153 515 171
93 569 157
165 568 227
175 540 236
122 579 208
127 595 289
113 564 236
117 551 218
85 510 251
145 506 261
114 573 283
118 535 248
123 587 249
120 557 255
159 500 201
174 550 204
159 582 237
148 581 248
119 540 263
172 508 221
166 509 282
128 542 282
92 598 267
155 516 234
102 584 278
156 587 293
120 549 220
164 580 258
115 571 217
151 506 266
136 570 267
111 578 202
138 588 245
107 546 286
164 518 285
141 595 205
95 566 297
109 521 281
170 548 281
141 512 247
121 527 237
153 515 271
93 569 257
165 568 327
175 540 336
122 579 308
127 595 389
113 564 336
117 551 318
85 510 351
145 506 361
114 573 383
118 535 348
123 587 349
120 557 355
159 500 301
174 550 304
159 582 337
148 581 348
119 540 363
172 508 321
166 509 382
128 542 382
92 598 367
155 516 334
102 584 378
156 587 393
120 549 320
164 580 358
115 571 317
151 506 366
136 570 367
111 578 302
138 588 345
107 546 386
164 518 385
141 595 305
95 566 397
109 521 381
170 548 381
141 512 347
121 527 337
153 515 371
93 569 357
165 568 427
175 540 436
122 579 408
127 595 489
113 564 436
117 551 418
85 510 451
145 506 461
114 573 483
118 535 448
123 587 449
120 557 455
159 500 401
174 550 404
159 582 437
148 581 448
119 540 463
172 508 421
166 509 482
128 542 482
92 598 467
155 516 434
102 584 478
156 587 493
120 549 420
164 580 458
115 571 417
151 506 466
136 570 467
111 578 402
138 588 445
107 546 486
164 518 485
141 595 405
95 566 497
109 521 481
170 548 481
141 512 447
121 527 437
153 515 471
93 569 457
165 568 527
175 540 536
122 579 508
127 595 589
113 564 536
117 551 518
85 510 551
145 506 561
114 573 583
118 535 548
123 587 549
120 557 555
159 500 501
174 550 504
159 582 537
148 581 548
119 540 563
172 508 521
166 509 582
128 542 582
92 598 567
155 516 534
102 584 578
156 587 593
120 549 520
164 580 558
115 571 517
151 506 566
136 570 567
111 578 502
138 588 545
107 546 586
164 518 585
141 595 505
95 566 597
109 521 581
170 548 581
141 512 547
121 527 537
153 515 571
93 569 557
165 568 627
175 540 636
122 579 608
127 595 689
113 564 636
117 551 618
85 510 651
145 506 661
114 573 683
118 535 648
123 587 649
120 557 655
159 500 601
174 550 604
159 582 637
148 581 648
119 540 663
172 508 621
166 509 682
128 542 682
92 598 667
155 516 634
102 584 678
156 587 693
120 549 620
164 580 658
115 571 617
151 506 666
136 570 667
111 578 602
138 588 645
107 546 686
164 518 685
141 595 605
95 566 697
109 521 681
170 548 681
141 512 647
121 527 637
153 515 671
93 569 657
165 568 727
175 540 736
122 579 708
127 595 789
113 564 736
117 551 718
85 510 751
145 506 761
114 573 783
118 535 748
123 587 749
120 557 755
159 500 701
174 550 704
159 582 737
148 581 748
119 540 763
172 508 721
166 509 782
128 542 782
92 598 767
155 516 734
102 584 778
156 587 793
120 549 720
164 580 758
115 571 717
151 506 766
136 570 767
111 578 702
138 588 745
107 546 786
164 518 785
141 595 705
95 566 797
109 521 781
170 548 781
141 512 747
121 527 737
153 515 771
93 569 757
165 568 827
175 540 836
122 579 808
127 595 889
113 564 836
117 551 818
85 510 851
145 506 861
114 573 883
118 535 848
123 587 849
120 557 855
159 500 801
174 550 804
159 582 837
148 581 848
119 540 863
172 508 821
166 509 882
128 542 882
92 598 867
155 516 834
102 584 878
156 587 893
120 549 820
164 580 858
115 571 817
151 506 866
136 570 867
111 578 802
138 588 845
107 546 886
164 518 885
141 595 805
95 566 897
109 521 881
170 548 881
141 512 847
121 527 837
153 515 871
93 569 857
165 568 927
175 540 936
122 579 908
127 595 989
113 564 936
117 551 918
85 510 951
145 506 961
114 573 983
118 535 948
123 587 949
120 557 955
159 500 901
174 550 904
159 582 937
148 581 948
119 540 963
172 508 921
166 509 982
128 542 982
92 598 967
155 516 934
102 584 978
156 587 993
120 549 920
164 580 958
115 571 917
151 506 966
136 570 967
111 578 902
138 588 945
107 546 986
164 518 985
141 595 905
95 566 997
109 521 981
170 548 981
141 512 947
121 527 937
153 515 971
93 569 957
165 668 27
175 640 36
122 679 8
127 695 89
113 664 36
117 651 18
85 610 51
145 606 61
114 673 83
118 635 48
123 687 49
120 657 55
159 600 1
174 650 4
159 682 37
148 681 48
119 640 63
172 608 21
166 609 82
128 642 82
92 698 67
155 616 34
102 684 78
156 687 93
120 649 20
164 680 58
115 671 17
151 606 66
136 670 67
111 678 2
138 688 45
107 646 86
164 618 85
141 695 5
95 666 97
109 621 81
170 648 81
141 612 47
121 627 37
153 615 71
93 669 57
165 668 127
175 640 136
122 679 108
127 695 189
113 664 136
117 651 118
85 610 151
145 606 161
114 673 183
118 635 148
123 687 149
120 657 155
159 600 101
174 650 104
159 682 137
148 681 148
119 640 163
172 608 121
166 609 182
128 642 182
92 698 167
155 616 134
102 684 178
156 687 193
120 649 120
164 680 158
115 671 117
151 606 166
136 670 167
111 678 102
138 688 145
107 646 186
164 618 185
141 695 105
95 666 197
109 621 181
170 648 181
141 612 147
121 627 137
153 615 171
93 669 157
165 668 227
175 640 236
122 679 208
127 695 289
113 664 236
117 651 218
85 610 251
145 606 261
114 673 283
118 635 248
123 687 249
120 657 255
159 600 201
174 650 204
159 682 237
148 681 248
119 640 263
172 608 221
166 609 282
128 642 282
92 698 267
155 616 234
102 684 278
156 687 293
120 649 220
164 680 258
115 671 217
151 606 266
136 670 267
111 678 202
138 688 245
107 646 286
164 618 285
141 695 205
95 666 297
109 621 281
170 648 281
141 612 247
121 627 237
153 615 271
93 669 257
165 668 327
175 640 336
122 679 308
127 695 389
113 664 336
117 651 318
85 610 351
145 606 361
114 673 383
118 635 348
123 687 349
120 657 355
159 600 301
174 650 304
159 682 337
148 681 348
119 640 363
172 608 321
166 609 382
128 642 382
92 698 367
155 616 334
102 684 378
156 687 393
120 649 320
164 680 358
115 671 317
151 606 366
136 670 367
111 678 302
138 688 345
107 646 386
164 618 385
141 695 305
95 666 397
109 621 381
170 648 381
141 612 347
121 627 337
153 615 371
93 669 357
165 668 427
175 640 436
122 679 408
127 695 489
113 664 436
117 651 418
85 610 451
145 606 461
114 673 483
118 635 448
123 687 449
120 657 455
159 600 401
174 650 404
159 682 437
148 681 448
119 640 463
172 608 421
166 609 482
128 642 482
92 698 467
155 616 434
102 684 478
156 687 493
120 649 420
164 680 458
115 671 417
151 606 466
136 670 467
111 678 402
138 688 445
107 646 486
164 618 485
141 695 405
95 666 497
109 621 481
170 648 481
141 612 447
121 627 437
153 615 471
93 669 457
165 668 527
175 640 536
122 679 508
127 695 589
113 664 536
117 651 518
85 610 551
145 606 561
114 673 583
118 635 548
123 687 549
120 657 555
159 600 501
174 650 504
159 682 537
148 681 548
119 640 563
172 608 521
166 609 582
128 642 582
92 698 567
155 616 534
102 684 578
156 687 593
120 649 520
164 680 558
115 671 517
151 606 566
136 670 567
111 678 502
138 688 545
107 646 586
164 618 585
141 695 505
95 666 597
109 621 581
170 648 581
141 612 547
121 627 537
153 615 571
93 669 557
165 668 627
175 640 636
122 679 608
127 695 689
113 664 636
117 651 618
85 610 651
145 606 661
114 673 683
118 635 648
123 687 649
120 657 655
159 600 601
174 650 604
159 682 637
148 681 648
119 640 663
172 608 621
166 609 682
128 642 682
92 698 667
155 616 634
102 684 678
156 687 693
120 649 620
164 680 658
115 671 617
151 606 666
136 670 667
111 678 602
138 688 645
107 646 686
164 618 685
141 695 605
95 666 697
109 621 681
170 648 681
141 612 647
121 627 637
153 615 671
93 669 657
165 668 727
175 640 736
122 679 708
127 695 789
113 664 736
117 651 718
85 610 751
145 606 761
114 673 783
118 635 748
123 687 749
120 657 755
159 600 701
174 650 704
159 682 737
148 681 748
119 640 763
172 608 721
166 609 782
128 642 782
92 698 767
155 616 734
102 684 778
156 687 793
120 649 720
164 680 758
115 671 717
151 606 766
136 670 767
111 678 702
138 688 745
107 646 786
164 618 785
141 695 705
95 666 797
109 621 781
170 648 781
141 612 747
121 627 737
153 615 771
93 669 757
165 668 827
175 640 836
122 679 808
127 695 889
113 664 836
117 651 818
85 610 851
145 606 861
114 673 883
118 635 848
123 687 849
120 657 855
159 600 801
174 650 804
159 682 837
148 681 848
119 640 863
172 608 821
166 609 882
128 642 882
92 698 867
155 616 834
102 684 878
156 687 893
120 649 820
164 680 858
115 671 817
151 606 866
136 670 867
111 678 802
138 688 845
107 646 886
164 618 885
141 695 805
95 666 897
109 621 881
170 648 881
141 612 847
121 627 837
153 615 871
93 669 857
165 668 927
175 640 936
122 679 908
127 695 989
113 664 936
117 651 918
85 610 951
145 606 961
114 673 983
118 635 948
123 687 949
120 657 955
159 600 901
174 650 904
159 682 937
148 681 948
119 640 963
172 608 921
166 609 982
128 642 982
92 698 967
155 616 934
102 684 978
156 687 993
120 649 920
164 680 958
115 671 917
151 606 966
136 670 967
111 678 902
138 688 945
107 646 986
164 618 985
141 695 905
95 666 997
109 621 981
170 648 981
141 612 947
121 627 937
153 615 971
93 669 957
165 768 27
175 740 36
122 779 8
127 795 89
113 764 36
117 751 18
85 710 51
145 706 61
114 773 83
118 735 48
123 787 49
120 757 55
159 700 1
174 750 4
159 782 37
148 781 48
119 740 63
172 708 21
166 709 82
128 742 82
92 798 67
155 716 34
102 784 78
156 787 93
120 749 20
164 780 58
115 771 17
151 706 66
136 770 67
111 778 2
138 788 45
107 746 86
164 718 85
141 795 5
95 766 97
109 721 81
170 748 81
141 712 47
121 727 37
153 715 71
93 769 57
165 768 127
175 740 136
122 779 108
127 795 189
113 764 136
117 751 118
85 710 151
145 706 161
114 773 183
118 735 148
123 787 149
120 757 155
159 700 101
174 750 104
159 782 137
148 781 148
119 740 163
172 708 121
166 709 182
128 742 182
92 798 167
155 716 134
102 784 178
156 787 193
120 749 120
164 780 158
115 771 117
151 706 166
136 770 167
111 778 102
138 788 145
107 746 186
164 718 185
141 795 105
95 766 197
109 721 181
170 748 181
141 712 147
121 727 137
153 715 171
93 769 157
165 768 227
175 740 236
122 779 208
127 795 289
113 764 236
117 751 218
85 710 251
145 706 261
114 773 283
118 735 248
123 787 249
120 757 255
159 700 201
174 750 204
159 782 237
148 781 248
119 740 263
172 708 221
166 709 282
128 742 282
92 798 267
155 716 234
102 784 278
156 787 293
120 749 220
164 780 258
115 771 217
151 706 266
136 770 267
111 778 202
138 788 245
107 746 286
164 718 285
141 795 205
95 766 297
109 721 281
170 748 281
141 712 247
121 727 237
153 715 271
93 769 257
165 768 327
175 740 336
122 779 308
127 795 389
113 764 336
117 751 318
85 710 351
145 706 361
114 773 383
118 735 348
123 787 349
120 757 355
159 700 301
174 750 304
159 782 337
148 781 348
119 740 363
172 708 321
166 709 382
128 742 382
92 798 367
155 716 334
102 784 378
156 787 393
120 749 320
164 780 358
115 771 317
151 706 366
136 770 367
111 778 302
138 788 345
107 746 386
164 718 385
141 795 305
95 766 397
109 721 381
170 748 381
141 712 347
121 727 337
153 715 371
93 769 357
165 768 427
175 740 436
122 779 408
127 795 489
113 764 436
117 751 418
85 710 451
145 706 461
114 773 483
118 735 448
123 787 449
120 757 455
159 700 401
174 750 404
159 782 437
148 781 448
119 740 463
172 708 421
166 709 482
128 742 482
92 798 467
155 716 434
102 784 478
156 787 493
120 749 420
164 780 458
115 771 417
151 706 466
136 770 467
111 778 402
138 788 445
107 746 486
164 718 485
141 795 405
95 766 497
109 721 481
170 748 481
141 712 447
121 727 437
153 715 471
93 769 457
165 768 527
175 740 536
122 779 508
127 795 589
113 764 536
117 751 518
85 710 551
145 706 561
114 773 583
118 735 548
123 787 549
120 757 555
159 700 501
174 750 504
159 782 537
148 781 548
119 740 563
172 708 521
166 709 582
128 742 582
92 798 567
155 716 534
102 784 578
156 787 593
120 749 520
164 780 558
115 771 517
151 706 566
136 770 567
111 778 502
138 788 545
107 746 586
164 718 585
141 795 505
95 766 597
109 721 581
170 748 581
141 712 547
121 727 537
153 715 571
93 769 557
165 768 627
175 740 636
122 779 608
127 795 689
113 764 636
117 751 618
85 710 651
145 706 661
114 773 683
118 735 648
123 787 649
120 757 655
159 700 601
174 750 604
159 782 637
148 781 648
119 740 663
172 708 621
166 709 682
128 742 682
92 798 667
155 716 634
102 784 678
156 787 693
120 749 620
164 780 658
115 771 617
151 706 666
136 770 667
111 778 602
138 788 645
107 746 686
164 718 685
141 795 605
95 766 697
109 721 681
170 748 681
141 712 647
121 727 637
153 715 671
93 769 657
165 768 727
175 740 736
122 779 708
127 795 789
113 764 736
117 751 718
85 710 751
145 706 761
114 773 783
118 735 748
123 787 749
120 757 755
159 700 701
174 750 704
159 782 737
148 781 748
119 740 763
172 708 721
166 709 782
128 742 782
92 798 767
155 716 734
102 784 778
156 787 793
120 749 720
164 780 758
115 771 717
151 706 766
136 770 767
111 778 702
138 788 745
107 746 786
164 718 785
141 795 705
95 766 797
109 721 781
170 748 781
141 712 747
121 727 737
153 715 771
93 769 757
165 768 827
175 740 836
122 779 808
127 795 889
113 764 836
117 751 818
85 710 851
145 706 861
114 773 883
118 735 848
123 787 849
120 757 855
159 700 801
174 750 804
159 782 837
148 781 848
119 740 863
172 708 821
166 709 882
128 742 882
92 798 867
155 716 834
102 784 878
156 787 893
120 749 820
164 780 858
115 771 817
151 706 866
136 770 867
111 778 802
138 788 845
107 746 886
164 718 885
141 795 805
95 766 897
109 721 881
170 748 881
141 712 847
121 727 837
153 715 871
93 769 857
165 768 927
175 740 936
122 779 908
127 795 989
113 764 936
117 751 918
85 710 951
145 706 961
114 773 983
118 735 948
123 787 949
120 757 955
159 700 901
174 750 904
159 782 937
148 781 948
119 740 963
172 708 921
166 709 982
128 742 982
92 798 967
155 716 934
102 784 978
156 787 993
120 749 920
164 780 958
115 771 917
151 706 966
136 770 967
111 778 902
138 788 945
107 746 986
164 718 985
141 795 905
95 766 997
109 721 981
170 748 981
141 712 947
121 727 937
153 715 971
93 769 957
165 868 27
175 840 36
122 879 8
127 895 89
113 864 36
117 851 18
85 810 51
145 806 61
114 873 83
118 835 48
123 887 49
120 857 55
159 800 1
174 850 4
159 882 37
148 881 48
119 840 63
172 808 21
166 809 82
128 842 82
92 898 67
155 816 34
102 884 78
156 887 93
120 849 20
164 880 58
115 871 17
151 806 66
136 870 67
111 878 2
138 888 45
107 846 86
164 818 85
141 895 5
95 866 97
109 821 81
170 848 81
141 812 47
121 827 37
153 815 71
93 869 57
165 868 127
175 840 136
122 879 108
127 895 189
113 864 136
117 851 118
85 810 151
145 806 161
114 873 183
118 835 148
123 887 149
120 857 155
159 800 101
174 850 104
159 882 137
148 881 148
119 840 163
172 808 121
166 809 182
128 842 182
92 898 167
155 816 134
102 884 178
156 887 193
120 849 120
164 880 158
115 871 117
151 806 166
136 870 167
111 878 102
138 888 145
107 846 186
164 818 185
141 895 105
95 866 197
109 821 181
170 848 181
141 812 147
121 827 137
153 815 171
93 869 157
165 868 227
175 840 236
122 879 208
127 895 289
113 864 236
117 851 218
85 810 251
145 806 261
114 873 283
118 835 248
123 887 249
120 857 255
159 800 201
174 850 204
159 882 237
148 881 248
119 840 263
172 808 221
166 809 282
128 842 282
92 898 267
155 816 234
102 884 278
156 887 293
120 849 220
164 880 258
115 871 217
151 806 266
136 870 267
111 878 202
138 888 245
107 846 286
164 818 285
141 895 205
95 866 297
109 821 281
170 848 281
141 812 247
121 827 237
153 815 271
93 869 257
165 868 327
175 840 336
122 879 308
127 895 389
113 864 336
117 851 318
85 810 351
145 806 361
114 873 383
118 835 348
123 887 349
120 857 355
159 800 301
174 850 304
159 882 337
148 881 348
119 840 363
172 808 321
166 809 382
128 842 382
92 898 367
155 816 334
102 884 378
156 887 393
120 849 320
164 880 358
115 871 317
151 806 366
136 870 367
111 878 302
138 888 345
107 846 386
164 818 385
141 895 305
95 866 397
109 821 381
170 848 381
141 812 347
121 827 337
153 815 371
93 869 357
165 868 427
175 840 436
122 879 408
127 895 489
113 864 436
117 851 418
85 810 451
145 806 461
114 873 483
118 835 448
123 887 449
120 857 455
159 800 401
174 850 404
159 882 437
148 881 448
119 840 463
172 808 421
166 809 482
128 842 482
92 898 467
155 816 434
102 884 478
156 887 493
120 849 420
164 880 458
115 871 417
151 806 466
136 870 467
111 878 402
138 888 445
107 846 486
164 818 485
141 895 405
95 866 497
109 821 481
170 848 481
141 812 447
121 827 437
153 815 471
93 869 457
165 868 527
175 840 536
122 879 508
127 895 589
113 864 536
117 851 518
85 810 551
145 806 561
114 873 583
118 835 548
123 887 549
120 857 555
159 800 501
174 850 504
159 882 537
148 881 548
119 840 563
172 808 521
166 809 582
128 842 582
92 898 567
155 816 534
102 884 578
156 887 593
120 849 520
164 880 558
115 871 517
151 806 566
136 870 567
111 878 502
138 888 545
107 846 586
164 818 585
141 895 505
95 866 597
109 821 581
170 848 581
141 812 547
121 827 537
153 815 571
93 869 557
165 868 627
175 840 636
122 879 608
127 895 689
113 864 636
117 851 618
85 810 651
145 806 661
114 873 683
118 835 648
123 887 649
120 857 655
159 800 601
174 850 604
159 882 637
148 881 648
119 840 663
172 808 621
166 809 682
128 842 682
92 898 667
155 816 634
102 884 678
156 887 693
120 849 620
164 880 658
115 871 617
151 806 666
136 870 667
111 878 602
138 888 645
107 846 686
164 818 685
141 895 605
95 866 697
109 821 681
170 848 681
141 812 647
121 827 637
153 815 671
93 869 657
165 868 727
175 840 736
122 879 708
127 895 789
113 864 736
117 851 718
85 810 751
145 806 761
114 873 783
118 835 748
123 887 749
120 857 755
159 800 701
174 850 704
159 882 737
148 881 748
119 840 763
172 808 721
166 809 782
128 842 782
92 898 767
155 816 734
102 884 778
156 887 793
120 849 720
164 880 758
115 871 717
151 806 766
136 870 767
111 878 702
138 888 745
107 846 786
164 818 785
141 895 705
95 866 797
109 821 781
170 848 781
141 812 747
121 827 737
153 815 771
93 869 757
165 868 827
175 840 836
122 879 808
127 895 889
113 864 836
117 851 818
85 810 851
145 806 861
114 873 883
118 835 848
123 887 849
120 857 855
159 800 801
174 850 804
159 882 837
148 881 848
119 840 863
172 808 821
166 809 882
128 842 882
92 898 867
155 816 834
102 884 878
156 887 893
120 849 820
164 880 858
115 871 817
151 806 866
136 870 867
111 878 802
138 888 845
107 846 886
164 818 885
141 895 805
95 866 897
109 821 881
170 848 881
141 812 847
121 827 837
153 815 871
93 869 857
165 868 927
175 840 936
122 879 908
127 895 989
113 864 936
117 851 918
85 810 951
145 806 961
114 873 983
118 835 948
123 887 949
120 857 955
159 800 901
174 850 904
159 882 937
148 881 948
119 840 963
172 808 921
166 809 982
128 842 982
92 898 967
155 816 934
102 884 978
156 887 993
120 849 920
164 880 958
115 871 917
151 806 966
136 870 967
111 878 902
138 888 945
107 846 986
164 818 985
141 895 905
95 866 997
109 821 981
170 848 981
141 812 947
121 827 937
153 815 971
93 869 957
165 968 27
175 940 36
122 979 8
127 995 89
113 964 36
117 951 18
85 910 51
145 906 61
114 973 83
118 935 48
123 987 49
120 957 55
159 900 1
174 950 4
159 982 37
148 981 48
119 940 63
172 908 21
166 909 82
128 942 82
92 998 67
155 916 34
102 984 78
156 987 93
120 949 20
164 980 58
115 971 17
151 906 66
136 970 67
111 978 2
138 988 45
107 946 86
164 918 85
141 995 5
95 966 97
109 921 81
170 948 81
141 912 47
121 927 37
153 915 71
93 969 57
165 968 127
175 940 136
122 979 108
127 995 189
113 964 136
117 951 118
85 910 151
145 906 161
114 973 183
118 935 148
123 987 149
120 957 155
159 900 101
174 950 104
159 982 137
148 981 148
119 940 163
172 908 121
166 909 182
128 942 182
92 998 167
155 916 134
102 984 178
156 987 193
120 949 120
164 980 158
115 971 117
151 906 166
136 970 167
111 978 102
138 988 145
107 946 186
164 918 185
141 995 105
95 966 197
109 921 181
170 948 181
141 912 147
121 927 137
153 915 171
93 969 157
165 968 227
175 940 236
122 979 208
127 995 289
113 964 236
117 951 218
85 910 251
145 906 261
114 973 283
118 935 248
123 987 249
120 957 255
159 900 201
174 950 204
159 982 237
148 981 248
119 940 263
172 908 221
166 909 282
128 942 282
92 998 267
155 916 234
102 984 278
156 987 293
120 949 220
164 980 258
115 971 217
151 906 266
136 970 267
111 978 202
138 988 245
107 946 286
164 918 285
141 995 205
95 966 297
109 921 281
170 948 281
141 912 247
121 927 237
153 915 271
93 969 257
165 968 327
175 940 336
122 979 308
127 995 389
113 964 336
117 951 318
85 910 351
145 906 361
114 973 383
118 935 348
123 987 349
120 957 355
159 900 301
174 950 304
159 982 337
148 981 348
119 940 363
172 908 321
166 909 382
128 942 382
92 998 367
155 916 334
102 984 378
156 987 393
120 949 320
164 980 358
115 971 317
151 906 366
136 970 367
111 978 302
138 988 345
107 946 386
164 918 385
141 995 305
95 966 397
109 921 381
170 948 381
141 912 347
121 927 337
153 915 371
93 969 357
165 968 427
175 940 436
122 979 408
127 995 489
113 964 436
117 951 418
85 910 451
145 906 461
114 973 483
118 935 448
123 987 449
120 957 455
159 900 401
174 950 404
159 982 437
148 981 448
119 940 463
172 908 421
166 909 482
128 942 482
92 998 467
155 916 434
102 984 478
156 987 493
120 949 420
164 980 458
115 971 417
151 906 466
136 970 467
111 978 402
138 988 445
107 946 486
164 918 485
141 995 405
95 966 497
109 921 481
170 948 481
141 912 447
121 927 437
153 915 471
93 969 457
165 968 527
175 940 536
122 979 508
127 995 589
113 964 536
117 951 518
85 910 551
145 906 561
114 973 583
118 935 548
123 987 549
120 957 555
159 900 501
174 950 504
159 982 537
148 981 548
119 940 563
172 908 521
166 909 582
128 942 582
92 998 567
155 916 534
102 984 578
156 987 593
120 949 520
164 980 558
115 971 517
151 906 566
136 970 567
111 978 502
138 988 545
107 946 586
164 918 585
141 995 505
95 966 597
109 921 581
170 948 581
141 912 547
121 927 537
153 915 571
93 969 557
165 968 627
175 940 636
122 979 608
127 995 689
113 964 636
117 951 618
85 910 651
145 906 661
114 973 683
118 935 648
123 987 649
120 957 655
159 900 601
174 950 604
159 982 637
148 981 648
119 940 663
172 908 621
166 909 682
128 942 682
92 998 667
155 916 634
102 984 678
156 987 693
120 949 620
164 980 658
115 971 617
151 906 666
136 970 667
111 978 602
138 988 645
107 946 686
164 918 685
141 995 605
95 966 697
109 921 681
170 948 681
141 912 647
121 927 637
153 915 671
93 969 657
165 968 727
175 940 736
122 979 708
127 995 789
113 964 736
117 951 718
85 910 751
145 906 761
114 973 783
118 935 748
123 987 749
120 957 755
159 900 701
174 950 704
159 982 737
148 981 748
119 940 763
172 908 721
166 909 782
128 942 782
92 998 767
155 916 734
102 984 778
156 987 793
120 949 720
164 980 758
115 971 717
151 906 766
136 970 767
111 978 702
138 988 745
107 946 786
164 918 785
141 995 705
95 966 797
109 921 781
170 948 781
141 912 747
121 927 737
153 915 771
93 969 757
165 968 827
175 940 836
122 979 808
127 995 889
113 964 836
117 951 818
85 910 851
145 906 861
114 973 883
118 935 848
123 987 849
120 957 855
159 900 801
174 950 804
159 982 837
148 981 848
119 940 863
172 908 821
166 909 882
128 942 882
92 998 867
155 916 834
102 984 878
156 987 893
120 949 820
164 980 858
115 971 817
151 906 866
136 970 867
111 978 802
138 988 845
107 946 886
164 918 885
141 995 805
95 966 897
109 921 881
170 948 881
141 912 847
121 927 837
153 915 871
93 969 857
165 968 927
175 940 936
122 979 908
127 995 989
113 964 936
117 951 918
85 910 951
145 906 961
114 973 983
118 935 948
123 987 949
120 957 955
159 900 901
174 950 904
159 982 937
148 981 948
119 940 963
172 908 921
166 909 982
128 942 982
92 998 967
155 916 934
102 984 978
156 987 993
120 949 920
164 980 958
115 971 917
151 906 966
136 970 967
111 978 902
138 988 945
107 946 986
164 918 985
141 995 905
95 966 997
109 921 981
170 948 981
141 912 947
121 927 937
153 915 971
93 969 957
